{
   "workflow": "atacseq-workflow_200",
   "makespan": 91301.25493421088,
   "tasks": [
      {
         "name": "\"check_design_00000001\"",
         "machine": 32,
         "start": 0.0,
         "finish": 11.78125,
         "expected runtime on this machine ": "11.38283747034831",
         "actual runtime on this machine ": "11.78125",
         "expected memory usage ": 55869263.62537231,
         "actual memory usage": 50000000
      },
      {
         "name": "\"trimgalore_00000002\"",
         "machine": 31,
         "start": 3875.0,
         "finish": 3886.78125,
         "expected runtime on this machine ": "12.500789064692514",
         "actual runtime on this machine ": "11.78125",
         "expected memory usage ": 42632995.62247701,
         "actual memory usage": 50000000
      },
      {
         "name": "\"fastqc_00000003\"",
         "machine": 33,
         "start": 86945.99177631584,
         "finish": 86957.77302631584,
         "expected runtime on this machine ": "11.949854685866056",
         "actual runtime on this machine ": "11.78125",
         "expected memory usage ": 57704395.10407977,
         "actual memory usage": 50000000
      },
      {
         "name": "\"bwa_mem_00000004\"",
         "machine": 31,
         "start": 3914.3481010772616,
         "finish": 3926.1293510772616,
         "expected runtime on this machine ": "12.128843445800213",
         "actual runtime on this machine ": "11.78125",
         "expected memory usage ": 53660640.64658677,
         "actual memory usage": 50000000
      },
      {
         "name": "\"multiqc_00000006\"",
         "machine": 34,
         "start": 90934.21052631587,
         "finish": 90945.99177631587,
         "expected runtime on this machine ": "10.578407161853377",
         "actual runtime on this machine ": "11.78125",
         "expected memory usage ": 41064151.10360615,
         "actual memory usage": 50000000
      },
      {
         "name": "\"sort_bam_00000008\"",
         "machine": 31,
         "start": 3940.7241365208347,
         "finish": 3952.5053865208347,
         "expected runtime on this machine ": "11.305953353063117",
         "actual runtime on this machine ": "11.78125",
         "expected memory usage ": 51088948.56839612,
         "actual memory usage": 50000000
      },
      {
         "name": "\"bwa_index_00000005\"",
         "machine": 35,
         "start": 21.40584867221879,
         "finish": 33.187098672218795,
         "expected runtime on this machine ": "11.890023905927691",
         "actual runtime on this machine ": "11.78125",
         "expected memory usage ": 59218668.29755009,
         "actual memory usage": 50000000
      },
      {
         "name": "\"merged_lib_plotprofile_00000007\"",
         "machine": 31,
         "start": 89739.29111842102,
         "finish": 89751.07236842102,
         "expected runtime on this machine ": "11.854606745190635",
         "actual runtime on this machine ": "11.78125",
         "expected memory usage ": 44540649.773293026,
         "actual memory usage": 50000000
      },
      {
         "name": "\"merged_lib_bam_00000009\"",
         "machine": 30,
         "start": 38388.15789473686,
         "finish": 38399.93914473686,
         "expected runtime on this machine ": "11.451319985402984",
         "actual runtime on this machine ": "11.78125",
         "expected memory usage ": 50281070.449706174,
         "actual memory usage": 50000000
      },
      {
         "name": "\"merged_lib_preseq_00000010\"",
         "machine": 32,
         "start": 86460.22203947374,
         "finish": 86472.00328947374,
         "expected runtime on this machine ": "11.427337461773778",
         "actual runtime on this machine ": "11.78125",
         "expected memory usage ": 49308547.90674979,
         "actual memory usage": 50000000
      },
      {
         "name": "\"merged_lib_ataqv_00000027\"",
         "machine": 33,
         "start": 84434.21052631584,
         "finish": 84445.99177631584,
         "expected runtime on this machine ": "11.169192315230747",
         "actual runtime on this machine ": "11.78125",
         "expected memory usage ": 46703224.1566699,
         "actual memory usage": 50000000
      },
      {
         "name": "\"merged_lib_bam_filter_00000030\"",
         "machine": 33,
         "start": 48703.94736842101,
         "finish": 48715.72861842101,
         "expected runtime on this machine ": "11.4268403908805",
         "actual runtime on this machine ": "11.78125",
         "expected memory usage ": 45609922.81967749,
         "actual memory usage": 50000000
      },
      {
         "name": "\"merged_lib_bam_remove_orphan_00000011\"",
         "machine": 30,
         "start": 51378.365105900644,
         "finish": 51390.146355900644,
         "expected runtime on this machine ": "12.47361888306774",
         "actual runtime on this machine ": "11.78125",
         "expected memory usage ": 45469515.13643592,
         "actual memory usage": 50000000
      },
      {
         "name": "\"merged_lib_picard_metrics_00000012\"",
         "machine": 31,
         "start": 86285.31838399245,
         "finish": 86297.09963399245,
         "expected runtime on this machine ": "12.997022166595361",
         "actual runtime on this machine ": "11.78125",
         "expected memory usage ": 41603892.72149054,
         "actual memory usage": 50000000
      },
      {
         "name": "\"merged_lib_plotfingerprint_00000013\"",
         "machine": 32,
         "start": 86436.65953947374,
         "finish": 86448.44078947374,
         "expected runtime on this machine ": "12.275593665003443",
         "actual runtime on this machine ": "11.78125",
         "expected memory usage ": 45168320.893993616,
         "actual memory usage": 50000000
      },
      {
         "name": "\"merged_lib_macs2_00000014\"",
         "machine": 30,
         "start": 51416.22731160326,
         "finish": 51428.00856160326,
         "expected runtime on this machine ": "10.752899767315464",
         "actual runtime on this machine ": "11.78125",
         "expected memory usage ": 48720979.47464989,
         "actual memory usage": 50000000
      },
      {
         "name": "\"merged_lib_consensus_counts_00000015\"",
         "machine": 31,
         "start": 62131.57894736841,
         "finish": 62143.36019736841,
         "expected runtime on this machine ": "11.078846555204489",
         "actual runtime on this machine ": "11.78125",
         "expected memory usage ": 41413621.17322922,
         "actual memory usage": 50000000
      },
      {
         "name": "\"merged_rep_bam_00000016\"",
         "machine": 30,
         "start": 51390.83872478371,
         "finish": 51402.61997478371,
         "expected runtime on this machine ": "11.83888158543926",
         "actual runtime on this machine ": "11.78125",
         "expected memory usage ": 52542255.06979291,
         "actual memory usage": 50000000
      },
      {
         "name": "\"merged_rep_consensus_counts_00000017\"",
         "machine": 31,
         "start": 62631.57894736841,
         "finish": 62643.36019736841,
         "expected runtime on this machine ": "11.635129450317379",
         "actual runtime on this machine ": "11.78125",
         "expected memory usage ": 53915982.90408861,
         "actual memory usage": 50000000
      },
      {
         "name": "\"merged_lib_bigwig_00000026\"",
         "machine": 32,
         "start": 85401.31578947374,
         "finish": 85413.09703947374,
         "expected runtime on this machine ": "13.242883608111363",
         "actual runtime on this machine ": "11.78125",
         "expected memory usage ": 56730773.26350256,
         "actual memory usage": 50000000
      },
      {
         "name": "\"merged_lib_macs2_qc_00000018\"",
         "machine": 34,
         "start": 90881.5789473685,
         "finish": 90893.3601973685,
         "expected runtime on this machine ": "10.708031957492853",
         "actual runtime on this machine ": "11.78125",
         "expected memory usage ": 56899678.18289482,
         "actual memory usage": 50000000
      },
      {
         "name": "\"merged_lib_consensus_00000032\"",
         "machine": 35,
         "start": 55076.69906637033,
         "finish": 55088.48031637033,
         "expected runtime on this machine ": "10.976141995927888",
         "actual runtime on this machine ": "11.78125",
         "expected memory usage ": 52608332.19092234,
         "actual memory usage": 50000000
      },
      {
         "name": "\"igv_00000034\"",
         "machine": 31,
         "start": 90215.72861842102,
         "finish": 90227.50986842102,
         "expected runtime on this machine ": "11.820493536776768",
         "actual runtime on this machine ": "11.78125",
         "expected memory usage ": 49612522.40708277,
         "actual memory usage": 50000000
      },
      {
         "name": "\"merged_lib_macs2_annotate_00000035\"",
         "machine": 31,
         "start": 79697.36842105261,
         "finish": 79709.14967105261,
         "expected runtime on this machine ": "10.394533088309968",
         "actual runtime on this machine ": "11.78125",
         "expected memory usage ": 46119109.34237336,
         "actual memory usage": 50000000
      },
      {
         "name": "\"merged_lib_consensus_deseq2_00000019\"",
         "machine": 33,
         "start": 85934.21052631584,
         "finish": 85945.99177631584,
         "expected runtime on this machine ": "13.320408354786778",
         "actual runtime on this machine ": "11.78125",
         "expected memory usage ": 43669099.43854287,
         "actual memory usage": 50000000
      },
      {
         "name": "\"merged_rep_macs2_00000020\"",
         "machine": 30,
         "start": 51402.67760636915,
         "finish": 51414.45885636915,
         "expected runtime on this machine ": "13.54970523410971",
         "actual runtime on this machine ": "11.78125",
         "expected memory usage ": 56622152.13284402,
         "actual memory usage": 50000000
      },
      {
         "name": "\"merged_rep_bigwig_00000031\"",
         "machine": 33,
         "start": 89407.89473684221,
         "finish": 89419.67598684221,
         "expected runtime on this machine ": "11.488506003918355",
         "actual runtime on this machine ": "11.78125",
         "expected memory usage ": 47703056.122985095,
         "actual memory usage": 50000000
      },
      {
         "name": "\"merged_rep_consensus_deseq2_00000022\"",
         "machine": 33,
         "start": 86934.21052631584,
         "finish": 86945.99177631584,
         "expected runtime on this machine ": "10.582977191570235",
         "actual runtime on this machine ": "11.78125",
         "expected memory usage ": 45109029.75882299,
         "actual memory usage": 50000000
      },
      {
         "name": "\"merged_rep_macs2_qc_00000021\"",
         "machine": 32,
         "start": 90217.10526315798,
         "finish": 90228.88651315798,
         "expected runtime on this machine ": "13.785455317095105",
         "actual runtime on this machine ": "11.78125",
         "expected memory usage ": 47540962.669076174,
         "actual memory usage": 50000000
      },
      {
         "name": "\"merged_rep_consensus_00000033\"",
         "machine": 35,
         "start": 55098.65135036218,
         "finish": 55110.43260036218,
         "expected runtime on this machine ": "12.91265407291851",
         "actual runtime on this machine ": "11.78125",
         "expected memory usage ": 54923029.500263445,
         "actual memory usage": 50000000
      },
      {
         "name": "\"merged_rep_macs2_annotate_00000037\"",
         "machine": 31,
         "start": 70447.36842105261,
         "finish": 70459.14967105261,
         "expected runtime on this machine ": "9.950421922856947",
         "actual runtime on this machine ": "11.78125",
         "expected memory usage ": 50519329.23599023,
         "actual memory usage": 50000000
      },
      {
         "name": "\"get_software_versions_00000023\"",
         "machine": 13,
         "start": 0.0,
         "finish": 62.833333333333336,
         "expected runtime on this machine ": "69.1713555258041",
         "actual runtime on this machine ": "62.833333333333336",
         "expected memory usage ": 55439017.795647144,
         "actual memory usage": 50000000
      },
      {
         "name": "\"make_gene_bed_00000024\"",
         "machine": 28,
         "start": 0.0,
         "finish": 47.125,
         "expected runtime on this machine ": "43.779679399017766",
         "actual runtime on this machine ": "47.125",
         "expected memory usage ": 53125675.90319721,
         "actual memory usage": 50000000
      },
      {
         "name": "\"make_tss_bed_00000025\"",
         "machine": 31,
         "start": 6013.877342679485,
         "finish": 6025.658592679485,
         "expected runtime on this machine ": "13.335716933643617",
         "actual runtime on this machine ": "11.78125",
         "expected memory usage ": 54282408.61515394,
         "actual memory usage": 50000000
      },
      {
         "name": "\"merged_lib_ataqv_mkarv_00000029\"",
         "machine": 31,
         "start": 86755.75602393174,
         "finish": 86767.53727393174,
         "expected runtime on this machine ": "13.36622734155688",
         "actual runtime on this machine ": "11.78125",
         "expected memory usage ": 56028928.92870676,
         "actual memory usage": 50000000
      },
      {
         "name": "\"make_genome_filter_00000028\"",
         "machine": 31,
         "start": 3976.85526017624,
         "finish": 3988.63651017624,
         "expected runtime on this machine ": "12.191891030671917",
         "actual runtime on this machine ": "11.78125",
         "expected memory usage ": 63551764.73016855,
         "actual memory usage": 50000000
      },
      {
         "name": "\"merged_lib_consensus_annotate_00000036\"",
         "machine": 31,
         "start": 89727.50986842102,
         "finish": 89739.29111842102,
         "expected runtime on this machine ": "10.67561380995811",
         "actual runtime on this machine ": "11.78125",
         "expected memory usage ": 59881315.27978149,
         "actual memory usage": 50000000
      },
      {
         "name": "\"merged_rep_consensus_annotate_00000038\"",
         "machine": 31,
         "start": 86866.90693423031,
         "finish": 86878.68818423031,
         "expected runtime on this machine ": "11.394464604479971",
         "actual runtime on this machine ": "11.78125",
         "expected memory usage ": 57639929.16289374,
         "actual memory usage": 50000000
      },
      {
         "name": "\"output_documentation_00000039\"",
         "machine": 17,
         "start": 0.0,
         "finish": 62.833333333333336,
         "expected runtime on this machine ": "70.64864717212899",
         "actual runtime on this machine ": "62.833333333333336",
         "expected memory usage ": 51940134.74354144,
         "actual memory usage": 50000000
      },
      {
         "name": "\"merged_lib_consensus_deseq2_00000040\"",
         "machine": 32,
         "start": 86401.31578947374,
         "finish": 86413.09703947374,
         "expected runtime on this machine ": "11.124996698782347",
         "actual runtime on this machine ": "11.78125",
         "expected memory usage ": 57169182.52055585,
         "actual memory usage": 50000000
      },
      {
         "name": "\"igv_00000043\"",
         "machine": 33,
         "start": 90532.89473684221,
         "finish": 90544.67598684221,
         "expected runtime on this machine ": "12.762304604049485",
         "actual runtime on this machine ": "11.78125",
         "expected memory usage ": 61209324.56513875,
         "actual memory usage": 50000000
      },
      {
         "name": "\"multiqc_00000065\"",
         "machine": 33,
         "start": 90960.52631578958,
         "finish": 90972.30756578958,
         "expected runtime on this machine ": "11.385420910267685",
         "actual runtime on this machine ": "11.78125",
         "expected memory usage ": 53314971.25436609,
         "actual memory usage": 50000000
      },
      {
         "name": "\"merged_lib_preseq_00000041\"",
         "machine": 34,
         "start": 86406.57732798975,
         "finish": 86418.35857798975,
         "expected runtime on this machine ": "12.38648429605712",
         "actual runtime on this machine ": "11.78125",
         "expected memory usage ": 50381710.983251736,
         "actual memory usage": 50000000
      },
      {
         "name": "\"merged_lib_bigwig_00000042\"",
         "machine": 31,
         "start": 63012.32173817457,
         "finish": 63024.10298817457,
         "expected runtime on this machine ": "10.289530988541607",
         "actual runtime on this machine ": "11.78125",
         "expected memory usage ": 52604738.967093155,
         "actual memory usage": 50000000
      },
      {
         "name": "\"merged_lib_plotprofile_00000054\"",
         "machine": 30,
         "start": 90118.4210526319,
         "finish": 90130.2023026319,
         "expected runtime on this machine ": "13.521584774335508",
         "actual runtime on this machine ": "11.78125",
         "expected memory usage ": 43594502.38358141,
         "actual memory usage": 50000000
      },
      {
         "name": "\"merged_rep_consensus_annotate_00000044\"",
         "machine": 25,
         "start": 38848.12329104311,
         "finish": 38895.24829104311,
         "expected runtime on this machine ": "54.18647759338904",
         "actual runtime on this machine ": "47.125",
         "expected memory usage ": 38749016.1919196,
         "actual memory usage": 50000000
      },
      {
         "name": "\"merged_rep_macs2_00000045\"",
         "machine": 32,
         "start": 33297.987212664106,
         "finish": 33309.768462664106,
         "expected runtime on this machine ": "11.168708133947908",
         "actual runtime on this machine ": "11.78125",
         "expected memory usage ": 56814859.86035839,
         "actual memory usage": 50000000
      },
      {
         "name": "\"merged_rep_macs2_annotate_00000057\"",
         "machine": 30,
         "start": 70607.11539503615,
         "finish": 70618.89664503615,
         "expected runtime on this machine ": "11.881842086953009",
         "actual runtime on this machine ": "11.78125",
         "expected memory usage ": 49951089.95494352,
         "actual memory usage": 50000000
      },
      {
         "name": "\"merged_rep_macs2_qc_00000059\"",
         "machine": 31,
         "start": 89762.85361842102,
         "finish": 89774.63486842102,
         "expected runtime on this machine ": "10.83090587226061",
         "actual runtime on this machine ": "11.78125",
         "expected memory usage ": 48373201.895939305,
         "actual memory usage": 50000000
      },
      {
         "name": "\"merged_rep_consensus_00000062\"",
         "machine": 31,
         "start": 37782.89473684211,
         "finish": 37794.67598684211,
         "expected runtime on this machine ": "11.042076607623693",
         "actual runtime on this machine ": "11.78125",
         "expected memory usage ": 50380642.51735626,
         "actual memory usage": 50000000
      },
      {
         "name": "\"merged_lib_ataqv_mkarv_00000046\"",
         "machine": 31,
         "start": 89751.07236842102,
         "finish": 89762.85361842102,
         "expected runtime on this machine ": "9.970708745213845",
         "actual runtime on this machine ": "11.78125",
         "expected memory usage ": 45370910.07546215,
         "actual memory usage": 50000000
      },
      {
         "name": "\"fastqc_00000047\"",
         "machine": 32,
         "start": 89717.10526315798,
         "finish": 89728.88651315798,
         "expected runtime on this machine ": "13.275551525466943",
         "actual runtime on this machine ": "11.78125",
         "expected memory usage ": 55708411.96971921,
         "actual memory usage": 50000000
      },
      {
         "name": "\"merged_rep_consensus_counts_00000048\"",
         "machine": 30,
         "start": 70559.21052631583,
         "finish": 70570.99177631583,
         "expected runtime on this machine ": "11.419972725250172",
         "actual runtime on this machine ": "11.78125",
         "expected memory usage ": 52643367.29184843,
         "actual memory usage": 50000000
      },
      {
         "name": "\"merged_rep_consensus_deseq2_00000070\"",
         "machine": 31,
         "start": 83822.36842105261,
         "finish": 83834.14967105261,
         "expected runtime on this machine ": "11.566531121221297",
         "actual runtime on this machine ": "11.78125",
         "expected memory usage ": 55689775.245000646,
         "actual memory usage": 50000000
      },
      {
         "name": "\"merged_lib_bam_filter_00000049\"",
         "machine": 32,
         "start": 26445.244186152286,
         "finish": 26457.025436152286,
         "expected runtime on this machine ": "11.73492096595306",
         "actual runtime on this machine ": "11.78125",
         "expected memory usage ": 44539401.53186901,
         "actual memory usage": 50000000
      },
      {
         "name": "\"merged_lib_bam_remove_orphan_00000078\"",
         "machine": 34,
         "start": 29319.78893347766,
         "finish": 29331.57018347766,
         "expected runtime on this machine ": "10.619162000136384",
         "actual runtime on this machine ": "11.78125",
         "expected memory usage ": 46663550.316374496,
         "actual memory usage": 50000000
      },
      {
         "name": "\"merged_lib_consensus_counts_00000050\"",
         "machine": 31,
         "start": 61973.68421052629,
         "finish": 61985.46546052629,
         "expected runtime on this machine ": "12.515417587562881",
         "actual runtime on this machine ": "11.78125",
         "expected memory usage ": 42596783.27934762,
         "actual memory usage": 50000000
      },
      {
         "name": "\"merged_lib_macs2_00000051\"",
         "machine": 32,
         "start": 33286.14182310808,
         "finish": 33297.92307310808,
         "expected runtime on this machine ": "11.845389556021004",
         "actual runtime on this machine ": "11.78125",
         "expected memory usage ": 46898702.80475043,
         "actual memory usage": 50000000
      },
      {
         "name": "\"merged_lib_ataqv_00000060\"",
         "machine": 30,
         "start": 84841.66989343062,
         "finish": 84853.45114343062,
         "expected runtime on this machine ": "12.401001851806608",
         "actual runtime on this machine ": "11.78125",
         "expected memory usage ": 47307525.935196705,
         "actual memory usage": 50000000
      },
      {
         "name": "\"merged_lib_consensus_00000063\"",
         "machine": 34,
         "start": 37316.05349048981,
         "finish": 37327.83474048981,
         "expected runtime on this machine ": "14.492333272419172",
         "actual runtime on this machine ": "11.78125",
         "expected memory usage ": 51107897.51757214,
         "actual memory usage": 50000000
      },
      {
         "name": "\"merged_lib_macs2_annotate_00000071\"",
         "machine": 31,
         "start": 62999.999999999935,
         "finish": 63011.781249999935,
         "expected runtime on this machine ": "12.321738174637286",
         "actual runtime on this machine ": "11.78125",
         "expected memory usage ": 52106960.690647766,
         "actual memory usage": 50000000
      },
      {
         "name": "\"merged_lib_macs2_qc_00000073\"",
         "machine": 34,
         "start": 90381.5789473685,
         "finish": 90393.3601973685,
         "expected runtime on this machine ": "11.25988237718652",
         "actual runtime on this machine ": "11.78125",
         "expected memory usage ": 56777189.44729816,
         "actual memory usage": 50000000
      },
      {
         "name": "\"merged_lib_consensus_annotate_00000052\"",
         "machine": 33,
         "start": 89932.85128484,
         "finish": 89944.63253484,
         "expected runtime on this machine ": "11.043306035787772",
         "actual runtime on this machine ": "11.78125",
         "expected memory usage ": 55150248.292634726,
         "actual memory usage": 50000000
      },
      {
         "name": "\"make_genome_filter_00000053\"",
         "machine": 26,
         "start": 0.0,
         "finish": 47.125,
         "expected runtime on this machine ": "39.19826576619225",
         "actual runtime on this machine ": "47.125",
         "expected memory usage ": 55203985.80772828,
         "actual memory usage": 50000000
      },
      {
         "name": "\"merged_rep_bigwig_00000061\"",
         "machine": 33,
         "start": 86978.02359991989,
         "finish": 86989.80484991989,
         "expected runtime on this machine ": "10.65183273520187",
         "actual runtime on this machine ": "11.78125",
         "expected memory usage ": 51880880.118428916,
         "actual memory usage": 50000000
      },
      {
         "name": "\"merged_rep_bam_00000055\"",
         "machine": 32,
         "start": 33274.067487423024,
         "finish": 33285.848737423024,
         "expected runtime on this machine ": "12.07433568506065",
         "actual runtime on this machine ": "11.78125",
         "expected memory usage ": 48808732.43516683,
         "actual memory usage": 50000000
      },
      {
         "name": "\"output_documentation_00000056\"",
         "machine": 25,
         "start": 126.08810870287766,
         "finish": 173.21310870287766,
         "expected runtime on this machine ": "43.63865064479655",
         "actual runtime on this machine ": "47.125",
         "expected memory usage ": 35536580.36363934,
         "actual memory usage": 50000000
      },
      {
         "name": "\"bwa_mem_00000058\"",
         "machine": 32,
         "start": 26407.293417726713,
         "finish": 26419.074667726713,
         "expected runtime on this machine ": "12.336449719473869",
         "actual runtime on this machine ": "11.78125",
         "expected memory usage ": 55857297.81533448,
         "actual memory usage": 50000000
      },
      {
         "name": "\"sort_bam_00000064\"",
         "machine": 32,
         "start": 26419.629867446187,
         "finish": 26431.411117446187,
         "expected runtime on this machine ": "12.074588491180393",
         "actual runtime on this machine ": "11.78125",
         "expected memory usage ": 48327808.47087802,
         "actual memory usage": 50000000
      },
      {
         "name": "\"merged_lib_bam_00000068\"",
         "machine": 32,
         "start": 26431.704455937368,
         "finish": 26443.485705937368,
         "expected runtime on this machine ": "13.539730214918157",
         "actual runtime on this machine ": "11.78125",
         "expected memory usage ": 53891745.605165586,
         "actual memory usage": 50000000
      },
      {
         "name": "\"merged_lib_picard_metrics_00000066\"",
         "machine": 32,
         "start": 86424.87828947374,
         "finish": 86436.65953947374,
         "expected runtime on this machine ": "12.333587353338459",
         "actual runtime on this machine ": "11.78125",
         "expected memory usage ": 51309852.85819663,
         "actual memory usage": 50000000
      },
      {
         "name": "\"merged_lib_plotfingerprint_00000067\"",
         "machine": 31,
         "start": 86258.72239284057,
         "finish": 86270.50364284057,
         "expected runtime on this machine ": "13.673563588364745",
         "actual runtime on this machine ": "11.78125",
         "expected memory usage ": 41120191.67203416,
         "actual memory usage": 50000000
      },
      {
         "name": "\"bwa_index_00000069\"",
         "machine": 33,
         "start": 22.870593128866005,
         "finish": 34.651843128866005,
         "expected runtime on this machine ": "10.237796357847358",
         "actual runtime on this machine ": "11.78125",
         "expected memory usage ": 62883699.94454975,
         "actual memory usage": 50000000
      },
      {
         "name": "\"trimgalore_00000072\"",
         "machine": 32,
         "start": 26394.7368421053,
         "finish": 26406.5180921053,
         "expected runtime on this machine ": "12.556575621412732",
         "actual runtime on this machine ": "11.78125",
         "expected memory usage ": 46428628.38039279,
         "actual memory usage": 50000000
      },
      {
         "name": "\"make_tss_bed_00000074\"",
         "machine": 30,
         "start": 84828.94736842129,
         "finish": 84840.72861842129,
         "expected runtime on this machine ": "12.722525009331678",
         "actual runtime on this machine ": "11.78125",
         "expected memory usage ": 48673573.72263221,
         "actual memory usage": 50000000
      },
      {
         "name": "\"check_design_00000075\"",
         "machine": 31,
         "start": 0.0,
         "finish": 11.78125,
         "expected runtime on this machine ": "12.859511609588735",
         "actual runtime on this machine ": "11.78125",
         "expected memory usage ": 46419453.53945863,
         "actual memory usage": 50000000
      },
      {
         "name": "\"get_software_versions_00000076\"",
         "machine": 15,
         "start": 0.0,
         "finish": 62.833333333333336,
         "expected runtime on this machine ": "59.35971496313412",
         "actual runtime on this machine ": "62.833333333333336",
         "expected memory usage ": 44946405.03609481,
         "actual memory usage": 50000000
      },
      {
         "name": "\"make_gene_bed_00000077\"",
         "machine": 31,
         "start": 4001.675088078186,
         "finish": 4013.456338078186,
         "expected runtime on this machine ": "11.11994304556846",
         "actual runtime on this machine ": "11.78125",
         "expected memory usage ": 51095354.610283166,
         "actual memory usage": 50000000
      },
      {
         "name": "\"merged_lib_consensus_deseq2_00000079\"",
         "machine": 31,
         "start": 85656.83429199326,
         "finish": 85668.61554199326,
         "expected runtime on this machine ": "11.928211593241256",
         "actual runtime on this machine ": "11.78125",
         "expected memory usage ": 56641458.13858871,
         "actual memory usage": 50000000
      },
      {
         "name": "\"igv_00000082\"",
         "machine": 35,
         "start": 90921.05263157903,
         "finish": 90932.83388157903,
         "expected runtime on this machine ": "10.861551097284845",
         "actual runtime on this machine ": "11.78125",
         "expected memory usage ": 53508501.61886801,
         "actual memory usage": 50000000
      },
      {
         "name": "\"multiqc_00000104\"",
         "machine": 30,
         "start": 90921.05263157927,
         "finish": 90932.83388157927,
         "expected runtime on this machine ": "13.4219115424095",
         "actual runtime on this machine ": "11.78125",
         "expected memory usage ": 41009171.73327239,
         "actual memory usage": 50000000
      },
      {
         "name": "\"merged_lib_preseq_00000080\"",
         "machine": 35,
         "start": 89796.05263157903,
         "finish": 89807.83388157903,
         "expected runtime on this machine ": "9.304943052114933",
         "actual runtime on this machine ": "11.78125",
         "expected memory usage ": 47836149.14950843,
         "actual memory usage": 50000000
      },
      {
         "name": "\"merged_lib_bigwig_00000081\"",
         "machine": 31,
         "start": 70493.42105263154,
         "finish": 70505.20230263154,
         "expected runtime on this machine ": "10.860893333840094",
         "actual runtime on this machine ": "11.78125",
         "expected memory usage ": 51729074.08826514,
         "actual memory usage": 50000000
      },
      {
         "name": "\"merged_lib_plotprofile_00000093\"",
         "machine": 34,
         "start": 89881.5789473685,
         "finish": 89893.3601973685,
         "expected runtime on this machine ": "11.98999217375266",
         "actual runtime on this machine ": "11.78125",
         "expected memory usage ": 55385835.42006071,
         "actual memory usage": 50000000
      },
      {
         "name": "\"merged_rep_consensus_annotate_00000083\"",
         "machine": 31,
         "start": 88368.42105263154,
         "finish": 88380.20230263154,
         "expected runtime on this machine ": "12.647759610074099",
         "actual runtime on this machine ": "11.78125",
         "expected memory usage ": 46146168.04992158,
         "actual memory usage": 50000000
      },
      {
         "name": "\"merged_rep_macs2_00000084\"",
         "machine": 34,
         "start": 63013.15789473679,
         "finish": 63024.93914473679,
         "expected runtime on this machine ": "11.965651337078588",
         "actual runtime on this machine ": "11.78125",
         "expected memory usage ": 50386205.06665761,
         "actual memory usage": 50000000
      },
      {
         "name": "\"merged_rep_macs2_annotate_00000096\"",
         "machine": 31,
         "start": 69828.94736842102,
         "finish": 69840.72861842102,
         "expected runtime on this machine ": "11.549757825233598",
         "actual runtime on this machine ": "11.78125",
         "expected memory usage ": 52319265.226631925,
         "actual memory usage": 50000000
      },
      {
         "name": "\"merged_rep_macs2_qc_00000098\"",
         "machine": 33,
         "start": 89907.89473684221,
         "finish": 89919.67598684221,
         "expected runtime on this machine ": "12.599966053484607",
         "actual runtime on this machine ": "11.78125",
         "expected memory usage ": 48422562.77109437,
         "actual memory usage": 50000000
      },
      {
         "name": "\"merged_rep_consensus_00000101\"",
         "machine": 32,
         "start": 64025.12354607387,
         "finish": 64036.90479607387,
         "expected runtime on this machine ": "10.55461158124609",
         "actual runtime on this machine ": "11.78125",
         "expected memory usage ": 49437722.75483552,
         "actual memory usage": 50000000
      },
      {
         "name": "\"merged_lib_ataqv_mkarv_00000085\"",
         "machine": 33,
         "start": 89944.63253484,
         "finish": 89956.41378484,
         "expected runtime on this machine ": "10.6752865258378",
         "actual runtime on this machine ": "11.78125",
         "expected memory usage ": 58005301.34294155,
         "actual memory usage": 50000000
      },
      {
         "name": "\"fastqc_00000086\"",
         "machine": 32,
         "start": 86413.09703947374,
         "finish": 86424.87828947374,
         "expected runtime on this machine ": "10.570004097139464",
         "actual runtime on this machine ": "11.78125",
         "expected memory usage ": 54556573.8926142,
         "actual memory usage": 50000000
      },
      {
         "name": "\"merged_rep_consensus_counts_00000087\"",
         "machine": 31,
         "start": 69493.42105263154,
         "finish": 69505.20230263154,
         "expected runtime on this machine ": "10.796177303842802",
         "actual runtime on this machine ": "11.78125",
         "expected memory usage ": 50650288.68524646,
         "actual memory usage": 50000000
      },
      {
         "name": "\"merged_rep_consensus_deseq2_00000109\"",
         "machine": 34,
         "start": 89381.5789473685,
         "finish": 89393.3601973685,
         "expected runtime on this machine ": "10.891219160473039",
         "actual runtime on this machine ": "11.78125",
         "expected memory usage ": 51367629.3546111,
         "actual memory usage": 50000000
      },
      {
         "name": "\"merged_lib_bam_filter_00000088\"",
         "machine": 32,
         "start": 19881.57894736845,
         "finish": 19893.36019736845,
         "expected runtime on this machine ": "11.960868161819795",
         "actual runtime on this machine ": "11.78125",
         "expected memory usage ": 58926202.78049937,
         "actual memory usage": 50000000
      },
      {
         "name": "\"merged_lib_bam_remove_orphan_00000117\"",
         "machine": 32,
         "start": 19893.53981553027,
         "finish": 19905.32106553027,
         "expected runtime on this machine ": "11.312735524357217",
         "actual runtime on this machine ": "11.78125",
         "expected memory usage ": 51308373.53890498,
         "actual memory usage": 50000000
      },
      {
         "name": "\"merged_lib_consensus_counts_00000089\"",
         "machine": 34,
         "start": 84644.49359726929,
         "finish": 84656.27484726929,
         "expected runtime on this machine ": "12.340694723967365",
         "actual runtime on this machine ": "11.78125",
         "expected memory usage ": 58947293.4139783,
         "actual memory usage": 50000000
      },
      {
         "name": "\"merged_lib_macs2_00000090\"",
         "machine": 31,
         "start": 21997.589975638173,
         "finish": 22009.371225638173,
         "expected runtime on this machine ": "10.924031433033742",
         "actual runtime on this machine ": "11.78125",
         "expected memory usage ": 46081371.59862168,
         "actual memory usage": 50000000
      },
      {
         "name": "\"merged_lib_ataqv_00000099\"",
         "machine": 34,
         "start": 84881.5789473685,
         "finish": 84893.3601973685,
         "expected runtime on this machine ": "13.454120195999497",
         "actual runtime on this machine ": "11.78125",
         "expected memory usage ": 43809768.368774615,
         "actual memory usage": 50000000
      },
      {
         "name": "\"merged_lib_consensus_00000102\"",
         "machine": 34,
         "start": 84631.5789473685,
         "finish": 84643.3601973685,
         "expected runtime on this machine ": "12.914649900794307",
         "actual runtime on this machine ": "11.78125",
         "expected memory usage ": 55937969.67306787,
         "actual memory usage": 50000000
      },
      {
         "name": "\"merged_lib_macs2_annotate_00000110\"",
         "machine": 32,
         "start": 84901.31578947374,
         "finish": 84913.09703947374,
         "expected runtime on this machine ": "12.917405537681631",
         "actual runtime on this machine ": "11.78125",
         "expected memory usage ": 45354752.16630138,
         "actual memory usage": 50000000
      },
      {
         "name": "\"merged_lib_macs2_qc_00000112\"",
         "machine": 33,
         "start": 90407.89473684221,
         "finish": 90419.67598684221,
         "expected runtime on this machine ": "8.49718168870761",
         "actual runtime on this machine ": "11.78125",
         "expected memory usage ": 49936331.0310719,
         "actual memory usage": 50000000
      },
      {
         "name": "\"merged_lib_consensus_annotate_00000091\"",
         "machine": 31,
         "start": 89703.94736842102,
         "finish": 89715.72861842102,
         "expected runtime on this machine ": "11.518089112508694",
         "actual runtime on this machine ": "11.78125",
         "expected memory usage ": 46910930.34380104,
         "actual memory usage": 50000000
      },
      {
         "name": "\"make_genome_filter_00000092\"",
         "machine": 25,
         "start": 0.0,
         "finish": 47.125,
         "expected runtime on this machine ": "49.34106857136776",
         "actual runtime on this machine ": "47.125",
         "expected memory usage ": 40107352.971702136,
         "actual memory usage": 50000000
      },
      {
         "name": "\"merged_rep_bigwig_00000100\"",
         "machine": 30,
         "start": 89618.4210526319,
         "finish": 89630.2023026319,
         "expected runtime on this machine ": "11.189011389946744",
         "actual runtime on this machine ": "11.78125",
         "expected memory usage ": 48235074.05732269,
         "actual memory usage": 50000000
      },
      {
         "name": "\"merged_rep_bam_00000094\"",
         "machine": 31,
         "start": 21985.413507747267,
         "finish": 21997.194757747267,
         "expected runtime on this machine ": "12.17646789090437",
         "actual runtime on this machine ": "11.78125",
         "expected memory usage ": 43178564.845582426,
         "actual memory usage": 50000000
      },
      {
         "name": "\"output_documentation_00000095\"",
         "machine": 31,
         "start": 90239.29111842102,
         "finish": 90251.07236842102,
         "expected runtime on this machine ": "11.996318646752538",
         "actual runtime on this machine ": "11.78125",
         "expected memory usage ": 49434416.69374003,
         "actual memory usage": 50000000
      },
      {
         "name": "\"bwa_mem_00000097\"",
         "machine": 33,
         "start": 13480.263157894735,
         "finish": 13492.044407894735,
         "expected runtime on this machine ": "11.255151508146966",
         "actual runtime on this machine ": "11.78125",
         "expected memory usage ": 60054529.28692548,
         "actual memory usage": 50000000
      },
      {
         "name": "\"sort_bam_00000103\"",
         "machine": 35,
         "start": 15717.36927996346,
         "finish": 15729.15052996346,
         "expected runtime on this machine ": "13.483778681333268",
         "actual runtime on this machine ": "11.78125",
         "expected memory usage ": 48853237.03388152,
         "actual memory usage": 50000000
      },
      {
         "name": "\"merged_lib_bam_00000107\"",
         "machine": 31,
         "start": 16730.853058644792,
         "finish": 16742.634308644792,
         "expected runtime on this machine ": "10.37785078010627",
         "actual runtime on this machine ": "11.78125",
         "expected memory usage ": 40665295.78228049,
         "actual memory usage": 50000000
      },
      {
         "name": "\"merged_lib_picard_metrics_00000105\"",
         "machine": 34,
         "start": 86431.58817105586,
         "finish": 86443.36942105586,
         "expected runtime on this machine ": "10.08736406429586",
         "actual runtime on this machine ": "11.78125",
         "expected memory usage ": 49464100.03554546,
         "actual memory usage": 50000000
      },
      {
         "name": "\"merged_lib_plotfingerprint_00000106\"",
         "machine": 31,
         "start": 85680.5437535865,
         "finish": 85692.3250035865,
         "expected runtime on this machine ": "13.305262376057744",
         "actual runtime on this machine ": "11.78125",
         "expected memory usage ": 46172637.01352716,
         "actual memory usage": 50000000
      },
      {
         "name": "\"bwa_index_00000108\"",
         "machine": 31,
         "start": 44.29647167472575,
         "finish": 56.07772167472575,
         "expected runtime on this machine ": "11.155644456965321",
         "actual runtime on this machine ": "11.78125",
         "expected memory usage ": 43850217.81101096,
         "actual memory usage": 50000000
      },
      {
         "name": "\"trimgalore_00000111\"",
         "machine": 31,
         "start": 5717.105263157893,
         "finish": 5728.886513157893,
         "expected runtime on this machine ": "10.56981607027642",
         "actual runtime on this machine ": "11.78125",
         "expected memory usage ": 51108500.25159978,
         "actual memory usage": 50000000
      },
      {
         "name": "\"make_tss_bed_00000113\"",
         "machine": 31,
         "start": 6027.213059613128,
         "finish": 6038.994309613128,
         "expected runtime on this machine ": "12.766135495780317",
         "actual runtime on this machine ": "11.78125",
         "expected memory usage ": 48493821.84623346,
         "actual memory usage": 50000000
      },
      {
         "name": "\"check_design_00000114\"",
         "machine": 34,
         "start": 0.0,
         "finish": 11.78125,
         "expected runtime on this machine ": "11.019652833952529",
         "actual runtime on this machine ": "11.78125",
         "expected memory usage ": 54612676.1326078,
         "actual memory usage": 50000000
      },
      {
         "name": "\"get_software_versions_00000115\"",
         "machine": 12,
         "start": 0.0,
         "finish": 62.833333333333336,
         "expected runtime on this machine ": "56.59629854925288",
         "actual runtime on this machine ": "62.833333333333336",
         "expected memory usage ": 54309756.25112369,
         "actual memory usage": 50000000
      },
      {
         "name": "\"make_gene_bed_00000116\"",
         "machine": 29,
         "start": 0.0,
         "finish": 47.125,
         "expected runtime on this machine ": "42.189486058839115",
         "actual runtime on this machine ": "47.125",
         "expected memory usage ": 59472685.18803871,
         "actual memory usage": 50000000
      },
      {
         "name": "\"merged_lib_consensus_deseq2_00000118\"",
         "machine": 34,
         "start": 86381.5789473685,
         "finish": 86393.3601973685,
         "expected runtime on this machine ": "11.539948244573017",
         "actual runtime on this machine ": "11.78125",
         "expected memory usage ": 50127243.03628098,
         "actual memory usage": 50000000
      },
      {
         "name": "\"igv_00000121\"",
         "machine": 30,
         "start": 90743.4210526319,
         "finish": 90755.2023026319,
         "expected runtime on this machine ": "12.745219930047462",
         "actual runtime on this machine ": "11.78125",
         "expected memory usage ": 40559717.66295564,
         "actual memory usage": 50000000
      },
      {
         "name": "\"multiqc_00000143\"",
         "machine": 30,
         "start": 91289.47368421088,
         "finish": 91301.25493421088,
         "expected runtime on this machine ": "10.909592686134996",
         "actual runtime on this machine ": "11.78125",
         "expected memory usage ": 49156863.96663064,
         "actual memory usage": 50000000
      },
      {
         "name": "\"merged_lib_preseq_00000119\"",
         "machine": 33,
         "start": 86957.77302631584,
         "finish": 86969.55427631584,
         "expected runtime on this machine ": "10.640120863297893",
         "actual runtime on this machine ": "11.78125",
         "expected memory usage ": 44918114.83819926,
         "actual memory usage": 50000000
      },
      {
         "name": "\"merged_lib_bigwig_00000120\"",
         "machine": 31,
         "start": 83243.42105263154,
         "finish": 83255.20230263154,
         "expected runtime on this machine ": "11.483213730002378",
         "actual runtime on this machine ": "11.78125",
         "expected memory usage ": 49951535.11277785,
         "actual memory usage": 50000000
      },
      {
         "name": "\"merged_lib_plotprofile_00000132\"",
         "machine": 35,
         "start": 90796.05263157903,
         "finish": 90807.83388157903,
         "expected runtime on this machine ": "10.78538090825084",
         "actual runtime on this machine ": "11.78125",
         "expected memory usage ": 55104392.50453771,
         "actual memory usage": 50000000
      },
      {
         "name": "\"merged_rep_consensus_annotate_00000122\"",
         "machine": 31,
         "start": 86854.63248263024,
         "finish": 86866.41373263024,
         "expected runtime on this machine ": "12.274451600066493",
         "actual runtime on this machine ": "11.78125",
         "expected memory usage ": 40333923.68450896,
         "actual memory usage": 50000000
      },
      {
         "name": "\"merged_rep_macs2_00000123\"",
         "machine": 34,
         "start": 47816.1531637217,
         "finish": 47827.9344137217,
         "expected runtime on this machine ": "13.263619022506845",
         "actual runtime on this machine ": "11.78125",
         "expected memory usage ": 55165892.04095955,
         "actual memory usage": 50000000
      },
      {
         "name": "\"merged_rep_macs2_annotate_00000135\"",
         "machine": 30,
         "start": 70594.80476442806,
         "finish": 70606.58601442806,
         "expected runtime on this machine ": "12.310630608092502",
         "actual runtime on this machine ": "11.78125",
         "expected memory usage ": 51205128.47021791,
         "actual memory usage": 50000000
      },
      {
         "name": "\"merged_rep_macs2_qc_00000137\"",
         "machine": 33,
         "start": 89968.19503484,
         "finish": 89979.97628484,
         "expected runtime on this machine ": "11.377561121908329",
         "actual runtime on this machine ": "11.78125",
         "expected memory usage ": 61595185.40962357,
         "actual memory usage": 50000000
      },
      {
         "name": "\"merged_rep_consensus_00000140\"",
         "machine": 33,
         "start": 48829.41678274421,
         "finish": 48841.19803274421,
         "expected runtime on this machine ": "13.702137425131593",
         "actual runtime on this machine ": "11.78125",
         "expected memory usage ": 53477560.147672996,
         "actual memory usage": 50000000
      },
      {
         "name": "\"merged_lib_ataqv_mkarv_00000124\"",
         "machine": 31,
         "start": 89715.72861842102,
         "finish": 89727.50986842102,
         "expected runtime on this machine ": "11.326441772939345",
         "actual runtime on this machine ": "11.78125",
         "expected memory usage ": 57138936.8739221,
         "actual memory usage": 50000000
      },
      {
         "name": "\"fastqc_00000125\"",
         "machine": 31,
         "start": 86298.31540615905,
         "finish": 86310.09665615905,
         "expected runtime on this machine ": "11.462738888303798",
         "actual runtime on this machine ": "11.78125",
         "expected memory usage ": 44923552.32506049,
         "actual memory usage": 50000000
      },
      {
         "name": "\"merged_rep_consensus_counts_00000126\"",
         "machine": 31,
         "start": 59171.05263157895,
         "finish": 59182.83388157895,
         "expected runtime on this machine ": "11.703745136082235",
         "actual runtime on this machine ": "11.78125",
         "expected memory usage ": 44874919.33096774,
         "actual memory usage": 50000000
      },
      {
         "name": "\"merged_rep_consensus_deseq2_00000148\"",
         "machine": 35,
         "start": 86046.05263157903,
         "finish": 86057.83388157903,
         "expected runtime on this machine ": "12.029814035041436",
         "actual runtime on this machine ": "11.78125",
         "expected memory usage ": 48965503.40843873,
         "actual memory usage": 50000000
      },
      {
         "name": "\"merged_lib_bam_filter_00000127\"",
         "machine": 30,
         "start": 40901.6794795112,
         "finish": 40913.4607295112,
         "expected runtime on this machine ": "10.652263811027186",
         "actual runtime on this machine ": "11.78125",
         "expected memory usage ": 58692388.98345542,
         "actual memory usage": 50000000
      },
      {
         "name": "\"merged_lib_bam_remove_orphan_00000156\"",
         "machine": 32,
         "start": 44451.367880846075,
         "finish": 44463.149130846075,
         "expected runtime on this machine ": "11.90064306473599",
         "actual runtime on this machine ": "11.78125",
         "expected memory usage ": 48545672.71884902,
         "actual memory usage": 50000000
      },
      {
         "name": "\"merged_lib_consensus_counts_00000128\"",
         "machine": 31,
         "start": 58671.05263157895,
         "finish": 58682.83388157895,
         "expected runtime on this machine ": "13.984462481167826",
         "actual runtime on this machine ": "11.78125",
         "expected memory usage ": 50848243.59496295,
         "actual memory usage": 50000000
      },
      {
         "name": "\"merged_lib_macs2_00000129\"",
         "machine": 34,
         "start": 47829.41678274421,
         "finish": 47841.19803274421,
         "expected runtime on this machine ": "12.169232467599473",
         "actual runtime on this machine ": "11.78125",
         "expected memory usage ": 52462996.73919828,
         "actual memory usage": 50000000
      },
      {
         "name": "\"merged_lib_ataqv_00000138\"",
         "machine": 33,
         "start": 84934.21052631584,
         "finish": 84945.99177631584,
         "expected runtime on this machine ": "12.651945045014388",
         "actual runtime on this machine ": "11.78125",
         "expected memory usage ": 49927949.744503416,
         "actual memory usage": 50000000
      },
      {
         "name": "\"merged_lib_consensus_00000141\"",
         "machine": 33,
         "start": 48843.11892016934,
         "finish": 48854.90017016934,
         "expected runtime on this machine ": "10.163372763547017",
         "actual runtime on this machine ": "11.78125",
         "expected memory usage ": 40571223.86743209,
         "actual memory usage": 50000000
      },
      {
         "name": "\"merged_lib_macs2_annotate_00000149\"",
         "machine": 31,
         "start": 78828.94736842102,
         "finish": 78840.72861842102,
         "expected runtime on this machine ": "10.173431192015455",
         "actual runtime on this machine ": "11.78125",
         "expected memory usage ": 47074838.987859294,
         "actual memory usage": 50000000
      },
      {
         "name": "\"merged_lib_macs2_qc_00000151\"",
         "machine": 32,
         "start": 90717.10526315798,
         "finish": 90728.88651315798,
         "expected runtime on this machine ": "10.913466761134481",
         "actual runtime on this machine ": "11.78125",
         "expected memory usage ": 47305503.201277554,
         "actual memory usage": 50000000
      },
      {
         "name": "\"merged_lib_consensus_annotate_00000130\"",
         "machine": 31,
         "start": 86878.68818423031,
         "finish": 86890.46943423031,
         "expected runtime on this machine ": "11.360568834014074",
         "actual runtime on this machine ": "11.78125",
         "expected memory usage ": 52307795.25863184,
         "actual memory usage": 50000000
      },
      {
         "name": "\"make_genome_filter_00000131\"",
         "machine": 24,
         "start": 0.0,
         "finish": 47.125,
         "expected runtime on this machine ": "42.81836736044525",
         "actual runtime on this machine ": "47.125",
         "expected memory usage ": 47328944.678181775,
         "actual memory usage": 50000000
      },
      {
         "name": "\"merged_rep_bigwig_00000139\"",
         "machine": 31,
         "start": 86743.42105263154,
         "finish": 86755.20230263154,
         "expected runtime on this machine ": "12.334971300195116",
         "actual runtime on this machine ": "11.78125",
         "expected memory usage ": 49603660.46175137,
         "actual memory usage": 50000000
      },
      {
         "name": "\"merged_rep_bam_00000133\"",
         "machine": 32,
         "start": 44463.26852391081,
         "finish": 44475.04977391081,
         "expected runtime on this machine ": "10.699024990383858",
         "actual runtime on this machine ": "11.78125",
         "expected memory usage ": 43705716.37896983,
         "actual memory usage": 50000000
      },
      {
         "name": "\"output_documentation_00000134\"",
         "machine": 31,
         "start": 90227.50986842102,
         "finish": 90239.29111842102,
         "expected runtime on this machine ": "12.487064655934176",
         "actual runtime on this machine ": "11.78125",
         "expected memory usage ": 49929083.609600835,
         "actual memory usage": 50000000
      },
      {
         "name": "\"bwa_mem_00000136\"",
         "machine": 25,
         "start": 4437.815117538468,
         "finish": 4484.940117538468,
         "expected runtime on this machine ": "36.85172770757713",
         "actual runtime on this machine ": "47.125",
         "expected memory usage ": 38762411.77756538,
         "actual memory usage": 50000000
      },
      {
         "name": "\"sort_bam_00000142\"",
         "machine": 31,
         "start": 5738.244895298447,
         "finish": 5750.026145298447,
         "expected runtime on this machine ": "9.694483491728977",
         "actual runtime on this machine ": "11.78125",
         "expected memory usage ": 50355105.901633985,
         "actual memory usage": 50000000
      },
      {
         "name": "\"merged_lib_bam_00000146\"",
         "machine": 32,
         "start": 38394.73684210529,
         "finish": 38406.51809210529,
         "expected runtime on this machine ": "10.12361662022916",
         "actual runtime on this machine ": "11.78125",
         "expected memory usage ": 50456122.79815849,
         "actual memory usage": 50000000
      },
      {
         "name": "\"merged_lib_picard_metrics_00000144\"",
         "machine": 34,
         "start": 86418.96381228582,
         "finish": 86430.74506228582,
         "expected runtime on this machine ": "12.624358770040256",
         "actual runtime on this machine ": "11.78125",
         "expected memory usage ": 58463446.40995748,
         "actual memory usage": 50000000
      },
      {
         "name": "\"merged_lib_plotfingerprint_00000145\"",
         "machine": 31,
         "start": 86243.42105263154,
         "finish": 86255.20230263154,
         "expected runtime on this machine ": "15.30134020903589",
         "actual runtime on this machine ": "11.78125",
         "expected memory usage ": 53085105.86386314,
         "actual memory usage": 50000000
      },
      {
         "name": "\"bwa_index_00000147\"",
         "machine": 31,
         "start": 23.56243594569813,
         "finish": 35.34368594569813,
         "expected runtime on this machine ": "11.188082188012386",
         "actual runtime on this machine ": "11.78125",
         "expected memory usage ": 49835379.67323957,
         "actual memory usage": 50000000
      },
      {
         "name": "\"trimgalore_00000150\"",
         "machine": 31,
         "start": 3887.5007890646925,
         "finish": 3899.2820390646925,
         "expected runtime on this machine ": "13.462600766198529",
         "actual runtime on this machine ": "11.78125",
         "expected memory usage ": 50802197.2727924,
         "actual memory usage": 50000000
      },
      {
         "name": "\"make_tss_bed_00000152\"",
         "machine": 31,
         "start": 6000.0,
         "finish": 6011.78125,
         "expected runtime on this machine ": "13.877342679484853",
         "actual runtime on this machine ": "11.78125",
         "expected memory usage ": 45243091.917247266,
         "actual memory usage": 50000000
      },
      {
         "name": "\"check_design_00000153\"",
         "machine": 33,
         "start": 0.0,
         "finish": 11.78125,
         "expected runtime on this machine ": "12.16766879275661",
         "actual runtime on this machine ": "11.78125",
         "expected memory usage ": 51782364.22798537,
         "actual memory usage": 50000000
      },
      {
         "name": "\"get_software_versions_00000154\"",
         "machine": 16,
         "start": 0.0,
         "finish": 62.833333333333336,
         "expected runtime on this machine ": "51.23667974663034",
         "actual runtime on this machine ": "62.833333333333336",
         "expected memory usage ": 43954610.76903031,
         "actual memory usage": 50000000
      },
      {
         "name": "\"make_gene_bed_00000155\"",
         "machine": 27,
         "start": 0.0,
         "finish": 47.125,
         "expected runtime on this machine ": "44.71537952359991",
         "actual runtime on this machine ": "47.125",
         "expected memory usage ": 60263071.123390116,
         "actual memory usage": 50000000
      },
      {
         "name": "\"merged_lib_consensus_deseq2_00000157\"",
         "machine": 30,
         "start": 86328.94736842129,
         "finish": 86340.72861842129,
         "expected runtime on this machine ": "12.762389900122098",
         "actual runtime on this machine ": "11.78125",
         "expected memory usage ": 42660099.375934154,
         "actual memory usage": 50000000
      },
      {
         "name": "\"igv_00000160\"",
         "machine": 33,
         "start": 90907.89473684221,
         "finish": 90919.67598684221,
         "expected runtime on this machine ": "11.823041977008964",
         "actual runtime on this machine ": "11.78125",
         "expected memory usage ": 51312194.76976144,
         "actual memory usage": 50000000
      },
      {
         "name": "\"multiqc_00000182\"",
         "machine": 33,
         "start": 91171.05263157908,
         "finish": 91182.83388157908,
         "expected runtime on this machine ": "11.12492607116313",
         "actual runtime on this machine ": "11.78125",
         "expected memory usage ": 47264731.833380565,
         "actual memory usage": 50000000
      },
      {
         "name": "\"merged_lib_preseq_00000158\"",
         "machine": 34,
         "start": 86393.3601973685,
         "finish": 86405.1414473685,
         "expected runtime on this machine ": "13.458432376672844",
         "actual runtime on this machine ": "11.78125",
         "expected memory usage ": 42803470.77578374,
         "actual memory usage": 50000000
      },
      {
         "name": "\"merged_lib_bigwig_00000159\"",
         "machine": 30,
         "start": 85328.94736842129,
         "finish": 85340.72861842129,
         "expected runtime on this machine ": "10.710614787401875",
         "actual runtime on this machine ": "11.78125",
         "expected memory usage ": 51180853.103739955,
         "actual memory usage": 50000000
      },
      {
         "name": "\"merged_lib_plotprofile_00000171\"",
         "machine": 35,
         "start": 90296.05263157903,
         "finish": 90307.83388157903,
         "expected runtime on this machine ": "12.613177556811422",
         "actual runtime on this machine ": "11.78125",
         "expected memory usage ": 53394812.09902718,
         "actual memory usage": 50000000
      },
      {
         "name": "\"merged_rep_consensus_annotate_00000161\"",
         "machine": 33,
         "start": 89956.41378484,
         "finish": 89968.19503484,
         "expected runtime on this machine ": "10.039818083420736",
         "actual runtime on this machine ": "11.78125",
         "expected memory usage ": 55200130.94588975,
         "actual memory usage": 50000000
      },
      {
         "name": "\"merged_rep_macs2_00000162\"",
         "machine": 34,
         "start": 64061.05233965155,
         "finish": 64072.83358965155,
         "expected runtime on this machine ": "12.019340381405351",
         "actual runtime on this machine ": "11.78125",
         "expected memory usage ": 48757782.0995029,
         "actual memory usage": 50000000
      },
      {
         "name": "\"merged_rep_macs2_annotate_00000174\"",
         "machine": 30,
         "start": 70618.9972371231,
         "finish": 70630.7784871231,
         "expected runtime on this machine ": "11.135872918608587",
         "actual runtime on this machine ": "11.78125",
         "expected memory usage ": 47029962.28457148,
         "actual memory usage": 50000000
      },
      {
         "name": "\"merged_rep_macs2_qc_00000176\"",
         "machine": 31,
         "start": 90203.94736842102,
         "finish": 90215.72861842102,
         "expected runtime on this machine ": "10.212104949672614",
         "actual runtime on this machine ": "11.78125",
         "expected memory usage ": 49295737.21551919,
         "actual memory usage": 50000000
      },
      {
         "name": "\"merged_rep_consensus_00000179\"",
         "machine": 34,
         "start": 64086.7042104681,
         "finish": 64098.4854604681,
         "expected runtime on this machine ": "12.154979428204962",
         "actual runtime on this machine ": "11.78125",
         "expected memory usage ": 54744419.091065995,
         "actual memory usage": 50000000
      },
      {
         "name": "\"merged_lib_ataqv_mkarv_00000163\"",
         "machine": 31,
         "start": 86841.95176608728,
         "finish": 86853.73301608728,
         "expected runtime on this machine ": "12.680716542957203",
         "actual runtime on this machine ": "11.78125",
         "expected memory usage ": 54642538.64282938,
         "actual memory usage": 50000000
      },
      {
         "name": "\"fastqc_00000164\"",
         "machine": 31,
         "start": 86272.39595642894,
         "finish": 86284.17720642894,
         "expected runtime on this machine ": "12.92242756350592",
         "actual runtime on this machine ": "11.78125",
         "expected memory usage ": 61477349.15303291,
         "actual memory usage": 50000000
      },
      {
         "name": "\"merged_rep_consensus_counts_00000165\"",
         "machine": 32,
         "start": 64598.859189896306,
         "finish": 64610.640439896306,
         "expected runtime on this machine ": "13.760453851581227",
         "actual runtime on this machine ": "11.78125",
         "expected memory usage ": 53062735.542496264,
         "actual memory usage": 50000000
      },
      {
         "name": "\"merged_rep_consensus_deseq2_00000187\"",
         "machine": 31,
         "start": 85668.7625035865,
         "finish": 85680.5437535865,
         "expected runtime on this machine ": "10.963790163473194",
         "actual runtime on this machine ": "11.78125",
         "expected memory usage ": 49850915.146438666,
         "actual memory usage": 50000000
      },
      {
         "name": "\"merged_lib_bam_filter_00000166\"",
         "machine": 32,
         "start": 63013.15789473678,
         "finish": 63024.93914473678,
         "expected runtime on this machine ": "10.058769870070794",
         "actual runtime on this machine ": "11.78125",
         "expected memory usage ": 44499995.46466247,
         "actual memory usage": 50000000
      },
      {
         "name": "\"merged_lib_bam_remove_orphan_00000195\"",
         "machine": 34,
         "start": 64023.21666460685,
         "finish": 64034.99791460685,
         "expected runtime on this machine ": "13.026887631175148",
         "actual runtime on this machine ": "11.78125",
         "expected memory usage ": 59770354.75559325,
         "actual memory usage": 50000000
      },
      {
         "name": "\"merged_lib_consensus_counts_00000167\"",
         "machine": 31,
         "start": 65578.94736842102,
         "finish": 65590.72861842102,
         "expected runtime on this machine ": "10.70354963696113",
         "actual runtime on this machine ": "11.78125",
         "expected memory usage ": 52223119.59293117,
         "actual memory usage": 50000000
      },
      {
         "name": "\"merged_lib_macs2_00000168\"",
         "machine": 34,
         "start": 64048.375984698505,
         "finish": 64060.157234698505,
         "expected runtime on this machine ": "12.676354953046943",
         "actual runtime on this machine ": "11.78125",
         "expected memory usage ": 50019671.825008504,
         "actual memory usage": 50000000
      },
      {
         "name": "\"merged_lib_ataqv_00000177\"",
         "machine": 35,
         "start": 85046.05263157903,
         "finish": 85057.83388157903,
         "expected runtime on this machine ": "11.042808829806468",
         "actual runtime on this machine ": "11.78125",
         "expected memory usage ": 51778382.12279196,
         "actual memory usage": 50000000
      },
      {
         "name": "\"merged_lib_consensus_00000180\"",
         "machine": 34,
         "start": 64073.071680032954,
         "finish": 64084.852930032954,
         "expected runtime on this machine ": "13.63253043514632",
         "actual runtime on this machine ": "11.78125",
         "expected memory usage ": 57808118.85072985,
         "actual memory usage": 50000000
      },
      {
         "name": "\"merged_lib_macs2_annotate_00000188\"",
         "machine": 30,
         "start": 70582.05047176634,
         "finish": 70593.83172176634,
         "expected runtime on this machine ": "12.754292661720818",
         "actual runtime on this machine ": "11.78125",
         "expected memory usage ": 44914755.4887881,
         "actual memory usage": 50000000
      },
      {
         "name": "\"merged_lib_macs2_qc_00000190\"",
         "machine": 33,
         "start": 89920.4947028957,
         "finish": 89932.2759528957,
         "expected runtime on this machine ": "12.356581944303162",
         "actual runtime on this machine ": "11.78125",
         "expected memory usage ": 50358718.09149391,
         "actual memory usage": 50000000
      },
      {
         "name": "\"merged_lib_consensus_annotate_00000169\"",
         "machine": 31,
         "start": 86828.94736842102,
         "finish": 86840.72861842102,
         "expected runtime on this machine ": "13.00439766626048",
         "actual runtime on this machine ": "11.78125",
         "expected memory usage ": 54871526.67257147,
         "actual memory usage": 50000000
      },
      {
         "name": "\"make_genome_filter_00000170\"",
         "machine": 31,
         "start": 3963.336043226961,
         "finish": 3975.117293226961,
         "expected runtime on this machine ": "13.519216949278722",
         "actual runtime on this machine ": "11.78125",
         "expected memory usage ": 53984422.010134645,
         "actual memory usage": 50000000
      },
      {
         "name": "\"merged_rep_bigwig_00000178\"",
         "machine": 32,
         "start": 86901.31578947374,
         "finish": 86913.09703947374,
         "expected runtime on this machine ": "12.727610572857717",
         "actual runtime on this machine ": "11.78125",
         "expected memory usage ": 47669615.1627698,
         "actual memory usage": 50000000
      },
      {
         "name": "\"merged_rep_bam_00000172\"",
         "machine": 34,
         "start": 64036.243552238026,
         "finish": 64048.024802238026,
         "expected runtime on this machine ": "12.132432460482194",
         "actual runtime on this machine ": "11.78125",
         "expected memory usage ": 47178793.62099545,
         "actual memory usage": 50000000
      },
      {
         "name": "\"output_documentation_00000173\"",
         "machine": 31,
         "start": 90251.07236842102,
         "finish": 90262.85361842102,
         "expected runtime on this machine ": "11.412769402556991",
         "actual runtime on this machine ": "11.78125",
         "expected memory usage ": 42968679.88186059,
         "actual memory usage": 50000000
      },
      {
         "name": "\"bwa_mem_00000175\"",
         "machine": 31,
         "start": 3900.963389830891,
         "finish": 3912.744639830891,
         "expected runtime on this machine ": "13.384711246370356",
         "actual runtime on this machine ": "11.78125",
         "expected memory usage ": 49390668.97364056,
         "actual memory usage": 50000000
      },
      {
         "name": "\"sort_bam_00000181\"",
         "machine": 31,
         "start": 3926.476944523062,
         "finish": 3938.258194523062,
         "expected runtime on this machine ": "14.247191997772717",
         "actual runtime on this machine ": "11.78125",
         "expected memory usage ": 53636696.04844272,
         "actual memory usage": 50000000
      },
      {
         "name": "\"merged_lib_bam_00000185\"",
         "machine": 32,
         "start": 62513.15789473678,
         "finish": 62524.93914473678,
         "expected runtime on this machine ": "10.66176663622153",
         "actual runtime on this machine ": "11.78125",
         "expected memory usage ": 55119275.18556911,
         "actual memory usage": 50000000
      },
      {
         "name": "\"merged_lib_picard_metrics_00000183\"",
         "machine": 32,
         "start": 86448.44078947374,
         "finish": 86460.22203947374,
         "expected runtime on this machine ": "11.466355743500188",
         "actual runtime on this machine ": "11.78125",
         "expected memory usage ": 45152047.417685576,
         "actual memory usage": 50000000
      },
      {
         "name": "\"merged_lib_plotfingerprint_00000184\"",
         "machine": 32,
         "start": 86472.00328947374,
         "finish": 86483.78453947374,
         "expected runtime on this machine ": "10.410477662085963",
         "actual runtime on this machine ": "11.78125",
         "expected memory usage ": 54537353.218182236,
         "actual memory usage": 50000000
      },
      {
         "name": "\"bwa_index_00000186\"",
         "machine": 35,
         "start": 0.0,
         "finish": 11.78125,
         "expected runtime on this machine ": "10.702924336109396",
         "actual runtime on this machine ": "11.78125",
         "expected memory usage ": 66889447.096161366,
         "actual memory usage": 50000000
      },
      {
         "name": "\"trimgalore_00000189\"",
         "machine": 31,
         "start": 3052.6315789473683,
         "finish": 3064.4128289473683,
         "expected runtime on this machine ": "11.81798112522091",
         "actual runtime on this machine ": "11.78125",
         "expected memory usage ": 42198300.85542909,
         "actual memory usage": 50000000
      },
      {
         "name": "\"make_tss_bed_00000191\"",
         "machine": 35,
         "start": 84796.05263157903,
         "finish": 84807.83388157903,
         "expected runtime on this machine ": "12.81413669805566",
         "actual runtime on this machine ": "11.78125",
         "expected memory usage ": 55560517.80795622,
         "actual memory usage": 50000000
      },
      {
         "name": "\"check_design_00000192\"",
         "machine": 30,
         "start": 0.0,
         "finish": 11.78125,
         "expected runtime on this machine ": "12.906306744672642",
         "actual runtime on this machine ": "11.78125",
         "expected memory usage ": 42969233.98013613,
         "actual memory usage": 50000000
      },
      {
         "name": "\"get_software_versions_00000193\"",
         "machine": 14,
         "start": 0.0,
         "finish": 62.833333333333336,
         "expected runtime on this machine ": "61.29336484143067",
         "actual runtime on this machine ": "62.833333333333336",
         "expected memory usage ": 52148926.98052926,
         "actual memory usage": 50000000
      },
      {
         "name": "\"make_gene_bed_00000194\"",
         "machine": 31,
         "start": 3989.0471512069116,
         "finish": 4000.8284012069116,
         "expected runtime on this machine ": "12.627936871274533",
         "actual runtime on this machine ": "11.78125",
         "expected memory usage ": 46342917.73668466,
         "actual memory usage": 50000000
      }
   ],
   "failed": [
      {
         "time": 10.702924336109396,
         "task": "\"bwa_index_00000005\"",
         "machine": 35,
         "reason": "MachineInUseException",
         "occupied by ": "\"bwa_index_00000186\"",
         "expected runtime ": 380.4807649896861,
         "actual runtime ": 377,
         "expected memory usage ": 59218668.29755009,
         "actual memory usage": 50000000
      },
      {
         "time": 33.108389486713364,
         "task": "\"bwa_index_00000108\"",
         "machine": 33,
         "reason": "MachineInUseException",
         "occupied by ": "\"bwa_index_00000069\"",
         "expected runtime ": 356.9806226228903,
         "actual runtime ": 377,
         "expected memory usage ": 43850217.81101096,
         "actual memory usage": 50000000
      },
      {
         "time": 55.45211613169107,
         "task": "\"make_genome_filter_00000170\"",
         "machine": 31,
         "reason": "MachineInUseException",
         "occupied by ": "\"bwa_index_00000108\"",
         "expected runtime ": 432.6149423769191,
         "actual runtime ": 377,
         "expected memory usage ": 53984422.010134645,
         "actual memory usage": 50000000
      },
      {
         "time": 4012.7950311237546,
         "task": "\"make_tss_bed_00000152\"",
         "machine": 31,
         "reason": "MachineInUseException",
         "occupied by ": "\"make_gene_bed_00000077\"",
         "expected runtime ": 444.0749657435153,
         "actual runtime ": 377,
         "expected memory usage ": 45243091.917247266,
         "actual memory usage": 50000000
      },
      {
         "time": 5727.67507922817,
         "task": "\"sort_bam_00000142\"",
         "machine": 31,
         "reason": "MachineInUseException",
         "occupied by ": "\"trimgalore_00000111\"",
         "expected runtime ": 310.2234717353273,
         "actual runtime ": 377,
         "expected memory usage ": 50355105.901633985,
         "actual memory usage": 50000000
      },
      {
         "time": 22008.514007071208,
         "task": "\"merged_rep_macs2_00000084\"",
         "machine": 31,
         "reason": "MachineInUseException",
         "occupied by ": "\"merged_lib_macs2_00000090\"",
         "expected runtime ": 382.90084278651483,
         "actual runtime ": 377,
         "expected memory usage ": 50386205.06665761,
         "actual memory usage": 50000000
      },
      {
         "time": 33309.15592079805,
         "task": "\"merged_lib_consensus_00000063\"",
         "machine": 32,
         "reason": "MachineInUseException",
         "occupied by ": "\"merged_rep_macs2_00000045\"",
         "expected runtime ": 463.7546647174135,
         "actual runtime ": 377,
         "expected memory usage ": 51107897.51757214,
         "actual memory usage": 50000000
      },
      {
         "time": 55087.67520836626,
         "task": "\"merged_rep_consensus_00000033\"",
         "machine": 35,
         "reason": "MachineInUseException",
         "occupied by ": "\"merged_lib_consensus_00000032\"",
         "expected runtime ": 413.2049303333923,
         "actual runtime ": 377,
         "expected memory usage ": 54923029.500263445,
         "actual memory usage": 50000000
      },
      {
         "time": 59182.75637671503,
         "task": "\"merged_lib_consensus_counts_00000050\"",
         "machine": 31,
         "reason": "MachineInUseException",
         "occupied by ": "\"merged_rep_consensus_counts_00000126\"",
         "expected runtime ": 400.4933628020122,
         "actual runtime ": 377,
         "expected memory usage ": 42596783.27934762,
         "actual memory usage": 50000000
      },
      {
         "time": 63022.61126916311,
         "task": "\"merged_lib_consensus_deseq2_00000019\"",
         "machine": 31,
         "reason": "MachineInUseException",
         "occupied by ": "\"merged_lib_bigwig_00000042\"",
         "expected runtime ": 426.2530673531769,
         "actual runtime ": 377,
         "expected memory usage ": 43669099.43854287,
         "actual memory usage": 50000000
      },
      {
         "time": 65589.65091805799,
         "task": "\"merged_rep_macs2_annotate_00000037\"",
         "machine": 31,
         "reason": "MachineInUseException",
         "occupied by ": "\"merged_lib_consensus_counts_00000167\"",
         "expected runtime ": 318.4135015314223,
         "actual runtime ": 377,
         "expected memory usage ": 50519329.23599023,
         "actual memory usage": 50000000
      },
      {
         "time": 70570.63049904109,
         "task": "\"merged_lib_macs2_annotate_00000188\"",
         "machine": 30,
         "reason": "MachineInUseException",
         "occupied by ": "\"merged_rep_consensus_counts_00000048\"",
         "expected runtime ": 408.1373651750662,
         "actual runtime ": 377,
         "expected memory usage ": 44914755.4887881,
         "actual memory usage": 50000000
      },
      {
         "time": 70630.1331100417,
         "task": "\"merged_lib_macs2_annotate_00000149\"",
         "machine": 30,
         "reason": "MachineInUseException",
         "occupied by ": "\"merged_rep_macs2_annotate_00000174\"",
         "expected runtime ": 325.54979814449456,
         "actual runtime ": 377,
         "expected memory usage ": 47074838.987859294,
         "actual memory usage": 50000000
      },
      {
         "time": 79707.76295414093,
         "task": "\"merged_lib_bigwig_00000120\"",
         "machine": 31,
         "reason": "MachineInUseException",
         "occupied by ": "\"merged_lib_macs2_annotate_00000035\"",
         "expected runtime ": 367.4628393600761,
         "actual runtime ": 377,
         "expected memory usage ": 49951535.11277785,
         "actual memory usage": 50000000
      },
      {
         "time": 85679.72629374998,
         "task": "\"merged_lib_plotfingerprint_00000106\"",
         "machine": 31,
         "reason": "MachineInUseException",
         "occupied by ": "\"merged_rep_consensus_deseq2_00000187\"",
         "expected runtime ": 425.7683960338478,
         "actual runtime ": 377,
         "expected memory usage ": 46172637.01352716,
         "actual memory usage": 50000000
      },
      {
         "time": 86393.11889561308,
         "task": "\"merged_lib_preseq_00000158\"",
         "machine": 34,
         "reason": "MachineInUseException",
         "occupied by ": "\"merged_lib_consensus_deseq2_00000118\"",
         "expected runtime ": 430.669836053531,
         "actual runtime ": 377,
         "expected memory usage ": 42803470.77578374,
         "actual memory usage": 50000000
      },
      {
         "time": 86412.44078617252,
         "task": "\"fastqc_00000086\"",
         "machine": 32,
         "reason": "MachineInUseException",
         "occupied by ": "\"merged_lib_consensus_deseq2_00000040\"",
         "expected runtime ": 338.24013110846283,
         "actual runtime ": 377,
         "expected memory usage ": 54556573.8926142,
         "actual memory usage": 50000000
      },
      {
         "time": 86423.01079026966,
         "task": "\"merged_lib_picard_metrics_00000066\"",
         "machine": 32,
         "reason": "MachineInUseException",
         "occupied by ": "\"fastqc_00000086\"",
         "expected runtime ": 394.6747953068307,
         "actual runtime ": 377,
         "expected memory usage ": 51309852.85819663,
         "actual memory usage": 50000000
      },
      {
         "time": 86435.344377623,
         "task": "\"merged_lib_plotfingerprint_00000013\"",
         "machine": 32,
         "reason": "MachineInUseException",
         "occupied by ": "\"merged_lib_picard_metrics_00000066\"",
         "expected runtime ": 392.8189972801102,
         "actual runtime ": 377,
         "expected memory usage ": 45168320.893993616,
         "actual memory usage": 50000000
      },
      {
         "time": 86447.619971288,
         "task": "\"merged_lib_picard_metrics_00000183\"",
         "machine": 32,
         "reason": "MachineInUseException",
         "occupied by ": "\"merged_lib_plotfingerprint_00000013\"",
         "expected runtime ": 366.923383792006,
         "actual runtime ": 377,
         "expected memory usage ": 45152047.417685576,
         "actual memory usage": 50000000
      },
      {
         "time": 86459.0863270315,
         "task": "\"merged_lib_preseq_00000010\"",
         "machine": 32,
         "reason": "MachineInUseException",
         "occupied by ": "\"merged_lib_picard_metrics_00000183\"",
         "expected runtime ": 365.6747987767609,
         "actual runtime ": 377,
         "expected memory usage ": 49308547.90674979,
         "actual memory usage": 50000000
      },
      {
         "time": 86470.51366449328,
         "task": "\"merged_lib_plotfingerprint_00000184\"",
         "machine": 32,
         "reason": "MachineInUseException",
         "occupied by ": "\"merged_lib_preseq_00000010\"",
         "expected runtime ": 333.1352851867508,
         "actual runtime ": 377,
         "expected memory usage ": 54537353.218182236,
         "actual memory usage": 50000000
      },
      {
         "time": 86878.3013988348,
         "task": "\"merged_lib_consensus_annotate_00000130\"",
         "machine": 31,
         "reason": "MachineInUseException",
         "occupied by ": "\"merged_rep_consensus_annotate_00000038\"",
         "expected runtime ": 363.5382026884504,
         "actual runtime ": 377,
         "expected memory usage ": 52307795.25863184,
         "actual memory usage": 50000000
      },
      {
         "time": 86944.79350350742,
         "task": "\"fastqc_00000003\"",
         "machine": 33,
         "reason": "MachineInUseException",
         "occupied by ": "\"merged_rep_consensus_deseq2_00000022\"",
         "expected runtime ": 382.3953499477138,
         "actual runtime ": 377,
         "expected memory usage ": 57704395.10407977,
         "actual memory usage": 50000000
      },
      {
         "time": 86956.74335819329,
         "task": "\"merged_lib_preseq_00000119\"",
         "machine": 33,
         "reason": "MachineInUseException",
         "occupied by ": "\"fastqc_00000003\"",
         "expected runtime ": 340.4838676255326,
         "actual runtime ": 377,
         "expected memory usage ": 44918114.83819926,
         "actual memory usage": 50000000
      },
      {
         "time": 86967.38347905659,
         "task": "\"merged_rep_bigwig_00000061\"",
         "machine": 33,
         "reason": "MachineInUseException",
         "occupied by ": "\"merged_lib_preseq_00000119\"",
         "expected runtime ": 340.85864752645983,
         "actual runtime ": 377,
         "expected memory usage ": 51880880.118428916,
         "actual memory usage": 50000000
      },
      {
         "time": 89715.46545753353,
         "task": "\"merged_lib_ataqv_mkarv_00000124\"",
         "machine": 31,
         "reason": "MachineInUseException",
         "occupied by ": "\"merged_lib_consensus_annotate_00000091\"",
         "expected runtime ": 362.44613673405905,
         "actual runtime ": 377,
         "expected memory usage ": 57138936.8739221,
         "actual memory usage": 50000000
      },
      {
         "time": 89726.79189930647,
         "task": "\"merged_lib_consensus_annotate_00000036\"",
         "machine": 31,
         "reason": "MachineInUseException",
         "occupied by ": "\"merged_lib_ataqv_mkarv_00000124\"",
         "expected runtime ": 341.6196419186595,
         "actual runtime ": 377,
         "expected memory usage ": 59881315.27978149,
         "actual memory usage": 50000000
      },
      {
         "time": 89737.46751311643,
         "task": "\"merged_lib_plotprofile_00000007\"",
         "machine": 31,
         "reason": "MachineInUseException",
         "occupied by ": "\"merged_lib_consensus_annotate_00000036\"",
         "expected runtime ": 379.3474158461003,
         "actual runtime ": 377,
         "expected memory usage ": 44540649.773293026,
         "actual memory usage": 50000000
      },
      {
         "time": 89749.32211986162,
         "task": "\"merged_lib_ataqv_mkarv_00000046\"",
         "machine": 31,
         "reason": "MachineInUseException",
         "occupied by ": "\"merged_lib_plotprofile_00000007\"",
         "expected runtime ": 319.062679846843,
         "actual runtime ": 377,
         "expected memory usage ": 45370910.07546215,
         "actual memory usage": 50000000
      },
      {
         "time": 89759.29282860683,
         "task": "\"merged_rep_macs2_qc_00000059\"",
         "machine": 31,
         "reason": "MachineInUseException",
         "occupied by ": "\"merged_lib_ataqv_mkarv_00000046\"",
         "expected runtime ": 346.5889879123395,
         "actual runtime ": 377,
         "expected memory usage ": 48373201.895939305,
         "actual memory usage": 50000000
      },
      {
         "time": 89943.89459087579,
         "task": "\"merged_lib_ataqv_mkarv_00000085\"",
         "machine": 33,
         "reason": "MachineInUseException",
         "occupied by ": "\"merged_lib_consensus_annotate_00000052\"",
         "expected runtime ": 341.6091688268096,
         "actual runtime ": 377,
         "expected memory usage ": 58005301.34294155,
         "actual memory usage": 50000000
      },
      {
         "time": 89954.56987740162,
         "task": "\"merged_rep_consensus_annotate_00000161\"",
         "machine": 33,
         "reason": "MachineInUseException",
         "occupied by ": "\"merged_lib_ataqv_mkarv_00000085\"",
         "expected runtime ": 321.27417866946354,
         "actual runtime ": 377,
         "expected memory usage ": 55200130.94588975,
         "actual memory usage": 50000000
      },
      {
         "time": 89964.60969548504,
         "task": "\"merged_rep_macs2_qc_00000137\"",
         "machine": 33,
         "reason": "MachineInUseException",
         "occupied by ": "\"merged_rep_consensus_annotate_00000161\"",
         "expected runtime ": 364.0819559010665,
         "actual runtime ": 377,
         "expected memory usage ": 61595185.40962357,
         "actual memory usage": 50000000
      },
      {
         "time": 90214.1594733707,
         "task": "\"igv_00000034\"",
         "machine": 31,
         "reason": "MachineInUseException",
         "occupied by ": "\"merged_rep_macs2_qc_00000176\"",
         "expected runtime ": 378.25579317685657,
         "actual runtime ": 377,
         "expected memory usage ": 49612522.40708277,
         "actual memory usage": 50000000
      },
      {
         "time": 90225.97996690749,
         "task": "\"output_documentation_00000134\"",
         "machine": 31,
         "reason": "MachineInUseException",
         "occupied by ": "\"igv_00000034\"",
         "expected runtime ": 399.58606898989365,
         "actual runtime ": 377,
         "expected memory usage ": 49929083.609600835,
         "actual memory usage": 50000000
      },
      {
         "time": 90238.46703156341,
         "task": "\"output_documentation_00000095\"",
         "machine": 31,
         "reason": "MachineInUseException",
         "occupied by ": "\"output_documentation_00000134\"",
         "expected runtime ": 383.8821966960812,
         "actual runtime ": 377,
         "expected memory usage ": 49434416.69374003,
         "actual memory usage": 50000000
      },
      {
         "time": 90250.46335021016,
         "task": "\"output_documentation_00000173\"",
         "machine": 31,
         "reason": "MachineInUseException",
         "occupied by ": "\"output_documentation_00000095\"",
         "expected runtime ": 365.2086208818237,
         "actual runtime ": 377,
         "expected memory usage ": 42968679.88186059,
         "actual memory usage": 50000000
      }
   ]
}