{
   "workflow": "atacseq-workflow_200",
   "makespan": 1300.0378289473683,
   "tasks": [
      {
         "name": "\"check_design_00000001\"",
         "machine": 6,
         "start": 0.0,
         "finish": 11.78125,
         "expected runtime on this machine ": "11.732513597986765",
         "actual runtime on this machine ": "11.78125",
         "expected memory usage ": 53429908.62644841,
         "actual memory usage": 50000000
      },
      {
         "name": "\"trimgalore_00000002\"",
         "machine": 6,
         "start": 11.78125,
         "finish": 23.5625,
         "expected runtime on this machine ": "10.043803772197712",
         "actual runtime on this machine ": "11.78125",
         "expected memory usage ": 48301948.14163186,
         "actual memory usage": 50000000
      },
      {
         "name": "\"fastqc_00000003\"",
         "machine": 34,
         "start": 1011.78125,
         "finish": 1023.5625,
         "expected runtime on this machine ": "11.462289285252782",
         "actual runtime on this machine ": "11.78125",
         "expected memory usage ": 49514076.050716944,
         "actual memory usage": 50000000
      },
      {
         "name": "\"bwa_mem_00000004\"",
         "machine": 6,
         "start": 511.78125,
         "finish": 523.5625,
         "expected runtime on this machine ": "11.503901934284238",
         "actual runtime on this machine ": "11.78125",
         "expected memory usage ": 47423523.038531035,
         "actual memory usage": 50000000
      },
      {
         "name": "\"multiqc_00000006\"",
         "machine": 7,
         "start": 1241.1315789473683,
         "finish": 1252.9128289473683,
         "expected runtime on this machine ": "10.79976014894108",
         "actual runtime on this machine ": "11.78125",
         "expected memory usage ": 59403734.36794738,
         "actual memory usage": 50000000
      },
      {
         "name": "\"sort_bam_00000008\"",
         "machine": 6,
         "start": 523.5625,
         "finish": 535.34375,
         "expected runtime on this machine ": "11.039172466134517",
         "actual runtime on this machine ": "11.78125",
         "expected memory usage ": 46174877.73024881,
         "actual memory usage": 50000000
      },
      {
         "name": "\"bwa_index_00000005\"",
         "machine": 33,
         "start": 0.0,
         "finish": 11.78125,
         "expected runtime on this machine ": "12.20572889924984",
         "actual runtime on this machine ": "11.78125",
         "expected memory usage ": 54177540.25783544,
         "actual memory usage": 50000000
      },
      {
         "name": "\"merged_lib_plotprofile_00000007\"",
         "machine": 7,
         "start": 1129.59375,
         "finish": 1141.375,
         "expected runtime on this machine ": "12.799898940851595",
         "actual runtime on this machine ": "11.78125",
         "expected memory usage ": 47165207.15639198,
         "actual memory usage": 50000000
      },
      {
         "name": "\"merged_lib_bam_00000009\"",
         "machine": 6,
         "start": 535.34375,
         "finish": 547.125,
         "expected runtime on this machine ": "14.095301957761201",
         "actual runtime on this machine ": "11.78125",
         "expected memory usage ": 52081713.41227917,
         "actual memory usage": 50000000
      },
      {
         "name": "\"merged_lib_preseq_00000010\"",
         "machine": 6,
         "start": 1141.375,
         "finish": 1153.15625,
         "expected runtime on this machine ": "10.869093798453823",
         "actual runtime on this machine ": "11.78125",
         "expected memory usage ": 47668867.613689296,
         "actual memory usage": 50000000
      },
      {
         "name": "\"merged_lib_ataqv_00000027\"",
         "machine": 6,
         "start": 750.0,
         "finish": 761.78125,
         "expected runtime on this machine ": "14.367472229689026",
         "actual runtime on this machine ": "11.78125",
         "expected memory usage ": 53015911.30527277,
         "actual memory usage": 50000000
      },
      {
         "name": "\"merged_lib_bam_filter_00000030\"",
         "machine": 6,
         "start": 547.125,
         "finish": 558.90625,
         "expected runtime on this machine ": "11.476565276519295",
         "actual runtime on this machine ": "11.78125",
         "expected memory usage ": 44781262.39624944,
         "actual memory usage": 50000000
      },
      {
         "name": "\"merged_lib_bam_remove_orphan_00000011\"",
         "machine": 6,
         "start": 558.90625,
         "finish": 570.6875,
         "expected runtime on this machine ": "13.141324761280384",
         "actual runtime on this machine ": "11.78125",
         "expected memory usage ": 53314385.493135,
         "actual memory usage": 50000000
      },
      {
         "name": "\"merged_lib_picard_metrics_00000012\"",
         "machine": 6,
         "start": 1153.15625,
         "finish": 1164.9375,
         "expected runtime on this machine ": "13.864537890510208",
         "actual runtime on this machine ": "11.78125",
         "expected memory usage ": 45495739.29804764,
         "actual memory usage": 50000000
      },
      {
         "name": "\"merged_lib_plotfingerprint_00000013\"",
         "machine": 6,
         "start": 1176.71875,
         "finish": 1188.5,
         "expected runtime on this machine ": "13.219313804672334",
         "actual runtime on this machine ": "11.78125",
         "expected memory usage ": 53571507.79238617,
         "actual memory usage": 50000000
      },
      {
         "name": "\"merged_lib_macs2_00000014\"",
         "machine": 6,
         "start": 594.25,
         "finish": 606.03125,
         "expected runtime on this machine ": "10.161507786308745",
         "actual runtime on this machine ": "11.78125",
         "expected memory usage ": 43652062.3584941,
         "actual memory usage": 50000000
      },
      {
         "name": "\"merged_lib_consensus_counts_00000015\"",
         "machine": 6,
         "start": 641.375,
         "finish": 653.15625,
         "expected runtime on this machine ": "13.460664784185777",
         "actual runtime on this machine ": "11.78125",
         "expected memory usage ": 53052818.15306023,
         "actual memory usage": 50000000
      },
      {
         "name": "\"merged_rep_bam_00000016\"",
         "machine": 6,
         "start": 570.6875,
         "finish": 582.46875,
         "expected runtime on this machine ": "12.689810054314329",
         "actual runtime on this machine ": "11.78125",
         "expected memory usage ": 58081352.99540513,
         "actual memory usage": 50000000
      },
      {
         "name": "\"merged_rep_consensus_counts_00000017\"",
         "machine": 6,
         "start": 629.59375,
         "finish": 641.375,
         "expected runtime on this machine ": "11.150370476308536",
         "actual runtime on this machine ": "11.78125",
         "expected memory usage ": 45436092.60308572,
         "actual memory usage": 50000000
      },
      {
         "name": "\"merged_lib_bigwig_00000026\"",
         "machine": 7,
         "start": 1070.6875,
         "finish": 1082.46875,
         "expected runtime on this machine ": "11.221782836291997",
         "actual runtime on this machine ": "11.78125",
         "expected memory usage ": 41674344.227747425,
         "actual memory usage": 50000000
      },
      {
         "name": "\"merged_lib_macs2_qc_00000018\"",
         "machine": 6,
         "start": 1129.59375,
         "finish": 1141.375,
         "expected runtime on this machine ": "9.23937098278866",
         "actual runtime on this machine ": "11.78125",
         "expected memory usage ": 52915145.09926517,
         "actual memory usage": 50000000
      },
      {
         "name": "\"merged_lib_consensus_00000032\"",
         "machine": 6,
         "start": 617.8125,
         "finish": 629.59375,
         "expected runtime on this machine ": "12.875643864884777",
         "actual runtime on this machine ": "11.78125",
         "expected memory usage ": 56109409.00587052,
         "actual memory usage": 50000000
      },
      {
         "name": "\"igv_00000034\"",
         "machine": 8,
         "start": 1254.59375,
         "finish": 1266.375,
         "expected runtime on this machine ": "11.883673598171129",
         "actual runtime on this machine ": "11.78125",
         "expected memory usage ": 46777739.72778389,
         "actual memory usage": 50000000
      },
      {
         "name": "\"merged_lib_macs2_annotate_00000035\"",
         "machine": 6,
         "start": 1082.46875,
         "finish": 1094.25,
         "expected runtime on this machine ": "15.133546318436304",
         "actual runtime on this machine ": "11.78125",
         "expected memory usage ": 51786648.47296477,
         "actual memory usage": 50000000
      },
      {
         "name": "\"merged_lib_consensus_deseq2_00000019\"",
         "machine": 6,
         "start": 1117.8125,
         "finish": 1129.59375,
         "expected runtime on this machine ": "9.903941601481351",
         "actual runtime on this machine ": "11.78125",
         "expected memory usage ": 44912019.4675883,
         "actual memory usage": 50000000
      },
      {
         "name": "\"merged_rep_macs2_00000020\"",
         "machine": 6,
         "start": 582.46875,
         "finish": 594.25,
         "expected runtime on this machine ": "11.64892729717565",
         "actual runtime on this machine ": "11.78125",
         "expected memory usage ": 43310879.91642871,
         "actual memory usage": 50000000
      },
      {
         "name": "\"merged_rep_bigwig_00000031\"",
         "machine": 30,
         "start": 1082.46875,
         "finish": 1094.25,
         "expected runtime on this machine ": "13.253681057780073",
         "actual runtime on this machine ": "11.78125",
         "expected memory usage ": 50758241.68090274,
         "actual memory usage": 50000000
      },
      {
         "name": "\"merged_rep_consensus_deseq2_00000022\"",
         "machine": 6,
         "start": 1106.03125,
         "finish": 1117.8125,
         "expected runtime on this machine ": "11.834537672023961",
         "actual runtime on this machine ": "11.78125",
         "expected memory usage ": 56047944.00536138,
         "actual memory usage": 50000000
      },
      {
         "name": "\"merged_rep_macs2_qc_00000021\"",
         "machine": 6,
         "start": 1164.9375,
         "finish": 1176.71875,
         "expected runtime on this machine ": "11.144499671762956",
         "actual runtime on this machine ": "11.78125",
         "expected memory usage ": 52515055.10473267,
         "actual memory usage": 50000000
      },
      {
         "name": "\"merged_rep_consensus_00000033\"",
         "machine": 6,
         "start": 606.03125,
         "finish": 617.8125,
         "expected runtime on this machine ": "11.3081631293396",
         "actual runtime on this machine ": "11.78125",
         "expected memory usage ": 41696963.70187418,
         "actual memory usage": 50000000
      },
      {
         "name": "\"merged_rep_macs2_annotate_00000037\"",
         "machine": 6,
         "start": 1094.25,
         "finish": 1106.03125,
         "expected runtime on this machine ": "12.534753674888119",
         "actual runtime on this machine ": "11.78125",
         "expected memory usage ": 47204364.69311684,
         "actual memory usage": 50000000
      },
      {
         "name": "\"get_software_versions_00000023\"",
         "machine": 20,
         "start": 0.0,
         "finish": 31.416666666666668,
         "expected runtime on this machine ": "32.308422294264126",
         "actual runtime on this machine ": "31.416666666666668",
         "expected memory usage ": 55751387.06700752,
         "actual memory usage": 50000000
      },
      {
         "name": "\"make_gene_bed_00000024\"",
         "machine": 18,
         "start": 0.0,
         "finish": 31.416666666666668,
         "expected runtime on this machine ": "32.33710232409718",
         "actual runtime on this machine ": "31.416666666666668",
         "expected memory usage ": 46630062.80563885,
         "actual memory usage": 50000000
      },
      {
         "name": "\"make_tss_bed_00000025\"",
         "machine": 18,
         "start": 31.416666666666668,
         "finish": 62.833333333333336,
         "expected runtime on this machine ": "27.927557486520453",
         "actual runtime on this machine ": "31.416666666666668",
         "expected memory usage ": 54076487.48235609,
         "actual memory usage": 50000000
      },
      {
         "name": "\"merged_lib_ataqv_mkarv_00000029\"",
         "machine": 6,
         "start": 1288.2565789473683,
         "finish": 1300.0378289473683,
         "expected runtime on this machine ": "13.968131972443658",
         "actual runtime on this machine ": "11.78125",
         "expected memory usage ": 47690772.775692955,
         "actual memory usage": 50000000
      },
      {
         "name": "\"make_genome_filter_00000028\"",
         "machine": 30,
         "start": 11.78125,
         "finish": 23.5625,
         "expected runtime on this machine ": "12.214264733748017",
         "actual runtime on this machine ": "11.78125",
         "expected memory usage ": 51648870.03498716,
         "actual memory usage": 50000000
      },
      {
         "name": "\"merged_lib_consensus_annotate_00000036\"",
         "machine": 6,
         "start": 1276.4753289473683,
         "finish": 1288.2565789473683,
         "expected runtime on this machine ": "12.19921420685073",
         "actual runtime on this machine ": "11.78125",
         "expected memory usage ": 47812502.39482757,
         "actual memory usage": 50000000
      },
      {
         "name": "\"merged_rep_consensus_annotate_00000038\"",
         "machine": 6,
         "start": 1264.6940789473683,
         "finish": 1276.4753289473683,
         "expected runtime on this machine ": "12.512063585422707",
         "actual runtime on this machine ": "11.78125",
         "expected memory usage ": 46733485.451355666,
         "actual memory usage": 50000000
      },
      {
         "name": "\"output_documentation_00000039\"",
         "machine": 27,
         "start": 0.0,
         "finish": 47.125,
         "expected runtime on this machine ": "50.248152209815665",
         "actual runtime on this machine ": "47.125",
         "expected memory usage ": 52707030.87865526,
         "actual memory usage": 50000000
      },
      {
         "name": "\"merged_lib_consensus_deseq2_00000040\"",
         "machine": 8,
         "start": 1106.03125,
         "finish": 1117.8125,
         "expected runtime on this machine ": "13.547859336309932",
         "actual runtime on this machine ": "11.78125",
         "expected memory usage ": 44782875.66160936,
         "actual memory usage": 50000000
      },
      {
         "name": "\"igv_00000043\"",
         "machine": 8,
         "start": 1235.625,
         "finish": 1247.40625,
         "expected runtime on this machine ": "11.654647989601044",
         "actual runtime on this machine ": "11.78125",
         "expected memory usage ": 46938778.58564946,
         "actual memory usage": 50000000
      },
      {
         "name": "\"multiqc_00000065\"",
         "machine": 8,
         "start": 1212.0625,
         "finish": 1223.84375,
         "expected runtime on this machine ": "12.431606322842047",
         "actual runtime on this machine ": "11.78125",
         "expected memory usage ": 61966090.05402221,
         "actual memory usage": 50000000
      },
      {
         "name": "\"merged_lib_preseq_00000041\"",
         "machine": 8,
         "start": 1141.375,
         "finish": 1153.15625,
         "expected runtime on this machine ": "8.239531118786426",
         "actual runtime on this machine ": "11.78125",
         "expected memory usage ": 55911686.86663928,
         "actual memory usage": 50000000
      },
      {
         "name": "\"merged_lib_bigwig_00000042\"",
         "machine": 10,
         "start": 1070.6875,
         "finish": 1082.46875,
         "expected runtime on this machine ": "12.015089491504371",
         "actual runtime on this machine ": "11.78125",
         "expected memory usage ": 44815023.26265436,
         "actual memory usage": 50000000
      },
      {
         "name": "\"merged_lib_plotprofile_00000054\"",
         "machine": 10,
         "start": 1106.03125,
         "finish": 1117.8125,
         "expected runtime on this machine ": "11.364704702689618",
         "actual runtime on this machine ": "11.78125",
         "expected memory usage ": 51259462.2247386,
         "actual memory usage": 50000000
      },
      {
         "name": "\"merged_rep_consensus_annotate_00000044\"",
         "machine": 8,
         "start": 1200.28125,
         "finish": 1212.0625,
         "expected runtime on this machine ": "12.088746006435782",
         "actual runtime on this machine ": "11.78125",
         "expected memory usage ": 51970717.712725334,
         "actual memory usage": 50000000
      },
      {
         "name": "\"merged_rep_macs2_00000045\"",
         "machine": 8,
         "start": 594.25,
         "finish": 606.03125,
         "expected runtime on this machine ": "10.937889277218467",
         "actual runtime on this machine ": "11.78125",
         "expected memory usage ": 56603172.76178292,
         "actual memory usage": 50000000
      },
      {
         "name": "\"merged_rep_macs2_annotate_00000057\"",
         "machine": 8,
         "start": 1094.25,
         "finish": 1106.03125,
         "expected runtime on this machine ": "12.88085960676855",
         "actual runtime on this machine ": "11.78125",
         "expected memory usage ": 57497948.16902276,
         "actual memory usage": 50000000
      },
      {
         "name": "\"merged_rep_macs2_qc_00000059\"",
         "machine": 8,
         "start": 1129.59375,
         "finish": 1141.375,
         "expected runtime on this machine ": "11.69720480959788",
         "actual runtime on this machine ": "11.78125",
         "expected memory usage ": 53937310.37114075,
         "actual memory usage": 50000000
      },
      {
         "name": "\"merged_rep_consensus_00000062\"",
         "machine": 8,
         "start": 606.03125,
         "finish": 617.8125,
         "expected runtime on this machine ": "10.547859992319276",
         "actual runtime on this machine ": "11.78125",
         "expected memory usage ": 45975769.49201587,
         "actual memory usage": 50000000
      },
      {
         "name": "\"merged_lib_ataqv_mkarv_00000046\"",
         "machine": 8,
         "start": 1223.84375,
         "finish": 1235.625,
         "expected runtime on this machine ": "11.346197833719787",
         "actual runtime on this machine ": "11.78125",
         "expected memory usage ": 48676296.90370144,
         "actual memory usage": 50000000
      },
      {
         "name": "\"fastqc_00000047\"",
         "machine": 34,
         "start": 1023.5625,
         "finish": 1035.34375,
         "expected runtime on this machine ": "10.117827317390304",
         "actual runtime on this machine ": "11.78125",
         "expected memory usage ": 49426915.65751929,
         "actual memory usage": 50000000
      },
      {
         "name": "\"merged_rep_consensus_counts_00000048\"",
         "machine": 8,
         "start": 629.59375,
         "finish": 641.375,
         "expected runtime on this machine ": "11.512949496920749",
         "actual runtime on this machine ": "11.78125",
         "expected memory usage ": 52040734.562515646,
         "actual memory usage": 50000000
      },
      {
         "name": "\"merged_rep_consensus_deseq2_00000070\"",
         "machine": 8,
         "start": 1117.8125,
         "finish": 1129.59375,
         "expected runtime on this machine ": "11.63436116161534",
         "actual runtime on this machine ": "11.78125",
         "expected memory usage ": 49982517.41372248,
         "actual memory usage": 50000000
      },
      {
         "name": "\"merged_lib_bam_filter_00000049\"",
         "machine": 8,
         "start": 547.125,
         "finish": 558.90625,
         "expected runtime on this machine ": "8.505001101757527",
         "actual runtime on this machine ": "11.78125",
         "expected memory usage ": 42900622.94875806,
         "actual memory usage": 50000000
      },
      {
         "name": "\"merged_lib_bam_remove_orphan_00000078\"",
         "machine": 8,
         "start": 558.90625,
         "finish": 570.6875,
         "expected runtime on this machine ": "12.225934731338196",
         "actual runtime on this machine ": "11.78125",
         "expected memory usage ": 42557503.554515235,
         "actual memory usage": 50000000
      },
      {
         "name": "\"merged_lib_consensus_counts_00000050\"",
         "machine": 8,
         "start": 641.375,
         "finish": 653.15625,
         "expected runtime on this machine ": "10.78950333186733",
         "actual runtime on this machine ": "11.78125",
         "expected memory usage ": 48225483.72386999,
         "actual memory usage": 50000000
      },
      {
         "name": "\"merged_lib_macs2_00000051\"",
         "machine": 8,
         "start": 582.46875,
         "finish": 594.25,
         "expected runtime on this machine ": "14.276774726974487",
         "actual runtime on this machine ": "11.78125",
         "expected memory usage ": 56265402.84067072,
         "actual memory usage": 50000000
      },
      {
         "name": "\"merged_lib_ataqv_00000060\"",
         "machine": 8,
         "start": 750.0,
         "finish": 761.78125,
         "expected runtime on this machine ": "11.817301340543045",
         "actual runtime on this machine ": "11.78125",
         "expected memory usage ": 53387711.12710975,
         "actual memory usage": 50000000
      },
      {
         "name": "\"merged_lib_consensus_00000063\"",
         "machine": 8,
         "start": 617.8125,
         "finish": 629.59375,
         "expected runtime on this machine ": "13.906772972814315",
         "actual runtime on this machine ": "11.78125",
         "expected memory usage ": 47195921.65328308,
         "actual memory usage": 50000000
      },
      {
         "name": "\"merged_lib_macs2_annotate_00000071\"",
         "machine": 8,
         "start": 1082.46875,
         "finish": 1094.25,
         "expected runtime on this machine ": "13.034037838388986",
         "actual runtime on this machine ": "11.78125",
         "expected memory usage ": 54535052.09540542,
         "actual memory usage": 50000000
      },
      {
         "name": "\"merged_lib_macs2_qc_00000073\"",
         "machine": 8,
         "start": 1188.5,
         "finish": 1200.28125,
         "expected runtime on this machine ": "11.987481422004807",
         "actual runtime on this machine ": "11.78125",
         "expected memory usage ": 54985619.12738587,
         "actual memory usage": 50000000
      },
      {
         "name": "\"merged_lib_consensus_annotate_00000052\"",
         "machine": 8,
         "start": 1266.375,
         "finish": 1278.15625,
         "expected runtime on this machine ": "12.464281252298326",
         "actual runtime on this machine ": "11.78125",
         "expected memory usage ": 54286790.289480105,
         "actual memory usage": 50000000
      },
      {
         "name": "\"make_genome_filter_00000053\"",
         "machine": 34,
         "start": 0.0,
         "finish": 11.78125,
         "expected runtime on this machine ": "10.79206002388396",
         "actual runtime on this machine ": "11.78125",
         "expected memory usage ": 49027296.00423654,
         "actual memory usage": 50000000
      },
      {
         "name": "\"merged_rep_bigwig_00000061\"",
         "machine": 11,
         "start": 1082.46875,
         "finish": 1094.25,
         "expected runtime on this machine ": "14.862853988426643",
         "actual runtime on this machine ": "11.78125",
         "expected memory usage ": 48266184.91841744,
         "actual memory usage": 50000000
      },
      {
         "name": "\"merged_rep_bam_00000055\"",
         "machine": 8,
         "start": 570.6875,
         "finish": 582.46875,
         "expected runtime on this machine ": "12.124407630916037",
         "actual runtime on this machine ": "11.78125",
         "expected memory usage ": 46084175.20922012,
         "actual memory usage": 50000000
      },
      {
         "name": "\"output_documentation_00000056\"",
         "machine": 28,
         "start": 0.0,
         "finish": 47.125,
         "expected runtime on this machine ": "38.40098877770755",
         "actual runtime on this machine ": "47.125",
         "expected memory usage ": 59580210.92046864,
         "actual memory usage": 50000000
      },
      {
         "name": "\"bwa_mem_00000058\"",
         "machine": 8,
         "start": 511.78125,
         "finish": 523.5625,
         "expected runtime on this machine ": "12.530793799579723",
         "actual runtime on this machine ": "11.78125",
         "expected memory usage ": 60077051.59015264,
         "actual memory usage": 50000000
      },
      {
         "name": "\"sort_bam_00000064\"",
         "machine": 8,
         "start": 523.5625,
         "finish": 535.34375,
         "expected runtime on this machine ": "12.525305099058517",
         "actual runtime on this machine ": "11.78125",
         "expected memory usage ": 59446911.983406484,
         "actual memory usage": 50000000
      },
      {
         "name": "\"merged_lib_bam_00000068\"",
         "machine": 8,
         "start": 535.34375,
         "finish": 547.125,
         "expected runtime on this machine ": "13.526161577936877",
         "actual runtime on this machine ": "11.78125",
         "expected memory usage ": 51636657.64031143,
         "actual memory usage": 50000000
      },
      {
         "name": "\"merged_lib_picard_metrics_00000066\"",
         "machine": 8,
         "start": 1176.71875,
         "finish": 1188.5,
         "expected runtime on this machine ": "11.06801106720354",
         "actual runtime on this machine ": "11.78125",
         "expected memory usage ": 56718370.32212862,
         "actual memory usage": 50000000
      },
      {
         "name": "\"merged_lib_plotfingerprint_00000067\"",
         "machine": 8,
         "start": 1164.9375,
         "finish": 1176.71875,
         "expected runtime on this machine ": "11.595353836700127",
         "actual runtime on this machine ": "11.78125",
         "expected memory usage ": 53747927.85093746,
         "actual memory usage": 50000000
      },
      {
         "name": "\"bwa_index_00000069\"",
         "machine": 31,
         "start": 0.0,
         "finish": 11.78125,
         "expected runtime on this machine ": "9.786540731027351",
         "actual runtime on this machine ": "11.78125",
         "expected memory usage ": 44420296.503698036,
         "actual memory usage": 50000000
      },
      {
         "name": "\"trimgalore_00000072\"",
         "machine": 8,
         "start": 11.78125,
         "finish": 23.5625,
         "expected runtime on this machine ": "13.283720586837806",
         "actual runtime on this machine ": "11.78125",
         "expected memory usage ": 45274082.24708054,
         "actual memory usage": 50000000
      },
      {
         "name": "\"make_tss_bed_00000074\"",
         "machine": 33,
         "start": 23.5625,
         "finish": 35.34375,
         "expected runtime on this machine ": "10.857585997228323",
         "actual runtime on this machine ": "11.78125",
         "expected memory usage ": 39956971.55178131,
         "actual memory usage": 50000000
      },
      {
         "name": "\"check_design_00000075\"",
         "machine": 8,
         "start": 0.0,
         "finish": 11.78125,
         "expected runtime on this machine ": "13.734142160368163",
         "actual runtime on this machine ": "11.78125",
         "expected memory usage ": 46276820.155926,
         "actual memory usage": 50000000
      },
      {
         "name": "\"get_software_versions_00000076\"",
         "machine": 22,
         "start": 0.0,
         "finish": 31.416666666666668,
         "expected runtime on this machine ": "30.54819719609627",
         "actual runtime on this machine ": "31.416666666666668",
         "expected memory usage ": 53994595.68979963,
         "actual memory usage": 50000000
      },
      {
         "name": "\"make_gene_bed_00000077\"",
         "machine": 33,
         "start": 11.78125,
         "finish": 23.5625,
         "expected runtime on this machine ": "13.306878696138192",
         "actual runtime on this machine ": "11.78125",
         "expected memory usage ": 46830396.3191499,
         "actual memory usage": 50000000
      },
      {
         "name": "\"merged_lib_consensus_deseq2_00000079\"",
         "machine": 9,
         "start": 1094.25,
         "finish": 1106.03125,
         "expected runtime on this machine ": "13.467632267626232",
         "actual runtime on this machine ": "11.78125",
         "expected memory usage ": 53064950.87709585,
         "actual memory usage": 50000000
      },
      {
         "name": "\"igv_00000082\"",
         "machine": 9,
         "start": 1235.625,
         "finish": 1247.40625,
         "expected runtime on this machine ": "12.802347050890763",
         "actual runtime on this machine ": "11.78125",
         "expected memory usage ": 40990646.614374585,
         "actual memory usage": 50000000
      },
      {
         "name": "\"multiqc_00000104\"",
         "machine": 9,
         "start": 1223.84375,
         "finish": 1235.625,
         "expected runtime on this machine ": "10.295363430319064",
         "actual runtime on this machine ": "11.78125",
         "expected memory usage ": 53923543.354898185,
         "actual memory usage": 50000000
      },
      {
         "name": "\"merged_lib_preseq_00000080\"",
         "machine": 9,
         "start": 1176.71875,
         "finish": 1188.5,
         "expected runtime on this machine ": "12.936119767807673",
         "actual runtime on this machine ": "11.78125",
         "expected memory usage ": 47821392.42835129,
         "actual memory usage": 50000000
      },
      {
         "name": "\"merged_lib_bigwig_00000081\"",
         "machine": 8,
         "start": 1070.6875,
         "finish": 1082.46875,
         "expected runtime on this machine ": "9.13541958811411",
         "actual runtime on this machine ": "11.78125",
         "expected memory usage ": 43395309.78327529,
         "actual memory usage": 50000000
      },
      {
         "name": "\"merged_lib_plotprofile_00000093\"",
         "machine": 8,
         "start": 1153.15625,
         "finish": 1164.9375,
         "expected runtime on this machine ": "13.120333069728847",
         "actual runtime on this machine ": "11.78125",
         "expected memory usage ": 51866560.46723621,
         "actual memory usage": 50000000
      },
      {
         "name": "\"merged_rep_consensus_annotate_00000083\"",
         "machine": 9,
         "start": 1188.5,
         "finish": 1200.28125,
         "expected runtime on this machine ": "12.462366956686381",
         "actual runtime on this machine ": "11.78125",
         "expected memory usage ": 58991881.75319065,
         "actual memory usage": 50000000
      },
      {
         "name": "\"merged_rep_macs2_00000084\"",
         "machine": 9,
         "start": 582.46875,
         "finish": 594.25,
         "expected runtime on this machine ": "13.293666117355784",
         "actual runtime on this machine ": "11.78125",
         "expected memory usage ": 44413919.40037637,
         "actual memory usage": 50000000
      },
      {
         "name": "\"merged_rep_macs2_annotate_00000096\"",
         "machine": 9,
         "start": 761.78125,
         "finish": 773.5625,
         "expected runtime on this machine ": "13.403388783336318",
         "actual runtime on this machine ": "11.78125",
         "expected memory usage ": 64118626.28047022,
         "actual memory usage": 50000000
      },
      {
         "name": "\"merged_rep_macs2_qc_00000098\"",
         "machine": 9,
         "start": 1164.9375,
         "finish": 1176.71875,
         "expected runtime on this machine ": "11.48218654197233",
         "actual runtime on this machine ": "11.78125",
         "expected memory usage ": 45896509.249879554,
         "actual memory usage": 50000000
      },
      {
         "name": "\"merged_rep_consensus_00000101\"",
         "machine": 9,
         "start": 606.03125,
         "finish": 617.8125,
         "expected runtime on this machine ": "10.328412359600318",
         "actual runtime on this machine ": "11.78125",
         "expected memory usage ": 47097526.46285359,
         "actual memory usage": 50000000
      },
      {
         "name": "\"merged_lib_ataqv_mkarv_00000085\"",
         "machine": 9,
         "start": 1200.28125,
         "finish": 1212.0625,
         "expected runtime on this machine ": "12.24403346323253",
         "actual runtime on this machine ": "11.78125",
         "expected memory usage ": 65238099.27933914,
         "actual memory usage": 50000000
      },
      {
         "name": "\"fastqc_00000086\"",
         "machine": 35,
         "start": 1023.5625,
         "finish": 1035.34375,
         "expected runtime on this machine ": "11.903611792468357",
         "actual runtime on this machine ": "11.78125",
         "expected memory usage ": 53676795.27881841,
         "actual memory usage": 50000000
      },
      {
         "name": "\"merged_rep_consensus_counts_00000087\"",
         "machine": 9,
         "start": 641.375,
         "finish": 653.15625,
         "expected runtime on this machine ": "12.794530698822268",
         "actual runtime on this machine ": "11.78125",
         "expected memory usage ": 41936289.07690557,
         "actual memory usage": 50000000
      },
      {
         "name": "\"merged_rep_consensus_deseq2_00000109\"",
         "machine": 9,
         "start": 1106.03125,
         "finish": 1117.8125,
         "expected runtime on this machine ": "10.187147974685086",
         "actual runtime on this machine ": "11.78125",
         "expected memory usage ": 49805704.34007513,
         "actual memory usage": 50000000
      },
      {
         "name": "\"merged_lib_bam_filter_00000088\"",
         "machine": 9,
         "start": 547.125,
         "finish": 558.90625,
         "expected runtime on this machine ": "11.82020291060732",
         "actual runtime on this machine ": "11.78125",
         "expected memory usage ": 47792985.61099039,
         "actual memory usage": 50000000
      },
      {
         "name": "\"merged_lib_bam_remove_orphan_00000117\"",
         "machine": 9,
         "start": 558.90625,
         "finish": 570.6875,
         "expected runtime on this machine ": "13.781482099964443",
         "actual runtime on this machine ": "11.78125",
         "expected memory usage ": 41635093.10714102,
         "actual memory usage": 50000000
      },
      {
         "name": "\"merged_lib_consensus_counts_00000089\"",
         "machine": 9,
         "start": 629.59375,
         "finish": 641.375,
         "expected runtime on this machine ": "12.063420663637567",
         "actual runtime on this machine ": "11.78125",
         "expected memory usage ": 51752174.06037416,
         "actual memory usage": 50000000
      },
      {
         "name": "\"merged_lib_macs2_00000090\"",
         "machine": 9,
         "start": 594.25,
         "finish": 606.03125,
         "expected runtime on this machine ": "14.114164727139634",
         "actual runtime on this machine ": "11.78125",
         "expected memory usage ": 44713570.36315983,
         "actual memory usage": 50000000
      },
      {
         "name": "\"merged_lib_ataqv_00000099\"",
         "machine": 9,
         "start": 750.0,
         "finish": 761.78125,
         "expected runtime on this machine ": "12.428583957424168",
         "actual runtime on this machine ": "11.78125",
         "expected memory usage ": 46786856.79033672,
         "actual memory usage": 50000000
      },
      {
         "name": "\"merged_lib_consensus_00000102\"",
         "machine": 9,
         "start": 617.8125,
         "finish": 629.59375,
         "expected runtime on this machine ": "10.096039323278063",
         "actual runtime on this machine ": "11.78125",
         "expected memory usage ": 54565534.57239714,
         "actual memory usage": 50000000
      },
      {
         "name": "\"merged_lib_macs2_annotate_00000110\"",
         "machine": 9,
         "start": 1082.46875,
         "finish": 1094.25,
         "expected runtime on this machine ": "11.552958420968842",
         "actual runtime on this machine ": "11.78125",
         "expected memory usage ": 51577636.44876886,
         "actual memory usage": 50000000
      },
      {
         "name": "\"merged_lib_macs2_qc_00000112\"",
         "machine": 9,
         "start": 1117.8125,
         "finish": 1129.59375,
         "expected runtime on this machine ": "12.033422607782414",
         "actual runtime on this machine ": "11.78125",
         "expected memory usage ": 50065506.83747348,
         "actual memory usage": 50000000
      },
      {
         "name": "\"merged_lib_consensus_annotate_00000091\"",
         "machine": 9,
         "start": 1212.0625,
         "finish": 1223.84375,
         "expected runtime on this machine ": "12.489030720125367",
         "actual runtime on this machine ": "11.78125",
         "expected memory usage ": 53172661.876345724,
         "actual memory usage": 50000000
      },
      {
         "name": "\"make_genome_filter_00000092\"",
         "machine": 11,
         "start": 11.78125,
         "finish": 23.5625,
         "expected runtime on this machine ": "12.815130859195747",
         "actual runtime on this machine ": "11.78125",
         "expected memory usage ": 55348949.56986286,
         "actual memory usage": 50000000
      },
      {
         "name": "\"merged_rep_bigwig_00000100\"",
         "machine": 32,
         "start": 1082.46875,
         "finish": 1094.25,
         "expected runtime on this machine ": "13.401294172387571",
         "actual runtime on this machine ": "11.78125",
         "expected memory usage ": 47681580.15201086,
         "actual memory usage": 50000000
      },
      {
         "name": "\"merged_rep_bam_00000094\"",
         "machine": 9,
         "start": 570.6875,
         "finish": 582.46875,
         "expected runtime on this machine ": "12.234015987940133",
         "actual runtime on this machine ": "11.78125",
         "expected memory usage ": 48632844.69915741,
         "actual memory usage": 50000000
      },
      {
         "name": "\"output_documentation_00000095\"",
         "machine": 26,
         "start": 0.0,
         "finish": 47.125,
         "expected runtime on this machine ": "47.92943605031365",
         "actual runtime on this machine ": "47.125",
         "expected memory usage ": 52417794.52588479,
         "actual memory usage": 50000000
      },
      {
         "name": "\"bwa_mem_00000097\"",
         "machine": 9,
         "start": 511.78125,
         "finish": 523.5625,
         "expected runtime on this machine ": "10.723476551547181",
         "actual runtime on this machine ": "11.78125",
         "expected memory usage ": 41292820.140401185,
         "actual memory usage": 50000000
      },
      {
         "name": "\"sort_bam_00000103\"",
         "machine": 9,
         "start": 523.5625,
         "finish": 535.34375,
         "expected runtime on this machine ": "12.072256607845953",
         "actual runtime on this machine ": "11.78125",
         "expected memory usage ": 49854243.02249875,
         "actual memory usage": 50000000
      },
      {
         "name": "\"merged_lib_bam_00000107\"",
         "machine": 9,
         "start": 535.34375,
         "finish": 547.125,
         "expected runtime on this machine ": "9.758392800442946",
         "actual runtime on this machine ": "11.78125",
         "expected memory usage ": 42377344.74986642,
         "actual memory usage": 50000000
      },
      {
         "name": "\"merged_lib_picard_metrics_00000105\"",
         "machine": 9,
         "start": 1141.375,
         "finish": 1153.15625,
         "expected runtime on this machine ": "9.50583321044324",
         "actual runtime on this machine ": "11.78125",
         "expected memory usage ": 43760132.32977784,
         "actual memory usage": 50000000
      },
      {
         "name": "\"merged_lib_plotfingerprint_00000106\"",
         "machine": 9,
         "start": 1153.15625,
         "finish": 1164.9375,
         "expected runtime on this machine ": "12.982088428712768",
         "actual runtime on this machine ": "11.78125",
         "expected memory usage ": 51347896.26625948,
         "actual memory usage": 50000000
      },
      {
         "name": "\"bwa_index_00000108\"",
         "machine": 32,
         "start": 0.0,
         "finish": 11.78125,
         "expected runtime on this machine ": "14.467256562450007",
         "actual runtime on this machine ": "11.78125",
         "expected memory usage ": 45305791.84193859,
         "actual memory usage": 50000000
      },
      {
         "name": "\"trimgalore_00000111\"",
         "machine": 9,
         "start": 11.78125,
         "finish": 23.5625,
         "expected runtime on this machine ": "10.734776756175776",
         "actual runtime on this machine ": "11.78125",
         "expected memory usage ": 45185363.33056721,
         "actual memory usage": 50000000
      },
      {
         "name": "\"make_tss_bed_00000113\"",
         "machine": 32,
         "start": 23.5625,
         "finish": 35.34375,
         "expected runtime on this machine ": "12.820371172684025",
         "actual runtime on this machine ": "11.78125",
         "expected memory usage ": 48833300.916253895,
         "actual memory usage": 50000000
      },
      {
         "name": "\"check_design_00000114\"",
         "machine": 9,
         "start": 0.0,
         "finish": 11.78125,
         "expected runtime on this machine ": "10.393223378447809",
         "actual runtime on this machine ": "11.78125",
         "expected memory usage ": 50235782.54183196,
         "actual memory usage": 50000000
      },
      {
         "name": "\"get_software_versions_00000115\"",
         "machine": 21,
         "start": 0.0,
         "finish": 31.416666666666668,
         "expected runtime on this machine ": "33.64957151048595",
         "actual runtime on this machine ": "31.416666666666668",
         "expected memory usage ": 53953370.84936303,
         "actual memory usage": 50000000
      },
      {
         "name": "\"make_gene_bed_00000116\"",
         "machine": 32,
         "start": 11.78125,
         "finish": 23.5625,
         "expected runtime on this machine ": "12.561498981468382",
         "actual runtime on this machine ": "11.78125",
         "expected memory usage ": 44313889.1559334,
         "actual memory usage": 50000000
      },
      {
         "name": "\"merged_lib_consensus_deseq2_00000118\"",
         "machine": 7,
         "start": 1117.8125,
         "finish": 1129.59375,
         "expected runtime on this machine ": "13.147874323363776",
         "actual runtime on this machine ": "11.78125",
         "expected memory usage ": 50954136.50811103,
         "actual memory usage": 50000000
      },
      {
         "name": "\"igv_00000121\"",
         "machine": 7,
         "start": 1219.25,
         "finish": 1231.03125,
         "expected runtime on this machine ": "13.549869782743091",
         "actual runtime on this machine ": "11.78125",
         "expected memory usage ": 38869604.656123936,
         "actual memory usage": 50000000
      },
      {
         "name": "\"multiqc_00000143\"",
         "machine": 6,
         "start": 1252.9128289473683,
         "finish": 1264.6940789473683,
         "expected runtime on this machine ": "10.02236309225876",
         "actual runtime on this machine ": "11.78125",
         "expected memory usage ": 51386725.86720861,
         "actual memory usage": 50000000
      },
      {
         "name": "\"merged_lib_preseq_00000119\"",
         "machine": 7,
         "start": 1141.375,
         "finish": 1153.15625,
         "expected runtime on this machine ": "12.400307797793253",
         "actual runtime on this machine ": "11.78125",
         "expected memory usage ": 47339643.232391864,
         "actual memory usage": 50000000
      },
      {
         "name": "\"merged_lib_bigwig_00000120\"",
         "machine": 6,
         "start": 1070.6875,
         "finish": 1082.46875,
         "expected runtime on this machine ": "11.290385971529604",
         "actual runtime on this machine ": "11.78125",
         "expected memory usage ": 54728005.75170724,
         "actual memory usage": 50000000
      },
      {
         "name": "\"merged_lib_plotprofile_00000132\"",
         "machine": 6,
         "start": 1188.5,
         "finish": 1200.28125,
         "expected runtime on this machine ": "11.556263965293732",
         "actual runtime on this machine ": "11.78125",
         "expected memory usage ": 49210220.73752548,
         "actual memory usage": 50000000
      },
      {
         "name": "\"merged_rep_consensus_annotate_00000122\"",
         "machine": 7,
         "start": 1264.6940789473683,
         "finish": 1276.4753289473683,
         "expected runtime on this machine ": "13.518788794770572",
         "actual runtime on this machine ": "11.78125",
         "expected memory usage ": 58223185.252891846,
         "actual memory usage": 50000000
      },
      {
         "name": "\"merged_rep_macs2_00000123\"",
         "machine": 7,
         "start": 594.25,
         "finish": 606.03125,
         "expected runtime on this machine ": "12.791602407017033",
         "actual runtime on this machine ": "11.78125",
         "expected memory usage ": 45670348.35230977,
         "actual memory usage": 50000000
      },
      {
         "name": "\"merged_rep_macs2_annotate_00000135\"",
         "machine": 7,
         "start": 1082.46875,
         "finish": 1094.25,
         "expected runtime on this machine ": "12.121214765572532",
         "actual runtime on this machine ": "11.78125",
         "expected memory usage ": 49387863.68272036,
         "actual memory usage": 50000000
      },
      {
         "name": "\"merged_rep_macs2_qc_00000137\"",
         "machine": 7,
         "start": 1153.15625,
         "finish": 1164.9375,
         "expected runtime on this machine ": "11.338522581715983",
         "actual runtime on this machine ": "11.78125",
         "expected memory usage ": 48646422.330252714,
         "actual memory usage": 50000000
      },
      {
         "name": "\"merged_rep_consensus_00000140\"",
         "machine": 7,
         "start": 606.03125,
         "finish": 617.8125,
         "expected runtime on this machine ": "11.269905582417808",
         "actual runtime on this machine ": "11.78125",
         "expected memory usage ": 48094113.952000186,
         "actual memory usage": 50000000
      },
      {
         "name": "\"merged_lib_ataqv_mkarv_00000124\"",
         "machine": 7,
         "start": 1276.4753289473683,
         "finish": 1288.2565789473683,
         "expected runtime on this machine ": "11.656383345609312",
         "actual runtime on this machine ": "11.78125",
         "expected memory usage ": 49339008.942804314,
         "actual memory usage": 50000000
      },
      {
         "name": "\"fastqc_00000125\"",
         "machine": 18,
         "start": 1011.78125,
         "finish": 1043.1979166666667,
         "expected runtime on this machine ": "29.756767362239387",
         "actual runtime on this machine ": "31.416666666666668",
         "expected memory usage ": 44107836.936249666,
         "actual memory usage": 50000000
      },
      {
         "name": "\"merged_rep_consensus_counts_00000126\"",
         "machine": 7,
         "start": 641.375,
         "finish": 653.15625,
         "expected runtime on this machine ": "12.50184407836426",
         "actual runtime on this machine ": "11.78125",
         "expected memory usage ": 48266506.44757265,
         "actual memory usage": 50000000
      },
      {
         "name": "\"merged_rep_consensus_deseq2_00000148\"",
         "machine": 7,
         "start": 1106.03125,
         "finish": 1117.8125,
         "expected runtime on this machine ": "12.643655882142928",
         "actual runtime on this machine ": "11.78125",
         "expected memory usage ": 50945338.94471779,
         "actual memory usage": 50000000
      },
      {
         "name": "\"merged_lib_bam_filter_00000127\"",
         "machine": 7,
         "start": 547.125,
         "finish": 558.90625,
         "expected runtime on this machine ": "12.275080208188768",
         "actual runtime on this machine ": "11.78125",
         "expected memory usage ": 47961911.441290155,
         "actual memory usage": 50000000
      },
      {
         "name": "\"merged_lib_bam_remove_orphan_00000156\"",
         "machine": 7,
         "start": 558.90625,
         "finish": 570.6875,
         "expected runtime on this machine ": "13.068124184289326",
         "actual runtime on this machine ": "11.78125",
         "expected memory usage ": 49892662.79230332,
         "actual memory usage": 50000000
      },
      {
         "name": "\"merged_lib_consensus_counts_00000128\"",
         "machine": 7,
         "start": 629.59375,
         "finish": 641.375,
         "expected runtime on this machine ": "11.871670590609245",
         "actual runtime on this machine ": "11.78125",
         "expected memory usage ": 48424819.9232404,
         "actual memory usage": 50000000
      },
      {
         "name": "\"merged_lib_macs2_00000129\"",
         "machine": 7,
         "start": 582.46875,
         "finish": 594.25,
         "expected runtime on this machine ": "13.059857405135894",
         "actual runtime on this machine ": "11.78125",
         "expected memory usage ": 53343010.135246776,
         "actual memory usage": 50000000
      },
      {
         "name": "\"merged_lib_ataqv_00000138\"",
         "machine": 7,
         "start": 750.0,
         "finish": 761.78125,
         "expected runtime on this machine ": "11.370304961908587",
         "actual runtime on this machine ": "11.78125",
         "expected memory usage ": 54648024.23250753,
         "actual memory usage": 50000000
      },
      {
         "name": "\"merged_lib_consensus_00000141\"",
         "machine": 7,
         "start": 617.8125,
         "finish": 629.59375,
         "expected runtime on this machine ": "12.231611371834074",
         "actual runtime on this machine ": "11.78125",
         "expected memory usage ": 54848394.81818943,
         "actual memory usage": 50000000
      },
      {
         "name": "\"merged_lib_macs2_annotate_00000149\"",
         "machine": 7,
         "start": 1094.25,
         "finish": 1106.03125,
         "expected runtime on this machine ": "11.818724544740144",
         "actual runtime on this machine ": "11.78125",
         "expected memory usage ": 45597671.25570285,
         "actual memory usage": 50000000
      },
      {
         "name": "\"merged_lib_macs2_qc_00000151\"",
         "machine": 7,
         "start": 1164.9375,
         "finish": 1176.71875,
         "expected runtime on this machine ": "12.48336068821464",
         "actual runtime on this machine ": "11.78125",
         "expected memory usage ": 50973275.140919395,
         "actual memory usage": 50000000
      },
      {
         "name": "\"merged_lib_consensus_annotate_00000130\"",
         "machine": 7,
         "start": 1252.9128289473683,
         "finish": 1264.6940789473683,
         "expected runtime on this machine ": "11.853020647311022",
         "actual runtime on this machine ": "11.78125",
         "expected memory usage ": 44408725.43380317,
         "actual memory usage": 50000000
      },
      {
         "name": "\"make_genome_filter_00000131\"",
         "machine": 35,
         "start": 0.0,
         "finish": 11.78125,
         "expected runtime on this machine ": "13.486075395080022",
         "actual runtime on this machine ": "11.78125",
         "expected memory usage ": 44755400.3244285,
         "actual memory usage": 50000000
      },
      {
         "name": "\"merged_rep_bigwig_00000139\"",
         "machine": 31,
         "start": 1082.46875,
         "finish": 1094.25,
         "expected runtime on this machine ": "13.11570486420944",
         "actual runtime on this machine ": "11.78125",
         "expected memory usage ": 47396783.883940406,
         "actual memory usage": 50000000
      },
      {
         "name": "\"merged_rep_bam_00000133\"",
         "machine": 7,
         "start": 570.6875,
         "finish": 582.46875,
         "expected runtime on this machine ": "11.8352271864352",
         "actual runtime on this machine ": "11.78125",
         "expected memory usage ": 44969302.56545959,
         "actual memory usage": 50000000
      },
      {
         "name": "\"output_documentation_00000134\"",
         "machine": 24,
         "start": 0.0,
         "finish": 47.125,
         "expected runtime on this machine ": "43.195508653432825",
         "actual runtime on this machine ": "47.125",
         "expected memory usage ": 53128734.72909991,
         "actual memory usage": 50000000
      },
      {
         "name": "\"bwa_mem_00000136\"",
         "machine": 7,
         "start": 511.78125,
         "finish": 523.5625,
         "expected runtime on this machine ": "11.562237859426558",
         "actual runtime on this machine ": "11.78125",
         "expected memory usage ": 54993871.05900484,
         "actual memory usage": 50000000
      },
      {
         "name": "\"sort_bam_00000142\"",
         "machine": 7,
         "start": 523.5625,
         "finish": 535.34375,
         "expected runtime on this machine ": "12.40206723111598",
         "actual runtime on this machine ": "11.78125",
         "expected memory usage ": 47783276.10387628,
         "actual memory usage": 50000000
      },
      {
         "name": "\"merged_lib_bam_00000146\"",
         "machine": 7,
         "start": 535.34375,
         "finish": 547.125,
         "expected runtime on this machine ": "11.200909704072998",
         "actual runtime on this machine ": "11.78125",
         "expected memory usage ": 46273348.64298578,
         "actual memory usage": 50000000
      },
      {
         "name": "\"merged_lib_picard_metrics_00000144\"",
         "machine": 7,
         "start": 1176.71875,
         "finish": 1188.5,
         "expected runtime on this machine ": "12.943419345648406",
         "actual runtime on this machine ": "11.78125",
         "expected memory usage ": 44073459.195643246,
         "actual memory usage": 50000000
      },
      {
         "name": "\"merged_lib_plotfingerprint_00000145\"",
         "machine": 7,
         "start": 1188.5,
         "finish": 1200.28125,
         "expected runtime on this machine ": "10.189368884152602",
         "actual runtime on this machine ": "11.78125",
         "expected memory usage ": 50629277.9990634,
         "actual memory usage": 50000000
      },
      {
         "name": "\"bwa_index_00000147\"",
         "machine": 30,
         "start": 0.0,
         "finish": 11.78125,
         "expected runtime on this machine ": "11.205969406902927",
         "actual runtime on this machine ": "11.78125",
         "expected memory usage ": 48367842.8629509,
         "actual memory usage": 50000000
      },
      {
         "name": "\"trimgalore_00000150\"",
         "machine": 7,
         "start": 11.78125,
         "finish": 23.5625,
         "expected runtime on this machine ": "11.775475497527818",
         "actual runtime on this machine ": "11.78125",
         "expected memory usage ": 45092118.9315174,
         "actual memory usage": 50000000
      },
      {
         "name": "\"make_tss_bed_00000152\"",
         "machine": 35,
         "start": 23.5625,
         "finish": 35.34375,
         "expected runtime on this machine ": "11.757424308304971",
         "actual runtime on this machine ": "11.78125",
         "expected memory usage ": 58209072.86845422,
         "actual memory usage": 50000000
      },
      {
         "name": "\"check_design_00000153\"",
         "machine": 7,
         "start": 0.0,
         "finish": 11.78125,
         "expected runtime on this machine ": "10.726110963891278",
         "actual runtime on this machine ": "11.78125",
         "expected memory usage ": 55931661.46334307,
         "actual memory usage": 50000000
      },
      {
         "name": "\"get_software_versions_00000154\"",
         "machine": 23,
         "start": 0.0,
         "finish": 31.416666666666668,
         "expected runtime on this machine ": "35.991480103481685",
         "actual runtime on this machine ": "31.416666666666668",
         "expected memory usage ": 48326795.02668703,
         "actual memory usage": 50000000
      },
      {
         "name": "\"make_gene_bed_00000155\"",
         "machine": 35,
         "start": 11.78125,
         "finish": 23.5625,
         "expected runtime on this machine ": "12.010187332932047",
         "actual runtime on this machine ": "11.78125",
         "expected memory usage ": 46817683.472631365,
         "actual memory usage": 50000000
      },
      {
         "name": "\"merged_lib_consensus_deseq2_00000157\"",
         "machine": 10,
         "start": 1082.46875,
         "finish": 1094.25,
         "expected runtime on this machine ": "10.977399078777205",
         "actual runtime on this machine ": "11.78125",
         "expected memory usage ": 48910255.69128883,
         "actual memory usage": 50000000
      },
      {
         "name": "\"igv_00000160\"",
         "machine": 10,
         "start": 1219.25,
         "finish": 1231.03125,
         "expected runtime on this machine ": "11.183397842367002",
         "actual runtime on this machine ": "11.78125",
         "expected memory usage ": 45266566.22210063,
         "actual memory usage": 50000000
      },
      {
         "name": "\"multiqc_00000182\"",
         "machine": 11,
         "start": 1229.3503289473683,
         "finish": 1241.1315789473683,
         "expected runtime on this machine ": "12.645364261044222",
         "actual runtime on this machine ": "11.78125",
         "expected memory usage ": 45653797.16669859,
         "actual memory usage": 50000000
      },
      {
         "name": "\"merged_lib_preseq_00000158\"",
         "machine": 10,
         "start": 1141.375,
         "finish": 1153.15625,
         "expected runtime on this machine ": "14.764477956459286",
         "actual runtime on this machine ": "11.78125",
         "expected memory usage ": 58858567.00764541,
         "actual memory usage": 50000000
      },
      {
         "name": "\"merged_lib_bigwig_00000159\"",
         "machine": 9,
         "start": 1070.6875,
         "finish": 1082.46875,
         "expected runtime on this machine ": "12.58800836355112",
         "actual runtime on this machine ": "11.78125",
         "expected memory usage ": 50374200.75083525,
         "actual memory usage": 50000000
      },
      {
         "name": "\"merged_lib_plotprofile_00000171\"",
         "machine": 9,
         "start": 1129.59375,
         "finish": 1141.375,
         "expected runtime on this machine ": "13.82127628732589",
         "actual runtime on this machine ": "11.78125",
         "expected memory usage ": 52460747.20595923,
         "actual memory usage": 50000000
      },
      {
         "name": "\"merged_rep_consensus_annotate_00000161\"",
         "machine": 10,
         "start": 1242.8125,
         "finish": 1254.59375,
         "expected runtime on this machine ": "11.751853908271102",
         "actual runtime on this machine ": "11.78125",
         "expected memory usage ": 39121150.965054385,
         "actual memory usage": 50000000
      },
      {
         "name": "\"merged_rep_macs2_00000162\"",
         "machine": 10,
         "start": 594.25,
         "finish": 606.03125,
         "expected runtime on this machine ": "13.056290722206349",
         "actual runtime on this machine ": "11.78125",
         "expected memory usage ": 48136550.74821976,
         "actual memory usage": 50000000
      },
      {
         "name": "\"merged_rep_macs2_annotate_00000174\"",
         "machine": 10,
         "start": 773.5625,
         "finish": 785.34375,
         "expected runtime on this machine ": "11.788330676964094",
         "actual runtime on this machine ": "11.78125",
         "expected memory usage ": 43756709.846256234,
         "actual memory usage": 50000000
      },
      {
         "name": "\"merged_rep_macs2_qc_00000176\"",
         "machine": 10,
         "start": 1164.9375,
         "finish": 1176.71875,
         "expected runtime on this machine ": "12.24086291900859",
         "actual runtime on this machine ": "11.78125",
         "expected memory usage ": 44924176.9564358,
         "actual memory usage": 50000000
      },
      {
         "name": "\"merged_rep_consensus_00000179\"",
         "machine": 10,
         "start": 617.8125,
         "finish": 629.59375,
         "expected runtime on this machine ": "11.198973299612192",
         "actual runtime on this machine ": "11.78125",
         "expected memory usage ": 45690552.08670593,
         "actual memory usage": 50000000
      },
      {
         "name": "\"merged_lib_ataqv_mkarv_00000163\"",
         "machine": 10,
         "start": 1231.03125,
         "finish": 1242.8125,
         "expected runtime on this machine ": "11.445644536314866",
         "actual runtime on this machine ": "11.78125",
         "expected memory usage ": 50662812.598676376,
         "actual memory usage": 50000000
      },
      {
         "name": "\"fastqc_00000164\"",
         "machine": 35,
         "start": 1011.78125,
         "finish": 1023.5625,
         "expected runtime on this machine ": "11.603552727295414",
         "actual runtime on this machine ": "11.78125",
         "expected memory usage ": 42849118.11933358,
         "actual memory usage": 50000000
      },
      {
         "name": "\"merged_rep_consensus_counts_00000165\"",
         "machine": 10,
         "start": 641.375,
         "finish": 653.15625,
         "expected runtime on this machine ": "13.056171536638093",
         "actual runtime on this machine ": "11.78125",
         "expected memory usage ": 52805321.877797805,
         "actual memory usage": 50000000
      },
      {
         "name": "\"merged_rep_consensus_deseq2_00000187\"",
         "machine": 10,
         "start": 1094.25,
         "finish": 1106.03125,
         "expected runtime on this machine ": "14.85600793429617",
         "actual runtime on this machine ": "11.78125",
         "expected memory usage ": 46605497.904950745,
         "actual memory usage": 50000000
      },
      {
         "name": "\"merged_lib_bam_filter_00000166\"",
         "machine": 10,
         "start": 547.125,
         "finish": 558.90625,
         "expected runtime on this machine ": "12.47961377044913",
         "actual runtime on this machine ": "11.78125",
         "expected memory usage ": 47952660.244456805,
         "actual memory usage": 50000000
      },
      {
         "name": "\"merged_lib_bam_remove_orphan_00000195\"",
         "machine": 10,
         "start": 558.90625,
         "finish": 570.6875,
         "expected runtime on this machine ": "12.210774865528816",
         "actual runtime on this machine ": "11.78125",
         "expected memory usage ": 57043283.86649013,
         "actual memory usage": 50000000
      },
      {
         "name": "\"merged_lib_consensus_counts_00000167\"",
         "machine": 10,
         "start": 629.59375,
         "finish": 641.375,
         "expected runtime on this machine ": "9.369602048328224",
         "actual runtime on this machine ": "11.78125",
         "expected memory usage ": 58544184.47015696,
         "actual memory usage": 50000000
      },
      {
         "name": "\"merged_lib_macs2_00000168\"",
         "machine": 10,
         "start": 582.46875,
         "finish": 594.25,
         "expected runtime on this machine ": "11.3880348735379",
         "actual runtime on this machine ": "11.78125",
         "expected memory usage ": 45850827.70615141,
         "actual memory usage": 50000000
      },
      {
         "name": "\"merged_lib_ataqv_00000177\"",
         "machine": 10,
         "start": 750.0,
         "finish": 761.78125,
         "expected runtime on this machine ": "11.06972516836824",
         "actual runtime on this machine ": "11.78125",
         "expected memory usage ": 50136537.60200187,
         "actual memory usage": 50000000
      },
      {
         "name": "\"merged_lib_consensus_00000180\"",
         "machine": 10,
         "start": 606.03125,
         "finish": 617.8125,
         "expected runtime on this machine ": "10.400866880914226",
         "actual runtime on this machine ": "11.78125",
         "expected memory usage ": 37548786.88621023,
         "actual memory usage": 50000000
      },
      {
         "name": "\"merged_lib_macs2_annotate_00000188\"",
         "machine": 10,
         "start": 761.78125,
         "finish": 773.5625,
         "expected runtime on this machine ": "10.892975290487774",
         "actual runtime on this machine ": "11.78125",
         "expected memory usage ": 42553821.83334312,
         "actual memory usage": 50000000
      },
      {
         "name": "\"merged_lib_macs2_qc_00000190\"",
         "machine": 10,
         "start": 1153.15625,
         "finish": 1164.9375,
         "expected runtime on this machine ": "10.489063751949683",
         "actual runtime on this machine ": "11.78125",
         "expected memory usage ": 52577337.87497857,
         "actual memory usage": 50000000
      },
      {
         "name": "\"merged_lib_consensus_annotate_00000169\"",
         "machine": 10,
         "start": 1176.71875,
         "finish": 1188.5,
         "expected runtime on this machine ": "11.325636385075066",
         "actual runtime on this machine ": "11.78125",
         "expected memory usage ": 56879388.40250607,
         "actual memory usage": 50000000
      },
      {
         "name": "\"make_genome_filter_00000170\"",
         "machine": 31,
         "start": 11.78125,
         "finish": 23.5625,
         "expected runtime on this machine ": "10.603242702150567",
         "actual runtime on this machine ": "11.78125",
         "expected memory usage ": 54208974.54648449,
         "actual memory usage": 50000000
      },
      {
         "name": "\"merged_rep_bigwig_00000178\"",
         "machine": 33,
         "start": 1082.46875,
         "finish": 1094.25,
         "expected runtime on this machine ": "11.608233232622162",
         "actual runtime on this machine ": "11.78125",
         "expected memory usage ": 49149842.054898694,
         "actual memory usage": 50000000
      },
      {
         "name": "\"merged_rep_bam_00000172\"",
         "machine": 10,
         "start": 570.6875,
         "finish": 582.46875,
         "expected runtime on this machine ": "11.042294025210554",
         "actual runtime on this machine ": "11.78125",
         "expected memory usage ": 47100429.01792026,
         "actual memory usage": 50000000
      },
      {
         "name": "\"output_documentation_00000173\"",
         "machine": 25,
         "start": 0.0,
         "finish": 47.125,
         "expected runtime on this machine ": "43.5498483085195",
         "actual runtime on this machine ": "47.125",
         "expected memory usage ": 41872130.15734339,
         "actual memory usage": 50000000
      },
      {
         "name": "\"bwa_mem_00000175\"",
         "machine": 10,
         "start": 511.78125,
         "finish": 523.5625,
         "expected runtime on this machine ": "10.943274186274635",
         "actual runtime on this machine ": "11.78125",
         "expected memory usage ": 57302329.327537894,
         "actual memory usage": 50000000
      },
      {
         "name": "\"sort_bam_00000181\"",
         "machine": 10,
         "start": 523.5625,
         "finish": 535.34375,
         "expected runtime on this machine ": "12.539586062985228",
         "actual runtime on this machine ": "11.78125",
         "expected memory usage ": 55457216.35137723,
         "actual memory usage": 50000000
      },
      {
         "name": "\"merged_lib_bam_00000185\"",
         "machine": 10,
         "start": 535.34375,
         "finish": 547.125,
         "expected runtime on this machine ": "11.101236566239887",
         "actual runtime on this machine ": "11.78125",
         "expected memory usage ": 45428645.25579984,
         "actual memory usage": 50000000
      },
      {
         "name": "\"merged_lib_picard_metrics_00000183\"",
         "machine": 10,
         "start": 1129.59375,
         "finish": 1141.375,
         "expected runtime on this machine ": "10.076636098948628",
         "actual runtime on this machine ": "11.78125",
         "expected memory usage ": 49359876.1512288,
         "actual memory usage": 50000000
      },
      {
         "name": "\"merged_lib_plotfingerprint_00000184\"",
         "machine": 10,
         "start": 1117.8125,
         "finish": 1129.59375,
         "expected runtime on this machine ": "12.313846716723495",
         "actual runtime on this machine ": "11.78125",
         "expected memory usage ": 57389630.4524976,
         "actual memory usage": 50000000
      },
      {
         "name": "\"bwa_index_00000186\"",
         "machine": 11,
         "start": 0.0,
         "finish": 11.78125,
         "expected runtime on this machine ": "12.450283689133425",
         "actual runtime on this machine ": "11.78125",
         "expected memory usage ": 48641884.485247105,
         "actual memory usage": 50000000
      },
      {
         "name": "\"trimgalore_00000189\"",
         "machine": 10,
         "start": 11.78125,
         "finish": 23.5625,
         "expected runtime on this machine ": "12.768915897742241",
         "actual runtime on this machine ": "11.78125",
         "expected memory usage ": 51079613.29455051,
         "actual memory usage": 50000000
      },
      {
         "name": "\"make_tss_bed_00000191\"",
         "machine": 34,
         "start": 23.5625,
         "finish": 35.34375,
         "expected runtime on this machine ": "12.987721360829953",
         "actual runtime on this machine ": "11.78125",
         "expected memory usage ": 43349483.637824506,
         "actual memory usage": 50000000
      },
      {
         "name": "\"check_design_00000192\"",
         "machine": 10,
         "start": 0.0,
         "finish": 11.78125,
         "expected runtime on this machine ": "9.01316307301382",
         "actual runtime on this machine ": "11.78125",
         "expected memory usage ": 46270967.995858125,
         "actual memory usage": 50000000
      },
      {
         "name": "\"get_software_versions_00000193\"",
         "machine": 19,
         "start": 0.0,
         "finish": 31.416666666666668,
         "expected runtime on this machine ": "29.19544153746793",
         "actual runtime on this machine ": "31.416666666666668",
         "expected memory usage ": 49632718.61085574,
         "actual memory usage": 50000000
      },
      {
         "name": "\"make_gene_bed_00000194\"",
         "machine": 34,
         "start": 11.78125,
         "finish": 23.5625,
         "expected runtime on this machine ": "10.965142219979189",
         "actual runtime on this machine ": "11.78125",
         "expected memory usage ": 45951401.62228979,
         "actual memory usage": 50000000
      }
   ],
   "failed": []
}