{
   "workflow": "atacseq",
   "makespan": 26073474.701363556,
   "tasks": [
      {
         "name": "check_design",
         "machine": 15,
         "start": 0.0,
         "finish": 11.78125,
         "expected runtime on this machine ": "23.5625",
         "actual runtime on this machine ": "11.78125",
         "expected memory usage ": 53390491.74561895,
         "actual memory usage": 50000000
      },
      {
         "name": "trimgalore",
         "machine": 15,
         "start": 11.78125,
         "finish": 7710787.0,
         "expected runtime on this machine ": "7697423.456560736",
         "actual runtime on this machine ": "7710775.21875",
         "expected memory usage ": 2236893438.0440164,
         "actual memory usage": 2163456048
      },
      {
         "name": "fastqc",
         "machine": 16,
         "start": 880741.52345,
         "finish": 3287835.4922,
         "expected runtime on this machine ": "2473969.57469437",
         "actual runtime on this machine ": "2407093.96875",
         "expected memory usage ": 657953009.7599239,
         "actual memory usage": 675157552
      },
      {
         "name": "bwa_mem",
         "machine": 15,
         "start": 7710787.0,
         "finish": 7710798.78125,
         "expected runtime on this machine ": "12.06491870229828",
         "actual runtime on this machine ": "11.78125",
         "expected memory usage ": 55199035.68741742,
         "actual memory usage": 50000000
      },
      {
         "name": "multiqc",
         "machine": 15,
         "start": 26073462.920113556,
         "finish": 26073474.701363556,
         "expected runtime on this machine ": "9.024604860713849",
         "actual runtime on this machine ": "11.78125",
         "expected memory usage ": 48968769.713437386,
         "actual memory usage": 50000000
      },
      {
         "name": "bwa_index",
         "machine": 4,
         "start": 0.0,
         "finish": 11.78125,
         "expected runtime on this machine ": "10.810577683743576",
         "actual runtime on this machine ": "11.78125",
         "expected memory usage ": 51487938.91979198,
         "actual memory usage": 50000000
      },
      {
         "name": "make_gene_bed",
         "machine": 5,
         "start": 0.0,
         "finish": 11.78125,
         "expected runtime on this machine ": "12.873981886214434",
         "actual runtime on this machine ": "11.78125",
         "expected memory usage ": 50602352.89392424,
         "actual memory usage": 50000000
      },
      {
         "name": "make_tss_bed",
         "machine": 5,
         "start": 11.78125,
         "finish": 23.5625,
         "expected runtime on this machine ": "12.100452886413992",
         "actual runtime on this machine ": "11.78125",
         "expected memory usage ": 53591595.9599,
         "actual memory usage": 50000000
      },
      {
         "name": "merged_lib_plotprofile",
         "machine": 5,
         "start": 17139165.848218706,
         "finish": 17139177.629468706,
         "expected runtime on this machine ": "11.871618403145014",
         "actual runtime on this machine ": "11.78125",
         "expected memory usage ": 49411046.49071464,
         "actual memory usage": 50000000
      },
      {
         "name": "merged_lib_ataqv",
         "machine": 17,
         "start": 17139189.560718708,
         "finish": 17139201.341968708,
         "expected runtime on this machine ": "11.565304552964767",
         "actual runtime on this machine ": "11.78125",
         "expected memory usage ": 55265465.20367153,
         "actual memory usage": 50000000
      },
      {
         "name": "merged_lib_ataqv_mkarv",
         "machine": 17,
         "start": 17139201.341968708,
         "finish": 19224451.873218708,
         "expected runtime on this machine ": "1915483.7636955993",
         "actual runtime on this machine ": "2085250.53125",
         "expected memory usage ": 99123025.68426839,
         "actual memory usage": 88782896
      },
      {
         "name": "make_genome_filter",
         "machine": 3,
         "start": 0.0,
         "finish": 11.78125,
         "expected runtime on this machine ": "11.289381895832177",
         "actual runtime on this machine ": "11.78125",
         "expected memory usage ": 49190966.95538063,
         "actual memory usage": 50000000
      },
      {
         "name": "merged_lib_bam_filter",
         "machine": 15,
         "start": 7823453.204468703,
         "finish": 17139142.235718705,
         "expected runtime on this machine ": "7615428.844019615",
         "actual runtime on this machine ": "9315689.03125",
         "expected memory usage ": 6195915354.516848,
         "actual memory usage": 5593067568
      },
      {
         "name": "merged_lib_bigwig",
         "machine": 5,
         "start": 17139154.066968706,
         "finish": 17139165.848218706,
         "expected runtime on this machine ": "10.310942829069337",
         "actual runtime on this machine ": "11.78125",
         "expected memory usage ": 47330464.45593691,
         "actual memory usage": 50000000
      },
      {
         "name": "merged_rep_bigwig",
         "machine": 3,
         "start": 17139165.948218707,
         "finish": 17139177.729468707,
         "expected runtime on this machine ": "12.209972311269857",
         "actual runtime on this machine ": "11.78125",
         "expected memory usage ": 49791525.805213876,
         "actual memory usage": 50000000
      },
      {
         "name": "sort_bam",
         "machine": 15,
         "start": 7710799.0649187025,
         "finish": 7710810.8461687025,
         "expected runtime on this machine ": "9.882849947982555",
         "actual runtime on this machine ": "11.78125",
         "expected memory usage ": 44724920.76431916,
         "actual memory usage": 50000000
      },
      {
         "name": "merged_lib_bam",
         "machine": 15,
         "start": 7710810.8461687025,
         "finish": 7710822.6274187025,
         "expected runtime on this machine ": "13.018918974714943",
         "actual runtime on this machine ": "11.78125",
         "expected memory usage ": 52814651.40869955,
         "actual memory usage": 50000000
      },
      {
         "name": "merged_lib_preseq",
         "machine": 15,
         "start": 7710822.6274187025,
         "finish": 7710834.4086687025,
         "expected runtime on this machine ": "9.606969157380085",
         "actual runtime on this machine ": "11.78125",
         "expected memory usage ": 51103494.54793875,
         "actual memory usage": 50000000
      },
      {
         "name": "merged_lib_bam_remove_orphan",
         "machine": 15,
         "start": 17139142.235718705,
         "finish": 17139154.016968705,
         "expected runtime on this machine ": "9.3941322761444",
         "actual runtime on this machine ": "11.78125",
         "expected memory usage ": 48478019.21460839,
         "actual memory usage": 50000000
      },
      {
         "name": "merged_lib_picard_metrics",
         "machine": 3,
         "start": 17139154.116968706,
         "finish": 17139165.898218706,
         "expected runtime on this machine ": "13.343267338704479",
         "actual runtime on this machine ": "11.78125",
         "expected memory usage ": 40780938.11268839,
         "actual memory usage": 50000000
      },
      {
         "name": "merged_lib_plotfingerprint",
         "machine": 4,
         "start": 17139154.116968706,
         "finish": 17139165.898218706,
         "expected runtime on this machine ": "11.927876834062332",
         "actual runtime on this machine ": "11.78125",
         "expected memory usage ": 42728702.34398547,
         "actual memory usage": 50000000
      },
      {
         "name": "merged_lib_macs2",
         "machine": 15,
         "start": 17139154.016968705,
         "finish": 17139165.798218705,
         "expected runtime on this machine ": "12.586067989198146",
         "actual runtime on this machine ": "11.78125",
         "expected memory usage ": 56804604.93763468,
         "actual memory usage": 50000000
      },
      {
         "name": "merged_lib_consensus_counts",
         "machine": 3,
         "start": 17139177.82946871,
         "finish": 17139189.61071871,
         "expected runtime on this machine ": "9.113517239360496",
         "actual runtime on this machine ": "11.78125",
         "expected memory usage ": 49012234.43720471,
         "actual memory usage": 50000000
      },
      {
         "name": "merged_rep_bam",
         "machine": 16,
         "start": 17139154.116968706,
         "finish": 17139165.898218706,
         "expected runtime on this machine ": "10.486360101387387",
         "actual runtime on this machine ": "11.78125",
         "expected memory usage ": 53344651.692189015,
         "actual memory usage": 50000000
      },
      {
         "name": "merged_rep_consensus_counts",
         "machine": 4,
         "start": 17139189.560718708,
         "finish": 17139201.341968708,
         "expected runtime on this machine ": "9.972853115809645",
         "actual runtime on this machine ": "11.78125",
         "expected memory usage ": 55434230.12891933,
         "actual memory usage": 50000000
      },
      {
         "name": "igv",
         "machine": 4,
         "start": 17139213.123218708,
         "finish": 17139224.904468708,
         "expected runtime on this machine ": "11.794689846686794",
         "actual runtime on this machine ": "11.78125",
         "expected memory usage ": 54435760.52773614,
         "actual memory usage": 50000000
      },
      {
         "name": "merged_lib_macs2_annotate",
         "machine": 15,
         "start": 17139165.798218705,
         "finish": 21589570.985718705,
         "expected runtime on this machine ": "4364183.4196325205",
         "actual runtime on this machine ": "4450405.1875",
         "expected memory usage ": 773019949.3337545,
         "actual memory usage": 699047984
      },
      {
         "name": "merged_lib_macs2_qc",
         "machine": 15,
         "start": 21589570.985718705,
         "finish": 26039976.173218705,
         "expected runtime on this machine ": "4483891.934394851",
         "actual runtime on this machine ": "4450405.1875",
         "expected memory usage ": 729405758.697088,
         "actual memory usage": 699047984
      },
      {
         "name": "merged_lib_consensus",
         "machine": 17,
         "start": 17139165.998218708,
         "finish": 17139177.779468708,
         "expected runtime on this machine ": "10.981746761722235",
         "actual runtime on this machine ": "11.78125",
         "expected memory usage ": 54873862.88574087,
         "actual memory usage": 50000000
      },
      {
         "name": "merged_lib_consensus_annotate",
         "machine": 17,
         "start": 17139177.779468708,
         "finish": 17139189.560718708,
         "expected runtime on this machine ": "10.23192145616826",
         "actual runtime on this machine ": "11.78125",
         "expected memory usage ": 46880290.14155164,
         "actual memory usage": 50000000
      },
      {
         "name": "merged_lib_consensus_deseq2",
         "machine": 3,
         "start": 17139189.61071871,
         "finish": 17139201.39196871,
         "expected runtime on this machine ": "12.142432915226088",
         "actual runtime on this machine ": "11.78125",
         "expected memory usage ": 51825908.12424842,
         "actual memory usage": 50000000
      },
      {
         "name": "merged_rep_macs2",
         "machine": 16,
         "start": 17139165.898218706,
         "finish": 17139177.679468706,
         "expected runtime on this machine ": "9.896667056330283",
         "actual runtime on this machine ": "11.78125",
         "expected memory usage ": 46351796.93411971,
         "actual memory usage": 50000000
      },
      {
         "name": "merged_rep_macs2_annotate",
         "machine": 16,
         "start": 17139177.679468706,
         "finish": 17139189.460718706,
         "expected runtime on this machine ": "10.919034624416485",
         "actual runtime on this machine ": "11.78125",
         "expected memory usage ": 50298657.23468618,
         "actual memory usage": 50000000
      },
      {
         "name": "merged_rep_macs2_qc",
         "machine": 16,
         "start": 17139189.460718706,
         "finish": 17139201.241968706,
         "expected runtime on this machine ": "14.183473013677785",
         "actual runtime on this machine ": "11.78125",
         "expected memory usage ": 50292257.2982113,
         "actual memory usage": 50000000
      },
      {
         "name": "merged_rep_consensus",
         "machine": 4,
         "start": 17139177.779468708,
         "finish": 17139189.560718708,
         "expected runtime on this machine ": "10.710208913938803",
         "actual runtime on this machine ": "11.78125",
         "expected memory usage ": 50674900.9856562,
         "actual memory usage": 50000000
      },
      {
         "name": "merged_rep_consensus_annotate",
         "machine": 5,
         "start": 17139189.66071871,
         "finish": 17139201.44196871,
         "expected runtime on this machine ": "10.051251667692215",
         "actual runtime on this machine ": "11.78125",
         "expected memory usage ": 46851588.18184013,
         "actual memory usage": 50000000
      },
      {
         "name": "merged_rep_consensus_deseq2",
         "machine": 4,
         "start": 17139201.341968708,
         "finish": 17139213.123218708,
         "expected runtime on this machine ": "11.310779912433226",
         "actual runtime on this machine ": "11.78125",
         "expected memory usage ": 55891622.139458284,
         "actual memory usage": 50000000
      },
      {
         "name": "get_software_versions",
         "machine": 9,
         "start": 0.0,
         "finish": 31.416666666666668,
         "expected runtime on this machine ": "33.76264170559234",
         "actual runtime on this machine ": "31.416666666666668",
         "expected memory usage ": 47489069.60753856,
         "actual memory usage": 50000000
      },
      {
         "name": "output_documentation",
         "machine": 10,
         "start": 0.0,
         "finish": 31.416666666666668,
         "expected runtime on this machine ": "25.931294014123235",
         "actual runtime on this machine ": "31.416666666666668",
         "expected memory usage ": 44344173.19553038,
         "actual memory usage": 50000000
      }
   ],
   "failed": [
      {
         "time": 17139188.011390164,
         "task": "merged_lib_ataqv",
         "machine": 17,
         "reason": "MachineInUseException",
         "occupied by ": "merged_lib_consensus_annotate",
         "expected runtime ": 370.08974569487253,
         "actual runtime ": 377,
         "expected memory usage ": 55265465.20367153,
         "actual memory usage": 50000000
      }
   ]
}