{
   "workflow": "chipseq-workflow_200",
   "makespan": 33210425.10129334,
   "tasks": [
      {
         "name": "check_design_00000001",
         "machine": 17,
         "start": 11.78125,
         "finish": 23.5625,
         "expected runtime on this machine ": "23.5625",
         "actual runtime on this machine ": "11.78125",
         "expected memory usage ": 48925092.67404444,
         "actual memory usage": 50000000
      },
      {
         "name": "trimgalore_00000002",
         "machine": 5,
         "start": 237125.0227,
         "finish": 1713377.5852,
         "expected runtime on this machine ": "1403465.048457987",
         "actual runtime on this machine ": "1476252.5625",
         "expected memory usage ": 1515357517.9751518,
         "actual memory usage": 1365266992
      },
      {
         "name": "fastqc_00000003",
         "machine": 16,
         "start": 30784091.952134863,
         "finish": 31413852.233384863,
         "expected runtime on this machine ": "677798.8536798672",
         "actual runtime on this machine ": "629760.28125",
         "expected memory usage ": 802367058.644014,
         "actual memory usage": 692024368
      },
      {
         "name": "plotfingerprint_00000004",
         "machine": 1,
         "start": 26081084.90290397,
         "finish": 26081179.15290397,
         "expected runtime on this machine ": "104.58009851002052",
         "actual runtime on this machine ": "94.25",
         "expected memory usage ": 51523660.889450766,
         "actual memory usage": 50000000
      },
      {
         "name": "macs2_00000006",
         "machine": 1,
         "start": 26080707.702904146,
         "finish": 26080801.952904146,
         "expected runtime on this machine ": "85.91795838084346",
         "actual runtime on this machine ": "94.25",
         "expected memory usage ": 45070955.5794937,
         "actual memory usage": 50000000
      },
      {
         "name": "consensus_peaks_counts_00000007",
         "machine": 1,
         "start": 26080896.202904146,
         "finish": 26080990.452904146,
         "expected runtime on this machine ": "115.8342948040679",
         "actual runtime on this machine ": "94.25",
         "expected memory usage ": 43145567.51066211,
         "actual memory usage": 50000000
      },
      {
         "name": "bwa_mem_00000009",
         "machine": 16,
         "start": 7009802.358200001,
         "finish": 12070289.20195,
         "expected runtime on this machine ": "5534231.645234861",
         "actual runtime on this machine ": "5060486.84375",
         "expected memory usage ": 5077735222.405824,
         "actual memory usage": 5856992816
      },
      {
         "name": "multiqc_00000010",
         "machine": 16,
         "start": 32712916.977226455,
         "finish": 32712928.758476455,
         "expected runtime on this machine ": "11.839179085406897",
         "actual runtime on this machine ": "11.78125",
         "expected memory usage ": 50988239.90617936,
         "actual memory usage": 50000000
      },
      {
         "name": "merged_bam_filter_00000005",
         "machine": 17,
         "start": 24191084.290404234,
         "finish": 26080707.602904234,
         "expected runtime on this machine ": "1521819.070145829",
         "actual runtime on this machine ": "1889623.3125",
         "expected memory usage ": 39172345.900681034,
         "actual memory usage": 29795376
      },
      {
         "name": "phantompeakqualtools_00000014",
         "machine": 3,
         "start": 29180612.847317774,
         "finish": 31482245.847317774,
         "expected runtime on this machine ": "2364446.35038706",
         "actual runtime on this machine ": "2301633.0",
         "expected memory usage ": 541901916.9344648,
         "actual memory usage": 525769264
      },
      {
         "name": "picard_metrics_00000015",
         "machine": 16,
         "start": 32046122.352226455,
         "finish": 32712916.977226455,
         "expected runtime on this machine ": "569305.4123423615",
         "actual runtime on this machine ": "666794.625",
         "expected memory usage ": 740895896.8935641,
         "actual memory usage": 766293040
      },
      {
         "name": "bigwig_00000021",
         "machine": 17,
         "start": 26080707.602904234,
         "finish": 27514573.977904234,
         "expected runtime on this machine ": "1126702.5969219669",
         "actual runtime on this machine ": "1433866.375",
         "expected memory usage ": 1266418024.6881578,
         "actual memory usage": 1277481520
      },
      {
         "name": "consensus_peaks_00000008",
         "machine": 1,
         "start": 26080801.952904146,
         "finish": 26080896.202904146,
         "expected runtime on this machine ": "96.46273510212336",
         "actual runtime on this machine ": "94.25",
         "expected memory usage ": 47065756.231609285,
         "actual memory usage": 50000000
      },
      {
         "name": "macs2_qc_00000017",
         "machine": 2,
         "start": 26082133.718027424,
         "finish": 26082227.968027424,
         "expected runtime on this machine ": "76.69804987371559",
         "actual runtime on this machine ": "94.25",
         "expected memory usage ": 49353981.730074465,
         "actual memory usage": 50000000
      },
      {
         "name": "igv_00000022",
         "machine": 14,
         "start": 27514574.077904135,
         "finish": 27514621.202904135,
         "expected runtime on this machine ": "43.86524292444577",
         "actual runtime on this machine ": "47.125",
         "expected memory usage ": 48487297.810216404,
         "actual memory usage": 50000000
      },
      {
         "name": "macs2_annotate_00000023",
         "machine": 2,
         "start": 26080802.052904148,
         "finish": 26080896.302904148,
         "expected runtime on this machine ": "82.521092401754",
         "actual runtime on this machine ": "94.25",
         "expected memory usage ": 48245354.825061664,
         "actual memory usage": 50000000
      },
      {
         "name": "consensus_peaks_deseq2_00000018",
         "machine": 1,
         "start": 26081842.698978953,
         "finish": 26081936.948978953,
         "expected runtime on this machine ": "87.6677742322415",
         "actual runtime on this machine ": "94.25",
         "expected memory usage ": 39016540.02002045,
         "actual memory usage": 50000000
      },
      {
         "name": "consensus_peaks_annotate_00000024",
         "machine": 1,
         "start": 26082614.592409402,
         "finish": 26082708.842409402,
         "expected runtime on this machine ": "96.88274582381844",
         "actual runtime on this machine ": "94.25",
         "expected memory usage ": 40266297.86182194,
         "actual memory usage": 50000000
      },
      {
         "name": "sort_bam_00000011",
         "machine": 16,
         "start": 13344878.847184863,
         "finish": 14145723.690934863,
         "expected runtime on this machine ": "802325.1524520464",
         "actual runtime on this machine ": "800844.84375",
         "expected memory usage ": 3338237187.8234406,
         "actual memory usage": 3616047664
      },
      {
         "name": "merged_bam_00000012",
         "machine": 16,
         "start": 19445358.566834863,
         "finish": 22058699.660584863,
         "expected runtime on this machine ": "2360426.5614541164",
         "actual runtime on this machine ": "2613341.09375",
         "expected memory usage ": 5657648960.086965,
         "actual memory usage": 5023374896
      },
      {
         "name": "preseq_00000013",
         "machine": 8,
         "start": 22697070.823410586,
         "finish": 28719667.656743918,
         "expected runtime on this machine ": "5235852.974890374",
         "actual runtime on this machine ": "6022596.833333333",
         "expected memory usage ": 38118115.73757586,
         "actual memory usage": 28217904
      },
      {
         "name": "plotprofile_00000016",
         "machine": 17,
         "start": 27514573.977904234,
         "finish": 31014583.571654234,
         "expected runtime on this machine ": "3364512.702639329",
         "actual runtime on this machine ": "3500009.59375",
         "expected memory usage ": 1199371571.772999,
         "actual memory usage": 1404150320
      },
      {
         "name": "get_software_versions_00000019",
         "machine": 2,
         "start": 26081273.40290397,
         "finish": 26081367.65290397,
         "expected runtime on this machine ": "100.83019309219168",
         "actual runtime on this machine ": "94.25",
         "expected memory usage ": 52740697.05199493,
         "actual memory usage": 50000000
      },
      {
         "name": "make_genome_filter_00000020",
         "machine": 9,
         "start": 31.416666666666668,
         "finish": 62.833333333333336,
         "expected runtime on this machine ": "33.57563275935521",
         "actual runtime on this machine ": "31.416666666666668",
         "expected memory usage ": 53483146.30382889,
         "actual memory usage": 50000000
      },
      {
         "name": "output_documentation_00000025",
         "machine": 2,
         "start": 26082521.092314847,
         "finish": 26082615.342314847,
         "expected runtime on this machine ": "97.84432411815155",
         "actual runtime on this machine ": "94.25",
         "expected memory usage ": 47379603.593827896,
         "actual memory usage": 50000000
      },
      {
         "name": "consensus_peaks_counts_00000026",
         "machine": 2,
         "start": 25839105.75897018,
         "finish": 25839200.00897018,
         "expected runtime on this machine ": "102.44519142976603",
         "actual runtime on this machine ": "94.25",
         "expected memory usage ": 45063249.72422294,
         "actual memory usage": 50000000
      },
      {
         "name": "consensus_peaks_deseq2_00000029",
         "machine": 2,
         "start": 26081850.968027424,
         "finish": 26081945.218027424,
         "expected runtime on this machine ": "84.94135642166471",
         "actual runtime on this machine ": "94.25",
         "expected memory usage ": 46271355.53227783,
         "actual memory usage": 50000000
      },
      {
         "name": "multiqc_00000041",
         "machine": 4,
         "start": 32275905.65674637,
         "finish": 32275917.43799637,
         "expected runtime on this machine ": "12.096502505260311",
         "actual runtime on this machine ": "11.78125",
         "expected memory usage ": 50384022.70859729,
         "actual memory usage": 50000000
      },
      {
         "name": "phantompeakqualtools_00000027",
         "machine": 4,
         "start": 28937757.17999849,
         "finish": 31239390.17999849,
         "expected runtime on this machine ": "2570083.6210430684",
         "actual runtime on this machine ": "2301633.0",
         "expected memory usage ": 468131447.9138179,
         "actual memory usage": 525769264
      },
      {
         "name": "macs2_00000028",
         "machine": 2,
         "start": 25837946.385584775,
         "finish": 25838040.635584775,
         "expected runtime on this machine ": "79.51086399344962",
         "actual runtime on this machine ": "94.25",
         "expected memory usage ": 53098786.256553076,
         "actual memory usage": 50000000
      },
      {
         "name": "macs2_annotate_00000034",
         "machine": 2,
         "start": 25839585.204161607,
         "finish": 25839679.454161607,
         "expected runtime on this machine ": "88.31959641721393",
         "actual runtime on this machine ": "94.25",
         "expected memory usage ": 54806847.21221166,
         "actual memory usage": 50000000
      },
      {
         "name": "macs2_qc_00000035",
         "machine": 1,
         "start": 26081654.198978953,
         "finish": 26081748.448978953,
         "expected runtime on this machine ": "93.2039558339855",
         "actual runtime on this machine ": "94.25",
         "expected memory usage ": 49090714.78312511,
         "actual memory usage": 50000000
      },
      {
         "name": "igv_00000036",
         "machine": 14,
         "start": 27271812.760584764,
         "finish": 27271859.885584764,
         "expected runtime on this machine ": "44.426516633672165",
         "actual runtime on this machine ": "47.125",
         "expected memory usage ": 40164789.05669226,
         "actual memory usage": 50000000
      },
      {
         "name": "consensus_peaks_00000047",
         "machine": 2,
         "start": 25838525.966622923,
         "finish": 25838620.216622923,
         "expected runtime on this machine ": "91.46459586917705",
         "actual runtime on this machine ": "94.25",
         "expected memory usage ": 50700517.41498959,
         "actual memory usage": 50000000
      },
      {
         "name": "trimgalore_00000030",
         "machine": 16,
         "start": 23.5625,
         "finish": 1476276.125,
         "expected runtime on this machine ": "1716128.6456203216",
         "actual runtime on this machine ": "1476252.5625",
         "expected memory usage ": 1344101820.660994,
         "actual memory usage": 1365266992
      },
      {
         "name": "bwa_mem_00000038",
         "machine": 15,
         "start": 3065694.807277251,
         "finish": 8126181.651027251,
         "expected runtime on this machine ": "4993230.612371165",
         "actual runtime on this machine ": "5060486.84375",
         "expected memory usage ": 6267393756.641409,
         "actual memory usage": 5856992816
      },
      {
         "name": "make_genome_filter_00000031",
         "machine": 14,
         "start": 0.0,
         "finish": 47.125,
         "expected runtime on this machine ": "56.64293350141483",
         "actual runtime on this machine ": "47.125",
         "expected memory usage ": 48507876.52996456,
         "actual memory usage": 50000000
      },
      {
         "name": "merged_bam_filter_00000037",
         "machine": 16,
         "start": 23948322.973084863,
         "finish": 25837946.285584863,
         "expected runtime on this machine ": "1704085.1995043089",
         "actual runtime on this machine ": "1889623.3125",
         "expected memory usage ": 28458274.218463935,
         "actual memory usage": 29795376
      },
      {
         "name": "bigwig_00000039",
         "machine": 16,
         "start": 25837946.285584863,
         "finish": 27271812.660584863,
         "expected runtime on this machine ": "1658457.3334780172",
         "actual runtime on this machine ": "1433866.375",
         "expected memory usage ": 1406412969.3735232,
         "actual memory usage": 1277481520
      },
      {
         "name": "preseq_00000032",
         "machine": 1,
         "start": 16832684.34248486,
         "finish": 25866579.59248486,
         "expected runtime on this machine ": "7020809.21751116",
         "actual runtime on this machine ": "9033895.25",
         "expected memory usage ": 32391634.39798338,
         "actual memory usage": 28217904
      },
      {
         "name": "picard_metrics_00000033",
         "machine": 8,
         "start": 28719667.656743918,
         "finish": 32275905.656743918,
         "expected runtime on this machine ": "3376878.893595205",
         "actual runtime on this machine ": "3556238.0",
         "expected memory usage ": 816413570.3796535,
         "actual memory usage": 766293040
      },
      {
         "name": "plotfingerprint_00000050",
         "machine": 2,
         "start": 26082227.968027424,
         "finish": 26082322.218027424,
         "expected runtime on this machine ": "65.95788624337933",
         "actual runtime on this machine ": "94.25",
         "expected memory usage ": 53391626.360820636,
         "actual memory usage": 50000000
      },
      {
         "name": "sort_bam_00000040",
         "machine": 7,
         "start": 8209550.200127251,
         "finish": 12480722.700127251,
         "expected runtime on this machine ": "4029218.499954194",
         "actual runtime on this machine ": "4271172.5",
         "expected memory usage ": 3484771884.2693486,
         "actual memory usage": 3616047664
      },
      {
         "name": "plotprofile_00000044",
         "machine": 5,
         "start": 28706594.13919088,
         "finish": 32206603.73294088,
         "expected runtime on this machine ": "3213016.4264362883",
         "actual runtime on this machine ": "3500009.59375",
         "expected memory usage ": 1458524928.2989113,
         "actual memory usage": 1404150320
      },
      {
         "name": "merged_bam_00000046",
         "machine": 16,
         "start": 14145723.690934863,
         "finish": 16759064.784684863,
         "expected runtime on this machine ": "3053775.4920840105",
         "actual runtime on this machine ": "2613341.09375",
         "expected memory usage ": 5500876874.327749,
         "actual memory usage": 5023374896
      },
      {
         "name": "fastqc_00000042",
         "machine": 16,
         "start": 31413852.233384863,
         "finish": 32043612.514634863,
         "expected runtime on this machine ": "632270.1188415932",
         "actual runtime on this machine ": "629760.28125",
         "expected memory usage ": 698157892.735075,
         "actual memory usage": 692024368
      },
      {
         "name": "consensus_peaks_annotate_00000043",
         "machine": 2,
         "start": 26082902.608001824,
         "finish": 26082996.858001824,
         "expected runtime on this machine ": "88.12017981816702",
         "actual runtime on this machine ": "94.25",
         "expected memory usage ": 57264981.021512754,
         "actual memory usage": 50000000
      },
      {
         "name": "get_software_versions_00000045",
         "machine": 1,
         "start": 26081273.502903882,
         "finish": 26081367.752903882,
         "expected runtime on this machine ": "97.84607506891643",
         "actual runtime on this machine ": "94.25",
         "expected memory usage ": 38830501.416021146,
         "actual memory usage": 50000000
      },
      {
         "name": "output_documentation_00000048",
         "machine": 1,
         "start": 26082899.975155227,
         "finish": 26082994.225155227,
         "expected runtime on this machine ": "88.25961889997764",
         "actual runtime on this machine ": "94.25",
         "expected memory usage ": 48119657.6041013,
         "actual memory usage": 50000000
      },
      {
         "name": "check_design_00000049",
         "machine": 16,
         "start": 0.0,
         "finish": 11.78125,
         "expected runtime on this machine ": "23.5625",
         "actual runtime on this machine ": "11.78125",
         "expected memory usage ": 52810996.380795725,
         "actual memory usage": 50000000
      },
      {
         "name": "consensus_peaks_counts_00000051",
         "machine": 2,
         "start": 25839208.204161607,
         "finish": 25839302.454161607,
         "expected runtime on this machine ": "82.29367626242606",
         "actual runtime on this machine ": "94.25",
         "expected memory usage ": 50704715.654889986,
         "actual memory usage": 50000000
      },
      {
         "name": "consensus_peaks_deseq2_00000054",
         "machine": 2,
         "start": 26081465.59897895,
         "finish": 26081559.84897895,
         "expected runtime on this machine ": "100.43366285169259",
         "actual runtime on this machine ": "94.25",
         "expected memory usage ": 49746533.27987173,
         "actual memory usage": 50000000
      },
      {
         "name": "multiqc_00000066",
         "machine": 4,
         "start": 32522345.475194104,
         "finish": 32522357.256444104,
         "expected runtime on this machine ": "10.623033904555392",
         "actual runtime on this machine ": "11.78125",
         "expected memory usage ": 52632591.62470797,
         "actual memory usage": 50000000
      },
      {
         "name": "phantompeakqualtools_00000052",
         "machine": 9,
         "start": 22253618.03695,
         "finish": 28391306.03695,
         "expected runtime on this machine ": "6729597.186723587",
         "actual runtime on this machine ": "6137688.0",
         "expected memory usage ": 546540988.8940595,
         "actual memory usage": 525769264
      },
      {
         "name": "macs2_00000053",
         "machine": 2,
         "start": 25838040.635584775,
         "finish": 25838134.885584775,
         "expected runtime on this machine ": "85.93324976487081",
         "actual runtime on this machine ": "94.25",
         "expected memory usage ": 47517579.390846744,
         "actual memory usage": 50000000
      },
      {
         "name": "macs2_annotate_00000059",
         "machine": 2,
         "start": 25839396.704161607,
         "finish": 25839490.954161607,
         "expected runtime on this machine ": "88.69257602305433",
         "actual runtime on this machine ": "94.25",
         "expected memory usage ": 57760349.51644451,
         "actual memory usage": 50000000
      },
      {
         "name": "macs2_qc_00000060",
         "machine": 1,
         "start": 26081371.34897895,
         "finish": 26081465.59897895,
         "expected runtime on this machine ": "108.0660612999296",
         "actual runtime on this machine ": "94.25",
         "expected memory usage ": 52055017.319217674,
         "actual memory usage": 50000000
      },
      {
         "name": "igv_00000061",
         "machine": 1,
         "start": 26082805.725155227,
         "finish": 26082899.975155227,
         "expected runtime on this machine ": "90.36093323127362",
         "actual runtime on this machine ": "94.25",
         "expected memory usage ": 52207106.102545485,
         "actual memory usage": 50000000
      },
      {
         "name": "consensus_peaks_00000072",
         "machine": 2,
         "start": 25838620.216622923,
         "finish": 25838714.466622923,
         "expected runtime on this machine ": "80.3284811404836",
         "actual runtime on this machine ": "94.25",
         "expected memory usage ": 49903538.62179669,
         "actual memory usage": 50000000
      },
      {
         "name": "trimgalore_00000055",
         "machine": 4,
         "start": 237125.0227,
         "finish": 1713377.5852,
         "expected runtime on this machine ": "1568546.1052434759",
         "actual runtime on this machine ": "1476252.5625",
         "expected memory usage ": 1526088705.2063167,
         "actual memory usage": 1365266992
      },
      {
         "name": "bwa_mem_00000063",
         "machine": 15,
         "start": 8126181.651027251,
         "finish": 13186668.494777251,
         "expected runtime on this machine ": "4970142.764424549",
         "actual runtime on this machine ": "5060486.84375",
         "expected memory usage ": 6434609921.498659,
         "actual memory usage": 5856992816
      },
      {
         "name": "make_genome_filter_00000056",
         "machine": 9,
         "start": 0.0,
         "finish": 31.416666666666668,
         "expected runtime on this machine ": "35.52002103782335",
         "actual runtime on this machine ": "31.416666666666668",
         "expected memory usage ": 41630115.81138076,
         "actual memory usage": 50000000
      },
      {
         "name": "merged_bam_filter_00000062",
         "machine": 17,
         "start": 20308436.39785,
         "finish": 22198059.71035,
         "expected runtime on this machine ": "2253402.8580996576",
         "actual runtime on this machine ": "1889623.3125",
         "expected memory usage ": 29977432.606291287,
         "actual memory usage": 29795376
      },
      {
         "name": "bigwig_00000064",
         "machine": 4,
         "start": 22253617.948513627,
         "finish": 23687484.323513627,
         "expected runtime on this machine ": "1416825.5690325808",
         "actual runtime on this machine ": "1433866.375",
         "expected memory usage ": 1261344944.8678267,
         "actual memory usage": 1277481520
      },
      {
         "name": "preseq_00000057",
         "machine": 0,
         "start": 19287815.08382725,
         "finish": 28321710.33382725,
         "expected runtime on this machine ": "9361383.345950797",
         "actual runtime on this machine ": "9033895.25",
         "expected memory usage ": 25993789.386579517,
         "actual memory usage": 28217904
      },
      {
         "name": "picard_metrics_00000058",
         "machine": 15,
         "start": 31855550.850191653,
         "finish": 32522345.475191653,
         "expected runtime on this machine ": "580795.655487121",
         "actual runtime on this machine ": "666794.625",
         "expected memory usage ": 756423278.3259201,
         "actual memory usage": 766293040
      },
      {
         "name": "plotfingerprint_00000075",
         "machine": 1,
         "start": 26081179.252903882,
         "finish": 26081273.502903882,
         "expected runtime on this machine ": "111.16684373499902",
         "actual runtime on this machine ": "94.25",
         "expected memory usage ": 48111636.13539296,
         "actual memory usage": 50000000
      },
      {
         "name": "sort_bam_00000065",
         "machine": 15,
         "start": 13186668.494777251,
         "finish": 13987513.338527251,
         "expected runtime on this machine ": "720052.7032917474",
         "actual runtime on this machine ": "800844.84375",
         "expected memory usage ": 3091190347.2334623,
         "actual memory usage": 3616047664
      },
      {
         "name": "plotprofile_00000069",
         "machine": 5,
         "start": 25206584.54544088,
         "finish": 28706594.13919088,
         "expected runtime on this machine ": "3751796.1215275223",
         "actual runtime on this machine ": "3500009.59375",
         "expected memory usage ": 1353760217.9433386,
         "actual memory usage": 1404150320
      },
      {
         "name": "merged_bam_00000071",
         "machine": 15,
         "start": 16600854.432277251,
         "finish": 19214195.52602725,
         "expected runtime on this machine ": "2233310.1674050363",
         "actual runtime on this machine ": "2613341.09375",
         "expected memory usage ": 4649171343.457946,
         "actual memory usage": 5023374896
      },
      {
         "name": "fastqc_00000067",
         "machine": 3,
         "start": 31482245.847317774,
         "finish": 32112006.128567774,
         "expected runtime on this machine ": "626975.7864455271",
         "actual runtime on this machine ": "629760.28125",
         "expected memory usage ": 749663803.9313723,
         "actual memory usage": 692024368
      },
      {
         "name": "consensus_peaks_annotate_00000068",
         "machine": 1,
         "start": 26082219.698978953,
         "finish": 26082313.948978953,
         "expected runtime on this machine ": "113.53068662520408",
         "actual runtime on this machine ": "94.25",
         "expected memory usage ": 45517127.93256309,
         "actual memory usage": 50000000
      },
      {
         "name": "get_software_versions_00000070",
         "machine": 1,
         "start": 26081748.448978953,
         "finish": 26081842.698978953,
         "expected runtime on this machine ": "100.58889858180521",
         "actual runtime on this machine ": "94.25",
         "expected memory usage ": 38668647.234572835,
         "actual memory usage": 50000000
      },
      {
         "name": "output_documentation_00000073",
         "machine": 1,
         "start": 26083088.475155227,
         "finish": 26083182.725155227,
         "expected runtime on this machine ": "81.8713807963598",
         "actual runtime on this machine ": "94.25",
         "expected memory usage ": 50130086.27881864,
         "actual memory usage": 50000000
      },
      {
         "name": "check_design_00000074",
         "machine": 16,
         "start": 11.78125,
         "finish": 23.5625,
         "expected runtime on this machine ": "23.5625",
         "actual runtime on this machine ": "11.78125",
         "expected memory usage ": 49816094.97285063,
         "actual memory usage": 50000000
      },
      {
         "name": "consensus_peaks_counts_00000076",
         "machine": 2,
         "start": 25838917.058970533,
         "finish": 25839011.308970533,
         "expected runtime on this machine ": "103.82988033041326",
         "actual runtime on this machine ": "94.25",
         "expected memory usage ": 46922419.130188964,
         "actual memory usage": 50000000
      },
      {
         "name": "consensus_peaks_deseq2_00000079",
         "machine": 1,
         "start": 26081559.948978953,
         "finish": 26081654.198978953,
         "expected runtime on this machine ": "84.39077689910661",
         "actual runtime on this machine ": "94.25",
         "expected memory usage ": 66160947.700011164,
         "actual memory usage": 50000000
      },
      {
         "name": "multiqc_00000091",
         "machine": 17,
         "start": 32274104.134154234,
         "finish": 32274115.915404234,
         "expected runtime on this machine ": "13.20900068231669",
         "actual runtime on this machine ": "11.78125",
         "expected memory usage ": 54712442.69941006,
         "actual memory usage": 50000000
      },
      {
         "name": "phantompeakqualtools_00000077",
         "machine": 11,
         "start": 25662435.921377163,
         "finish": 31800123.921377163,
         "expected runtime on this machine ": "5536304.077429913",
         "actual runtime on this machine ": "6137688.0",
         "expected memory usage ": 546580181.1089805,
         "actual memory usage": 525769264
      },
      {
         "name": "macs2_00000078",
         "machine": 2,
         "start": 25606783.344777163,
         "finish": 25606877.594777163,
         "expected runtime on this machine ": "114.84783846654253",
         "actual runtime on this machine ": "94.25",
         "expected memory usage ": 50686927.96260605,
         "actual memory usage": 50000000
      },
      {
         "name": "macs2_annotate_00000084",
         "machine": 2,
         "start": 25839302.454161607,
         "finish": 25839396.704161607,
         "expected runtime on this machine ": "88.11327048859172",
         "actual runtime on this machine ": "94.25",
         "expected memory usage ": 49301451.77038358,
         "actual memory usage": 50000000
      },
      {
         "name": "macs2_qc_00000085",
         "machine": 2,
         "start": 26081084.802904148,
         "finish": 26081179.052904148,
         "expected runtime on this machine ": "95.51004830905002",
         "actual runtime on this machine ": "94.25",
         "expected memory usage ": 47414197.8459987,
         "actual memory usage": 50000000
      },
      {
         "name": "igv_00000086",
         "machine": 1,
         "start": 27040649.719777152,
         "finish": 27040743.969777152,
         "expected runtime on this machine ": "74.27585008422588",
         "actual runtime on this machine ": "94.25",
         "expected memory usage ": 51194618.88264303,
         "actual memory usage": 50000000
      },
      {
         "name": "consensus_peaks_00000097",
         "machine": 2,
         "start": 25838235.067707874,
         "finish": 25838329.317707874,
         "expected runtime on this machine ": "102.39891504923993",
         "actual runtime on this machine ": "94.25",
         "expected memory usage ": 50331624.742912956,
         "actual memory usage": 50000000
      },
      {
         "name": "trimgalore_00000080",
         "machine": 17,
         "start": 23.5625,
         "finish": 1476276.125,
         "expected runtime on this machine ": "1338184.5907774696",
         "actual runtime on this machine ": "1476252.5625",
         "expected memory usage ": 1336332501.2619154,
         "actual memory usage": 1365266992
      },
      {
         "name": "bwa_mem_00000088",
         "machine": 17,
         "start": 1476276.125,
         "finish": 6536762.96875,
         "expected runtime on this machine ": "5669458.946999402",
         "actual runtime on this machine ": "5060486.84375",
         "expected memory usage ": 5143306552.380812,
         "actual memory usage": 5856992816
      },
      {
         "name": "make_genome_filter_00000081",
         "machine": 13,
         "start": 0.0,
         "finish": 47.125,
         "expected runtime on this machine ": "47.292247672147326",
         "actual runtime on this machine ": "47.125",
         "expected memory usage ": 52858189.01726848,
         "actual memory usage": 50000000
      },
      {
         "name": "merged_bam_filter_00000087",
         "machine": 15,
         "start": 23717159.93227725,
         "finish": 25606783.24477725,
         "expected runtime on this machine ": "1812854.8665324529",
         "actual runtime on this machine ": "1889623.3125",
         "expected memory usage ": 31029988.416336916,
         "actual memory usage": 29795376
      },
      {
         "name": "bigwig_00000089",
         "machine": 15,
         "start": 25606783.24477725,
         "finish": 27040649.61977725,
         "expected runtime on this machine ": "1568193.2567020622",
         "actual runtime on this machine ": "1433866.375",
         "expected memory usage ": 1156104564.1694276,
         "actual memory usage": 1277481520
      },
      {
         "name": "preseq_00000082",
         "machine": 6,
         "start": 19518978.124634862,
         "finish": 25541574.957968194,
         "expected runtime on this machine ": "6790923.737799992",
         "actual runtime on this machine ": "6022596.833333333",
         "expected memory usage ": 34485858.846193396,
         "actual memory usage": 28217904
      },
      {
         "name": "picard_metrics_00000083",
         "machine": 15,
         "start": 30540659.21352725,
         "finish": 31207453.83852725,
         "expected runtime on this machine ": "685131.3554144016",
         "actual runtime on this machine ": "666794.625",
         "expected memory usage ": 718956017.0245268,
         "actual memory usage": 766293040
      },
      {
         "name": "plotfingerprint_00000100",
         "machine": 1,
         "start": 26080990.55290406,
         "finish": 26081084.80290406,
         "expected runtime on this machine ": "105.10767893183694",
         "actual runtime on this machine ": "94.25",
         "expected memory usage ": 45355421.50068641,
         "actual memory usage": 50000000
      },
      {
         "name": "sort_bam_00000090",
         "machine": 8,
         "start": 6620131.51785,
         "finish": 10891304.01785,
         "expected runtime on this machine ": "3917669.231816027",
         "actual runtime on this machine ": "4271172.5",
         "expected memory usage ": 4015670245.7540774,
         "actual memory usage": 3616047664
      },
      {
         "name": "plotprofile_00000094",
         "machine": 15,
         "start": 27040649.61977725,
         "finish": 30540659.21352725,
         "expected runtime on this machine ": "3519880.9054646166",
         "actual runtime on this machine ": "3500009.59375",
         "expected memory usage ": 1218971124.3885884,
         "actual memory usage": 1404150320
      },
      {
         "name": "merged_bam_00000096",
         "machine": 16,
         "start": 16832017.473084863,
         "finish": 19445358.566834863,
         "expected runtime on this machine ": "2546882.6059411136",
         "actual runtime on this machine ": "2613341.09375",
         "expected memory usage ": 5901883553.024145,
         "actual memory usage": 5023374896
      },
      {
         "name": "fastqc_00000092",
         "machine": 17,
         "start": 31644343.852904234,
         "finish": 32274104.134154234,
         "expected runtime on this machine ": "584966.9810550571",
         "actual runtime on this machine ": "629760.28125",
         "expected memory usage ": 610582634.0272067,
         "actual memory usage": 692024368
      },
      {
         "name": "consensus_peaks_annotate_00000093",
         "machine": 2,
         "start": 26082808.358001824,
         "finish": 26082902.608001824,
         "expected runtime on this machine ": "88.32547000882467",
         "actual runtime on this machine ": "94.25",
         "expected memory usage ": 54261821.6350356,
         "actual memory usage": 50000000
      },
      {
         "name": "get_software_versions_00000095",
         "machine": 2,
         "start": 26080990.552904148,
         "finish": 26081084.802904148,
         "expected runtime on this machine ": "96.15360791961452",
         "actual runtime on this machine ": "94.25",
         "expected memory usage ": 42993258.42945523,
         "actual memory usage": 50000000
      },
      {
         "name": "output_documentation_00000098",
         "machine": 2,
         "start": 26082422.937544,
         "finish": 26082517.187544,
         "expected runtime on this machine ": "98.15477084711779",
         "actual runtime on this machine ": "94.25",
         "expected memory usage ": 50328030.58632502,
         "actual memory usage": 50000000
      },
      {
         "name": "check_design_00000099",
         "machine": 17,
         "start": 0.0,
         "finish": 11.78125,
         "expected runtime on this machine ": "23.5625",
         "actual runtime on this machine ": "11.78125",
         "expected memory usage ": 51625343.648615435,
         "actual memory usage": 50000000
      },
      {
         "name": "consensus_peaks_counts_00000101",
         "machine": 2,
         "start": 25839011.408970356,
         "finish": 25839105.658970356,
         "expected runtime on this machine ": "106.73675183019893",
         "actual runtime on this machine ": "94.25",
         "expected memory usage ": 55298961.50782677,
         "actual memory usage": 50000000
      },
      {
         "name": "consensus_peaks_deseq2_00000104",
         "machine": 2,
         "start": 26081756.718027424,
         "finish": 26081850.968027424,
         "expected runtime on this machine ": "90.79807919719178",
         "actual runtime on this machine ": "94.25",
         "expected memory usage ": 45580135.934352435,
         "actual memory usage": 50000000
      },
      {
         "name": "multiqc_00000116",
         "machine": 3,
         "start": 32979250.279235728,
         "finish": 32979262.060485728,
         "expected runtime on this machine ": "11.496865959799079",
         "actual runtime on this machine ": "11.78125",
         "expected memory usage ": 58507250.86310424,
         "actual memory usage": 50000000
      },
      {
         "name": "phantompeakqualtools_00000102",
         "machine": 12,
         "start": 23772718.25887725,
         "finish": 32979250.25887725,
         "expected runtime on this machine ": "8204240.183428432",
         "actual runtime on this machine ": "9206532.0",
         "expected memory usage ": 538607853.5509523,
         "actual memory usage": 525769264
      },
      {
         "name": "macs2_00000103",
         "machine": 2,
         "start": 25606980.621602684,
         "finish": 25607074.871602684,
         "expected runtime on this machine ": "98.00192636937834",
         "actual runtime on this machine ": "94.25",
         "expected memory usage ": 48334699.38405397,
         "actual memory usage": 50000000
      },
      {
         "name": "macs2_annotate_00000109",
         "machine": 2,
         "start": 25839776.674414508,
         "finish": 25839870.924414508,
         "expected runtime on this machine ": "95.25921577028852",
         "actual runtime on this machine ": "94.25",
         "expected memory usage ": 55931010.28259222,
         "actual memory usage": 50000000
      },
      {
         "name": "macs2_qc_00000110",
         "machine": 2,
         "start": 26082039.468027424,
         "finish": 26082133.718027424,
         "expected runtime on this machine ": "84.02694293658261",
         "actual runtime on this machine ": "94.25",
         "expected memory usage ": 49549478.81682498,
         "actual memory usage": 50000000
      },
      {
         "name": "igv_00000111",
         "machine": 2,
         "start": 26082996.858001824,
         "finish": 26083091.108001824,
         "expected runtime on this machine ": "87.81346128187108",
         "actual runtime on this machine ": "94.25",
         "expected memory usage ": 49044004.566811,
         "actual memory usage": 50000000
      },
      {
         "name": "consensus_peaks_00000122",
         "machine": 2,
         "start": 25838431.716622923,
         "finish": 25838525.966622923,
         "expected runtime on this machine ": "90.3149199330858",
         "actual runtime on this machine ": "94.25",
         "expected memory usage ": 52229519.2552265,
         "actual memory usage": 50000000
      },
      {
         "name": "trimgalore_00000105",
         "machine": 15,
         "start": 1476287.90625,
         "finish": 2952540.46875,
         "expected runtime on this machine ": "1352893.0969272512",
         "actual runtime on this machine ": "1476252.5625",
         "expected memory usage ": 1294168077.6629257,
         "actual memory usage": 1365266992
      },
      {
         "name": "bwa_mem_00000113",
         "machine": 17,
         "start": 11833763.6166,
         "finish": 16894250.46035,
         "expected runtime on this machine ": "3748980.4385718796",
         "actual runtime on this machine ": "5060486.84375",
         "expected memory usage ": 5546526570.21874,
         "actual memory usage": 5856992816
      },
      {
         "name": "make_genome_filter_00000106",
         "machine": 10,
         "start": 0.0,
         "finish": 31.416666666666668,
         "expected runtime on this machine ": "31.356223624112488",
         "actual runtime on this machine ": "31.416666666666668",
         "expected memory usage ": 50964354.006572135,
         "actual memory usage": 50000000
      },
      {
         "name": "merged_bam_filter_00000112",
         "machine": 15,
         "start": 21827536.61977725,
         "finish": 23717159.93227725,
         "expected runtime on this machine ": "2001869.3234881095",
         "actual runtime on this machine ": "1889623.3125",
         "expected memory usage ": 28856276.597547017,
         "actual memory usage": 29795376
      },
      {
         "name": "bigwig_00000114",
         "machine": 5,
         "start": 23772718.17044088,
         "finish": 25206584.54544088,
         "expected runtime on this machine ": "1371042.3189346686",
         "actual runtime on this machine ": "1433866.375",
         "expected memory usage ": 1371647533.908002,
         "actual memory usage": 1277481520
      },
      {
         "name": "preseq_00000107",
         "machine": 7,
         "start": 20382055.955649998,
         "finish": 26404652.78898333,
         "expected runtime on this machine ": "6667744.688611875",
         "actual runtime on this machine ": "6022596.833333333",
         "expected memory usage ": 26459630.710283995,
         "actual memory usage": 28217904
      },
      {
         "name": "picard_metrics_00000108",
         "machine": 7,
         "start": 26671012.54457725,
         "finish": 30227250.54457725,
         "expected runtime on this machine ": "3751926.691625627",
         "actual runtime on this machine ": "3556238.0",
         "expected memory usage ": 607768565.8024611,
         "actual memory usage": 766293040
      },
      {
         "name": "plotfingerprint_00000125",
         "machine": 2,
         "start": 26081945.218027424,
         "finish": 26082039.468027424,
         "expected runtime on this machine ": "84.08033296022309",
         "actual runtime on this machine ": "94.25",
         "expected memory usage ": 46046701.70781663,
         "actual memory usage": 50000000
      },
      {
         "name": "sort_bam_00000115",
         "machine": 17,
         "start": 16894250.46035,
         "finish": 17695095.3041,
         "expected runtime on this machine ": "759450.5276634481",
         "actual runtime on this machine ": "800844.84375",
         "expected memory usage ": 3623395825.654149,
         "actual memory usage": 3616047664
      },
      {
         "name": "plotprofile_00000119",
         "machine": 16,
         "start": 27284082.358384863,
         "finish": 30784091.952134863,
         "expected runtime on this machine ": "3380362.105771367",
         "actual runtime on this machine ": "3500009.59375",
         "expected memory usage ": 1425684024.9871593,
         "actual memory usage": 1404150320
      },
      {
         "name": "merged_bam_00000121",
         "machine": 17,
         "start": 17695095.3041,
         "finish": 20308436.39785,
         "expected runtime on this machine ": "2447964.8906269",
         "actual runtime on this machine ": "2613341.09375",
         "expected memory usage ": 5384592112.502838,
         "actual memory usage": 5023374896
      },
      {
         "name": "fastqc_00000117",
         "machine": 3,
         "start": 32112006.128567774,
         "finish": 32741766.409817774,
         "expected runtime on this machine ": "568224.6200785905",
         "actual runtime on this machine ": "629760.28125",
         "expected memory usage ": 699765656.0665417,
         "actual memory usage": 692024368
      },
      {
         "name": "consensus_peaks_annotate_00000118",
         "machine": 2,
         "start": 26082322.218027424,
         "finish": 26082416.468027424,
         "expected runtime on this machine ": "100.71951657547851",
         "actual runtime on this machine ": "94.25",
         "expected memory usage ": 46164256.91132796,
         "actual memory usage": 50000000
      },
      {
         "name": "get_software_versions_00000120",
         "machine": 2,
         "start": 26081367.65290397,
         "finish": 26081461.90290397,
         "expected runtime on this machine ": "101.83477135978374",
         "actual runtime on this machine ": "94.25",
         "expected memory usage ": 46223818.18336888,
         "actual memory usage": 50000000
      },
      {
         "name": "output_documentation_00000123",
         "machine": 1,
         "start": 26082417.013686374,
         "finish": 26082511.263686374,
         "expected runtime on this machine ": "99.47720384752014",
         "actual runtime on this machine ": "94.25",
         "expected memory usage ": 53732896.19001995,
         "actual memory usage": 50000000
      },
      {
         "name": "check_design_00000124",
         "machine": 15,
         "start": 23.5625,
         "finish": 35.34375,
         "expected runtime on this machine ": "23.5625",
         "actual runtime on this machine ": "11.78125",
         "expected memory usage ": 56518614.903831586,
         "actual memory usage": 50000000
      },
      {
         "name": "consensus_peaks_counts_00000126",
         "machine": 2,
         "start": 25838714.466622923,
         "finish": 25838808.716622923,
         "expected runtime on this machine ": "100.24409638679104",
         "actual runtime on this machine ": "94.25",
         "expected memory usage ": 49435130.014941014,
         "actual memory usage": 50000000
      },
      {
         "name": "consensus_peaks_deseq2_00000129",
         "machine": 2,
         "start": 26080896.302904148,
         "finish": 26080990.552904148,
         "expected runtime on this machine ": "118.03381514997093",
         "actual runtime on this machine ": "94.25",
         "expected memory usage ": 51062611.883041196,
         "actual memory usage": 50000000
      },
      {
         "name": "multiqc_00000141",
         "machine": 9,
         "start": 32159093.54699849,
         "finish": 32159124.963665158,
         "expected runtime on this machine ": "28.197752794958785",
         "actual runtime on this machine ": "31.416666666666668",
         "expected memory usage ": 51588151.397796236,
         "actual memory usage": 50000000
      },
      {
         "name": "phantompeakqualtools_00000127",
         "machine": 10,
         "start": 24246736.967004146,
         "finish": 30384424.967004146,
         "expected runtime on this machine ": "6515423.086147748",
         "actual runtime on this machine ": "6137688.0",
         "expected memory usage ": 458247040.4041039,
         "actual memory usage": 525769264
      },
      {
         "name": "macs2_00000128",
         "machine": 2,
         "start": 24191084.390404146,
         "finish": 24191178.640404146,
         "expected runtime on this machine ": "114.55787421824913",
         "actual runtime on this machine ": "94.25",
         "expected memory usage ": 50743955.21045481,
         "actual memory usage": 50000000
      },
      {
         "name": "macs2_annotate_00000134",
         "machine": 2,
         "start": 25839679.454161607,
         "finish": 25839773.704161607,
         "expected runtime on this machine ": "97.22025290255507",
         "actual runtime on this machine ": "94.25",
         "expected memory usage ": 54399120.06354691,
         "actual memory usage": 50000000
      },
      {
         "name": "macs2_qc_00000135",
         "machine": 1,
         "start": 26081936.948978953,
         "finish": 26082031.198978953,
         "expected runtime on this machine ": "93.32432590276264",
         "actual runtime on this machine ": "94.25",
         "expected memory usage ": 53798690.18428934,
         "actual memory usage": 50000000
      },
      {
         "name": "igv_00000136",
         "machine": 2,
         "start": 26082618.936638966,
         "finish": 26082713.186638966,
         "expected runtime on this machine ": "95.17136285877625",
         "actual runtime on this machine ": "94.25",
         "expected memory usage ": 58292169.648499034,
         "actual memory usage": 50000000
      },
      {
         "name": "consensus_peaks_00000147",
         "machine": 2,
         "start": 25838134.885584775,
         "finish": 25838229.135584775,
         "expected runtime on this machine ": "100.1821230993123",
         "actual runtime on this machine ": "94.25",
         "expected memory usage ": 47609343.34909387,
         "actual memory usage": 50000000
      },
      {
         "name": "trimgalore_00000130",
         "machine": 3,
         "start": 237125.0227,
         "finish": 1713377.5852,
         "expected runtime on this machine ": "1520441.1471008984",
         "actual runtime on this machine ": "1476252.5625",
         "expected memory usage ": 1273698457.8409307,
         "actual memory usage": 1365266992
      },
      {
         "name": "bwa_mem_00000138",
         "machine": 17,
         "start": 6773276.77285,
         "finish": 11833763.6166,
         "expected runtime on this machine ": "5392736.99192576",
         "actual runtime on this machine ": "5060486.84375",
         "expected memory usage ": 4887324900.208011,
         "actual memory usage": 5856992816
      },
      {
         "name": "make_genome_filter_00000131",
         "machine": 12,
         "start": 0.0,
         "finish": 47.125,
         "expected runtime on this machine ": "41.285343776137196",
         "actual runtime on this machine ": "47.125",
         "expected memory usage ": 55280640.189929895,
         "actual memory usage": 50000000
      },
      {
         "name": "merged_bam_filter_00000137",
         "machine": 17,
         "start": 22271679.793008164,
         "finish": 24161303.105508164,
         "expected runtime on this machine ": "1919404.497396069",
         "actual runtime on this machine ": "1889623.3125",
         "expected memory usage ": 32079974.409024816,
         "actual memory usage": 29795376
      },
      {
         "name": "bigwig_00000139",
         "machine": 3,
         "start": 24246736.878567774,
         "finish": 25680603.253567774,
         "expected runtime on this machine ": "1567850.0174873176",
         "actual runtime on this machine ": "1433866.375",
         "expected memory usage ": 1241166201.1934278,
         "actual memory usage": 1277481520
      },
      {
         "name": "preseq_00000132",
         "machine": 14,
         "start": 21901156.17757725,
         "finish": 26418103.80257725,
         "expected runtime on this machine ": "5094887.1525706975",
         "actual runtime on this machine ": "4516947.625",
         "expected memory usage ": 29957504.606207486,
         "actual memory usage": 28217904
      },
      {
         "name": "picard_metrics_00000133",
         "machine": 4,
         "start": 31492298.92199849,
         "finish": 32159093.54699849,
         "expected runtime on this machine ": "634200.2842583945",
         "actual runtime on this machine ": "666794.625",
         "expected memory usage ": 788606332.1879545,
         "actual memory usage": 766293040
      },
      {
         "name": "plotfingerprint_00000150",
         "machine": 1,
         "start": 26082031.198978953,
         "finish": 26082125.448978953,
         "expected runtime on this machine ": "87.3695246813146",
         "actual runtime on this machine ": "94.25",
         "expected memory usage ": 42597213.623126924,
         "actual memory usage": 50000000
      },
      {
         "name": "sort_bam_00000140",
         "machine": 16,
         "start": 12544034.003434863,
         "finish": 13344878.847184863,
         "expected runtime on this machine ": "593417.9055922434",
         "actual runtime on this machine ": "800844.84375",
         "expected memory usage ": 3938563490.631288,
         "actual memory usage": 3616047664
      },
      {
         "name": "plotprofile_00000144",
         "machine": 3,
         "start": 25680603.253567774,
         "finish": 29180612.847317774,
         "expected runtime on this machine ": "3754435.8710226337",
         "actual runtime on this machine ": "3500009.59375",
         "expected memory usage ": 1204534586.2652142,
         "actual memory usage": 1404150320
      },
      {
         "name": "merged_bam_00000146",
         "machine": 15,
         "start": 19214195.52602725,
         "finish": 21827536.61977725,
         "expected runtime on this machine ": "2300664.5765881212",
         "actual runtime on this machine ": "2613341.09375",
         "expected memory usage ": 4523119191.28702,
         "actual memory usage": 5023374896
      },
      {
         "name": "fastqc_00000142",
         "machine": 17,
         "start": 31014583.571654234,
         "finish": 31644343.852904234,
         "expected runtime on this machine ": "667818.7111156067",
         "actual runtime on this machine ": "629760.28125",
         "expected memory usage ": 664731717.494996,
         "actual memory usage": 692024368
      },
      {
         "name": "consensus_peaks_annotate_00000143",
         "machine": 1,
         "start": 26082314.048978955,
         "finish": 26082408.298978955,
         "expected runtime on this machine ": "102.96470742048145",
         "actual runtime on this machine ": "94.25",
         "expected memory usage ": 52376257.301529706,
         "actual memory usage": 50000000
      },
      {
         "name": "get_software_versions_00000145",
         "machine": 1,
         "start": 26081465.59897895,
         "finish": 26081559.84897895,
         "expected runtime on this machine ": "105.78337500574578",
         "actual runtime on this machine ": "94.25",
         "expected memory usage ": 49988963.48543714,
         "actual memory usage": 50000000
      },
      {
         "name": "output_documentation_00000148",
         "machine": 1,
         "start": 26082516.49089022,
         "finish": 26082610.74089022,
         "expected runtime on this machine ": "98.10151918127482",
         "actual runtime on this machine ": "94.25",
         "expected memory usage ": 50620437.231115185,
         "actual memory usage": 50000000
      },
      {
         "name": "check_design_00000149",
         "machine": 15,
         "start": 11.78125,
         "finish": 23.5625,
         "expected runtime on this machine ": "23.5625",
         "actual runtime on this machine ": "11.78125",
         "expected memory usage ": 44839130.137602836,
         "actual memory usage": 50000000
      },
      {
         "name": "consensus_peaks_counts_00000151",
         "machine": 2,
         "start": 25838814.71071931,
         "finish": 25838908.96071931,
         "expected runtime on this machine ": "102.34825122334993",
         "actual runtime on this machine ": "94.25",
         "expected memory usage ": 51899145.39217425,
         "actual memory usage": 50000000
      },
      {
         "name": "consensus_peaks_deseq2_00000154",
         "machine": 2,
         "start": 26081179.15290397,
         "finish": 26081273.40290397,
         "expected runtime on this machine ": "106.86456889139914",
         "actual runtime on this machine ": "94.25",
         "expected memory usage ": 53042215.78031414,
         "actual memory usage": 50000000
      },
      {
         "name": "multiqc_00000166",
         "machine": 3,
         "start": 33210413.32004334,
         "finish": 33210425.10129334,
         "expected runtime on this machine ": "11.312031460459709",
         "actual runtime on this machine ": "11.78125",
         "expected memory usage ": 46137852.06977584,
         "actual memory usage": 50000000
      },
      {
         "name": "phantompeakqualtools_00000152",
         "machine": 13,
         "start": 24003881.299684864,
         "finish": 33210413.299684864,
         "expected runtime on this machine ": "6009962.187145308",
         "actual runtime on this machine ": "9206532.0",
         "expected memory usage ": 608337875.6867262,
         "actual memory usage": 525769264
      },
      {
         "name": "macs2_00000153",
         "machine": 2,
         "start": 25606877.694777075,
         "finish": 25606971.944777075,
         "expected runtime on this machine ": "102.92682560999722",
         "actual runtime on this machine ": "94.25",
         "expected memory usage ": 47269377.75193832,
         "actual memory usage": 50000000
      },
      {
         "name": "macs2_annotate_00000159",
         "machine": 2,
         "start": 25839490.954161607,
         "finish": 25839585.204161607,
         "expected runtime on this machine ": "88.66672075025002",
         "actual runtime on this machine ": "94.25",
         "expected memory usage ": 39535172.33804693,
         "actual memory usage": 50000000
      },
      {
         "name": "macs2_qc_00000160",
         "machine": 2,
         "start": 26081559.84897895,
         "finish": 26081654.09897895,
         "expected runtime on this machine ": "99.80500468097759",
         "actual runtime on this machine ": "94.25",
         "expected memory usage ": 45420700.21801862,
         "actual memory usage": 50000000
      },
      {
         "name": "igv_00000161",
         "machine": 2,
         "start": 26082714.108001824,
         "finish": 26082808.358001824,
         "expected runtime on this machine ": "92.06099379116122",
         "actual runtime on this machine ": "94.25",
         "expected memory usage ": 47800192.92917763,
         "actual memory usage": 50000000
      },
      {
         "name": "consensus_peaks_00000172",
         "machine": 2,
         "start": 25838337.466622923,
         "finish": 25838431.716622923,
         "expected runtime on this machine ": "92.73331249208678",
         "actual runtime on this machine ": "94.25",
         "expected memory usage ": 47924056.74596362,
         "actual memory usage": 50000000
      },
      {
         "name": "trimgalore_00000155",
         "machine": 15,
         "start": 35.34375,
         "finish": 1476287.90625,
         "expected runtime on this machine ": "1648503.3998754951",
         "actual runtime on this machine ": "1476252.5625",
         "expected memory usage ": 1331821420.7099912,
         "actual memory usage": 1365266992
      },
      {
         "name": "bwa_mem_00000163",
         "machine": 16,
         "start": 1712801.71035,
         "finish": 6773288.5541,
         "expected runtime on this machine ": "6057569.104224454",
         "actual runtime on this machine ": "5060486.84375",
         "expected memory usage ": 6487822589.3112135,
         "actual memory usage": 5856992816
      },
      {
         "name": "make_genome_filter_00000156",
         "machine": 11,
         "start": 0.0,
         "finish": 31.416666666666668,
         "expected runtime on this machine ": "29.402396235578397",
         "actual runtime on this machine ": "31.416666666666668",
         "expected memory usage ": 58076292.80218891,
         "actual memory usage": 50000000
      },
      {
         "name": "merged_bam_filter_00000162",
         "machine": 16,
         "start": 22058699.660584863,
         "finish": 23948322.973084863,
         "expected runtime on this machine ": "1958304.9953181187",
         "actual runtime on this machine ": "1889623.3125",
         "expected memory usage ": 27840588.848059516,
         "actual memory usage": 29795376
      },
      {
         "name": "bigwig_00000164",
         "machine": 4,
         "start": 24003881.21124849,
         "finish": 25437747.58624849,
         "expected runtime on this machine ": "1447634.5352444137",
         "actual runtime on this machine ": "1433866.375",
         "expected memory usage ": 1052356868.660181,
         "actual memory usage": 1277481520
      },
      {
         "name": "preseq_00000157",
         "machine": 8,
         "start": 16674473.990077252,
         "finish": 22697070.823410586,
         "expected runtime on this machine ": "6397441.393293854",
         "actual runtime on this machine ": "6022596.833333333",
         "expected memory usage ": 21862237.668779884,
         "actual memory usage": 28217904
      },
      {
         "name": "picard_metrics_00000158",
         "machine": 6,
         "start": 26335222.69097895,
         "finish": 29891460.69097895,
         "expected runtime on this machine ": "3858482.9913721527",
         "actual runtime on this machine ": "3556238.0",
         "expected memory usage ": 823979583.0708798,
         "actual memory usage": 766293040
      },
      {
         "name": "plotfingerprint_00000175",
         "machine": 2,
         "start": 26081659.653983634,
         "finish": 26081753.903983634,
         "expected runtime on this machine ": "97.06404379081178",
         "actual runtime on this machine ": "94.25",
         "expected memory usage ": 49584178.58533414,
         "actual memory usage": 50000000
      },
      {
         "name": "sort_bam_00000165",
         "machine": 6,
         "start": 6856657.103200001,
         "finish": 11127829.6032,
         "expected runtime on this machine ": "4232702.671073918",
         "actual runtime on this machine ": "4271172.5",
         "expected memory usage ": 3563222660.125073,
         "actual memory usage": 3616047664
      },
      {
         "name": "plotprofile_00000169",
         "machine": 4,
         "start": 25437747.58624849,
         "finish": 28937757.17999849,
         "expected runtime on this machine ": "3497372.224567517",
         "actual runtime on this machine ": "3500009.59375",
         "expected memory usage ": 1523374547.0689616,
         "actual memory usage": 1404150320
      },
      {
         "name": "merged_bam_00000171",
         "machine": 15,
         "start": 13987513.338527251,
         "finish": 16600854.432277251,
         "expected runtime on this machine ": "3020424.372784988",
         "actual runtime on this machine ": "2613341.09375",
         "expected memory usage ": 4382609687.126095,
         "actual memory usage": 5023374896
      },
      {
         "name": "fastqc_00000167",
         "machine": 15,
         "start": 31225790.568941653,
         "finish": 31855550.850191653,
         "expected runtime on this machine ": "646970.2873144906",
         "actual runtime on this machine ": "629760.28125",
         "expected memory usage ": 655432019.6456821,
         "actual memory usage": 692024368
      },
      {
         "name": "consensus_peaks_annotate_00000168",
         "machine": 1,
         "start": 26082994.225155227,
         "finish": 26083088.475155227,
         "expected runtime on this machine ": "82.51145457020336",
         "actual runtime on this machine ": "94.25",
         "expected memory usage ": 45753180.90795139,
         "actual memory usage": 50000000
      },
      {
         "name": "get_software_versions_00000170",
         "machine": 1,
         "start": 26082125.448978953,
         "finish": 26082219.698978953,
         "expected runtime on this machine ": "79.13154565716474",
         "actual runtime on this machine ": "94.25",
         "expected memory usage ": 53432628.54511925,
         "actual memory usage": 50000000
      },
      {
         "name": "output_documentation_00000173",
         "machine": 1,
         "start": 26082711.475155227,
         "finish": 26082805.725155227,
         "expected runtime on this machine ": "92.63501219027786",
         "actual runtime on this machine ": "94.25",
         "expected memory usage ": 53342746.9969362,
         "actual memory usage": 50000000
      },
      {
         "name": "check_design_00000174",
         "machine": 15,
         "start": 0.0,
         "finish": 11.78125,
         "expected runtime on this machine ": "23.5625",
         "actual runtime on this machine ": "11.78125",
         "expected memory usage ": 49819383.68055008,
         "actual memory usage": 50000000
      }
   ],
   "failed": [
      {
         "time": 2829181.003177251,
         "task": "bwa_mem_00000038",
         "machine": 15,
         "reason": "MachineInUseException",
         "occupied by ": "trimgalore_00000105",
         "expected runtime ": 159783379.5958773,
         "actual runtime ": 161935579,
         "expected memory usage ": 6267393756.641409,
         "actual memory usage": 5856992816
      },
      {
         "time": 13906721.198068999,
         "task": "merged_bam_00000171",
         "machine": 15,
         "reason": "MachineInUseException",
         "occupied by ": "sort_bam_00000065",
         "expected runtime ": 96653579.92911962,
         "actual runtime ": 83626915,
         "expected memory usage ": 4382609687.126095,
         "actual memory usage": 5023374896
      },
      {
         "time": 20143060.1947269,
         "task": "merged_bam_filter_00000062",
         "machine": 17,
         "reason": "MachineInUseException",
         "occupied by ": "merged_bam_00000121",
         "expected runtime ": 72108891.45918904,
         "actual runtime ": 60467946,
         "expected memory usage ": 29977432.606291287,
         "actual memory usage": 29795376
      },
      {
         "time": 25838025.89644877,
         "task": "macs2_00000053",
         "machine": 2,
         "reason": "MachineInUseException",
         "occupied by ": "macs2_00000028",
         "expected runtime ": 343.73299905948323,
         "actual runtime ": 377,
         "expected memory usage ": 47517579.390846744,
         "actual memory usage": 50000000
      },
      {
         "time": 25838126.56883454,
         "task": "consensus_peaks_00000147",
         "machine": 2,
         "reason": "MachineInUseException",
         "occupied by ": "macs2_00000053",
         "expected runtime ": 400.7284923972492,
         "actual runtime ": 377,
         "expected memory usage ": 47609343.34909387,
         "actual memory usage": 50000000
      },
      {
         "time": 25838430.199935414,
         "task": "consensus_peaks_00000122",
         "machine": 2,
         "reason": "MachineInUseException",
         "occupied by ": "consensus_peaks_00000172",
         "expected runtime ": 361.2596797323432,
         "actual runtime ": 377,
         "expected memory usage ": 52229519.2552265,
         "actual memory usage": 50000000
      },
      {
         "time": 25838522.031542856,
         "task": "consensus_peaks_00000047",
         "machine": 2,
         "reason": "MachineInUseException",
         "occupied by ": "consensus_peaks_00000122",
         "expected runtime ": 365.8583834767082,
         "actual runtime ": 377,
         "expected memory usage ": 50700517.41498959,
         "actual memory usage": 50000000
      },
      {
         "time": 25838617.43121879,
         "task": "consensus_peaks_00000072",
         "machine": 2,
         "reason": "MachineInUseException",
         "occupied by ": "consensus_peaks_00000047",
         "expected runtime ": 321.3139245619344,
         "actual runtime ": 377,
         "expected memory usage ": 49903538.62179669,
         "actual memory usage": 50000000
      },
      {
         "time": 25838700.545104064,
         "task": "consensus_peaks_counts_00000126",
         "machine": 2,
         "reason": "MachineInUseException",
         "occupied by ": "consensus_peaks_00000072",
         "expected runtime ": 400.97638554716417,
         "actual runtime ": 377,
         "expected memory usage ": 49435130.014941014,
         "actual memory usage": 50000000
      },
      {
         "time": 25839290.497837868,
         "task": "macs2_annotate_00000084",
         "machine": 2,
         "reason": "MachineInUseException",
         "occupied by ": "consensus_peaks_counts_00000051",
         "expected runtime ": 352.4530819543669,
         "actual runtime ": 377,
         "expected memory usage ": 49301451.77038358,
         "actual memory usage": 50000000
      },
      {
         "time": 25839390.567432094,
         "task": "macs2_annotate_00000059",
         "machine": 2,
         "reason": "MachineInUseException",
         "occupied by ": "macs2_annotate_00000084",
         "expected runtime ": 354.7703040922173,
         "actual runtime ": 377,
         "expected memory usage ": 57760349.51644451,
         "actual memory usage": 50000000
      },
      {
         "time": 25839479.26000812,
         "task": "macs2_annotate_00000159",
         "machine": 2,
         "reason": "MachineInUseException",
         "occupied by ": "macs2_annotate_00000059",
         "expected runtime ": 354.6668830010001,
         "actual runtime ": 377,
         "expected memory usage ": 39535172.33804693,
         "actual memory usage": 50000000
      },
      {
         "time": 25839579.62088236,
         "task": "macs2_annotate_00000034",
         "machine": 2,
         "reason": "MachineInUseException",
         "occupied by ": "macs2_annotate_00000159",
         "expected runtime ": 353.2783856688557,
         "actual runtime ": 377,
         "expected memory usage ": 54806847.21221166,
         "actual memory usage": 50000000
      },
      {
         "time": 25839673.523758024,
         "task": "macs2_annotate_00000134",
         "machine": 2,
         "reason": "MachineInUseException",
         "occupied by ": "macs2_annotate_00000034",
         "expected runtime ": 388.8810116102203,
         "actual runtime ": 377,
         "expected memory usage ": 54399120.06354691,
         "actual memory usage": 50000000
      },
      {
         "time": 26080884.573996548,
         "task": "consensus_peaks_deseq2_00000129",
         "machine": 2,
         "reason": "MachineInUseException",
         "occupied by ": "macs2_annotate_00000023",
         "expected runtime ": 472.13526059988374,
         "actual runtime ": 377,
         "expected memory usage ": 51062611.883041196,
         "actual memory usage": 50000000
      },
      {
         "time": 26081644.33975585,
         "task": "macs2_qc_00000035",
         "machine": 1,
         "reason": "MachineInUseException",
         "occupied by ": "consensus_peaks_deseq2_00000079",
         "expected runtime ": 372.815823335942,
         "actual runtime ": 377,
         "expected memory usage ": 49090714.78312511,
         "actual memory usage": 50000000
      },
      {
         "time": 26081737.543711685,
         "task": "get_software_versions_00000070",
         "machine": 1,
         "reason": "MachineInUseException",
         "occupied by ": "macs2_qc_00000035",
         "expected runtime ": 402.35559432722084,
         "actual runtime ": 377,
         "expected memory usage ": 38668647.234572835,
         "actual memory usage": 50000000
      },
      {
         "time": 26081838.132610265,
         "task": "consensus_peaks_deseq2_00000018",
         "machine": 1,
         "reason": "MachineInUseException",
         "occupied by ": "get_software_versions_00000070",
         "expected runtime ": 350.671096928966,
         "actual runtime ": 377,
         "expected memory usage ": 39016540.02002045,
         "actual memory usage": 50000000
      },
      {
         "time": 26081847.51610662,
         "task": "consensus_peaks_deseq2_00000029",
         "machine": 2,
         "reason": "MachineInUseException",
         "occupied by ": "consensus_peaks_deseq2_00000104",
         "expected runtime ": 339.76542568665883,
         "actual runtime ": 377,
         "expected memory usage ": 46271355.53227783,
         "actual memory usage": 50000000
      },
      {
         "time": 26081925.8003845,
         "task": "macs2_qc_00000135",
         "machine": 1,
         "reason": "MachineInUseException",
         "occupied by ": "consensus_peaks_deseq2_00000018",
         "expected runtime ": 373.29730361105055,
         "actual runtime ": 377,
         "expected memory usage ": 53798690.18428934,
         "actual memory usage": 50000000
      },
      {
         "time": 26081932.45746304,
         "task": "plotfingerprint_00000125",
         "machine": 2,
         "reason": "MachineInUseException",
         "occupied by ": "consensus_peaks_deseq2_00000029",
         "expected runtime ": 336.32133184089236,
         "actual runtime ": 377,
         "expected memory usage ": 46046701.70781663,
         "actual memory usage": 50000000
      },
      {
         "time": 26082016.537796002,
         "task": "macs2_qc_00000110",
         "machine": 2,
         "reason": "MachineInUseException",
         "occupied by ": "plotfingerprint_00000125",
         "expected runtime ": 336.10777174633046,
         "actual runtime ": 377,
         "expected memory usage ": 49549478.81682498,
         "actual memory usage": 50000000
      },
      {
         "time": 26082019.124710403,
         "task": "plotfingerprint_00000150",
         "machine": 1,
         "reason": "MachineInUseException",
         "occupied by ": "macs2_qc_00000135",
         "expected runtime ": 349.4780987252584,
         "actual runtime ": 377,
         "expected memory usage ": 42597213.623126924,
         "actual memory usage": 50000000
      },
      {
         "time": 26082100.564738937,
         "task": "macs2_qc_00000017",
         "machine": 2,
         "reason": "MachineInUseException",
         "occupied by ": "macs2_qc_00000110",
         "expected runtime ": 306.79219949486236,
         "actual runtime ": 377,
         "expected memory usage ": 49353981.730074465,
         "actual memory usage": 50000000
      },
      {
         "time": 26082106.494235083,
         "task": "get_software_versions_00000170",
         "machine": 1,
         "reason": "MachineInUseException",
         "occupied by ": "plotfingerprint_00000150",
         "expected runtime ": 316.52618262865894,
         "actual runtime ": 377,
         "expected memory usage ": 53432628.54511925,
         "actual memory usage": 50000000
      },
      {
         "time": 26082177.26278881,
         "task": "plotfingerprint_00000050",
         "machine": 2,
         "reason": "MachineInUseException",
         "occupied by ": "macs2_qc_00000017",
         "expected runtime ": 263.83154497351734,
         "actual runtime ": 377,
         "expected memory usage ": 53391626.360820636,
         "actual memory usage": 50000000
      },
      {
         "time": 26082185.62578074,
         "task": "consensus_peaks_annotate_00000068",
         "machine": 1,
         "reason": "MachineInUseException",
         "occupied by ": "get_software_versions_00000170",
         "expected runtime ": 454.12274650081633,
         "actual runtime ": 377,
         "expected memory usage ": 45517127.93256309,
         "actual memory usage": 50000000
      },
      {
         "time": 26082243.220675055,
         "task": "consensus_peaks_annotate_00000143",
         "machine": 2,
         "reason": "MachineInUseException",
         "occupied by ": "plotfingerprint_00000050",
         "expected runtime ": 411.8588296819258,
         "actual runtime ": 377,
         "expected memory usage ": 52376257.301529706,
         "actual memory usage": 50000000
      },
      {
         "time": 26082299.156467363,
         "task": "consensus_peaks_annotate_00000118",
         "machine": 1,
         "reason": "MachineInUseException",
         "occupied by ": "consensus_peaks_annotate_00000068",
         "expected runtime ": 402.87806630191403,
         "actual runtime ": 377,
         "expected memory usage ": 46164256.91132796,
         "actual memory usage": 50000000
      },
      {
         "time": 26082804.110167418,
         "task": "igv_00000061",
         "machine": 1,
         "reason": "MachineInUseException",
         "occupied by ": "output_documentation_00000173",
         "expected runtime ": 361.4437329250945,
         "actual runtime ": 377,
         "expected memory usage ": 52207106.102545485,
         "actual memory usage": 50000000
      },
      {
         "time": 26082806.168995615,
         "task": "consensus_peaks_annotate_00000093",
         "machine": 2,
         "reason": "MachineInUseException",
         "occupied by ": "igv_00000161",
         "expected runtime ": 353.30188003529867,
         "actual runtime ": 377,
         "expected memory usage ": 54261821.6350356,
         "actual memory usage": 50000000
      },
      {
         "time": 26082894.47110065,
         "task": "output_documentation_00000048",
         "machine": 1,
         "reason": "MachineInUseException",
         "occupied by ": "igv_00000061",
         "expected runtime ": 353.03847559991056,
         "actual runtime ": 377,
         "expected memory usage ": 48119657.6041013,
         "actual memory usage": 50000000
      },
      {
         "time": 26082894.494465623,
         "task": "consensus_peaks_annotate_00000043",
         "machine": 2,
         "reason": "MachineInUseException",
         "occupied by ": "consensus_peaks_annotate_00000093",
         "expected runtime ": 352.48071927266807,
         "actual runtime ": 377,
         "expected memory usage ": 57264981.021512754,
         "actual memory usage": 50000000
      },
      {
         "time": 26082982.61464544,
         "task": "igv_00000111",
         "machine": 2,
         "reason": "MachineInUseException",
         "occupied by ": "consensus_peaks_annotate_00000043",
         "expected runtime ": 351.25384512748434,
         "actual runtime ": 377,
         "expected memory usage ": 49044004.566811,
         "actual memory usage": 50000000
      },
      {
         "time": 26082982.73071955,
         "task": "consensus_peaks_annotate_00000168",
         "machine": 1,
         "reason": "MachineInUseException",
         "occupied by ": "output_documentation_00000048",
         "expected runtime ": 330.0458182808134,
         "actual runtime ": 377,
         "expected memory usage ": 45753180.90795139,
         "actual memory usage": 50000000
      },
      {
         "time": 26083065.242174122,
         "task": "output_documentation_00000073",
         "machine": 1,
         "reason": "MachineInUseException",
         "occupied by ": "consensus_peaks_annotate_00000168",
         "expected runtime ": 327.4855231854392,
         "actual runtime ": 377,
         "expected memory usage ": 50130086.27881864,
         "actual memory usage": 50000000
      },
      {
         "time": 30664444.46415623,
         "task": "fastqc_00000003",
         "machine": 16,
         "reason": "MachineInUseException",
         "occupied by ": "plotprofile_00000119",
         "expected runtime ": 21689563.31775575,
         "actual runtime ": 20152329,
         "expected memory usage ": 802367058.644014,
         "actual memory usage": 692024368
      },
      {
         "time": 30879086.680543564,
         "task": "fastqc_00000142",
         "machine": 17,
         "reason": "MachineInUseException",
         "occupied by ": "plotprofile_00000016",
         "expected runtime ": 21370198.755699415,
         "actual runtime ": 20152329,
         "expected memory usage ": 664731717.494996,
         "actual memory usage": 692024368
      },
      {
         "time": 32109221.633763302,
         "task": "fastqc_00000117",
         "machine": 3,
         "reason": "MachineInUseException",
         "occupied by ": "fastqc_00000067",
         "expected runtime ": 18183187.842514895,
         "actual runtime ": 20152329,
         "expected memory usage ": 699765656.0665417,
         "actual memory usage": 692024368
      }
   ]
}