{
   "workflow": "chipseq-workflow_200",
   "makespan": 33423499.583716553,
   "tasks": [
      {
         "name": "check_design_00000001",
         "machine": 15,
         "start": 11.78125,
         "finish": 23.5625,
         "expected runtime on this machine ": "23.5625",
         "actual runtime on this machine ": "11.78125",
         "expected memory usage ": 51329110.47909783,
         "actual memory usage": 50000000
      },
      {
         "name": "trimgalore_00000002",
         "machine": 3,
         "start": 237125.0227,
         "finish": 1713377.5852,
         "expected runtime on this machine ": "1545541.4019110496",
         "actual runtime on this machine ": "1476252.5625",
         "expected memory usage ": 1169506410.9952934,
         "actual memory usage": 1365266992
      },
      {
         "name": "fastqc_00000003",
         "machine": 6,
         "start": 25614743.342010893,
         "finish": 28973464.842010893,
         "expected runtime on this machine ": "4029135.8833626495",
         "actual runtime on this machine ": "3358721.5",
         "expected memory usage ": 699404649.1341281,
         "actual memory usage": 692024368
      },
      {
         "name": "plotfingerprint_00000004",
         "machine": 2,
         "start": 26051686.540893897,
         "finish": 26051780.790893897,
         "expected runtime on this machine ": "108.61734815088947",
         "actual runtime on this machine ": "94.25",
         "expected memory usage ": 49808051.601064734,
         "actual memory usage": 50000000
      },
      {
         "name": "macs2_00000006",
         "machine": 1,
         "start": 25911114.769627474,
         "finish": 25911209.019627474,
         "expected runtime on this machine ": "86.99169926336934",
         "actual runtime on this machine ": "94.25",
         "expected memory usage ": 50735695.71153724,
         "actual memory usage": 50000000
      },
      {
         "name": "consensus_peaks_counts_00000007",
         "machine": 2,
         "start": 25911877.22586805,
         "finish": 25911971.47586805,
         "expected runtime on this machine ": "82.8793154730784",
         "actual runtime on this machine ": "94.25",
         "expected memory usage ": 44612917.83765218,
         "actual memory usage": 50000000
      },
      {
         "name": "bwa_mem_00000009",
         "machine": 15,
         "start": 6773276.77285,
         "finish": 11833763.6166,
         "expected runtime on this machine ": "5273155.191518172",
         "actual runtime on this machine ": "5060486.84375",
         "expected memory usage ": 6524936541.92006,
         "actual memory usage": 5856992816
      },
      {
         "name": "multiqc_00000010",
         "machine": 11,
         "start": 32105204.975363802,
         "finish": 32105236.39203047,
         "expected runtime on this machine ": "31.351193914155605",
         "actual runtime on this machine ": "31.416666666666668",
         "expected memory usage ": 46463762.009293936,
         "actual memory usage": 50000000
      },
      {
         "name": "merged_bam_filter_00000005",
         "machine": 17,
         "start": 24021491.357127562,
         "finish": 25911114.669627562,
         "expected runtime on this machine ": "1716885.2023480695",
         "actual runtime on this machine ": "1889623.3125",
         "expected memory usage ": 29126679.761717834,
         "actual memory usage": 29795376
      },
      {
         "name": "phantompeakqualtools_00000014",
         "machine": 11,
         "start": 25967516.975363802,
         "finish": 32105204.975363802,
         "expected runtime on this machine ": "6322922.563216642",
         "actual runtime on this machine ": "6137688.0",
         "expected memory usage ": 547072715.6582865,
         "actual memory usage": 525769264
      },
      {
         "name": "picard_metrics_00000015",
         "machine": 15,
         "start": 30984802.386758164,
         "finish": 31651597.011758164,
         "expected runtime on this machine ": "727104.1117413257",
         "actual runtime on this machine ": "666794.625",
         "expected memory usage ": 806052769.9923745,
         "actual memory usage": 766293040
      },
      {
         "name": "bigwig_00000021",
         "machine": 17,
         "start": 25911114.669627562,
         "finish": 27344981.044627562,
         "expected runtime on this machine ": "1468495.6454618275",
         "actual runtime on this machine ": "1433866.375",
         "expected memory usage ": 1125956597.1620042,
         "actual memory usage": 1277481520
      },
      {
         "name": "consensus_peaks_00000008",
         "machine": 2,
         "start": 25911209.119627476,
         "finish": 25911303.369627476,
         "expected runtime on this machine ": "92.4149953455896",
         "actual runtime on this machine ": "94.25",
         "expected memory usage ": 44839059.80228522,
         "actual memory usage": 50000000
      },
      {
         "name": "macs2_qc_00000017",
         "machine": 1,
         "start": 26052635.343823925,
         "finish": 26052729.593823925,
         "expected runtime on this machine ": "84.73912200222705",
         "actual runtime on this machine ": "94.25",
         "expected memory usage ": 49037023.756215155,
         "actual memory usage": 50000000
      },
      {
         "name": "igv_00000022",
         "machine": 1,
         "start": 27344981.144627463,
         "finish": 27345075.394627463,
         "expected runtime on this machine ": "92.21580209782604",
         "actual runtime on this machine ": "94.25",
         "expected memory usage ": 51958965.291683294,
         "actual memory usage": 50000000
      },
      {
         "name": "macs2_annotate_00000023",
         "machine": 2,
         "start": 26051209.368008077,
         "finish": 26051303.618008077,
         "expected runtime on this machine ": "90.81747985053919",
         "actual runtime on this machine ": "94.25",
         "expected memory usage ": 45764344.353488564,
         "actual memory usage": 50000000
      },
      {
         "name": "consensus_peaks_deseq2_00000018",
         "machine": 2,
         "start": 26052063.64089381,
         "finish": 26052157.89089381,
         "expected runtime on this machine ": "95.9370875598697",
         "actual runtime on this machine ": "94.25",
         "expected memory usage ": 63665783.87315746,
         "actual memory usage": 50000000
      },
      {
         "name": "consensus_peaks_annotate_00000024",
         "machine": 1,
         "start": 26052918.293823928,
         "finish": 26053012.543823928,
         "expected runtime on this machine ": "102.55619291925976",
         "actual runtime on this machine ": "94.25",
         "expected memory usage ": 51198597.815506704,
         "actual memory usage": 50000000
      },
      {
         "name": "sort_bam_00000011",
         "machine": 17,
         "start": 13490999.919627564,
         "finish": 14291844.763377564,
         "expected runtime on this machine ": "657961.7968862224",
         "actual runtime on this machine ": "800844.84375",
         "expected memory usage ": 3636358055.134453,
         "actual memory usage": 3616047664
      },
      {
         "name": "merged_bam_00000012",
         "machine": 16,
         "start": 16786655.21823802,
         "finish": 19399996.31198802,
         "expected runtime on this machine ": "2632484.581164682",
         "actual runtime on this machine ": "2613341.09375",
         "expected memory usage ": 4883989224.298085,
         "actual memory usage": 5023374896
      },
      {
         "name": "preseq_00000013",
         "machine": 8,
         "start": 19473615.869788017,
         "finish": 25496212.70312135,
         "expected runtime on this machine ": "5659727.859150376",
         "actual runtime on this machine ": "6022596.833333333",
         "expected memory usage ": 28541506.42454206,
         "actual memory usage": 28217904
      },
      {
         "name": "plotprofile_00000016",
         "machine": 17,
         "start": 27344981.044627562,
         "finish": 30844990.638377562,
         "expected runtime on this machine ": "3473392.935049247",
         "actual runtime on this machine ": "3500009.59375",
         "expected memory usage ": 1460093318.246826,
         "actual memory usage": 1404150320
      },
      {
         "name": "get_software_versions_00000019",
         "machine": 2,
         "start": 26051875.14089381,
         "finish": 26051969.39089381,
         "expected runtime on this machine ": "101.57940952617315",
         "actual runtime on this machine ": "94.25",
         "expected memory usage ": 44333047.76820202,
         "actual memory usage": 50000000
      },
      {
         "name": "make_genome_filter_00000020",
         "machine": 14,
         "start": 0.0,
         "finish": 47.125,
         "expected runtime on this machine ": "48.06084749554475",
         "actual runtime on this machine ": "47.125",
         "expected memory usage ": 46601547.081429064,
         "actual memory usage": 50000000
      },
      {
         "name": "output_documentation_00000025",
         "machine": 2,
         "start": 26053862.68357647,
         "finish": 26053956.93357647,
         "expected runtime on this machine ": "84.52163810676845",
         "actual runtime on this machine ": "94.25",
         "expected memory usage ": 49194343.50670338,
         "actual memory usage": 50000000
      },
      {
         "name": "consensus_peaks_counts_00000026",
         "machine": 2,
         "start": 25911491.869627476,
         "finish": 25911586.119627476,
         "expected runtime on this machine ": "102.40624092877583",
         "actual runtime on this machine ": "94.25",
         "expected memory usage ": 51063585.09852991,
         "actual memory usage": 50000000
      },
      {
         "name": "consensus_peaks_deseq2_00000029",
         "machine": 1,
         "start": 26051398.5409025,
         "finish": 26051492.7909025,
         "expected runtime on this machine ": "94.47180304834795",
         "actual runtime on this machine ": "94.25",
         "expected memory usage ": 50345305.41979208,
         "actual memory usage": 50000000
      },
      {
         "name": "multiqc_00000041",
         "machine": 4,
         "start": 32627988.670510035,
         "finish": 32628000.451760035,
         "expected runtime on this machine ": "11.797912579831445",
         "actual runtime on this machine ": "11.78125",
         "expected memory usage ": 49382548.730581485,
         "actual memory usage": 50000000
      },
      {
         "name": "phantompeakqualtools_00000027",
         "machine": 3,
         "start": 30326355.65015156,
         "finish": 32627988.65015156,
         "expected runtime on this machine ": "2325493.4192207293",
         "actual runtime on this machine ": "2301633.0",
         "expected memory usage ": 558012070.7068847,
         "actual memory usage": 525769264
      },
      {
         "name": "macs2_00000028",
         "machine": 2,
         "start": 23902960.81823793,
         "finish": 23903055.06823793,
         "expected runtime on this machine ": "106.64817750983178",
         "actual runtime on this machine ": "94.25",
         "expected memory usage ": 58688910.55851394,
         "actual memory usage": 50000000
      },
      {
         "name": "macs2_annotate_00000034",
         "machine": 1,
         "start": 26051304.2909025,
         "finish": 26051398.5409025,
         "expected runtime on this machine ": "93.08777926559804",
         "actual runtime on this machine ": "94.25",
         "expected memory usage ": 49666919.382887885,
         "actual memory usage": 50000000
      },
      {
         "name": "macs2_qc_00000035",
         "machine": 2,
         "start": 26052629.14089381,
         "finish": 26052723.39089381,
         "expected runtime on this machine ": "71.0337894113263",
         "actual runtime on this machine ": "94.25",
         "expected memory usage ": 48490663.35566617,
         "actual memory usage": 50000000
      },
      {
         "name": "igv_00000036",
         "machine": 1,
         "start": 26052729.593823925,
         "finish": 26052823.843823925,
         "expected runtime on this machine ": "113.11703296565065",
         "actual runtime on this machine ": "94.25",
         "expected memory usage ": 48849020.63656095,
         "actual memory usage": 50000000
      },
      {
         "name": "consensus_peaks_00000047",
         "machine": 2,
         "start": 25792772.63073793,
         "finish": 25792866.88073793,
         "expected runtime on this machine ": "94.54317325419926",
         "actual runtime on this machine ": "94.25",
         "expected memory usage ": 46164669.473756745,
         "actual memory usage": 50000000
      },
      {
         "name": "trimgalore_00000030",
         "machine": 17,
         "start": 23.5625,
         "finish": 1476276.125,
         "expected runtime on this machine ": "1350186.3063373982",
         "actual runtime on this machine ": "1476252.5625",
         "expected memory usage ": 1513502451.9720964,
         "actual memory usage": 1365266992
      },
      {
         "name": "bwa_mem_00000038",
         "machine": 16,
         "start": 3189042.4916,
         "finish": 8249529.335349999,
         "expected runtime on this machine ": "5430523.87017951",
         "actual runtime on this machine ": "5060486.84375",
         "expected memory usage ": 6213148377.393407,
         "actual memory usage": 5856992816
      },
      {
         "name": "make_genome_filter_00000031",
         "machine": 11,
         "start": 0.0,
         "finish": 31.416666666666668,
         "expected runtime on this machine ": "31.52334247622971",
         "actual runtime on this machine ": "31.416666666666668",
         "expected memory usage ": 44668373.40036826,
         "actual memory usage": 50000000
      },
      {
         "name": "merged_bam_filter_00000037",
         "machine": 16,
         "start": 22013337.40573802,
         "finish": 23902960.71823802,
         "expected runtime on this machine ": "1858815.194197867",
         "actual runtime on this machine ": "1889623.3125",
         "expected memory usage ": 26077896.48357515,
         "actual memory usage": 29795376
      },
      {
         "name": "bigwig_00000039",
         "machine": 3,
         "start": 23958613.30640156,
         "finish": 25392479.68140156,
         "expected runtime on this machine ": "1568305.9795702756",
         "actual runtime on this machine ": "1433866.375",
         "expected memory usage ": 1190576080.143501,
         "actual memory usage": 1277481520
      },
      {
         "name": "preseq_00000032",
         "machine": 0,
         "start": 20382055.955649998,
         "finish": 29415951.205649998,
         "expected runtime on this machine ": "7849042.744293913",
         "actual runtime on this machine ": "9033895.25",
         "expected memory usage ": 27719443.417933166,
         "actual memory usage": 28217904
      },
      {
         "name": "picard_metrics_00000033",
         "machine": 16,
         "start": 31356220.28073802,
         "finish": 32023014.90573802,
         "expected runtime on this machine ": "715379.2823471753",
         "actual runtime on this machine ": "666794.625",
         "expected memory usage ": 800088891.8744776,
         "actual memory usage": 766293040
      },
      {
         "name": "plotfingerprint_00000050",
         "machine": 2,
         "start": 26052252.14089381,
         "finish": 26052346.39089381,
         "expected runtime on this machine ": "89.60582651203018",
         "actual runtime on this machine ": "94.25",
         "expected memory usage ": 51451512.91763785,
         "actual memory usage": 50000000
      },
      {
         "name": "sort_bam_00000040",
         "machine": 17,
         "start": 11833775.39785,
         "finish": 12634620.2416,
         "expected runtime on this machine ": "856379.6780275648",
         "actual runtime on this machine ": "800844.84375",
         "expected memory usage ": 3187095738.317178,
         "actual memory usage": 3616047664
      },
      {
         "name": "plotprofile_00000044",
         "machine": 5,
         "start": 25510915.97029119,
         "finish": 29010925.56404119,
         "expected runtime on this machine ": "4319811.515031274",
         "actual runtime on this machine ": "3500009.59375",
         "expected memory usage ": 1588176264.1721375,
         "actual memory usage": 1404150320
      },
      {
         "name": "merged_bam_00000046",
         "machine": 15,
         "start": 17695095.3041,
         "finish": 20308436.39785,
         "expected runtime on this machine ": "2454682.2210033126",
         "actual runtime on this machine ": "2613341.09375",
         "expected memory usage ": 5826853573.917615,
         "actual memory usage": 5023374896
      },
      {
         "name": "fastqc_00000042",
         "machine": 17,
         "start": 30844990.638377562,
         "finish": 31474750.919627562,
         "expected runtime on this machine ": "736344.6749586483",
         "actual runtime on this machine ": "629760.28125",
         "expected memory usage ": 689652769.4683359,
         "actual memory usage": 692024368
      },
      {
         "name": "consensus_peaks_annotate_00000043",
         "machine": 1,
         "start": 26052823.943823926,
         "finish": 26052918.193823926,
         "expected runtime on this machine ": "107.06571864508606",
         "actual runtime on this machine ": "94.25",
         "expected memory usage ": 44346460.9896992,
         "actual memory usage": 50000000
      },
      {
         "name": "get_software_versions_00000045",
         "machine": 1,
         "start": 26052069.13329118,
         "finish": 26052163.38329118,
         "expected runtime on this machine ": "94.96053274217219",
         "actual runtime on this machine ": "94.25",
         "expected memory usage ": 50890011.45579348,
         "actual memory usage": 50000000
      },
      {
         "name": "output_documentation_00000048",
         "machine": 2,
         "start": 26053297.18357647,
         "finish": 26053391.43357647,
         "expected runtime on this machine ": "91.2544452068597",
         "actual runtime on this machine ": "94.25",
         "expected memory usage ": 47277614.374808826,
         "actual memory usage": 50000000
      },
      {
         "name": "check_design_00000049",
         "machine": 17,
         "start": 0.0,
         "finish": 11.78125,
         "expected runtime on this machine ": "23.5625",
         "actual runtime on this machine ": "11.78125",
         "expected memory usage ": 50013849.38600925,
         "actual memory usage": 50000000
      },
      {
         "name": "consensus_peaks_counts_00000051",
         "machine": 2,
         "start": 25911688.625868227,
         "finish": 25911782.875868227,
         "expected runtime on this machine ": "104.74618562432315",
         "actual runtime on this machine ": "94.25",
         "expected memory usage ": 47902454.10829121,
         "actual memory usage": 50000000
      },
      {
         "name": "consensus_peaks_deseq2_00000054",
         "machine": 1,
         "start": 26052258.343823925,
         "finish": 26052352.593823925,
         "expected runtime on this machine ": "90.31163586708493",
         "actual runtime on this machine ": "94.25",
         "expected memory usage ": 43925823.09108716,
         "actual memory usage": 50000000
      },
      {
         "name": "multiqc_00000066",
         "machine": 3,
         "start": 33423487.802466553,
         "finish": 33423499.583716553,
         "expected runtime on this machine ": "11.703844619396166",
         "actual runtime on this machine ": "11.78125",
         "expected memory usage ": 53649736.072385155,
         "actual memory usage": 50000000
      },
      {
         "name": "phantompeakqualtools_00000052",
         "machine": 13,
         "start": 24216955.782108076,
         "finish": 33423487.782108076,
         "expected runtime on this machine ": "8121002.530293449",
         "actual runtime on this machine ": "9206532.0",
         "expected memory usage ": 511830199.60422367,
         "actual memory usage": 525769264
      },
      {
         "name": "macs2_00000053",
         "machine": 2,
         "start": 24161303.205508076,
         "finish": 24161397.455508076,
         "expected runtime on this machine ": "107.840242234499",
         "actual runtime on this machine ": "94.25",
         "expected memory usage ": 44163139.078823395,
         "actual memory usage": 50000000
      },
      {
         "name": "macs2_annotate_00000059",
         "machine": 2,
         "start": 26051115.118008077,
         "finish": 26051209.368008077,
         "expected runtime on this machine ": "92.14739594188305",
         "actual runtime on this machine ": "94.25",
         "expected memory usage ": 45301025.62064349,
         "actual memory usage": 50000000
      },
      {
         "name": "macs2_qc_00000060",
         "machine": 1,
         "start": 26051685.96706268,
         "finish": 26051780.21706268,
         "expected runtime on this machine ": "109.68368657851464",
         "actual runtime on this machine ": "94.25",
         "expected memory usage ": 45508835.072313316,
         "actual memory usage": 50000000
      },
      {
         "name": "igv_00000061",
         "machine": 2,
         "start": 26053956.93357647,
         "finish": 26054051.18357647,
         "expected runtime on this machine ": "82.55247101898293",
         "actual runtime on this machine ": "94.25",
         "expected memory usage ": 46613504.6371495,
         "actual memory usage": 50000000
      },
      {
         "name": "consensus_peaks_00000072",
         "machine": 2,
         "start": 25792962.113374893,
         "finish": 25793056.363374893,
         "expected runtime on this machine ": "87.08502241854809",
         "actual runtime on this machine ": "94.25",
         "expected memory usage ": 53445917.266731136,
         "actual memory usage": 50000000
      },
      {
         "name": "trimgalore_00000055",
         "machine": 5,
         "start": 237125.0227,
         "finish": 1713377.5852,
         "expected runtime on this machine ": "1307868.832014788",
         "actual runtime on this machine ": "1476252.5625",
         "expected memory usage ": 1389429236.3825161,
         "actual memory usage": 1365266992
      },
      {
         "name": "bwa_mem_00000063",
         "machine": 16,
         "start": 8249529.335349999,
         "finish": 13310016.1791,
         "expected runtime on this machine ": "4882403.7187735215",
         "actual runtime on this machine ": "5060486.84375",
         "expected memory usage ": 6437221285.71244,
         "actual memory usage": 5856992816
      },
      {
         "name": "make_genome_filter_00000056",
         "machine": 12,
         "start": 0.0,
         "finish": 47.125,
         "expected runtime on this machine ": "37.940443830040465",
         "actual runtime on this machine ": "47.125",
         "expected memory usage ": 53992779.05854197,
         "actual memory usage": 50000000
      },
      {
         "name": "merged_bam_filter_00000062",
         "machine": 15,
         "start": 22271679.793008164,
         "finish": 24161303.105508164,
         "expected runtime on this machine ": "1731442.3761810884",
         "actual runtime on this machine ": "1889623.3125",
         "expected memory usage ": 33032839.993206996,
         "actual memory usage": 29795376
      },
      {
         "name": "bigwig_00000064",
         "machine": 4,
         "start": 24216955.693671703,
         "finish": 25650822.068671703,
         "expected runtime on this machine ": "1544775.787347477",
         "actual runtime on this machine ": "1433866.375",
         "expected memory usage ": 1214317966.7346067,
         "actual memory usage": 1277481520
      },
      {
         "name": "preseq_00000057",
         "machine": 14,
         "start": 22086956.963538017,
         "finish": 26603904.588538017,
         "expected runtime on this machine ": "5418957.292540205",
         "actual runtime on this machine ": "4516947.625",
         "expected memory usage ": 25898566.326932088,
         "actual memory usage": 28217904
      },
      {
         "name": "picard_metrics_00000058",
         "machine": 8,
         "start": 25496212.70312135,
         "finish": 29052450.70312135,
         "expected runtime on this machine ": "4032353.166331612",
         "actual runtime on this machine ": "3556238.0",
         "expected memory usage ": 736916151.9561911,
         "actual memory usage": 766293040
      },
      {
         "name": "plotfingerprint_00000075",
         "machine": 2,
         "start": 26051492.118008077,
         "finish": 26051586.368008077,
         "expected runtime on this machine ": "113.0114154978327",
         "actual runtime on this machine ": "94.25",
         "expected memory usage ": 47284640.3706855,
         "actual memory usage": 50000000
      },
      {
         "name": "sort_bam_00000065",
         "machine": 16,
         "start": 13310016.1791,
         "finish": 14110861.02285,
         "expected runtime on this machine ": "857978.7529787291",
         "actual runtime on this machine ": "800844.84375",
         "expected memory usage ": 4374882190.269094,
         "actual memory usage": 3616047664
      },
      {
         "name": "plotprofile_00000069",
         "machine": 4,
         "start": 25761731.48101918,
         "finish": 29261741.07476918,
         "expected runtime on this machine ": "3852051.4601193257",
         "actual runtime on this machine ": "3500009.59375",
         "expected memory usage ": 1242080814.5804758,
         "actual memory usage": 1404150320
      },
      {
         "name": "merged_bam_00000071",
         "machine": 16,
         "start": 19399996.31198802,
         "finish": 22013337.40573802,
         "expected runtime on this machine ": "2421489.039419286",
         "actual runtime on this machine ": "2613341.09375",
         "expected memory usage ": 5276838046.379111,
         "actual memory usage": 5023374896
      },
      {
         "name": "fastqc_00000067",
         "machine": 16,
         "start": 32023014.90573802,
         "finish": 32652775.18698802,
         "expected runtime on this machine ": "674001.8378518256",
         "actual runtime on this machine ": "629760.28125",
         "expected memory usage ": 645801462.5894862,
         "actual memory usage": 692024368
      },
      {
         "name": "consensus_peaks_annotate_00000068",
         "machine": 2,
         "start": 26054051.18357647,
         "finish": 26054145.43357647,
         "expected runtime on this machine ": "78.40912285482108",
         "actual runtime on this machine ": "94.25",
         "expected memory usage ": 53684427.995730035,
         "actual memory usage": 50000000
      },
      {
         "name": "get_software_versions_00000070",
         "machine": 1,
         "start": 26051874.56706259,
         "finish": 26051968.81706259,
         "expected runtime on this machine ": "103.87706830814227",
         "actual runtime on this machine ": "94.25",
         "expected memory usage ": 52676614.31723879,
         "actual memory usage": 50000000
      },
      {
         "name": "output_documentation_00000073",
         "machine": 2,
         "start": 26053485.68357647,
         "finish": 26053579.93357647,
         "expected runtime on this machine ": "87.66509737892292",
         "actual runtime on this machine ": "94.25",
         "expected memory usage ": 50798478.784477584,
         "actual memory usage": 50000000
      },
      {
         "name": "check_design_00000074",
         "machine": 17,
         "start": 11.78125,
         "finish": 23.5625,
         "expected runtime on this machine ": "23.5625",
         "actual runtime on this machine ": "11.78125",
         "expected memory usage ": 45033410.66261297,
         "actual memory usage": 50000000
      },
      {
         "name": "consensus_peaks_counts_00000076",
         "machine": 1,
         "start": 26051115.018008076,
         "finish": 26051209.268008076,
         "expected runtime on this machine ": "85.95380648921451",
         "actual runtime on this machine ": "94.25",
         "expected memory usage ": 48944078.02836412,
         "actual memory usage": 50000000
      },
      {
         "name": "consensus_peaks_deseq2_00000079",
         "machine": 2,
         "start": 26051586.46800808,
         "finish": 26051680.71800808,
         "expected runtime on this machine ": "100.0728858181158",
         "actual runtime on this machine ": "94.25",
         "expected memory usage ": 58206322.95136455,
         "actual memory usage": 50000000
      },
      {
         "name": "multiqc_00000091",
         "machine": 3,
         "start": 32857540.472475987,
         "finish": 32857552.253725987,
         "expected runtime on this machine ": "13.174130045970523",
         "actual runtime on this machine ": "11.78125",
         "expected memory usage ": 50471066.67599145,
         "actual memory usage": 50000000
      },
      {
         "name": "phantompeakqualtools_00000077",
         "machine": 4,
         "start": 29317299.40136918,
         "finish": 31618932.40136918,
         "expected runtime on this machine ": "2737788.0226742215",
         "actual runtime on this machine ": "2301633.0",
         "expected memory usage ": 615874393.1868039,
         "actual memory usage": 525769264
      },
      {
         "name": "macs2_00000078",
         "machine": 1,
         "start": 26050926.518008076,
         "finish": 26051020.768008076,
         "expected runtime on this machine ": "78.22569482203484",
         "actual runtime on this machine ": "94.25",
         "expected memory usage ": 51887900.44993648,
         "actual memory usage": 50000000
      },
      {
         "name": "macs2_annotate_00000084",
         "machine": 2,
         "start": 26051020.868008077,
         "finish": 26051115.118008077,
         "expected runtime on this machine ": "100.85584959177866",
         "actual runtime on this machine ": "94.25",
         "expected memory usage ": 47875329.46708612,
         "actual memory usage": 50000000
      },
      {
         "name": "macs2_qc_00000085",
         "machine": 1,
         "start": 26051587.262705546,
         "finish": 26051681.512705546,
         "expected runtime on this machine ": "98.70435713081656",
         "actual runtime on this machine ": "94.25",
         "expected memory usage ": 43724185.21604837,
         "actual memory usage": 50000000
      },
      {
         "name": "igv_00000086",
         "machine": 14,
         "start": 27484792.893008064,
         "finish": 27484840.018008064,
         "expected runtime on this machine ": "49.89053373309845",
         "actual runtime on this machine ": "47.125",
         "expected memory usage ": 42248325.40521229,
         "actual memory usage": 50000000
      },
      {
         "name": "consensus_peaks_00000097",
         "machine": 1,
         "start": 26051020.768008076,
         "finish": 26051115.018008076,
         "expected runtime on this machine ": "77.41410065153019",
         "actual runtime on this machine ": "94.25",
         "expected memory usage ": 53456615.257907175,
         "actual memory usage": 50000000
      },
      {
         "name": "trimgalore_00000080",
         "machine": 16,
         "start": 23.5625,
         "finish": 1476276.125,
         "expected runtime on this machine ": "1488822.472481915",
         "actual runtime on this machine ": "1476252.5625",
         "expected memory usage ": 1379596510.2195814,
         "actual memory usage": 1365266992
      },
      {
         "name": "bwa_mem_00000088",
         "machine": 15,
         "start": 1712789.9291,
         "finish": 6773276.77285,
         "expected runtime on this machine ": "5385845.740222027",
         "actual runtime on this machine ": "5060486.84375",
         "expected memory usage ": 5950373204.228937,
         "actual memory usage": 5856992816
      },
      {
         "name": "make_genome_filter_00000081",
         "machine": 6,
         "start": 0.0,
         "finish": 62.833333333333336,
         "expected runtime on this machine ": "59.53666580800379",
         "actual runtime on this machine ": "62.833333333333336",
         "expected memory usage ": 47705695.05624394,
         "actual memory usage": 50000000
      },
      {
         "name": "merged_bam_filter_00000087",
         "machine": 15,
         "start": 24161303.105508164,
         "finish": 26050926.418008164,
         "expected runtime on this machine ": "1773095.9331038364",
         "actual runtime on this machine ": "1889623.3125",
         "expected memory usage ": 30695597.21374479,
         "actual memory usage": 29795376
      },
      {
         "name": "bigwig_00000089",
         "machine": 15,
         "start": 26050926.418008164,
         "finish": 27484792.793008164,
         "expected runtime on this machine ": "1518686.2359696066",
         "actual runtime on this machine ": "1433866.375",
         "expected memory usage ": 1193378159.3985038,
         "actual memory usage": 1277481520
      },
      {
         "name": "preseq_00000082",
         "machine": 1,
         "start": 16860274.776038017,
         "finish": 25894170.026038017,
         "expected runtime on this machine ": "8036295.255769413",
         "actual runtime on this machine ": "9033895.25",
         "expected memory usage ": 28888143.82887142,
         "actual memory usage": 28217904
      },
      {
         "name": "picard_metrics_00000083",
         "machine": 17,
         "start": 32141545.544627562,
         "finish": 32808340.169627562,
         "expected runtime on this machine ": "670716.3156992194",
         "actual runtime on this machine ": "666794.625",
         "expected memory usage ": 795255337.6788375,
         "actual memory usage": 766293040
      },
      {
         "name": "plotfingerprint_00000100",
         "machine": 1,
         "start": 26051780.31706259,
         "finish": 26051874.56706259,
         "expected runtime on this machine ": "96.98997215019868",
         "actual runtime on this machine ": "94.25",
         "expected memory usage ": 46004425.0796989,
         "actual memory usage": 50000000
      },
      {
         "name": "sort_bam_00000090",
         "machine": 6,
         "start": 7023382.4201500015,
         "finish": 11294554.92015,
         "expected runtime on this machine ": "4384930.582726466",
         "actual runtime on this machine ": "4271172.5",
         "expected memory usage ": 2954608514.354372,
         "actual memory usage": 3616047664
      },
      {
         "name": "plotprofile_00000094",
         "machine": 15,
         "start": 27484792.793008164,
         "finish": 30984802.386758164,
         "expected runtime on this machine ": "3308194.709393719",
         "actual runtime on this machine ": "3500009.59375",
         "expected memory usage ": 1427840995.423764,
         "actual memory usage": 1404150320
      },
      {
         "name": "merged_bam_00000096",
         "machine": 16,
         "start": 14173314.12448802,
         "finish": 16786655.21823802,
         "expected runtime on this machine ": "2683700.861888281",
         "actual runtime on this machine ": "2613341.09375",
         "expected memory usage ": 5440670922.430717,
         "actual memory usage": 5023374896
      },
      {
         "name": "fastqc_00000092",
         "machine": 8,
         "start": 29498818.97246918,
         "finish": 32857540.47246918,
         "expected runtime on this machine ": "3217395.4231141824",
         "actual runtime on this machine ": "3358721.5",
         "expected memory usage ": 723314492.6302348,
         "actual memory usage": 692024368
      },
      {
         "name": "consensus_peaks_annotate_00000093",
         "machine": 2,
         "start": 26053202.93357647,
         "finish": 26053297.18357647,
         "expected runtime on this machine ": "93.78541205333521",
         "actual runtime on this machine ": "94.25",
         "expected memory usage ": 47487060.16394768,
         "actual memory usage": 50000000
      },
      {
         "name": "get_software_versions_00000095",
         "machine": 1,
         "start": 26051493.012705546,
         "finish": 26051587.262705546,
         "expected runtime on this machine ": "100.36488782532382",
         "actual runtime on this machine ": "94.25",
         "expected memory usage ": 55921559.87164195,
         "actual memory usage": 50000000
      },
      {
         "name": "output_documentation_00000098",
         "machine": 2,
         "start": 26053391.43357647,
         "finish": 26053485.68357647,
         "expected runtime on this machine ": "88.30444230419049",
         "actual runtime on this machine ": "94.25",
         "expected memory usage ": 55568110.22967369,
         "actual memory usage": 50000000
      },
      {
         "name": "check_design_00000099",
         "machine": 16,
         "start": 0.0,
         "finish": 11.78125,
         "expected runtime on this machine ": "23.5625",
         "actual runtime on this machine ": "11.78125",
         "expected memory usage ": 49848692.11202197,
         "actual memory usage": 50000000
      },
      {
         "name": "consensus_peaks_counts_00000101",
         "machine": 2,
         "start": 25911971.47586805,
         "finish": 25912065.72586805,
         "expected runtime on this machine ": "78.9903120153402",
         "actual runtime on this machine ": "94.25",
         "expected memory usage ": 48765962.93305285,
         "actual memory usage": 50000000
      },
      {
         "name": "consensus_peaks_deseq2_00000104",
         "machine": 2,
         "start": 26051969.39089381,
         "finish": 26052063.64089381,
         "expected runtime on this machine ": "90.39556038797826",
         "actual runtime on this machine ": "94.25",
         "expected memory usage ": 49732916.10230503,
         "actual memory usage": 50000000
      },
      {
         "name": "multiqc_00000116",
         "machine": 4,
         "start": 33070887.81677163,
         "finish": 33070899.59802163,
         "expected runtime on this machine ": "11.578101838579844",
         "actual runtime on this machine ": "11.78125",
         "expected memory usage ": 45148795.270649604,
         "actual memory usage": 50000000
      },
      {
         "name": "phantompeakqualtools_00000102",
         "machine": 12,
         "start": 22253618.03695,
         "finish": 31460150.03695,
         "expected runtime on this machine ": "9391083.273403095",
         "actual runtime on this machine ": "9206532.0",
         "expected memory usage ": 547739209.0698699,
         "actual memory usage": 525769264
      },
      {
         "name": "macs2_00000103",
         "machine": 2,
         "start": 25792678.38073793,
         "finish": 25792772.63073793,
         "expected runtime on this machine ": "86.7494590195087",
         "actual runtime on this machine ": "94.25",
         "expected memory usage ": 49240363.467218086,
         "actual memory usage": 50000000
      },
      {
         "name": "macs2_annotate_00000109",
         "machine": 1,
         "start": 26051209.268008076,
         "finish": 26051303.518008076,
         "expected runtime on this machine ": "95.0228944241841",
         "actual runtime on this machine ": "94.25",
         "expected memory usage ": 54122282.39126518,
         "actual memory usage": 50000000
      },
      {
         "name": "macs2_qc_00000110",
         "machine": 1,
         "start": 26051968.86706259,
         "finish": 26052063.11706259,
         "expected runtime on this machine ": "100.26622859172711",
         "actual runtime on this machine ": "94.25",
         "expected memory usage ": 57717823.122065395,
         "actual memory usage": 50000000
      },
      {
         "name": "igv_00000111",
         "machine": 1,
         "start": 26826346.15640146,
         "finish": 26826440.40640146,
         "expected runtime on this machine ": "99.70137548431985",
         "actual runtime on this machine ": "94.25",
         "expected memory usage ": 43860090.58583258,
         "actual memory usage": 50000000
      },
      {
         "name": "consensus_peaks_00000122",
         "machine": 2,
         "start": 25911397.619627476,
         "finish": 25911491.869627476,
         "expected runtime on this machine ": "76.45442802098583",
         "actual runtime on this machine ": "94.25",
         "expected memory usage ": 52801231.533840165,
         "actual memory usage": 50000000
      },
      {
         "name": "trimgalore_00000105",
         "machine": 15,
         "start": 35.34375,
         "finish": 1476287.90625,
         "expected runtime on this machine ": "1552180.8006634747",
         "actual runtime on this machine ": "1476252.5625",
         "expected memory usage ": 1404735338.2951853,
         "actual memory usage": 1365266992
      },
      {
         "name": "bwa_mem_00000113",
         "machine": 17,
         "start": 1712801.71035,
         "finish": 6773288.5541,
         "expected runtime on this machine ": "5490972.464210764",
         "actual runtime on this machine ": "5060486.84375",
         "expected memory usage ": 6337112644.869162,
         "actual memory usage": 5856992816
      },
      {
         "name": "make_genome_filter_00000106",
         "machine": 9,
         "start": 0.0,
         "finish": 31.416666666666668,
         "expected runtime on this machine ": "33.0457375021625",
         "actual runtime on this machine ": "31.416666666666668",
         "expected memory usage ": 55367062.8071956,
         "actual memory usage": 50000000
      },
      {
         "name": "merged_bam_filter_00000112",
         "machine": 15,
         "start": 20308436.39785,
         "finish": 22198059.71035,
         "expected runtime on this machine ": "2101557.59812466",
         "actual runtime on this machine ": "1889623.3125",
         "expected memory usage ": 30885238.671449777,
         "actual memory usage": 29795376
      },
      {
         "name": "bigwig_00000114",
         "machine": 3,
         "start": 25392479.68140156,
         "finish": 26826346.05640156,
         "expected runtime on this machine ": "1201125.0641388164",
         "actual runtime on this machine ": "1433866.375",
         "expected memory usage ": 1727030296.0055485,
         "actual memory usage": 1277481520
      },
      {
         "name": "preseq_00000107",
         "machine": 7,
         "start": 16978805.41492756,
         "finish": 23001402.248260893,
         "expected runtime on this machine ": "6648456.887456381",
         "actual runtime on this machine ": "6022596.833333333",
         "expected memory usage ": 28823146.239637967,
         "actual memory usage": 28217904
      },
      {
         "name": "picard_metrics_00000108",
         "machine": 7,
         "start": 29514649.81676918,
         "finish": 33070887.81676918,
         "expected runtime on this machine ": "3266169.6898186617",
         "actual runtime on this machine ": "3556238.0",
         "expected memory usage ": 865983071.5722129,
         "actual memory usage": 766293040
      },
      {
         "name": "plotfingerprint_00000125",
         "machine": 2,
         "start": 26051780.89089381,
         "finish": 26051875.14089381,
         "expected runtime on this machine ": "106.45663388076972",
         "actual runtime on this machine ": "94.25",
         "expected memory usage ": 49558701.03021186,
         "actual memory usage": 50000000
      },
      {
         "name": "sort_bam_00000115",
         "machine": 7,
         "start": 7023382.4201500015,
         "finish": 11294554.92015,
         "expected runtime on this machine ": "3759958.339865546",
         "actual runtime on this machine ": "4271172.5",
         "expected memory usage ": 2981807759.042048,
         "actual memory usage": 3616047664
      },
      {
         "name": "plotprofile_00000119",
         "machine": 16,
         "start": 27226450.40573802,
         "finish": 30726459.99948802,
         "expected runtime on this machine ": "3584801.681083241",
         "actual runtime on this machine ": "3500009.59375",
         "expected memory usage ": 1248168356.030173,
         "actual memory usage": 1404150320
      },
      {
         "name": "merged_bam_00000121",
         "machine": 17,
         "start": 14291844.763377564,
         "finish": 16905185.857127562,
         "expected runtime on this machine ": "2407506.800948152",
         "actual runtime on this machine ": "2613341.09375",
         "expected memory usage ": 4713981254.060556,
         "actual memory usage": 5023374896
      },
      {
         "name": "fastqc_00000117",
         "machine": 6,
         "start": 29498818.97246918,
         "finish": 32857540.47246918,
         "expected runtime on this machine ": "3343750.8458143515",
         "actual runtime on this machine ": "3358721.5",
         "expected memory usage ": 654930657.6094533,
         "actual memory usage": 692024368
      },
      {
         "name": "consensus_peaks_annotate_00000118",
         "machine": 2,
         "start": 26052911.89089381,
         "finish": 26053006.14089381,
         "expected runtime on this machine ": "106.91993356439892",
         "actual runtime on this machine ": "94.25",
         "expected memory usage ": 41404683.63900635,
         "actual memory usage": 50000000
      },
      {
         "name": "get_software_versions_00000120",
         "machine": 1,
         "start": 26052446.843823925,
         "finish": 26052541.093823925,
         "expected runtime on this machine ": "89.25176763588166",
         "actual runtime on this machine ": "94.25",
         "expected memory usage ": 45275928.78095727,
         "actual memory usage": 50000000
      },
      {
         "name": "output_documentation_00000123",
         "machine": 2,
         "start": 26053674.18357647,
         "finish": 26053768.43357647,
         "expected runtime on this machine ": "85.84982596131852",
         "actual runtime on this machine ": "94.25",
         "expected memory usage ": 43649401.72891249,
         "actual memory usage": 50000000
      },
      {
         "name": "check_design_00000124",
         "machine": 15,
         "start": 0.0,
         "finish": 11.78125,
         "expected runtime on this machine ": "23.5625",
         "actual runtime on this machine ": "11.78125",
         "expected memory usage ": 44513465.79720742,
         "actual memory usage": 50000000
      },
      {
         "name": "consensus_peaks_counts_00000126",
         "machine": 2,
         "start": 25911594.275868405,
         "finish": 25911688.525868405,
         "expected runtime on this machine ": "108.60072731676135",
         "actual runtime on this machine ": "94.25",
         "expected memory usage ": 46034125.07246843,
         "actual memory usage": 50000000
      },
      {
         "name": "consensus_peaks_deseq2_00000129",
         "machine": 1,
         "start": 26052541.093823925,
         "finish": 26052635.343823925,
         "expected runtime on this machine ": "93.79790373948771",
         "actual runtime on this machine ": "94.25",
         "expected memory usage ": 50463788.903189935,
         "actual memory usage": 50000000
      },
      {
         "name": "multiqc_00000141",
         "machine": 9,
         "start": 32332889.6931636,
         "finish": 32332921.109830268,
         "expected runtime on this machine ": "27.836708241533913",
         "actual runtime on this machine ": "31.416666666666668",
         "expected memory usage ": 51338935.25779184,
         "actual memory usage": 50000000
      },
      {
         "name": "phantompeakqualtools_00000127",
         "machine": 10,
         "start": 24077049.683727562,
         "finish": 30214737.683727562,
         "expected runtime on this machine ": "6472735.642757808",
         "actual runtime on this machine ": "6137688.0",
         "expected memory usage ": 547725342.4713204,
         "actual memory usage": 525769264
      },
      {
         "name": "macs2_00000128",
         "machine": 2,
         "start": 24161397.555507988,
         "finish": 24161491.805507988,
         "expected runtime on this machine ": "89.65371102900902",
         "actual runtime on this machine ": "94.25",
         "expected memory usage ": 54832974.243470624,
         "actual memory usage": 50000000
      },
      {
         "name": "macs2_annotate_00000134",
         "machine": 2,
         "start": 26051397.868008077,
         "finish": 26051492.118008077,
         "expected runtime on this machine ": "85.07751457336124",
         "actual runtime on this machine ": "94.25",
         "expected memory usage ": 47833215.58629896,
         "actual memory usage": 50000000
      },
      {
         "name": "macs2_qc_00000135",
         "machine": 2,
         "start": 26052723.39089381,
         "finish": 26052817.64089381,
         "expected runtime on this machine ": "80.37752802023634",
         "actual runtime on this machine ": "94.25",
         "expected memory usage ": 50712799.19868107,
         "actual memory usage": 50000000
      },
      {
         "name": "igv_00000136",
         "machine": 2,
         "start": 26053579.93357647,
         "finish": 26053674.18357647,
         "expected runtime on this machine ": "87.12798424329634",
         "actual runtime on this machine ": "94.25",
         "expected memory usage ": 52470858.88541155,
         "actual memory usage": 50000000
      },
      {
         "name": "consensus_peaks_00000147",
         "machine": 2,
         "start": 25792867.173911184,
         "finish": 25792961.423911184,
         "expected runtime on this machine ": "94.93946370990908",
         "actual runtime on this machine ": "94.25",
         "expected memory usage ": 52049353.846519664,
         "actual memory usage": 50000000
      },
      {
         "name": "trimgalore_00000130",
         "machine": 16,
         "start": 1476276.125,
         "finish": 2952528.6875,
         "expected runtime on this machine ": "1781393.0602485738",
         "actual runtime on this machine ": "1476252.5625",
         "expected memory usage ": 1541216956.4080222,
         "actual memory usage": 1365266992
      },
      {
         "name": "bwa_mem_00000138",
         "machine": 15,
         "start": 11833763.6166,
         "finish": 16894250.46035,
         "expected runtime on this machine ": "4473492.85911986",
         "actual runtime on this machine ": "5060486.84375",
         "expected memory usage ": 5792747448.716223,
         "actual memory usage": 5856992816
      },
      {
         "name": "make_genome_filter_00000131",
         "machine": 10,
         "start": 0.0,
         "finish": 31.416666666666668,
         "expected runtime on this machine ": "30.834910884711405",
         "actual runtime on this machine ": "31.416666666666668",
         "expected memory usage ": 56313869.979189396,
         "actual memory usage": 50000000
      },
      {
         "name": "merged_bam_filter_00000137",
         "machine": 17,
         "start": 22131868.044627562,
         "finish": 24021491.357127562,
         "expected runtime on this machine ": "1886582.9333067134",
         "actual runtime on this machine ": "1889623.3125",
         "expected memory usage ": 28475967.043371137,
         "actual memory usage": 29795376
      },
      {
         "name": "bigwig_00000139",
         "machine": 5,
         "start": 24077049.59529119,
         "finish": 25510915.97029119,
         "expected runtime on this machine ": "1164774.1347528726",
         "actual runtime on this machine ": "1433866.375",
         "expected memory usage ": 1278386219.0719767,
         "actual memory usage": 1277481520
      },
      {
         "name": "preseq_00000132",
         "machine": 7,
         "start": 23075021.80606089,
         "finish": 29097618.639394224,
         "expected runtime on this machine ": "6890034.214307594",
         "actual runtime on this machine ": "6022596.833333333",
         "expected memory usage ": 29856940.49541573,
         "actual memory usage": 28217904
      },
      {
         "name": "picard_metrics_00000133",
         "machine": 17,
         "start": 31474750.919627562,
         "finish": 32141545.544627562,
         "expected runtime on this machine ": "707581.9094829423",
         "actual runtime on this machine ": "666794.625",
         "expected memory usage ": 695638395.1508863,
         "actual memory usage": 766293040
      },
      {
         "name": "plotfingerprint_00000150",
         "machine": 2,
         "start": 26052534.89089381,
         "finish": 26052629.14089381,
         "expected runtime on this machine ": "95.46138211606724",
         "actual runtime on this machine ": "94.25",
         "expected memory usage ": 52721994.72047441,
         "actual memory usage": 50000000
      },
      {
         "name": "sort_bam_00000140",
         "machine": 15,
         "start": 16894250.46035,
         "finish": 17695095.3041,
         "expected runtime on this machine ": "684866.0118612039",
         "actual runtime on this machine ": "800844.84375",
         "expected memory usage ": 3846252876.8917975,
         "actual memory usage": 3616047664
      },
      {
         "name": "plotprofile_00000144",
         "machine": 3,
         "start": 26826346.05640156,
         "finish": 30326355.65015156,
         "expected runtime on this machine ": "3789837.3899036082",
         "actual runtime on this machine ": "3500009.59375",
         "expected memory usage ": 1378130042.3058763,
         "actual memory usage": 1404150320
      },
      {
         "name": "merged_bam_00000146",
         "machine": 17,
         "start": 19518526.950877562,
         "finish": 22131868.044627562,
         "expected runtime on this machine ": "1952243.9388830736",
         "actual runtime on this machine ": "2613341.09375",
         "expected memory usage ": 5396707315.726829,
         "actual memory usage": 5023374896
      },
      {
         "name": "fastqc_00000142",
         "machine": 15,
         "start": 31651597.011758164,
         "finish": 32281357.293008164,
         "expected runtime on this machine ": "681292.681398629",
         "actual runtime on this machine ": "629760.28125",
         "expected memory usage ": 690397639.00264,
         "actual memory usage": 692024368
      },
      {
         "name": "consensus_peaks_annotate_00000143",
         "machine": 2,
         "start": 26052817.64089381,
         "finish": 26052911.89089381,
         "expected runtime on this machine ": "110.47783596956153",
         "actual runtime on this machine ": "94.25",
         "expected memory usage ": 55868476.110569924,
         "actual memory usage": 50000000
      },
      {
         "name": "get_software_versions_00000145",
         "machine": 2,
         "start": 26052440.64089381,
         "finish": 26052534.89089381,
         "expected runtime on this machine ": "98.4152518808137",
         "actual runtime on this machine ": "94.25",
         "expected memory usage ": 54074579.7901671,
         "actual memory usage": 50000000
      },
      {
         "name": "output_documentation_00000148",
         "machine": 2,
         "start": 26053108.535463322,
         "finish": 26053202.785463322,
         "expected runtime on this machine ": "94.3981131468194",
         "actual runtime on this machine ": "94.25",
         "expected memory usage ": 48822109.214378476,
         "actual memory usage": 50000000
      },
      {
         "name": "check_design_00000149",
         "machine": 15,
         "start": 23.5625,
         "finish": 35.34375,
         "expected runtime on this machine ": "23.5625",
         "actual runtime on this machine ": "11.78125",
         "expected memory usage ": 44913772.09197113,
         "actual memory usage": 50000000
      },
      {
         "name": "consensus_peaks_counts_00000151",
         "machine": 2,
         "start": 25911782.97586805,
         "finish": 25911877.22586805,
         "expected runtime on this machine ": "92.79358027875261",
         "actual runtime on this machine ": "94.25",
         "expected memory usage ": 43714590.58032815,
         "actual memory usage": 50000000
      },
      {
         "name": "consensus_peaks_deseq2_00000154",
         "machine": 1,
         "start": 26052352.593823925,
         "finish": 26052446.843823925,
         "expected runtime on this machine ": "89.78249087243876",
         "actual runtime on this machine ": "94.25",
         "expected memory usage ": 49177790.48428025,
         "actual memory usage": 50000000
      },
      {
         "name": "multiqc_00000166",
         "machine": 5,
         "start": 32586877.549048875,
         "finish": 32586889.330298875,
         "expected runtime on this machine ": "11.518633000449062",
         "actual runtime on this machine ": "11.78125",
         "expected memory usage ": 44210574.28056284,
         "actual memory usage": 50000000
      },
      {
         "name": "phantompeakqualtools_00000152",
         "machine": 9,
         "start": 25848323.45679695,
         "finish": 31986011.45679695,
         "expected runtime on this machine ": "6523393.47531211",
         "actual runtime on this machine ": "6137688.0",
         "expected memory usage ": 569413332.531502,
         "actual memory usage": 525769264
      },
      {
         "name": "macs2_00000153",
         "machine": 2,
         "start": 25792584.13073793,
         "finish": 25792678.38073793,
         "expected runtime on this machine ": "86.88246629715262",
         "actual runtime on this machine ": "94.25",
         "expected memory usage ": 46899809.78364466,
         "actual memory usage": 50000000
      },
      {
         "name": "macs2_annotate_00000159",
         "machine": 2,
         "start": 26051303.618008077,
         "finish": 26051397.868008077,
         "expected runtime on this machine ": "82.7973535881366",
         "actual runtime on this machine ": "94.25",
         "expected memory usage ": 49816620.35812898,
         "actual memory usage": 50000000
      },
      {
         "name": "macs2_qc_00000160",
         "machine": 1,
         "start": 26052164.093823925,
         "finish": 26052258.343823925,
         "expected runtime on this machine ": "92.87446477395898",
         "actual runtime on this machine ": "94.25",
         "expected memory usage ": 42322240.194205016,
         "actual memory usage": 50000000
      },
      {
         "name": "igv_00000161",
         "machine": 1,
         "start": 27226450.50573792,
         "finish": 27226544.75573792,
         "expected runtime on this machine ": "92.76912528921015",
         "actual runtime on this machine ": "94.25",
         "expected memory usage ": 50823480.07839615,
         "actual memory usage": 50000000
      },
      {
         "name": "consensus_peaks_00000172",
         "machine": 2,
         "start": 25911303.369627476,
         "finish": 25911397.619627476,
         "expected runtime on this machine ": "75.52875369857716",
         "actual runtime on this machine ": "94.25",
         "expected memory usage ": 43717736.51880579,
         "actual memory usage": 50000000
      },
      {
         "name": "trimgalore_00000155",
         "machine": 4,
         "start": 237125.0227,
         "finish": 1713377.5852,
         "expected runtime on this machine ": "1535346.666236099",
         "actual runtime on this machine ": "1476252.5625",
         "expected memory usage ": 1378105985.77134,
         "actual memory usage": 1365266992
      },
      {
         "name": "bwa_mem_00000163",
         "machine": 17,
         "start": 6773288.5541,
         "finish": 11833775.39785,
         "expected runtime on this machine ": "4903401.922210432",
         "actual runtime on this machine ": "5060486.84375",
         "expected memory usage ": 5855555378.825225,
         "actual memory usage": 5856992816
      },
      {
         "name": "make_genome_filter_00000156",
         "machine": 13,
         "start": 0.0,
         "finish": 47.125,
         "expected runtime on this machine ": "51.91385184827609",
         "actual runtime on this machine ": "47.125",
         "expected memory usage ": 52722801.808417425,
         "actual memory usage": 50000000
      },
      {
         "name": "merged_bam_filter_00000162",
         "machine": 16,
         "start": 23902960.71823802,
         "finish": 25792584.03073802,
         "expected runtime on this machine ": "1729107.001393478",
         "actual runtime on this machine ": "1889623.3125",
         "expected memory usage ": 24102603.282992687,
         "actual memory usage": 29795376
      },
      {
         "name": "bigwig_00000164",
         "machine": 16,
         "start": 25792584.03073802,
         "finish": 27226450.40573802,
         "expected runtime on this machine ": "1372937.6522694232",
         "actual runtime on this machine ": "1433866.375",
         "expected memory usage ": 1290177097.1741867,
         "actual memory usage": 1277481520
      },
      {
         "name": "preseq_00000157",
         "machine": 6,
         "start": 19592146.50867756,
         "finish": 25614743.342010893,
         "expected runtime on this machine ": "5962414.127915422",
         "actual runtime on this machine ": "6022596.833333333",
         "expected memory usage ": 29468059.728900515,
         "actual memory usage": 28217904
      },
      {
         "name": "picard_metrics_00000158",
         "machine": 4,
         "start": 31871841.14336918,
         "finish": 32538635.76836918,
         "expected runtime on this machine ": "715036.4056772434",
         "actual runtime on this machine ": "666794.625",
         "expected memory usage ": 641597999.805901,
         "actual memory usage": 766293040
      },
      {
         "name": "plotfingerprint_00000175",
         "machine": 2,
         "start": 26052157.89089381,
         "finish": 26052252.14089381,
         "expected runtime on this machine ": "92.92392261275634",
         "actual runtime on this machine ": "94.25",
         "expected memory usage ": 53174843.64229139,
         "actual memory usage": 50000000
      },
      {
         "name": "sort_bam_00000165",
         "machine": 17,
         "start": 12690155.075877564,
         "finish": 13490999.919627564,
         "expected runtime on this machine ": "752244.563324234",
         "actual runtime on this machine ": "800844.84375",
         "expected memory usage ": 3476146647.4803934,
         "actual memory usage": 3616047664
      },
      {
         "name": "plotprofile_00000169",
         "machine": 5,
         "start": 29023195.26184119,
         "finish": 32523204.85559119,
         "expected runtime on this machine ": "3203631.4183053747",
         "actual runtime on this machine ": "3500009.59375",
         "expected memory usage ": 1438755376.0032687,
         "actual memory usage": 1404150320
      },
      {
         "name": "merged_bam_00000171",
         "machine": 17,
         "start": 16905185.857127562,
         "finish": 19518526.950877562,
         "expected runtime on this machine ": "2594191.9087879937",
         "actual runtime on this machine ": "2613341.09375",
         "expected memory usage ": 5013004935.928774,
         "actual memory usage": 5023374896
      },
      {
         "name": "fastqc_00000167",
         "machine": 16,
         "start": 30726459.99948802,
         "finish": 31356220.28073802,
         "expected runtime on this machine ": "753889.353895894",
         "actual runtime on this machine ": "629760.28125",
         "expected memory usage ": 731263137.6474009,
         "actual memory usage": 692024368
      },
      {
         "name": "consensus_peaks_annotate_00000168",
         "machine": 2,
         "start": 26053768.43357647,
         "finish": 26053862.68357647,
         "expected runtime on this machine ": "85.40134248950514",
         "actual runtime on this machine ": "94.25",
         "expected memory usage ": 47879138.71902615,
         "actual memory usage": 50000000
      },
      {
         "name": "get_software_versions_00000170",
         "machine": 2,
         "start": 26052346.39089381,
         "finish": 26052440.64089381,
         "expected runtime on this machine ": "91.30448244451954",
         "actual runtime on this machine ": "94.25",
         "expected memory usage ": 55947835.872628935,
         "actual memory usage": 50000000
      },
      {
         "name": "output_documentation_00000173",
         "machine": 2,
         "start": 26053006.14089381,
         "finish": 26053100.39089381,
         "expected runtime on this machine ": "102.39456951155393",
         "actual runtime on this machine ": "94.25",
         "expected memory usage ": 51486751.92045966,
         "actual memory usage": 50000000
      },
      {
         "name": "check_design_00000174",
         "machine": 16,
         "start": 11.78125,
         "finish": 23.5625,
         "expected runtime on this machine ": "23.5625",
         "actual runtime on this machine ": "11.78125",
         "expected memory usage ": 56442285.150159076,
         "actual memory usage": 50000000
      }
   ],
   "failed": [
      {
         "time": 6856645.321950001,
         "task": "sort_bam_00000090",
         "machine": 3,
         "reason": "InsufficientMemoryException",
         "occupied by ": "",
         "expected runtime ": 26309583.496358793,
         "actual runtime ": 25627035,
         "expected memory usage ": 2954608514.354372,
         "actual memory usage": 3616047664
      },
      {
         "time": 6940013.871050001,
         "task": "sort_bam_00000115",
         "machine": 4,
         "reason": "InsufficientMemoryException",
         "occupied by ": "",
         "expected runtime ": 22559750.039193276,
         "actual runtime ": 25627035,
         "expected memory usage ": 2981807759.042048,
         "actual memory usage": 3616047664
      },
      {
         "time": 8332897.88445,
         "task": "sort_bam_00000040",
         "machine": 3,
         "reason": "InsufficientMemoryException",
         "occupied by ": "",
         "expected runtime ": 27404149.696882073,
         "actual runtime ": 25627035,
         "expected memory usage ": 3187095738.317178,
         "actual memory usage": 3616047664
      },
      {
         "time": 13442399.639201798,
         "task": "sort_bam_00000011",
         "machine": 17,
         "reason": "MachineInUseException",
         "occupied by ": "sort_bam_00000165",
         "expected runtime ": 21054777.500359118,
         "actual runtime ": 25627035,
         "expected memory usage ": 3636358055.134453,
         "actual memory usage": 3616047664
      },
      {
         "time": 14100361.43608802,
         "task": "merged_bam_00000096",
         "machine": 17,
         "reason": "MachineInUseException",
         "occupied by ": "sort_bam_00000011",
         "expected runtime ": 85878427.580425,
         "actual runtime ": 83626915,
         "expected memory usage ": 5440670922.430717,
         "actual memory usage": 5023374896
      },
      {
         "time": 16699351.564325716,
         "task": "merged_bam_00000012",
         "machine": 17,
         "reason": "MachineInUseException",
         "occupied by ": "merged_bam_00000121",
         "expected runtime ": 84239506.59726982,
         "actual runtime ": 83626915,
         "expected memory usage ": 4883989224.298085,
         "actual memory usage": 5023374896
      },
      {
         "time": 17579116.472211204,
         "task": "merged_bam_00000046",
         "machine": 15,
         "reason": "MachineInUseException",
         "occupied by ": "sort_bam_00000140",
         "expected runtime ": 78549831.072106,
         "actual runtime ": 83626915,
         "expected memory usage ": 5826853573.917615,
         "actual memory usage": 5023374896
      },
      {
         "time": 20149777.525103312,
         "task": "merged_bam_filter_00000112",
         "machine": 15,
         "reason": "MachineInUseException",
         "occupied by ": "merged_bam_00000046",
         "expected runtime ": 67249843.13998912,
         "actual runtime ": 60467946,
         "expected memory usage ": 30885238.671449777,
         "actual memory usage": 29795376
      },
      {
         "time": 25792671.013204228,
         "task": "macs2_00000103",
         "machine": 2,
         "reason": "MachineInUseException",
         "occupied by ": "macs2_00000153",
         "expected runtime ": 346.9978360780348,
         "actual runtime ": 377,
         "expected memory usage ": 49240363.467218086,
         "actual memory usage": 50000000
      },
      {
         "time": 25792765.13019695,
         "task": "consensus_peaks_00000047",
         "machine": 2,
         "reason": "MachineInUseException",
         "occupied by ": "macs2_00000103",
         "expected runtime ": 378.17269301679704,
         "actual runtime ": 377,
         "expected memory usage ": 46164669.473756745,
         "actual memory usage": 50000000
      },
      {
         "time": 25911301.534622822,
         "task": "consensus_peaks_00000172",
         "machine": 2,
         "reason": "MachineInUseException",
         "occupied by ": "consensus_peaks_00000008",
         "expected runtime ": 302.11501479430865,
         "actual runtime ": 377,
         "expected memory usage ": 43717736.51880579,
         "actual memory usage": 50000000
      },
      {
         "time": 25911378.898381174,
         "task": "consensus_peaks_00000122",
         "machine": 2,
         "reason": "MachineInUseException",
         "occupied by ": "consensus_peaks_00000172",
         "expected runtime ": 305.8177120839433,
         "actual runtime ": 377,
         "expected memory usage ": 52801231.533840165,
         "actual memory usage": 50000000
      },
      {
         "time": 25911474.074055497,
         "task": "consensus_peaks_counts_00000026",
         "machine": 2,
         "reason": "MachineInUseException",
         "occupied by ": "consensus_peaks_00000122",
         "expected runtime ": 409.6249637151033,
         "actual runtime ": 377,
         "expected memory usage ": 51063585.09852991,
         "actual memory usage": 50000000
      },
      {
         "time": 25911875.76944833,
         "task": "consensus_peaks_counts_00000007",
         "machine": 2,
         "reason": "MachineInUseException",
         "occupied by ": "consensus_peaks_counts_00000151",
         "expected runtime ": 331.5172618923136,
         "actual runtime ": 377,
         "expected memory usage ": 44612917.83765218,
         "actual memory usage": 50000000
      },
      {
         "time": 25911958.648763802,
         "task": "consensus_peaks_counts_00000101",
         "machine": 2,
         "reason": "MachineInUseException",
         "occupied by ": "consensus_peaks_counts_00000007",
         "expected runtime ": 315.9612480613608,
         "actual runtime ": 377,
         "expected memory usage ": 48765962.93305285,
         "actual memory usage": 50000000
      },
      {
         "time": 26051200.971814565,
         "task": "macs2_annotate_00000109",
         "machine": 1,
         "reason": "MachineInUseException",
         "occupied by ": "consensus_peaks_counts_00000076",
         "expected runtime ": 380.0915776967364,
         "actual runtime ": 377,
         "expected memory usage ": 54122282.39126518,
         "actual memory usage": 50000000
      },
      {
         "time": 26051300.185487926,
         "task": "macs2_annotate_00000159",
         "machine": 2,
         "reason": "MachineInUseException",
         "occupied by ": "macs2_annotate_00000023",
         "expected runtime ": 331.1894143525464,
         "actual runtime ": 377,
         "expected memory usage ": 49816620.35812898,
         "actual memory usage": 50000000
      },
      {
         "time": 26051382.982841514,
         "task": "macs2_annotate_00000134",
         "machine": 2,
         "reason": "MachineInUseException",
         "occupied by ": "macs2_annotate_00000159",
         "expected runtime ": 340.31005829344497,
         "actual runtime ": 377,
         "expected memory usage ": 47833215.58629896,
         "actual memory usage": 50000000
      },
      {
         "time": 26051482.94552265,
         "task": "plotfingerprint_00000075",
         "machine": 2,
         "reason": "MachineInUseException",
         "occupied by ": "macs2_annotate_00000134",
         "expected runtime ": 452.0456619913308,
         "actual runtime ": 377,
         "expected memory usage ": 47284640.3706855,
         "actual memory usage": 50000000
      },
      {
         "time": 26052059.786454197,
         "task": "consensus_peaks_deseq2_00000018",
         "machine": 2,
         "reason": "MachineInUseException",
         "occupied by ": "consensus_peaks_deseq2_00000104",
         "expected runtime ": 383.7483502394788,
         "actual runtime ": 377,
         "expected memory usage ": 63665783.87315746,
         "actual memory usage": 50000000
      },
      {
         "time": 26052155.723541755,
         "task": "plotfingerprint_00000175",
         "machine": 2,
         "reason": "MachineInUseException",
         "occupied by ": "consensus_peaks_deseq2_00000018",
         "expected runtime ": 371.69569045102537,
         "actual runtime ": 377,
         "expected memory usage ": 53174843.64229139,
         "actual memory usage": 50000000
      },
      {
         "time": 26052248.64746437,
         "task": "plotfingerprint_00000050",
         "machine": 2,
         "reason": "MachineInUseException",
         "occupied by ": "plotfingerprint_00000175",
         "expected runtime ": 358.4233060481207,
         "actual runtime ": 377,
         "expected memory usage ": 51451512.91763785,
         "actual memory usage": 50000000
      },
      {
         "time": 26052256.968288697,
         "task": "consensus_peaks_deseq2_00000054",
         "machine": 1,
         "reason": "MachineInUseException",
         "occupied by ": "macs2_qc_00000160",
         "expected runtime ": 361.2465434683397,
         "actual runtime ": 377,
         "expected memory usage ": 43925823.09108716,
         "actual memory usage": 50000000
      },
      {
         "time": 26052338.25329088,
         "task": "get_software_versions_00000170",
         "machine": 2,
         "reason": "MachineInUseException",
         "occupied by ": "plotfingerprint_00000050",
         "expected runtime ": 365.21792977807814,
         "actual runtime ": 377,
         "expected memory usage ": 55947835.872628935,
         "actual memory usage": 50000000
      },
      {
         "time": 26052347.279924564,
         "task": "consensus_peaks_deseq2_00000154",
         "machine": 1,
         "reason": "MachineInUseException",
         "occupied by ": "consensus_peaks_deseq2_00000054",
         "expected runtime ": 359.129963489755,
         "actual runtime ": 377,
         "expected memory usage ": 49177790.48428025,
         "actual memory usage": 50000000
      },
      {
         "time": 26052429.557773326,
         "task": "get_software_versions_00000145",
         "machine": 2,
         "reason": "MachineInUseException",
         "occupied by ": "get_software_versions_00000170",
         "expected runtime ": 393.6610075232548,
         "actual runtime ": 377,
         "expected memory usage ": 54074579.7901671,
         "actual memory usage": 50000000
      },
      {
         "time": 26052437.062415436,
         "task": "get_software_versions_00000120",
         "machine": 1,
         "reason": "MachineInUseException",
         "occupied by ": "consensus_peaks_deseq2_00000154",
         "expected runtime ": 357.00707054352665,
         "actual runtime ": 377,
         "expected memory usage ": 45275928.78095727,
         "actual memory usage": 50000000
      },
      {
         "time": 26052526.31418307,
         "task": "consensus_peaks_deseq2_00000129",
         "machine": 1,
         "reason": "MachineInUseException",
         "occupied by ": "get_software_versions_00000120",
         "expected runtime ": 375.19161495795083,
         "actual runtime ": 377,
         "expected memory usage ": 50463788.903189935,
         "actual memory usage": 50000000
      },
      {
         "time": 26052527.973025206,
         "task": "plotfingerprint_00000150",
         "machine": 2,
         "reason": "MachineInUseException",
         "occupied by ": "get_software_versions_00000145",
         "expected runtime ": 381.84552846426897,
         "actual runtime ": 377,
         "expected memory usage ": 52721994.72047441,
         "actual memory usage": 50000000
      },
      {
         "time": 26052620.11208681,
         "task": "macs2_qc_00000017",
         "machine": 1,
         "reason": "MachineInUseException",
         "occupied by ": "consensus_peaks_deseq2_00000129",
         "expected runtime ": 338.9564880089082,
         "actual runtime ": 377,
         "expected memory usage ": 49037023.756215155,
         "actual memory usage": 50000000
      },
      {
         "time": 26052623.434407324,
         "task": "macs2_qc_00000035",
         "machine": 2,
         "reason": "MachineInUseException",
         "occupied by ": "plotfingerprint_00000150",
         "expected runtime ": 284.1351576453052,
         "actual runtime ": 377,
         "expected memory usage ": 48490663.35566617,
         "actual memory usage": 50000000
      },
      {
         "time": 26052694.468196735,
         "task": "macs2_qc_00000135",
         "machine": 2,
         "reason": "MachineInUseException",
         "occupied by ": "macs2_qc_00000035",
         "expected runtime ": 321.51011208094536,
         "actual runtime ": 377,
         "expected memory usage ": 50712799.19868107,
         "actual memory usage": 50000000
      },
      {
         "time": 26052704.851208813,
         "task": "igv_00000036",
         "machine": 1,
         "reason": "MachineInUseException",
         "occupied by ": "macs2_qc_00000017",
         "expected runtime ": 452.4681318626026,
         "actual runtime ": 377,
         "expected memory usage ": 48849020.63656095,
         "actual memory usage": 50000000
      },
      {
         "time": 26052774.845724754,
         "task": "consensus_peaks_annotate_00000143",
         "machine": 2,
         "reason": "MachineInUseException",
         "occupied by ": "macs2_qc_00000135",
         "expected runtime ": 441.9113438782461,
         "actual runtime ": 377,
         "expected memory usage ": 55868476.110569924,
         "actual memory usage": 50000000
      },
      {
         "time": 26052817.96824178,
         "task": "consensus_peaks_annotate_00000043",
         "machine": 1,
         "reason": "MachineInUseException",
         "occupied by ": "igv_00000036",
         "expected runtime ": 428.26287458034426,
         "actual runtime ": 377,
         "expected memory usage ": 44346460.9896992,
         "actual memory usage": 50000000
      },
      {
         "time": 26053296.718988523,
         "task": "output_documentation_00000048",
         "machine": 2,
         "reason": "MachineInUseException",
         "occupied by ": "consensus_peaks_annotate_00000093",
         "expected runtime ": 365.0177808274388,
         "actual runtime ": 377,
         "expected memory usage ": 47277614.374808826,
         "actual memory usage": 50000000
      },
      {
         "time": 26053387.97343373,
         "task": "output_documentation_00000098",
         "machine": 2,
         "reason": "MachineInUseException",
         "occupied by ": "output_documentation_00000048",
         "expected runtime ": 353.21776921676195,
         "actual runtime ": 377,
         "expected memory usage ": 55568110.22967369,
         "actual memory usage": 50000000
      },
      {
         "time": 26053476.277876034,
         "task": "output_documentation_00000073",
         "machine": 2,
         "reason": "MachineInUseException",
         "occupied by ": "output_documentation_00000098",
         "expected runtime ": 350.6603895156917,
         "actual runtime ": 377,
         "expected memory usage ": 50798478.784477584,
         "actual memory usage": 50000000
      },
      {
         "time": 26053563.942973413,
         "task": "igv_00000136",
         "machine": 2,
         "reason": "MachineInUseException",
         "occupied by ": "output_documentation_00000073",
         "expected runtime ": 348.51193697318536,
         "actual runtime ": 377,
         "expected memory usage ": 52470858.88541155,
         "actual memory usage": 50000000
      },
      {
         "time": 26053651.070957657,
         "task": "output_documentation_00000123",
         "machine": 2,
         "reason": "MachineInUseException",
         "occupied by ": "igv_00000136",
         "expected runtime ": 343.39930384527406,
         "actual runtime ": 377,
         "expected memory usage ": 43649401.72891249,
         "actual memory usage": 50000000
      },
      {
         "time": 26053736.920783617,
         "task": "consensus_peaks_annotate_00000168",
         "machine": 2,
         "reason": "MachineInUseException",
         "occupied by ": "output_documentation_00000123",
         "expected runtime ": 341.60536995802056,
         "actual runtime ": 377,
         "expected memory usage ": 47879138.71902615,
         "actual memory usage": 50000000
      },
      {
         "time": 26053822.322126105,
         "task": "output_documentation_00000025",
         "machine": 2,
         "reason": "MachineInUseException",
         "occupied by ": "consensus_peaks_annotate_00000168",
         "expected runtime ": 338.0865524270738,
         "actual runtime ": 377,
         "expected memory usage ": 49194343.50670338,
         "actual memory usage": 50000000
      },
      {
         "time": 26053906.843764212,
         "task": "igv_00000061",
         "machine": 2,
         "reason": "MachineInUseException",
         "occupied by ": "output_documentation_00000025",
         "expected runtime ": 330.2098840759317,
         "actual runtime ": 377,
         "expected memory usage ": 46613504.6371495,
         "actual memory usage": 50000000
      },
      {
         "time": 26053989.39623523,
         "task": "consensus_peaks_annotate_00000068",
         "machine": 2,
         "reason": "MachineInUseException",
         "occupied by ": "igv_00000061",
         "expected runtime ": 313.6364914192843,
         "actual runtime ": 377,
         "expected memory usage ": 53684427.995730035,
         "actual memory usage": 50000000
      }
   ]
}