{
   "workflow": "chipseq-workflow_200",
   "makespan": 33675100.78016294,
   "tasks": [
      {
         "name": "check_design_00000001",
         "machine": 17,
         "start": 0.0,
         "finish": 11.78125,
         "expected runtime on this machine ": "23.5625",
         "actual runtime on this machine ": "11.78125",
         "expected memory usage ": 47726319.65180064,
         "actual memory usage": 50000000
      },
      {
         "name": "trimgalore_00000002",
         "machine": 17,
         "start": 23.5625,
         "finish": 1476276.125,
         "expected runtime on this machine ": "1659285.6439405966",
         "actual runtime on this machine ": "1476252.5625",
         "expected memory usage ": 1370097855.851331,
         "actual memory usage": 1365266992
      },
      {
         "name": "fastqc_00000003",
         "machine": 15,
         "start": 31903292.558204465,
         "finish": 32533052.839454465,
         "expected runtime on this machine ": "659009.349019958",
         "actual runtime on this machine ": "629760.28125",
         "expected memory usage ": 847702716.2877249,
         "actual memory usage": 692024368
      },
      {
         "name": "plotfingerprint_00000004",
         "machine": 2,
         "start": 26307512.31339319,
         "finish": 26307606.56339319,
         "expected runtime on this machine ": "81.84974740190971",
         "actual runtime on this machine ": "94.25",
         "expected memory usage ": 53839162.60112533,
         "actual memory usage": 50000000
      },
      {
         "name": "macs2_00000006",
         "machine": 2,
         "start": 26302999.16445429,
         "finish": 26303093.41445429,
         "expected runtime on this machine ": "82.53290772877402",
         "actual runtime on this machine ": "94.25",
         "expected memory usage ": 43054326.271209456,
         "actual memory usage": 50000000
      },
      {
         "name": "consensus_peaks_counts_00000007",
         "machine": 2,
         "start": 26304350.510104477,
         "finish": 26304444.760104477,
         "expected runtime on this machine ": "97.53379109638661",
         "actual runtime on this machine ": "94.25",
         "expected memory usage ": 49240006.025990136,
         "actual memory usage": 50000000
      },
      {
         "name": "bwa_mem_00000009",
         "machine": 15,
         "start": 3129945.607950946,
         "finish": 8190432.451700946,
         "expected runtime on this machine ": "4582156.806678747",
         "actual runtime on this machine ": "5060486.84375",
         "expected memory usage ": 5148378467.872403,
         "actual memory usage": 5856992816
      },
      {
         "name": "multiqc_00000010",
         "machine": 9,
         "start": 32533052.83946127,
         "finish": 32533084.25612794,
         "expected runtime on this machine ": "31.50776713807903",
         "actual runtime on this machine ": "31.416666666666668",
         "expected memory usage ": 53335902.755015805,
         "actual memory usage": 50000000
      },
      {
         "name": "merged_bam_filter_00000005",
         "machine": 16,
         "start": 20395739.252898883,
         "finish": 22285362.565398883,
         "expected runtime on this machine ": "2266365.467050873",
         "actual runtime on this machine ": "1889623.3125",
         "expected memory usage ": 27220850.372326773,
         "actual memory usage": 29795376
      },
      {
         "name": "phantompeakqualtools_00000014",
         "machine": 12,
         "start": 22340920.891998883,
         "finish": 31547452.891998883,
         "expected runtime on this machine ": "8494177.311872004",
         "actual runtime on this machine ": "9206532.0",
         "expected memory usage ": 486474968.7551893,
         "actual memory usage": 525769264
      },
      {
         "name": "picard_metrics_00000015",
         "machine": 8,
         "start": 26634700.363193188,
         "finish": 30190938.363193188,
         "expected runtime on this machine ": "3798711.220103927",
         "actual runtime on this machine ": "3556238.0",
         "expected memory usage ": 700900726.4212531,
         "actual memory usage": 766293040
      },
      {
         "name": "bigwig_00000021",
         "machine": 5,
         "start": 22340920.80356251,
         "finish": 23774787.17856251,
         "expected runtime on this machine ": "1345339.437545845",
         "actual runtime on this machine ": "1433866.375",
         "expected memory usage ": 1410166804.3429918,
         "actual memory usage": 1277481520
      },
      {
         "name": "consensus_peaks_00000008",
         "machine": 2,
         "start": 26303565.08301856,
         "finish": 26303659.33301856,
         "expected runtime on this machine ": "99.80459806047696",
         "actual runtime on this machine ": "94.25",
         "expected memory usage ": 42998152.11474972,
         "actual memory usage": 50000000
      },
      {
         "name": "macs2_qc_00000017",
         "machine": 2,
         "start": 26306852.56339319,
         "finish": 26306946.81339319,
         "expected runtime on this machine ": "87.33923460568079",
         "actual runtime on this machine ": "94.25",
         "expected memory usage ": 58226645.08505942,
         "actual memory usage": 50000000
      },
      {
         "name": "igv_00000022",
         "machine": 2,
         "start": 26308474.562910724,
         "finish": 26308568.812910724,
         "expected runtime on this machine ": "99.09453600055882",
         "actual runtime on this machine ": "94.25",
         "expected memory usage ": 45263142.069425285,
         "actual memory usage": 50000000
      },
      {
         "name": "macs2_annotate_00000023",
         "machine": 2,
         "start": 26305019.453550108,
         "finish": 26305113.703550108,
         "expected runtime on this machine ": "90.93728099581983",
         "actual runtime on this machine ": "94.25",
         "expected memory usage ": 58012381.52253007,
         "actual memory usage": 50000000
      },
      {
         "name": "consensus_peaks_deseq2_00000018",
         "machine": 2,
         "start": 26307135.31339319,
         "finish": 26307229.56339319,
         "expected runtime on this machine ": "81.67500368903842",
         "actual runtime on this machine ": "94.25",
         "expected memory usage ": 49168904.684218295,
         "actual memory usage": 50000000
      },
      {
         "name": "consensus_peaks_annotate_00000024",
         "machine": 2,
         "start": 27652012.653976448,
         "finish": 27652106.903976448,
         "expected runtime on this machine ": "82.3116731648203",
         "actual runtime on this machine ": "94.25",
         "expected memory usage ": 50693883.46432549,
         "actual memory usage": 50000000
      },
      {
         "name": "sort_bam_00000011",
         "machine": 17,
         "start": 11833775.39785,
         "finish": 12634620.2416,
         "expected runtime on this machine ": "853913.6457266131",
         "actual runtime on this machine ": "800844.84375",
         "expected memory usage ": 4104405518.3365555,
         "actual memory usage": 3616047664
      },
      {
         "name": "merged_bam_00000012",
         "machine": 15,
         "start": 14318926.158769423,
         "finish": 16932267.25251942,
         "expected runtime on this machine ": "2852384.4961112347",
         "actual runtime on this machine ": "2613341.09375",
         "expected memory usage ": 4107530674.3244476,
         "actual memory usage": 5023374896
      },
      {
         "name": "preseq_00000013",
         "machine": 7,
         "start": 17244930.212680656,
         "finish": 23267527.04601399,
         "expected runtime on this machine ": "6382753.727505952",
         "actual runtime on this machine ": "6022596.833333333",
         "expected memory usage ": 30764874.831909038,
         "actual memory usage": 28217904
      },
      {
         "name": "plotprofile_00000016",
         "machine": 5,
         "start": 25743667.64698201,
         "finish": 29243677.24073201,
         "expected runtime on this machine ": "3531254.865118613",
         "actual runtime on this machine ": "3500009.59375",
         "expected memory usage ": 1292820959.0636919,
         "actual memory usage": 1404150320
      },
      {
         "name": "get_software_versions_00000019",
         "machine": 2,
         "start": 26305781.828566518,
         "finish": 26305876.078566518,
         "expected runtime on this machine ": "102.95935304561719",
         "actual runtime on this machine ": "94.25",
         "expected memory usage ": 44140427.24623574,
         "actual memory usage": 50000000
      },
      {
         "name": "make_genome_filter_00000020",
         "machine": 9,
         "start": 0.0,
         "finish": 31.416666666666668,
         "expected runtime on this machine ": "27.86904949117338",
         "actual runtime on this machine ": "31.416666666666668",
         "expected memory usage ": 52033789.07624426,
         "actual memory usage": 50000000
      },
      {
         "name": "output_documentation_00000025",
         "machine": 2,
         "start": 26308953.84100588,
         "finish": 26309048.09100588,
         "expected runtime on this machine ": "90.52030435092519",
         "actual runtime on this machine ": "94.25",
         "expected memory usage ": 60146665.727653734,
         "actual memory usage": 50000000
      },
      {
         "name": "consensus_peaks_counts_00000026",
         "machine": 2,
         "start": 26303961.981396798,
         "finish": 26304056.231396798,
         "expected runtime on this machine ": "111.70559075228144",
         "actual runtime on this machine ": "94.25",
         "expected memory usage ": 54868257.536591925,
         "actual memory usage": 50000000
      },
      {
         "name": "consensus_peaks_deseq2_00000029",
         "machine": 2,
         "start": 26305490.703550108,
         "finish": 26305584.953550108,
         "expected runtime on this machine ": "88.68184181871777",
         "actual runtime on this machine ": "94.25",
         "expected memory usage ": 42859973.246414065,
         "actual memory usage": 50000000
      },
      {
         "name": "multiqc_00000041",
         "machine": 11,
         "start": 32018200.63470681,
         "finish": 32018232.051373478,
         "expected runtime on this machine ": "31.1743613325045",
         "actual runtime on this machine ": "31.416666666666668",
         "expected memory usage ": 46712592.9642182,
         "actual memory usage": 50000000
      },
      {
         "name": "phantompeakqualtools_00000027",
         "machine": 5,
         "start": 29243677.24073201,
         "finish": 31545310.24073201,
         "expected runtime on this machine ": "2544682.104709466",
         "actual runtime on this machine ": "2301633.0",
         "expected memory usage ": 460674530.06497365,
         "actual memory usage": 525769264
      },
      {
         "name": "macs2_00000028",
         "machine": 2,
         "start": 26302622.064454377,
         "finish": 26302716.314454377,
         "expected runtime on this machine ": "88.98767371649245",
         "actual runtime on this machine ": "94.25",
         "expected memory usage ": 47695389.38698094,
         "actual memory usage": 50000000
      },
      {
         "name": "macs2_annotate_00000034",
         "machine": 2,
         "start": 26304636.543895572,
         "finish": 26304730.793895572,
         "expected runtime on this machine ": "92.42986975539982",
         "actual runtime on this machine ": "94.25",
         "expected memory usage ": 53024611.28986904,
         "actual memory usage": 50000000
      },
      {
         "name": "macs2_qc_00000035",
         "machine": 2,
         "start": 26305584.953550108,
         "finish": 26305679.203550108,
         "expected runtime on this machine ": "105.41845105268075",
         "actual runtime on this machine ": "94.25",
         "expected memory usage ": 44495804.38366856,
         "actual memory usage": 50000000
      },
      {
         "name": "igv_00000036",
         "machine": 14,
         "start": 27736488.439454366,
         "finish": 27736535.564454366,
         "expected runtime on this machine ": "55.60108452685138",
         "actual runtime on this machine ": "47.125",
         "expected memory usage ": 58613283.647502184,
         "actual memory usage": 50000000
      },
      {
         "name": "consensus_peaks_00000047",
         "machine": 2,
         "start": 26303281.91445429,
         "finish": 26303376.16445429,
         "expected runtime on this machine ": "91.44195713774495",
         "actual runtime on this machine ": "94.25",
         "expected memory usage ": 46680019.87868928,
         "actual memory usage": 50000000
      },
      {
         "name": "trimgalore_00000030",
         "machine": 3,
         "start": 237125.0227,
         "finish": 1713377.5852,
         "expected runtime on this machine ": "1484222.2153225276",
         "actual runtime on this machine ": "1476252.5625",
         "expected memory usage ": 1460271731.2105155,
         "actual memory usage": 1365266992
      },
      {
         "name": "bwa_mem_00000038",
         "machine": 16,
         "start": 6773288.5541,
         "finish": 11833775.39785,
         "expected runtime on this machine ": "5338332.260087158",
         "actual runtime on this machine ": "5060486.84375",
         "expected memory usage ": 5849620841.4584875,
         "actual memory usage": 5856992816
      },
      {
         "name": "make_genome_filter_00000031",
         "machine": 9,
         "start": 31.416666666666668,
         "finish": 62.833333333333336,
         "expected runtime on this machine ": "29.824265103215435",
         "actual runtime on this machine ": "31.416666666666668",
         "expected memory usage ": 46347837.992223755,
         "actual memory usage": 50000000
      },
      {
         "name": "merged_bam_filter_00000037",
         "machine": 15,
         "start": 24412998.651954465,
         "finish": 26302621.964454465,
         "expected runtime on this machine ": "1623290.376853559",
         "actual runtime on this machine ": "1889623.3125",
         "expected memory usage ": 29636547.624883484,
         "actual memory usage": 29795376
      },
      {
         "name": "bigwig_00000039",
         "machine": 15,
         "start": 26302621.964454465,
         "finish": 27736488.339454465,
         "expected runtime on this machine ": "1476218.5275876534",
         "actual runtime on this machine ": "1433866.375",
         "expected memory usage ": 1158079445.0172575,
         "actual memory usage": 1277481520
      },
      {
         "name": "preseq_00000032",
         "machine": 6,
         "start": 23153421.498112243,
         "finish": 29176018.331445575,
         "expected runtime on this machine ": "6166010.729270361",
         "actual runtime on this machine ": "6022596.833333333",
         "expected memory usage ": 25590825.832517434,
         "actual memory usage": 28217904
      },
      {
         "name": "picard_metrics_00000033",
         "machine": 15,
         "start": 31236497.933204465,
         "finish": 31903292.558204465,
         "expected runtime on this machine ": "710521.0745817559",
         "actual runtime on this machine ": "666794.625",
         "expected memory usage ": 785631578.5065001,
         "actual memory usage": 766293040
      },
      {
         "name": "plotfingerprint_00000050",
         "machine": 2,
         "start": 26306758.31339319,
         "finish": 26306852.56339319,
         "expected runtime on this machine ": "89.26291827406313",
         "actual runtime on this machine ": "94.25",
         "expected memory usage ": 52826363.1394013,
         "actual memory usage": 50000000
      },
      {
         "name": "sort_bam_00000040",
         "machine": 15,
         "start": 13477830.106454559,
         "finish": 14278674.950204559,
         "expected runtime on this machine ": "768143.3639148643",
         "actual runtime on this machine ": "800844.84375",
         "expected memory usage ": 4075931586.961838,
         "actual memory usage": 3616047664
      },
      {
         "name": "plotprofile_00000044",
         "machine": 15,
         "start": 27736488.339454465,
         "finish": 31236497.933204465,
         "expected runtime on this machine ": "3322437.851521328",
         "actual runtime on this machine ": "3500009.59375",
         "expected memory usage ": 1550744786.7841377,
         "actual memory usage": 1404150320
      },
      {
         "name": "merged_bam_00000046",
         "machine": 17,
         "start": 19751278.627568383,
         "finish": 22364619.721318383,
         "expected runtime on this machine ": "2667668.46225862",
         "actual runtime on this machine ": "2613341.09375",
         "expected memory usage ": 5881450859.019231,
         "actual memory usage": 5023374896
      },
      {
         "name": "fastqc_00000042",
         "machine": 16,
         "start": 31388440.295426548,
         "finish": 32018200.576676548,
         "expected runtime on this machine ": "697408.8689975505",
         "actual runtime on this machine ": "629760.28125",
         "expected memory usage ": 775649522.6498209,
         "actual memory usage": 692024368
      },
      {
         "name": "consensus_peaks_annotate_00000043",
         "machine": 2,
         "start": 27651824.153976448,
         "finish": 27651918.403976448,
         "expected runtime on this machine ": "85.597800829722",
         "actual runtime on this machine ": "94.25",
         "expected memory usage ": 41920644.501019016,
         "actual memory usage": 50000000
      },
      {
         "name": "get_software_versions_00000045",
         "machine": 2,
         "start": 26306273.943611704,
         "finish": 26306368.193611704,
         "expected runtime on this machine ": "95.34610419015749",
         "actual runtime on this machine ": "94.25",
         "expected memory usage ": 54393732.78528071,
         "actual memory usage": 50000000
      },
      {
         "name": "output_documentation_00000048",
         "machine": 2,
         "start": 26308077.81339319,
         "finish": 26308172.06339319,
         "expected runtime on this machine ": "105.52822951752705",
         "actual runtime on this machine ": "94.25",
         "expected memory usage ": 53272245.39413855,
         "actual memory usage": 50000000
      },
      {
         "name": "check_design_00000049",
         "machine": 15,
         "start": 11.78125,
         "finish": 23.5625,
         "expected runtime on this machine ": "23.5625",
         "actual runtime on this machine ": "11.78125",
         "expected memory usage ": 57711111.50370464,
         "actual memory usage": 50000000
      },
      {
         "name": "consensus_peaks_counts_00000051",
         "machine": 2,
         "start": 26304252.016015127,
         "finish": 26304346.266015127,
         "expected runtime on this machine ": "98.49408934859126",
         "actual runtime on this machine ": "94.25",
         "expected memory usage ": 39818145.62851277,
         "actual memory usage": 50000000
      },
      {
         "name": "consensus_peaks_deseq2_00000054",
         "machine": 2,
         "start": 26306369.289715894,
         "finish": 26306463.539715894,
         "expected runtime on this machine ": "94.17460641254304",
         "actual runtime on this machine ": "94.25",
         "expected memory usage ": 54275490.65601529,
         "actual memory usage": 50000000
      },
      {
         "name": "multiqc_00000066",
         "machine": 3,
         "start": 33675088.99891294,
         "finish": 33675100.78016294,
         "expected runtime on this machine ": "11.156983079824162",
         "actual runtime on this machine ": "11.78125",
         "expected memory usage ": 40820201.71374433,
         "actual memory usage": 50000000
      },
      {
         "name": "phantompeakqualtools_00000052",
         "machine": 13,
         "start": 24468556.978554465,
         "finish": 33675088.978554465,
         "expected runtime on this machine ": "7766938.409418974",
         "actual runtime on this machine ": "9206532.0",
         "expected memory usage ": 486016493.45076257,
         "actual memory usage": 525769264
      },
      {
         "name": "macs2_00000053",
         "machine": 2,
         "start": 26302904.91445429,
         "finish": 26302999.16445429,
         "expected runtime on this machine ": "88.997036193033",
         "actual runtime on this machine ": "94.25",
         "expected memory usage ": 50837990.60163807,
         "actual memory usage": 50000000
      },
      {
         "name": "macs2_annotate_00000059",
         "machine": 2,
         "start": 26304825.043895572,
         "finish": 26304919.293895572,
         "expected runtime on this machine ": "95.78310454451834",
         "actual runtime on this machine ": "94.25",
         "expected memory usage ": 46661790.32564094,
         "actual memory usage": 50000000
      },
      {
         "name": "macs2_qc_00000060",
         "machine": 2,
         "start": 26306566.311188217,
         "finish": 26306660.561188217,
         "expected runtime on this machine ": "95.19205043614475",
         "actual runtime on this machine ": "94.25",
         "expected memory usage ": 46673605.02819043,
         "actual memory usage": 50000000
      },
      {
         "name": "igv_00000061",
         "machine": 2,
         "start": 26308671.09100588,
         "finish": 26308765.34100588,
         "expected runtime on this machine ": "92.90047372081911",
         "actual runtime on this machine ": "94.25",
         "expected memory usage ": 51191559.1621417,
         "actual memory usage": 50000000
      },
      {
         "name": "consensus_peaks_00000072",
         "machine": 2,
         "start": 26303470.41445429,
         "finish": 26303564.66445429,
         "expected runtime on this machine ": "94.66856426943794",
         "actual runtime on this machine ": "94.25",
         "expected memory usage ": 46466038.03919851,
         "actual memory usage": 50000000
      },
      {
         "name": "trimgalore_00000055",
         "machine": 5,
         "start": 237125.0227,
         "finish": 1713377.5852,
         "expected runtime on this machine ": "1568272.0438914855",
         "actual runtime on this machine ": "1476252.5625",
         "expected memory usage ": 1404074752.158372,
         "actual memory usage": 1365266992
      },
      {
         "name": "bwa_mem_00000063",
         "machine": 16,
         "start": 11833775.39785,
         "finish": 16894262.2416,
         "expected runtime on this machine ": "4274079.506745795",
         "actual runtime on this machine ": "5060486.84375",
         "expected memory usage ": 5844924705.572944,
         "actual memory usage": 5856992816
      },
      {
         "name": "make_genome_filter_00000056",
         "machine": 12,
         "start": 0.0,
         "finish": 47.125,
         "expected runtime on this machine ": "52.76962802104269",
         "actual runtime on this machine ": "47.125",
         "expected memory usage ": 45600397.766767986,
         "actual memory usage": 50000000
      },
      {
         "name": "merged_bam_filter_00000062",
         "machine": 15,
         "start": 22523375.339454465,
         "finish": 24412998.651954465,
         "expected runtime on this machine ": "1963313.2262836883",
         "actual runtime on this machine ": "1889623.3125",
         "expected memory usage ": 35053550.45146032,
         "actual memory usage": 29795376
      },
      {
         "name": "bigwig_00000064",
         "machine": 3,
         "start": 24468556.890118092,
         "finish": 25902423.265118092,
         "expected runtime on this machine ": "1308856.8092742558",
         "actual runtime on this machine ": "1433866.375",
         "expected memory usage ": 1285832666.6819437,
         "actual memory usage": 1277481520
      },
      {
         "name": "preseq_00000057",
         "machine": 8,
         "start": 20395738.728040718,
         "finish": 26418335.56137405,
         "expected runtime on this machine ": "6187778.032916721",
         "actual runtime on this machine ": "6022596.833333333",
         "expected memory usage ": 23793920.216002755,
         "actual memory usage": 28217904
      },
      {
         "name": "picard_metrics_00000058",
         "machine": 16,
         "start": 32271109.318676546,
         "finish": 32937903.943676546,
         "expected runtime on this machine ": "603575.9860053844",
         "actual runtime on this machine ": "666794.625",
         "expected memory usage ": 829286620.827761,
         "actual memory usage": 766293040
      },
      {
         "name": "plotfingerprint_00000075",
         "machine": 2,
         "start": 26305986.785838354,
         "finish": 26306081.035838354,
         "expected runtime on this machine ": "106.39193417039931",
         "actual runtime on this machine ": "94.25",
         "expected memory usage ": 47696084.682065114,
         "actual memory usage": 50000000
      },
      {
         "name": "sort_bam_00000065",
         "machine": 16,
         "start": 16894262.2416,
         "finish": 17695107.08535,
         "expected runtime on this machine ": "814515.8348907179",
         "actual runtime on this machine ": "800844.84375",
         "expected memory usage ": 3682829072.3686085,
         "actual memory usage": 3616047664
      },
      {
         "name": "plotprofile_00000069",
         "machine": 3,
         "start": 25902423.265118092,
         "finish": 29402432.858868092,
         "expected runtime on this machine ": "4114054.30603397",
         "actual runtime on this machine ": "3500009.59375",
         "expected memory usage ": 1349714523.3384693,
         "actual memory usage": 1404150320
      },
      {
         "name": "merged_bam_00000071",
         "machine": 16,
         "start": 17708778.07649072,
         "finish": 20322119.17024072,
         "expected runtime on this machine ": "2934423.798677502",
         "actual runtime on this machine ": "2613341.09375",
         "expected memory usage ": 5272864762.2300005,
         "actual memory usage": 5023374896
      },
      {
         "name": "fastqc_00000067",
         "machine": 15,
         "start": 32533052.839454465,
         "finish": 33162813.120704465,
         "expected runtime on this machine ": "526371.3875572062",
         "actual runtime on this machine ": "629760.28125",
         "expected memory usage ": 810536029.9988885,
         "actual memory usage": 692024368
      },
      {
         "name": "consensus_peaks_annotate_00000068",
         "machine": 2,
         "start": 26308274.76040623,
         "finish": 26308369.01040623,
         "expected runtime on this machine ": "99.9933116847174",
         "actual runtime on this machine ": "94.25",
         "expected memory usage ": 46961088.1744606,
         "actual memory usage": 50000000
      },
      {
         "name": "get_software_versions_00000070",
         "machine": 2,
         "start": 26306081.035838354,
         "finish": 26306175.285838354,
         "expected runtime on this machine ": "103.91904416429065",
         "actual runtime on this machine ": "94.25",
         "expected memory usage ": 47069618.4175378,
         "actual memory usage": 50000000
      },
      {
         "name": "output_documentation_00000073",
         "machine": 2,
         "start": 27651918.403976448,
         "finish": 27652012.653976448,
         "expected runtime on this machine ": "83.65474542083143",
         "actual runtime on this machine ": "94.25",
         "expected memory usage ": 52720573.96839457,
         "actual memory usage": 50000000
      },
      {
         "name": "check_design_00000074",
         "machine": 17,
         "start": 11.78125,
         "finish": 23.5625,
         "expected runtime on this machine ": "23.5625",
         "actual runtime on this machine ": "11.78125",
         "expected memory usage ": 54403401.55189237,
         "actual memory usage": 50000000
      },
      {
         "name": "consensus_peaks_counts_00000076",
         "machine": 2,
         "start": 26304448.043895572,
         "finish": 26304542.293895572,
         "expected runtime on this machine ": "86.17008164553454",
         "actual runtime on this machine ": "94.25",
         "expected memory usage ": 55048487.323186085,
         "actual memory usage": 50000000
      },
      {
         "name": "consensus_peaks_deseq2_00000079",
         "machine": 2,
         "start": 26306661.503238652,
         "finish": 26306755.753238652,
         "expected runtime on this machine ": "96.81015453868203",
         "actual runtime on this machine ": "94.25",
         "expected memory usage ": 52582796.58268888,
         "actual memory usage": 50000000
      },
      {
         "name": "multiqc_00000091",
         "machine": 17,
         "start": 32684995.201676548,
         "finish": 32685006.982926548,
         "expected runtime on this machine ": "10.215115439572205",
         "actual runtime on this machine ": "11.78125",
         "expected memory usage ": 53276186.03341174,
         "actual memory usage": 50000000
      },
      {
         "name": "phantompeakqualtools_00000077",
         "machine": 9,
         "start": 24309801.360418383,
         "finish": 30447489.360418383,
         "expected runtime on this machine ": "6619152.8888686495",
         "actual runtime on this machine ": "6137688.0",
         "expected memory usage ": 484164051.5371503,
         "actual memory usage": 525769264
      },
      {
         "name": "macs2_00000078",
         "machine": 2,
         "start": 26303187.66445429,
         "finish": 26303281.91445429,
         "expected runtime on this machine ": "61.97089926515963",
         "actual runtime on this machine ": "94.25",
         "expected memory usage ": 48869344.767326176,
         "actual memory usage": 50000000
      },
      {
         "name": "macs2_annotate_00000084",
         "machine": 2,
         "start": 26304920.82700012,
         "finish": 26305015.07700012,
         "expected runtime on this machine ": "98.62654999026043",
         "actual runtime on this machine ": "94.25",
         "expected memory usage ": 51590447.68117822,
         "actual memory usage": 50000000
      },
      {
         "name": "macs2_qc_00000085",
         "machine": 2,
         "start": 26307606.56339319,
         "finish": 26307700.81339319,
         "expected runtime on this machine ": "93.89657949105987",
         "actual runtime on this machine ": "94.25",
         "expected memory usage ": 48094698.90402588,
         "actual memory usage": 50000000
      },
      {
         "name": "igv_00000086",
         "machine": 2,
         "start": 27651541.403976448,
         "finish": 27651635.653976448,
         "expected runtime on this machine ": "86.94962581714853",
         "actual runtime on this machine ": "94.25",
         "expected memory usage ": 37926252.319860235,
         "actual memory usage": 50000000
      },
      {
         "name": "consensus_peaks_00000097",
         "machine": 2,
         "start": 26303664.88761662,
         "finish": 26303759.13761662,
         "expected runtime on this machine ": "100.08178434889248",
         "actual runtime on this machine ": "94.25",
         "expected memory usage ": 58664530.91019128,
         "actual memory usage": 50000000
      },
      {
         "name": "trimgalore_00000080",
         "machine": 4,
         "start": 237125.0227,
         "finish": 1713377.5852,
         "expected runtime on this machine ": "1471413.3205230979",
         "actual runtime on this machine ": "1476252.5625",
         "expected memory usage ": 1207640980.9118273,
         "actual memory usage": 1365266992
      },
      {
         "name": "bwa_mem_00000088",
         "machine": 17,
         "start": 6773288.5541,
         "finish": 11833775.39785,
         "expected runtime on this machine ": "4692088.440191818",
         "actual runtime on this machine ": "5060486.84375",
         "expected memory usage ": 5875955725.610201,
         "actual memory usage": 5856992816
      },
      {
         "name": "make_genome_filter_00000081",
         "machine": 11,
         "start": 0.0,
         "finish": 31.416666666666668,
         "expected runtime on this machine ": "33.93804829307789",
         "actual runtime on this machine ": "31.416666666666668",
         "expected memory usage ": 53111278.26417058,
         "actual memory usage": 50000000
      },
      {
         "name": "merged_bam_filter_00000087",
         "machine": 17,
         "start": 22364619.721318383,
         "finish": 24254243.033818383,
         "expected runtime on this machine ": "2133551.4848563005",
         "actual runtime on this machine ": "1889623.3125",
         "expected memory usage ": 29996508.85955117,
         "actual memory usage": 29795376
      },
      {
         "name": "bigwig_00000089",
         "machine": 4,
         "start": 24309801.27198201,
         "finish": 25743667.64698201,
         "expected runtime on this machine ": "1622995.7365961822",
         "actual runtime on this machine ": "1433866.375",
         "expected memory usage ": 1414401759.0754495,
         "actual memory usage": 1277481520
      },
      {
         "name": "preseq_00000082",
         "machine": 0,
         "start": 19824898.18536838,
         "finish": 28858793.43536838,
         "expected runtime on this machine ": "8310953.166561756",
         "actual runtime on this machine ": "9033895.25",
         "expected memory usage ": 30999589.56998712,
         "actual memory usage": 28217904
      },
      {
         "name": "picard_metrics_00000083",
         "machine": 17,
         "start": 32018200.576676548,
         "finish": 32684995.201676548,
         "expected runtime on this machine ": "651921.3113353123",
         "actual runtime on this machine ": "666794.625",
         "expected memory usage ": 656060758.9894574,
         "actual memory usage": 766293040
      },
      {
         "name": "plotfingerprint_00000100",
         "machine": 2,
         "start": 26306463.539715894,
         "finish": 26306557.789715894,
         "expected runtime on this machine ": "102.8468659110618",
         "actual runtime on this machine ": "94.25",
         "expected memory usage ": 47156594.98295115,
         "actual memory usage": 50000000
      },
      {
         "name": "sort_bam_00000090",
         "machine": 17,
         "start": 12687689.043576613,
         "finish": 13488533.887326613,
         "expected runtime on this machine ": "839195.5138879095",
         "actual runtime on this machine ": "800844.84375",
         "expected memory usage ": 3465102875.3366394,
         "actual memory usage": 3616047664
      },
      {
         "name": "plotprofile_00000094",
         "machine": 4,
         "start": 25743667.64698201,
         "finish": 29243677.24073201,
         "expected runtime on this machine ": "3413107.519760876",
         "actual runtime on this machine ": "3500009.59375",
         "expected memory usage ": 1498392404.6414614,
         "actual memory usage": 1404150320
      },
      {
         "name": "merged_bam_00000096",
         "machine": 17,
         "start": 17057205.106978912,
         "finish": 19670546.200728912,
         "expected runtime on this machine ": "2694073.5205894713",
         "actual runtime on this machine ": "2613341.09375",
         "expected memory usage ": 4653681353.258444,
         "actual memory usage": 5023374896
      },
      {
         "name": "fastqc_00000092",
         "machine": 17,
         "start": 31388440.295426548,
         "finish": 32018200.576676548,
         "expected runtime on this machine ": "691507.3021822993",
         "actual runtime on this machine ": "629760.28125",
         "expected memory usage ": 653276819.3600293,
         "actual memory usage": 692024368
      },
      {
         "name": "consensus_peaks_annotate_00000093",
         "machine": 2,
         "start": 26308172.06339319,
         "finish": 26308266.31339319,
         "expected runtime on this machine ": "102.69701303853856",
         "actual runtime on this machine ": "94.25",
         "expected memory usage ": 53591607.74998011,
         "actual memory usage": 50000000
      },
      {
         "name": "get_software_versions_00000095",
         "machine": 2,
         "start": 26307700.81339319,
         "finish": 26307795.06339319,
         "expected runtime on this machine ": "85.13557190549783",
         "actual runtime on this machine ": "94.25",
         "expected memory usage ": 46306500.55471391,
         "actual memory usage": 50000000
      },
      {
         "name": "output_documentation_00000098",
         "machine": 2,
         "start": 26307983.56339319,
         "finish": 26308077.81339319,
         "expected runtime on this machine ": "105.70917135034786",
         "actual runtime on this machine ": "94.25",
         "expected memory usage ": 48077459.54860069,
         "actual memory usage": 50000000
      },
      {
         "name": "check_design_00000099",
         "machine": 16,
         "start": 11.78125,
         "finish": 23.5625,
         "expected runtime on this machine ": "23.5625",
         "actual runtime on this machine ": "11.78125",
         "expected memory usage ": 48724254.46455464,
         "actual memory usage": 50000000
      },
      {
         "name": "consensus_peaks_counts_00000101",
         "machine": 2,
         "start": 26304157.666015305,
         "finish": 26304251.916015305,
         "expected runtime on this machine ": "105.02386523729864",
         "actual runtime on this machine ": "94.25",
         "expected memory usage ": 50940798.27511184,
         "actual memory usage": 50000000
      },
      {
         "name": "consensus_peaks_deseq2_00000104",
         "machine": 2,
         "start": 26306946.81339319,
         "finish": 26307041.06339319,
         "expected runtime on this machine ": "86.98614943437691",
         "actual runtime on this machine ": "94.25",
         "expected memory usage ": 44028049.95699352,
         "actual memory usage": 50000000
      },
      {
         "name": "multiqc_00000116",
         "machine": 3,
         "start": 33041908.70093201,
         "finish": 33041920.48218201,
         "expected runtime on this machine ": "11.771884264656402",
         "actual runtime on this machine ": "11.78125",
         "expected memory usage ": 55733450.577381045,
         "actual memory usage": 50000000
      },
      {
         "name": "phantompeakqualtools_00000102",
         "machine": 10,
         "start": 26273044.755576547,
         "finish": 32410732.755576547,
         "expected runtime on this machine ": "6114849.793899945",
         "actual runtime on this machine ": "6137688.0",
         "expected memory usage ": 501874806.9828738,
         "actual memory usage": 525769264
      },
      {
         "name": "macs2_00000103",
         "machine": 2,
         "start": 26302810.564454377,
         "finish": 26302904.814454377,
         "expected runtime on this machine ": "107.91757334097278",
         "actual runtime on this machine ": "94.25",
         "expected memory usage ": 45076504.360085815,
         "actual memory usage": 50000000
      },
      {
         "name": "macs2_annotate_00000109",
         "machine": 2,
         "start": 26304730.793895572,
         "finish": 26304825.043895572,
         "expected runtime on this machine ": "88.08236556470615",
         "actual runtime on this machine ": "94.25",
         "expected memory usage ": 46679724.50901357,
         "actual memory usage": 50000000
      },
      {
         "name": "macs2_qc_00000110",
         "machine": 2,
         "start": 26305884.787919562,
         "finish": 26305979.037919562,
         "expected runtime on this machine ": "101.99791879343081",
         "actual runtime on this machine ": "94.25",
         "expected memory usage ": 46402898.855438724,
         "actual memory usage": 50000000
      },
      {
         "name": "igv_00000111",
         "machine": 2,
         "start": 27651352.903976448,
         "finish": 27651447.153976448,
         "expected runtime on this machine ": "88.6293046395273",
         "actual runtime on this machine ": "94.25",
         "expected memory usage ": 48416079.603978634,
         "actual memory usage": 50000000
      },
      {
         "name": "consensus_peaks_00000122",
         "machine": 2,
         "start": 26303764.96940097,
         "finish": 26303859.21940097,
         "expected runtime on this machine ": "82.12539934086651",
         "actual runtime on this machine ": "94.25",
         "expected memory usage ": 53034967.04311822,
         "actual memory usage": 50000000
      },
      {
         "name": "trimgalore_00000105",
         "machine": 15,
         "start": 35.34375,
         "finish": 1476287.90625,
         "expected runtime on this machine ": "1714337.8333811131",
         "actual runtime on this machine ": "1476252.5625",
         "expected memory usage ": 1182176701.3119984,
         "actual memory usage": 1365266992
      },
      {
         "name": "bwa_mem_00000113",
         "machine": 16,
         "start": 1712801.71035,
         "finish": 6773288.5541,
         "expected runtime on this machine ": "5564012.027265473",
         "actual runtime on this machine ": "5060486.84375",
         "expected memory usage ": 6039944548.243097,
         "actual memory usage": 5856992816
      },
      {
         "name": "make_genome_filter_00000106",
         "machine": 13,
         "start": 0.0,
         "finish": 47.125,
         "expected runtime on this machine ": "44.30509401537832",
         "actual runtime on this machine ": "47.125",
         "expected memory usage ": 47051043.37858617,
         "actual memory usage": 50000000
      },
      {
         "name": "merged_bam_filter_00000112",
         "machine": 16,
         "start": 24327863.116476547,
         "finish": 26217486.428976547,
         "expected runtime on this machine ": "1728328.9882596482",
         "actual runtime on this machine ": "1889623.3125",
         "expected memory usage ": 31032659.089660414,
         "actual memory usage": 29795376
      },
      {
         "name": "bigwig_00000114",
         "machine": 16,
         "start": 26217486.428976547,
         "finish": 27651352.803976547,
         "expected runtime on this machine ": "1396835.792643886",
         "actual runtime on this machine ": "1433866.375",
         "expected memory usage ": 1298700286.0892005,
         "actual memory usage": 1277481520
      },
      {
         "name": "preseq_00000107",
         "machine": 1,
         "start": 19983653.803504463,
         "finish": 29017549.053504463,
         "expected runtime on this machine ": "8133808.419617857",
         "actual runtime on this machine ": "9033895.25",
         "expected memory usage ": 25930969.63898805,
         "actual memory usage": 28217904
      },
      {
         "name": "picard_metrics_00000108",
         "machine": 7,
         "start": 26561080.80539319,
         "finish": 30117318.80539319,
         "expected runtime on this machine ": "4017259.3535182863",
         "actual runtime on this machine ": "3556238.0",
         "expected memory usage ": 809643459.0057656,
         "actual memory usage": 766293040
      },
      {
         "name": "plotfingerprint_00000125",
         "machine": 2,
         "start": 26306175.385838266,
         "finish": 26306269.635838266,
         "expected runtime on this machine ": "98.55777343669396",
         "actual runtime on this machine ": "94.25",
         "expected memory usage ": 41918570.27477896,
         "actual memory usage": 50000000
      },
      {
         "name": "sort_bam_00000115",
         "machine": 8,
         "start": 6856657.103200001,
         "finish": 11127829.6032,
         "expected runtime on this machine ": "4263245.52329314",
         "actual runtime on this machine ": "4271172.5",
         "expected memory usage ": 3273041576.107608,
         "actual memory usage": 3616047664
      },
      {
         "name": "plotprofile_00000119",
         "machine": 16,
         "start": 27651352.803976547,
         "finish": 31151362.397726547,
         "expected runtime on this machine ": "3444820.8436798495",
         "actual runtime on this machine ": "3500009.59375",
         "expected memory usage ": 1370778157.906124,
         "actual memory usage": 1404150320
      },
      {
         "name": "merged_bam_00000121",
         "machine": 15,
         "start": 17171310.654880658,
         "finish": 19784651.748630658,
         "expected runtime on this machine ": "2738723.590823807",
         "actual runtime on this machine ": "2613341.09375",
         "expected memory usage ": 4611902595.389948,
         "actual memory usage": 5023374896
      },
      {
         "name": "fastqc_00000117",
         "machine": 3,
         "start": 32412148.41968201,
         "finish": 33041908.70093201,
         "expected runtime on this machine ": "580735.3517850905",
         "actual runtime on this machine ": "629760.28125",
         "expected memory usage ": 625348812.978187,
         "actual memory usage": 692024368
      },
      {
         "name": "consensus_peaks_annotate_00000118",
         "machine": 2,
         "start": 26308859.59100588,
         "finish": 26308953.84100588,
         "expected runtime on this machine ": "91.8385558973391",
         "actual runtime on this machine ": "94.25",
         "expected memory usage ": 50794904.93488647,
         "actual memory usage": 50000000
      },
      {
         "name": "get_software_versions_00000120",
         "machine": 2,
         "start": 26305396.453550108,
         "finish": 26305490.703550108,
         "expected runtime on this machine ": "106.70879339399",
         "actual runtime on this machine ": "94.25",
         "expected memory usage ": 49693123.9702001,
         "actual memory usage": 50000000
      },
      {
         "name": "output_documentation_00000123",
         "machine": 2,
         "start": 26308573.657446723,
         "finish": 26308667.907446723,
         "expected runtime on this machine ": "97.43355915697961",
         "actual runtime on this machine ": "94.25",
         "expected memory usage ": 48213947.606454626,
         "actual memory usage": 50000000
      },
      {
         "name": "check_design_00000124",
         "machine": 15,
         "start": 0.0,
         "finish": 11.78125,
         "expected runtime on this machine ": "23.5625",
         "actual runtime on this machine ": "11.78125",
         "expected memory usage ": 50782682.796787076,
         "actual memory usage": 50000000
      },
      {
         "name": "consensus_peaks_counts_00000126",
         "machine": 2,
         "start": 26304542.293895572,
         "finish": 26304636.543895572,
         "expected runtime on this machine ": "84.00286910810914",
         "actual runtime on this machine ": "94.25",
         "expected memory usage ": 40562224.5933439,
         "actual memory usage": 50000000
      },
      {
         "name": "consensus_peaks_deseq2_00000129",
         "machine": 2,
         "start": 26307041.06339319,
         "finish": 26307135.31339319,
         "expected runtime on this machine ": "85.68984904048251",
         "actual runtime on this machine ": "94.25",
         "expected memory usage ": 53406949.99273869,
         "actual memory usage": 50000000
      },
      {
         "name": "multiqc_00000141",
         "machine": 5,
         "start": 33094773.88898201,
         "finish": 33094785.67023201,
         "expected runtime on this machine ": "11.886905348728671",
         "actual runtime on this machine ": "11.78125",
         "expected memory usage ": 48352271.52305835,
         "actual memory usage": 50000000
      },
      {
         "name": "phantompeakqualtools_00000127",
         "machine": 3,
         "start": 29457991.185468093,
         "finish": 31759624.185468093,
         "expected runtime on this machine ": "2510412.541964313",
         "actual runtime on this machine ": "2301633.0",
         "expected memory usage ": 519452643.6112487,
         "actual memory usage": 525769264
      },
      {
         "name": "macs2_00000128",
         "machine": 2,
         "start": 26303093.41445429,
         "finish": 26303187.66445429,
         "expected runtime on this machine ": "90.85399407169078",
         "actual runtime on this machine ": "94.25",
         "expected memory usage ": 52064996.43293542,
         "actual memory usage": 50000000
      },
      {
         "name": "macs2_annotate_00000134",
         "machine": 2,
         "start": 26305207.953550108,
         "finish": 26305302.203550108,
         "expected runtime on this machine ": "86.15036679561757",
         "actual runtime on this machine ": "94.25",
         "expected memory usage ": 52484979.01100748,
         "actual memory usage": 50000000
      },
      {
         "name": "macs2_qc_00000135",
         "machine": 2,
         "start": 26307795.06339319,
         "finish": 26307889.31339319,
         "expected runtime on this machine ": "70.40770230265574",
         "actual runtime on this machine ": "94.25",
         "expected memory usage ": 43097014.41677808,
         "actual memory usage": 50000000
      },
      {
         "name": "igv_00000136",
         "machine": 2,
         "start": 27651729.903976448,
         "finish": 27651824.153976448,
         "expected runtime on this machine ": "85.71918946737966",
         "actual runtime on this machine ": "94.25",
         "expected memory usage ": 45690000.84433166,
         "actual memory usage": 50000000
      },
      {
         "name": "consensus_peaks_00000147",
         "machine": 2,
         "start": 26303859.21940097,
         "finish": 26303953.46940097,
         "expected runtime on this machine ": "102.76199582869238",
         "actual runtime on this machine ": "94.25",
         "expected memory usage ": 54277382.356484935,
         "actual memory usage": 50000000
      },
      {
         "name": "trimgalore_00000130",
         "machine": 15,
         "start": 1476287.90625,
         "finish": 2952540.46875,
         "expected runtime on this machine ": "1417143.897600946",
         "actual runtime on this machine ": "1476252.5625",
         "expected memory usage ": 1447266195.922834,
         "actual memory usage": 1365266992
      },
      {
         "name": "bwa_mem_00000138",
         "machine": 15,
         "start": 8190432.451700946,
         "finish": 13250919.295450946,
         "expected runtime on this machine ": "5287397.654753612",
         "actual runtime on this machine ": "5060486.84375",
         "expected memory usage ": 6462548380.63286,
         "actual memory usage": 5856992816
      },
      {
         "name": "make_genome_filter_00000131",
         "machine": 14,
         "start": 0.0,
         "finish": 47.125,
         "expected runtime on this machine ": "47.566803857059966",
         "actual runtime on this machine ": "47.125",
         "expected memory usage ": 44692537.355593465,
         "actual memory usage": 50000000
      },
      {
         "name": "merged_bam_filter_00000137",
         "machine": 17,
         "start": 24327863.116476547,
         "finish": 26217486.428976547,
         "expected runtime on this machine ": "1744928.492186629",
         "actual runtime on this machine ": "1889623.3125",
         "expected memory usage ": 29447266.71072395,
         "actual memory usage": 29795376
      },
      {
         "name": "bigwig_00000139",
         "machine": 17,
         "start": 26217486.428976547,
         "finish": 27651352.803976547,
         "expected runtime on this machine ": "1554509.1397236446",
         "actual runtime on this machine ": "1433866.375",
         "expected memory usage ": 1398311173.3920262,
         "actual memory usage": 1277481520
      },
      {
         "name": "preseq_00000132",
         "machine": 14,
         "start": 22596994.897254463,
         "finish": 27113942.522254463,
         "expected runtime on this machine ": "5031862.472785716",
         "actual runtime on this machine ": "4516947.625",
         "expected memory usage ": 25873943.23284655,
         "actual memory usage": 28217904
      },
      {
         "name": "picard_metrics_00000133",
         "machine": 6,
         "start": 29176018.331445575,
         "finish": 32732256.331445575,
         "expected runtime on this machine ": "3342871.942685597",
         "actual runtime on this machine ": "3556238.0",
         "expected memory usage ": 840108213.3877144,
         "actual memory usage": 766293040
      },
      {
         "name": "plotfingerprint_00000150",
         "machine": 2,
         "start": 26307229.56339319,
         "finish": 26307323.81339319,
         "expected runtime on this machine ": "82.02022235959606",
         "actual runtime on this machine ": "94.25",
         "expected memory usage ": 49962425.7877092,
         "actual memory usage": 50000000
      },
      {
         "name": "sort_bam_00000140",
         "machine": 17,
         "start": 13561198.65555456,
         "finish": 14362043.49930456,
         "expected runtime on this machine ": "768772.7837122685",
         "actual runtime on this machine ": "800844.84375",
         "expected memory usage ": 3591325001.7189436,
         "actual memory usage": 3616047664
      },
      {
         "name": "plotprofile_00000144",
         "machine": 17,
         "start": 27651352.803976547,
         "finish": 31151362.397726547,
         "expected runtime on this machine ": "4032214.490621565",
         "actual runtime on this machine ": "3500009.59375",
         "expected memory usage ": 1447488184.6513586,
         "actual memory usage": 1404150320
      },
      {
         "name": "merged_bam_00000146",
         "machine": 15,
         "start": 19910034.245704465,
         "finish": 22523375.339454465,
         "expected runtime on this machine ": "2170601.881296833",
         "actual runtime on this machine ": "2613341.09375",
         "expected memory usage ": 5378455864.168954,
         "actual memory usage": 5023374896
      },
      {
         "name": "fastqc_00000142",
         "machine": 5,
         "start": 32465013.60773201,
         "finish": 33094773.88898201,
         "expected runtime on this machine ": "548183.7462106533",
         "actual runtime on this machine ": "629760.28125",
         "expected memory usage ": 644973396.876812,
         "actual memory usage": 692024368
      },
      {
         "name": "consensus_peaks_annotate_00000143",
         "machine": 2,
         "start": 27651447.153976448,
         "finish": 27651541.403976448,
         "expected runtime on this machine ": "87.43809869098953",
         "actual runtime on this machine ": "94.25",
         "expected memory usage ": 49263623.318815924,
         "actual memory usage": 50000000
      },
      {
         "name": "get_software_versions_00000145",
         "machine": 2,
         "start": 26305679.203550108,
         "finish": 26305773.453550108,
         "expected runtime on this machine ": "102.62501640837482",
         "actual runtime on this machine ": "94.25",
         "expected memory usage ": 48891080.93400611,
         "actual memory usage": 50000000
      },
      {
         "name": "output_documentation_00000148",
         "machine": 2,
         "start": 26309048.09100588,
         "finish": 26309142.34100588,
         "expected runtime on this machine ": "88.72896842380521",
         "actual runtime on this machine ": "94.25",
         "expected memory usage ": 46946938.76633561,
         "actual memory usage": 50000000
      },
      {
         "name": "check_design_00000149",
         "machine": 15,
         "start": 23.5625,
         "finish": 35.34375,
         "expected runtime on this machine ": "23.5625",
         "actual runtime on this machine ": "11.78125",
         "expected memory usage ": 38617075.84416532,
         "actual memory usage": 50000000
      },
      {
         "name": "consensus_peaks_counts_00000151",
         "machine": 2,
         "start": 26304056.33139662,
         "finish": 26304150.58139662,
         "expected runtime on this machine ": "101.33461868406009",
         "actual runtime on this machine ": "94.25",
         "expected memory usage ": 41610697.09848112,
         "actual memory usage": 50000000
      },
      {
         "name": "consensus_peaks_deseq2_00000154",
         "machine": 2,
         "start": 26305302.203550108,
         "finish": 26305396.453550108,
         "expected runtime on this machine ": "116.52603209982492",
         "actual runtime on this machine ": "94.25",
         "expected memory usage ": 46548706.33564643,
         "actual memory usage": 50000000
      },
      {
         "name": "multiqc_00000166",
         "machine": 4,
         "start": 32743686.83448201,
         "finish": 32743698.61573201,
         "expected runtime on this machine ": "9.956665957638807",
         "actual runtime on this machine ": "11.78125",
         "expected memory usage ": 52046000.52139973,
         "actual memory usage": 50000000
      },
      {
         "name": "phantompeakqualtools_00000152",
         "machine": 11,
         "start": 24309801.360418383,
         "finish": 30447489.360418383,
         "expected runtime on this machine ": "5926988.815637563",
         "actual runtime on this machine ": "6137688.0",
         "expected memory usage ": 496361573.34854674,
         "actual memory usage": 525769264
      },
      {
         "name": "macs2_00000153",
         "machine": 2,
         "start": 26302716.314454377,
         "finish": 26302810.564454377,
         "expected runtime on this machine ": "89.69337679929137",
         "actual runtime on this machine ": "94.25",
         "expected memory usage ": 54157130.660593376,
         "actual memory usage": 50000000
      },
      {
         "name": "macs2_annotate_00000159",
         "machine": 2,
         "start": 26305113.703550108,
         "finish": 26305207.953550108,
         "expected runtime on this machine ": "104.53174638340775",
         "actual runtime on this machine ": "94.25",
         "expected memory usage ": 50930255.36735573,
         "actual memory usage": 50000000
      },
      {
         "name": "macs2_qc_00000160",
         "machine": 2,
         "start": 26307889.31339319,
         "finish": 26307983.56339319,
         "expected runtime on this machine ": "85.23382291880232",
         "actual runtime on this machine ": "94.25",
         "expected memory usage ": 44223032.99221661,
         "actual memory usage": 50000000
      },
      {
         "name": "igv_00000161",
         "machine": 2,
         "start": 26308765.34100588,
         "finish": 26308859.59100588,
         "expected runtime on this machine ": "92.60447499009884",
         "actual runtime on this machine ": "94.25",
         "expected memory usage ": 48371882.36326974,
         "actual memory usage": 50000000
      },
      {
         "name": "consensus_peaks_00000172",
         "machine": 2,
         "start": 26303376.16445429,
         "finish": 26303470.41445429,
         "expected runtime on this machine ": "89.73061158641522",
         "actual runtime on this machine ": "94.25",
         "expected memory usage ": 52237038.76549766,
         "actual memory usage": 50000000
      },
      {
         "name": "trimgalore_00000155",
         "machine": 16,
         "start": 23.5625,
         "finish": 1476276.125,
         "expected runtime on this machine ": "1478935.7612563733",
         "actual runtime on this machine ": "1476252.5625",
         "expected memory usage ": 1349142438.6452367,
         "actual memory usage": 1365266992
      },
      {
         "name": "bwa_mem_00000163",
         "machine": 17,
         "start": 1712801.71035,
         "finish": 6773288.5541,
         "expected runtime on this machine ": "5101512.545188247",
         "actual runtime on this machine ": "5060486.84375",
         "expected memory usage ": 5788221841.110471,
         "actual memory usage": 5856992816
      },
      {
         "name": "make_genome_filter_00000156",
         "machine": 10,
         "start": 0.0,
         "finish": 31.416666666666668,
         "expected runtime on this machine ": "31.968991048580037",
         "actual runtime on this machine ": "31.416666666666668",
         "expected memory usage ": 48073937.89755978,
         "actual memory usage": 50000000
      },
      {
         "name": "merged_bam_filter_00000162",
         "machine": 16,
         "start": 22358982.648057047,
         "finish": 24248605.960557047,
         "expected runtime on this machine ": "2252922.122694845",
         "actual runtime on this machine ": "1889623.3125",
         "expected memory usage ": 28027679.126295406,
         "actual memory usage": 29795376
      },
      {
         "name": "bigwig_00000164",
         "machine": 5,
         "start": 24309801.27198201,
         "finish": 25743667.64698201,
         "expected runtime on this machine ": "1278830.7620435162",
         "actual runtime on this machine ": "1433866.375",
         "expected memory usage ": 1183594896.768963,
         "actual memory usage": 1277481520
      },
      {
         "name": "preseq_00000157",
         "machine": 6,
         "start": 17130824.66477891,
         "finish": 23153421.498112243,
         "expected runtime on this machine ": "6600881.100224111",
         "actual runtime on this machine ": "6022596.833333333",
         "expected memory usage ": 31056215.33473765,
         "actual memory usage": 28217904
      },
      {
         "name": "picard_metrics_00000158",
         "machine": 5,
         "start": 31798218.98273201,
         "finish": 32465013.60773201,
         "expected runtime on this machine ": "659644.9305069881",
         "actual runtime on this machine ": "666794.625",
         "expected memory usage ": 717697555.4322306,
         "actual memory usage": 766293040
      },
      {
         "name": "plotfingerprint_00000175",
         "machine": 2,
         "start": 26307323.81339319,
         "finish": 26307418.06339319,
         "expected runtime on this machine ": "97.23071147413077",
         "actual runtime on this machine ": "94.25",
         "expected memory usage ": 55883205.35177597,
         "actual memory usage": 50000000
      },
      {
         "name": "sort_bam_00000165",
         "machine": 7,
         "start": 6856657.103200001,
         "finish": 11127829.6032,
         "expected runtime on this machine ": "4330153.916950887",
         "actual runtime on this machine ": "4271172.5",
         "expected memory usage ": 3782779268.7210603,
         "actual memory usage": 3616047664
      },
      {
         "name": "plotprofile_00000169",
         "machine": 4,
         "start": 29243677.24073201,
         "finish": 32743686.83448201,
         "expected runtime on this machine ": "3146311.1923412844",
         "actual runtime on this machine ": "3500009.59375",
         "expected memory usage ": 1247438185.979993,
         "actual memory usage": 1404150320
      },
      {
         "name": "merged_bam_00000171",
         "machine": 17,
         "start": 14362043.49930456,
         "finish": 16975384.59305456,
         "expected runtime on this machine ": "2695161.607674352",
         "actual runtime on this machine ": "2613341.09375",
         "expected memory usage ": 6117064662.886219,
         "actual memory usage": 5023374896
      },
      {
         "name": "fastqc_00000167",
         "machine": 3,
         "start": 31782388.13843201,
         "finish": 32412148.41968201,
         "expected runtime on this machine ": "674356.1938772354",
         "actual runtime on this machine ": "629760.28125",
         "expected memory usage ": 675958963.0973573,
         "actual memory usage": 692024368
      },
      {
         "name": "consensus_peaks_annotate_00000168",
         "machine": 2,
         "start": 26308374.753717914,
         "finish": 26308469.003717914,
         "expected runtime on this machine ": "99.809192811317",
         "actual runtime on this machine ": "94.25",
         "expected memory usage ": 55520515.4870902,
         "actual memory usage": 50000000
      },
      {
         "name": "get_software_versions_00000170",
         "machine": 2,
         "start": 26307418.06339319,
         "finish": 26307512.31339319,
         "expected runtime on this machine ": "96.96892750525477",
         "actual runtime on this machine ": "94.25",
         "expected memory usage ": 51255673.35480267,
         "actual memory usage": 50000000
      },
      {
         "name": "output_documentation_00000173",
         "machine": 2,
         "start": 27651635.653976448,
         "finish": 27651729.903976448,
         "expected runtime on this machine ": "86.88067835381091",
         "actual runtime on this machine ": "94.25",
         "expected memory usage ": 56981095.22665291,
         "actual memory usage": 50000000
      },
      {
         "name": "check_design_00000174",
         "machine": 16,
         "start": 0.0,
         "finish": 11.78125,
         "expected runtime on this machine ": "23.5625",
         "actual runtime on this machine ": "11.78125",
         "expected memory usage ": 54542934.70590827,
         "actual memory usage": 50000000
      }
   ],
   "failed": [
      {
         "time": 2893431.803850946,
         "task": "bwa_mem_00000009",
         "machine": 15,
         "reason": "MachineInUseException",
         "occupied by ": "trimgalore_00000130",
         "expected runtime ": 146629017.8137199,
         "actual runtime ": 161935579,
         "expected memory usage ": 5148378467.872403,
         "actual memory usage": 5856992816
      },
      {
         "time": 7712102.414629692,
         "task": "bwa_mem_00000138",
         "machine": 15,
         "reason": "MachineInUseException",
         "occupied by ": "bwa_mem_00000009",
         "expected runtime ": 169196724.9521156,
         "actual runtime ": 161935579,
         "expected memory usage ": 6462548380.63286,
         "actual memory usage": 5856992816
      },
      {
         "time": 14245973.470369423,
         "task": "merged_bam_00000012",
         "machine": 15,
         "reason": "MachineInUseException",
         "occupied by ": "sort_bam_00000040",
         "expected runtime ": 91276303.87555951,
         "actual runtime ": 83626915,
         "expected memory usage ": 4107530674.3244476,
         "actual memory usage": 5023374896
      },
      {
         "time": 25588632.034025528,
         "task": "plotprofile_00000016",
         "machine": 5,
         "reason": "MachineInUseException",
         "occupied by ": "bigwig_00000164",
         "expected runtime ": 113000155.68379562,
         "actual runtime ": 112000307,
         "expected memory usage ": 1292820959.0636919,
         "actual memory usage": 1404150320
      },
      {
         "time": 26302711.05212809,
         "task": "macs2_00000153",
         "machine": 2,
         "reason": "MachineInUseException",
         "occupied by ": "macs2_00000028",
         "expected runtime ": 358.7735071971655,
         "actual runtime ": 377,
         "expected memory usage ": 54157130.660593376,
         "actual memory usage": 50000000
      },
      {
         "time": 26302806.007831175,
         "task": "macs2_00000103",
         "machine": 2,
         "reason": "MachineInUseException",
         "occupied by ": "macs2_00000153",
         "expected runtime ": 431.6702933638911,
         "actual runtime ": 377,
         "expected memory usage ": 45076504.360085815,
         "actual memory usage": 50000000
      },
      {
         "time": 26302993.91149048,
         "task": "macs2_00000006",
         "machine": 2,
         "reason": "MachineInUseException",
         "occupied by ": "macs2_00000053",
         "expected runtime ": 330.1316309150961,
         "actual runtime ": 377,
         "expected memory usage ": 43054326.271209456,
         "actual memory usage": 50000000
      },
      {
         "time": 26303081.697362017,
         "task": "macs2_00000128",
         "machine": 2,
         "reason": "MachineInUseException",
         "occupied by ": "macs2_00000006",
         "expected runtime ": 363.4159762867631,
         "actual runtime ": 377,
         "expected memory usage ": 52064996.43293542,
         "actual memory usage": 50000000
      },
      {
         "time": 26303184.26844836,
         "task": "macs2_00000078",
         "machine": 2,
         "reason": "MachineInUseException",
         "occupied by ": "macs2_00000128",
         "expected runtime ": 247.88359706063852,
         "actual runtime ": 377,
         "expected memory usage ": 48869344.767326176,
         "actual memory usage": 50000000
      },
      {
         "time": 26303249.635353554,
         "task": "consensus_peaks_00000047",
         "machine": 2,
         "reason": "MachineInUseException",
         "occupied by ": "macs2_00000078",
         "expected runtime ": 365.7678285509798,
         "actual runtime ": 377,
         "expected memory usage ": 46680019.87868928,
         "actual memory usage": 50000000
      },
      {
         "time": 26303373.356411427,
         "task": "consensus_peaks_00000172",
         "machine": 2,
         "reason": "MachineInUseException",
         "occupied by ": "consensus_peaks_00000047",
         "expected runtime ": 358.9224463456609,
         "actual runtime ": 377,
         "expected memory usage ": 52237038.76549766,
         "actual memory usage": 50000000
      },
      {
         "time": 26303465.895065874,
         "task": "consensus_peaks_00000072",
         "machine": 2,
         "reason": "MachineInUseException",
         "occupied by ": "consensus_peaks_00000172",
         "expected runtime ": 378.67425707775175,
         "actual runtime ": 377,
         "expected memory usage ": 46466038.03919851,
         "actual memory usage": 50000000
      },
      {
         "time": 26303847.09480031,
         "task": "consensus_peaks_00000147",
         "machine": 2,
         "reason": "MachineInUseException",
         "occupied by ": "consensus_peaks_00000122",
         "expected runtime ": 411.0479833147695,
         "actual runtime ": 377,
         "expected memory usage ": 54277382.356484935,
         "actual memory usage": 50000000
      },
      {
         "time": 26304534.213977218,
         "task": "consensus_peaks_counts_00000126",
         "machine": 2,
         "reason": "MachineInUseException",
         "occupied by ": "consensus_peaks_counts_00000076",
         "expected runtime ": 336.01147643243655,
         "actual runtime ": 377,
         "expected memory usage ": 40562224.5933439,
         "actual memory usage": 50000000
      },
      {
         "time": 26304626.29676468,
         "task": "macs2_annotate_00000034",
         "machine": 2,
         "reason": "MachineInUseException",
         "occupied by ": "consensus_peaks_counts_00000126",
         "expected runtime ": 369.7194790215993,
         "actual runtime ": 377,
         "expected memory usage ": 53024611.28986904,
         "actual memory usage": 50000000
      },
      {
         "time": 26304728.97376533,
         "task": "macs2_annotate_00000109",
         "machine": 2,
         "reason": "MachineInUseException",
         "occupied by ": "macs2_annotate_00000034",
         "expected runtime ": 352.3294622588246,
         "actual runtime ": 377,
         "expected memory usage ": 46679724.50901357,
         "actual memory usage": 50000000
      },
      {
         "time": 26304818.876261137,
         "task": "macs2_annotate_00000059",
         "machine": 2,
         "reason": "MachineInUseException",
         "occupied by ": "macs2_annotate_00000109",
         "expected runtime ": 383.13241817807335,
         "actual runtime ": 377,
         "expected memory usage ": 46661790.32564094,
         "actual memory usage": 50000000
      },
      {
         "time": 26305110.390831105,
         "task": "macs2_annotate_00000159",
         "machine": 2,
         "reason": "MachineInUseException",
         "occupied by ": "macs2_annotate_00000023",
         "expected runtime ": 418.126985533631,
         "actual runtime ": 377,
         "expected memory usage ": 50930255.36735573,
         "actual memory usage": 50000000
      },
      {
         "time": 26305294.103916902,
         "task": "consensus_peaks_deseq2_00000154",
         "machine": 2,
         "reason": "MachineInUseException",
         "occupied by ": "macs2_annotate_00000134",
         "expected runtime ": 466.10412839929967,
         "actual runtime ": 377,
         "expected memory usage ": 46548706.33564643,
         "actual memory usage": 50000000
      },
      {
         "time": 26305579.38539193,
         "task": "macs2_qc_00000035",
         "machine": 2,
         "reason": "MachineInUseException",
         "occupied by ": "consensus_peaks_deseq2_00000029",
         "expected runtime ": 421.673804210723,
         "actual runtime ": 377,
         "expected memory usage ": 44495804.38366856,
         "actual memory usage": 50000000
      },
      {
         "time": 26306463.464322306,
         "task": "plotfingerprint_00000100",
         "machine": 2,
         "reason": "MachineInUseException",
         "occupied by ": "consensus_peaks_deseq2_00000054",
         "expected runtime ": 411.3874636442472,
         "actual runtime ": 377,
         "expected memory usage ": 47156594.98295115,
         "actual memory usage": 50000000
      },
      {
         "time": 26306847.576311465,
         "task": "macs2_qc_00000017",
         "machine": 2,
         "reason": "MachineInUseException",
         "occupied by ": "plotfingerprint_00000050",
         "expected runtime ": 349.35693842272315,
         "actual runtime ": 377,
         "expected memory usage ": 58226645.08505942,
         "actual memory usage": 50000000
      },
      {
         "time": 26306934.91554607,
         "task": "consensus_peaks_deseq2_00000104",
         "machine": 2,
         "reason": "MachineInUseException",
         "occupied by ": "macs2_qc_00000017",
         "expected runtime ": 347.94459773750765,
         "actual runtime ": 377,
         "expected memory usage ": 44028049.95699352,
         "actual memory usage": 50000000
      },
      {
         "time": 26307021.901695505,
         "task": "consensus_peaks_deseq2_00000129",
         "machine": 2,
         "reason": "MachineInUseException",
         "occupied by ": "consensus_peaks_deseq2_00000104",
         "expected runtime ": 342.75939616193006,
         "actual runtime ": 377,
         "expected memory usage ": 53406949.99273869,
         "actual memory usage": 50000000
      },
      {
         "time": 26307107.591544546,
         "task": "consensus_peaks_deseq2_00000018",
         "machine": 2,
         "reason": "MachineInUseException",
         "occupied by ": "consensus_peaks_deseq2_00000129",
         "expected runtime ": 326.7000147561537,
         "actual runtime ": 377,
         "expected memory usage ": 49168904.684218295,
         "actual memory usage": 50000000
      },
      {
         "time": 26307216.98839688,
         "task": "plotfingerprint_00000150",
         "machine": 2,
         "reason": "MachineInUseException",
         "occupied by ": "consensus_peaks_deseq2_00000018",
         "expected runtime ": 328.08088943838425,
         "actual runtime ": 377,
         "expected memory usage ": 49962425.7877092,
         "actual memory usage": 50000000
      },
      {
         "time": 26307299.008619238,
         "task": "plotfingerprint_00000175",
         "machine": 2,
         "reason": "MachineInUseException",
         "occupied by ": "plotfingerprint_00000150",
         "expected runtime ": 388.9228458965231,
         "actual runtime ": 377,
         "expected memory usage ": 55883205.35177597,
         "actual memory usage": 50000000
      },
      {
         "time": 26307396.239330713,
         "task": "get_software_versions_00000170",
         "machine": 2,
         "reason": "MachineInUseException",
         "occupied by ": "plotfingerprint_00000175",
         "expected runtime ": 387.8757100210191,
         "actual runtime ": 377,
         "expected memory usage ": 51255673.35480267,
         "actual memory usage": 50000000
      },
      {
         "time": 26307493.20825822,
         "task": "plotfingerprint_00000004",
         "machine": 2,
         "reason": "MachineInUseException",
         "occupied by ": "get_software_versions_00000170",
         "expected runtime ": 327.39898960763884,
         "actual runtime ": 377,
         "expected memory usage ": 53839162.60112533,
         "actual memory usage": 50000000
      },
      {
         "time": 26307575.05800562,
         "task": "macs2_qc_00000085",
         "machine": 2,
         "reason": "MachineInUseException",
         "occupied by ": "plotfingerprint_00000004",
         "expected runtime ": 375.58631796423947,
         "actual runtime ": 377,
         "expected memory usage ": 48094698.90402588,
         "actual memory usage": 50000000
      },
      {
         "time": 26307668.954585113,
         "task": "get_software_versions_00000095",
         "machine": 2,
         "reason": "MachineInUseException",
         "occupied by ": "macs2_qc_00000085",
         "expected runtime ": 340.5422876219913,
         "actual runtime ": 377,
         "expected memory usage ": 46306500.55471391,
         "actual memory usage": 50000000
      },
      {
         "time": 26307754.090157017,
         "task": "macs2_qc_00000135",
         "machine": 2,
         "reason": "MachineInUseException",
         "occupied by ": "get_software_versions_00000095",
         "expected runtime ": 281.63080921062294,
         "actual runtime ": 377,
         "expected memory usage ": 43097014.41677808,
         "actual memory usage": 50000000
      },
      {
         "time": 26307824.49785932,
         "task": "macs2_qc_00000160",
         "machine": 2,
         "reason": "MachineInUseException",
         "occupied by ": "macs2_qc_00000135",
         "expected runtime ": 340.93529167520927,
         "actual runtime ": 377,
         "expected memory usage ": 44223032.99221661,
         "actual memory usage": 50000000
      },
      {
         "time": 26307909.73168224,
         "task": "output_documentation_00000098",
         "machine": 2,
         "reason": "MachineInUseException",
         "occupied by ": "macs2_qc_00000160",
         "expected runtime ": 422.83668540139143,
         "actual runtime ": 377,
         "expected memory usage ": 48077459.54860069,
         "actual memory usage": 50000000
      },
      {
         "time": 26308015.440853592,
         "task": "output_documentation_00000048",
         "machine": 2,
         "reason": "MachineInUseException",
         "occupied by ": "output_documentation_00000098",
         "expected runtime ": 422.1129180701082,
         "actual runtime ": 377,
         "expected memory usage ": 53272245.39413855,
         "actual memory usage": 50000000
      },
      {
         "time": 26308763.9914796,
         "task": "igv_00000161",
         "machine": 2,
         "reason": "MachineInUseException",
         "occupied by ": "igv_00000061",
         "expected runtime ": 370.41789996039535,
         "actual runtime ": 377,
         "expected memory usage ": 48371882.36326974,
         "actual memory usage": 50000000
      },
      {
         "time": 26308856.595954593,
         "task": "consensus_peaks_annotate_00000118",
         "machine": 2,
         "reason": "MachineInUseException",
         "occupied by ": "igv_00000161",
         "expected runtime ": 367.3542235893564,
         "actual runtime ": 377,
         "expected memory usage ": 50794904.93488647,
         "actual memory usage": 50000000
      },
      {
         "time": 26308948.43451049,
         "task": "output_documentation_00000025",
         "machine": 2,
         "reason": "MachineInUseException",
         "occupied by ": "consensus_peaks_annotate_00000118",
         "expected runtime ": 362.08121740370075,
         "actual runtime ": 377,
         "expected memory usage ": 60146665.727653734,
         "actual memory usage": 50000000
      },
      {
         "time": 26309038.954814844,
         "task": "output_documentation_00000148",
         "machine": 2,
         "reason": "MachineInUseException",
         "occupied by ": "output_documentation_00000025",
         "expected runtime ": 354.91587369522085,
         "actual runtime ": 377,
         "expected memory usage ": 46946938.76633561,
         "actual memory usage": 50000000
      },
      {
         "time": 27651441.533281088,
         "task": "consensus_peaks_annotate_00000143",
         "machine": 2,
         "reason": "MachineInUseException",
         "occupied by ": "igv_00000111",
         "expected runtime ": 349.75239476395814,
         "actual runtime ": 377,
         "expected memory usage ": 49263623.318815924,
         "actual memory usage": 50000000
      },
      {
         "time": 27651528.97137978,
         "task": "igv_00000086",
         "machine": 2,
         "reason": "MachineInUseException",
         "occupied by ": "consensus_peaks_annotate_00000143",
         "expected runtime ": 347.7985032685941,
         "actual runtime ": 377,
         "expected memory usage ": 37926252.319860235,
         "actual memory usage": 50000000
      },
      {
         "time": 27651615.921005595,
         "task": "output_documentation_00000173",
         "machine": 2,
         "reason": "MachineInUseException",
         "occupied by ": "igv_00000086",
         "expected runtime ": 347.52271341524363,
         "actual runtime ": 377,
         "expected memory usage ": 56981095.22665291,
         "actual memory usage": 50000000
      },
      {
         "time": 27651702.801683947,
         "task": "igv_00000136",
         "machine": 2,
         "reason": "MachineInUseException",
         "occupied by ": "output_documentation_00000173",
         "expected runtime ": 342.87675786951866,
         "actual runtime ": 377,
         "expected memory usage ": 45690000.84433166,
         "actual memory usage": 50000000
      },
      {
         "time": 27651788.520873416,
         "task": "consensus_peaks_annotate_00000043",
         "machine": 2,
         "reason": "MachineInUseException",
         "occupied by ": "igv_00000136",
         "expected runtime ": 342.391203318888,
         "actual runtime ": 377,
         "expected memory usage ": 41920644.501019016,
         "actual memory usage": 50000000
      },
      {
         "time": 27651874.118674245,
         "task": "output_documentation_00000073",
         "machine": 2,
         "reason": "MachineInUseException",
         "occupied by ": "consensus_peaks_annotate_00000043",
         "expected runtime ": 334.6189816833257,
         "actual runtime ": 377,
         "expected memory usage ": 52720573.96839457,
         "actual memory usage": 50000000
      },
      {
         "time": 27651957.773419667,
         "task": "consensus_peaks_annotate_00000024",
         "machine": 2,
         "reason": "MachineInUseException",
         "occupied by ": "output_documentation_00000073",
         "expected runtime ": 329.2466926592812,
         "actual runtime ": 377,
         "expected memory usage ": 50693883.46432549,
         "actual memory usage": 50000000
      }
   ]
}