{
   "workflow": "eager-workflow_200",
   "makespan": 44173426.746606134,
   "tasks": [
      {
         "name": "unzip_reference_00000001",
         "machine": 8,
         "start": 0.0,
         "finish": 11.78125,
         "expected runtime on this machine ": "8.451766456464124",
         "actual runtime on this machine ": "11.78125",
         "expected memory usage ": 43829974.49342187,
         "actual memory usage": 50000000
      },
      {
         "name": "makebwaindex_00000002",
         "machine": 8,
         "start": 11.78125,
         "finish": 23.5625,
         "expected runtime on this machine ": "12.645443600110617",
         "actual runtime on this machine ": "11.78125",
         "expected memory usage ": 49600869.27504396,
         "actual memory usage": 50000000
      },
      {
         "name": "makefastaindex_00000003",
         "machine": 18,
         "start": 11.88125,
         "finish": 43.297916666666666,
         "expected runtime on this machine ": "26.53825756564488",
         "actual runtime on this machine ": "31.416666666666668",
         "expected memory usage ": 60421135.640785374,
         "actual memory usage": 50000000
      },
      {
         "name": "makeseqdict_00000004",
         "machine": 21,
         "start": 31.416666666666668,
         "finish": 62.833333333333336,
         "expected runtime on this machine ": "31.236079712898004",
         "actual runtime on this machine ": "31.416666666666668",
         "expected memory usage ": 45043092.24714724,
         "actual memory usage": 50000000
      },
      {
         "name": "circulargenerator_00000005",
         "machine": 33,
         "start": 11.88125,
         "finish": 23.6625,
         "expected runtime on this machine ": "13.73953455703968",
         "actual runtime on this machine ": "11.78125",
         "expected memory usage ": 51439082.894686595,
         "actual memory usage": 50000000
      },
      {
         "name": "mask_reference_for_pmdtools_00000006",
         "machine": 16,
         "start": 11.88125,
         "finish": 74.71458333333334,
         "expected runtime on this machine ": "67.51803426703331",
         "actual runtime on this machine ": "62.833333333333336",
         "expected memory usage ": 43047222.31017236,
         "actual memory usage": 50000000
      },
      {
         "name": "multivcfanalyzer_00000007",
         "machine": 18,
         "start": 17724242.56612391,
         "finish": 17724273.98279058,
         "expected runtime on this machine ": "29.27455510659645",
         "actual runtime on this machine ": "31.416666666666668",
         "expected memory usage ": 42410483.246380545,
         "actual memory usage": 50000000
      },
      {
         "name": "genotyping_ug_00000008",
         "machine": 35,
         "start": 17724223.861443102,
         "finish": 17724235.642693102,
         "expected runtime on this machine ": "11.544676441899053",
         "actual runtime on this machine ": "11.78125",
         "expected memory usage ": 47019988.56177596,
         "actual memory usage": 50000000
      },
      {
         "name": "qualimap_00000009",
         "machine": 10,
         "start": 17783959.16096743,
         "finish": 18024333.16096743,
         "expected runtime on this machine ": "264115.1573861531",
         "actual runtime on this machine ": "240374.0",
         "expected memory usage ": 876276653.4931202,
         "actual memory usage": 891333664
      },
      {
         "name": "circularmapper_00000015",
         "machine": 33,
         "start": 4025456.4687500405,
         "finish": 4025468.2500000405,
         "expected runtime on this machine ": "12.934012240218511",
         "actual runtime on this machine ": "11.78125",
         "expected memory usage ": 42419868.27205959,
         "actual memory usage": 50000000
      },
      {
         "name": "damageprofiler_00000020",
         "machine": 6,
         "start": 17783961.17908039,
         "finish": 18256319.46033039,
         "expected runtime on this machine ": "551163.4781989171",
         "actual runtime on this machine ": "472358.28125",
         "expected memory usage ": 1182393948.9823346,
         "actual memory usage": 1360852000
      },
      {
         "name": "pmdtools_00000021",
         "machine": 13,
         "start": 17724187.499899246,
         "finish": 17724250.333232578,
         "expected runtime on this machine ": "69.34190482998365",
         "actual runtime on this machine ": "62.833333333333336",
         "expected memory usage ": 47586174.44944548,
         "actual memory usage": 50000000
      },
      {
         "name": "mapdamage_rescaling_00000022",
         "machine": 12,
         "start": 17724187.499899246,
         "finish": 17724250.333232578,
         "expected runtime on this machine ": "71.35433313527632",
         "actual runtime on this machine ": "62.833333333333336",
         "expected memory usage ": 39368649.679773584,
         "actual memory usage": 50000000
      },
      {
         "name": "genotyping_hc_00000023",
         "machine": 32,
         "start": 17724211.149456117,
         "finish": 44101210.64945611,
         "expected runtime on this machine ": "23623116.175797872",
         "actual runtime on this machine ": "26376999.5",
         "expected memory usage ": 3591552949.5553865,
         "actual memory usage": 4164467744
      },
      {
         "name": "genotyping_angsd_00000024",
         "machine": 28,
         "start": 17724211.149457242,
         "finish": 17724258.274457242,
         "expected runtime on this machine ": "56.03389979767172",
         "actual runtime on this machine ": "47.125",
         "expected memory usage ": 50533587.96431077,
         "actual memory usage": 50000000
      },
      {
         "name": "genotyping_freebayes_00000025",
         "machine": 34,
         "start": 17724223.51801483,
         "finish": 17724235.29926483,
         "expected runtime on this machine ": "11.969402624284443",
         "actual runtime on this machine ": "11.78125",
         "expected memory usage ": 49642759.78966477,
         "actual memory usage": 50000000
      },
      {
         "name": "vcf2genome_00000026",
         "machine": 34,
         "start": 17724258.91176483,
         "finish": 17724270.69301483,
         "expected runtime on this machine ": "11.62089752766106",
         "actual runtime on this machine ": "11.78125",
         "expected memory usage ": 48239645.80495864,
         "actual memory usage": 50000000
      },
      {
         "name": "genotyping_pileupcaller_00000027",
         "machine": 20,
         "start": 17724211.149457242,
         "finish": 17724242.56612391,
         "expected runtime on this machine ": "33.24899449291346",
         "actual runtime on this machine ": "31.416666666666668",
         "expected memory usage ": 56464490.22496925,
         "actual memory usage": 50000000
      },
      {
         "name": "bcftools_stats_00000028",
         "machine": 32,
         "start": 44101210.64945611,
         "finish": 44170347.02445611,
         "expected runtime on this machine ": "60251.6373104881",
         "actual runtime on this machine ": "69136.375",
         "expected memory usage ": 20670182.91094719,
         "actual memory usage": 20300832
      },
      {
         "name": "bwamem_00000029",
         "machine": 34,
         "start": 4025456.4687500405,
         "finish": 4025468.2500000405,
         "expected runtime on this machine ": "12.796947914195457",
         "actual runtime on this machine ": "11.78125",
         "expected memory usage ": 53343180.48623677,
         "actual memory usage": 50000000
      },
      {
         "name": "bwa_00000030",
         "machine": 32,
         "start": 4025456.46875,
         "finish": 17187506.75,
         "expected runtime on this machine ": "11865931.302417168",
         "actual runtime on this machine ": "13162050.28125",
         "expected memory usage ": 2935314224.840944,
         "actual memory usage": 2909068320
      },
      {
         "name": "multiqc_00000031",
         "machine": 32,
         "start": 44170347.02445611,
         "finish": 44170358.80570611,
         "expected runtime on this machine ": "10.668970868961852",
         "actual runtime on this machine ": "11.78125",
         "expected memory usage ": 48064400.27453996,
         "actual memory usage": 50000000
      },
      {
         "name": "dedup_00000010",
         "machine": 8,
         "start": 17250786.722188946,
         "finish": 17250798.503438946,
         "expected runtime on this machine ": "11.543323991340248",
         "actual runtime on this machine ": "11.78125",
         "expected memory usage ": 51132602.647836596,
         "actual memory usage": 50000000
      },
      {
         "name": "library_merge_00000012",
         "machine": 32,
         "start": 17724175.531250037,
         "finish": 17724187.312500037,
         "expected runtime on this machine ": "11.968648081931633",
         "actual runtime on this machine ": "11.78125",
         "expected memory usage ": 45923175.972444214,
         "actual memory usage": 50000000
      },
      {
         "name": "bam_trim_00000013",
         "machine": 32,
         "start": 17724187.49989812,
         "finish": 17724199.28114812,
         "expected runtime on this machine ": "12.281936159849414",
         "actual runtime on this machine ": "11.78125",
         "expected memory usage ": 50063362.381300114,
         "actual memory usage": 50000000
      },
      {
         "name": "additional_library_merge_00000014",
         "machine": 32,
         "start": 17724199.28114812,
         "finish": 17724211.06239812,
         "expected runtime on this machine ": "11.86830799640734",
         "actual runtime on this machine ": "11.78125",
         "expected memory usage ": 49524231.88077546,
         "actual memory usage": 50000000
      },
      {
         "name": "mtnucratio_00000043",
         "machine": 23,
         "start": 17724175.63124891,
         "finish": 17724207.047915578,
         "expected runtime on this machine ": "33.91225865867079",
         "actual runtime on this machine ": "31.416666666666668",
         "expected memory usage ": 46348280.831601694,
         "actual memory usage": 50000000
      },
      {
         "name": "sexdeterrmine_prep_00000048",
         "machine": 18,
         "start": 17724211.149457242,
         "finish": 17724242.56612391,
         "expected runtime on this machine ": "32.07011329366352",
         "actual runtime on this machine ": "31.416666666666668",
         "expected memory usage ": 44485875.9561597,
         "actual memory usage": 50000000
      },
      {
         "name": "nuclear_contamination_00000055",
         "machine": 20,
         "start": 17724175.63124891,
         "finish": 17724207.047915578,
         "expected runtime on this machine ": "33.282316994304566",
         "actual runtime on this machine ": "31.416666666666668",
         "expected memory usage ": 55696478.767955266,
         "actual memory usage": 50000000
      },
      {
         "name": "bedtools_00000056",
         "machine": 15,
         "start": 17724187.499899246,
         "finish": 17724250.333232578,
         "expected runtime on this machine ": "66.46143122866688",
         "actual runtime on this machine ": "62.833333333333336",
         "expected memory usage ": 51457055.20395787,
         "actual memory usage": 50000000
      },
      {
         "name": "markduplicates_00000011",
         "machine": 32,
         "start": 17250786.718750037,
         "finish": 17724175.531250037,
         "expected runtime on this machine ": "483209.25782671256",
         "actual runtime on this machine ": "473388.8125",
         "expected memory usage ": 2344213871.40721,
         "actual memory usage": 2101938720
      },
      {
         "name": "samtools_flagstat_00000038",
         "machine": 19,
         "start": 17220131.74853356,
         "finish": 17356030.66520023,
         "expected runtime on this machine ": "135828.04035030145",
         "actual runtime on this machine ": "135898.91666666666",
         "expected memory usage ": 16771138.850934291,
         "actual memory usage": 16743968
      },
      {
         "name": "samtools_flagstat_after_filter_00000039",
         "machine": 21,
         "start": 17259815.713943526,
         "finish": 17300321.713943526,
         "expected runtime on this machine ": "44547.06200856338",
         "actual runtime on this machine ": "40506.0",
         "expected memory usage ": 15098895.717174577,
         "actual memory usage": 16925728
      },
      {
         "name": "preseq_00000040",
         "machine": 35,
         "start": 17259767.340309605,
         "finish": 17399289.152809605,
         "expected runtime on this machine ": "128339.82510875266",
         "actual runtime on this machine ": "139521.8125",
         "expected memory usage ": 20889010.17012191,
         "actual memory usage": 18342944
      },
      {
         "name": "hostremoval_input_fastq_00000051",
         "machine": 27,
         "start": 17187506.849999808,
         "finish": 17187553.974999808,
         "expected runtime on this machine ": "52.142959306066615",
         "actual runtime on this machine ": "47.125",
         "expected memory usage ": 48438524.3685161,
         "actual memory usage": 50000000
      },
      {
         "name": "seqtype_merge_00000053",
         "machine": 32,
         "start": 17187506.750000037,
         "finish": 17187518.531250037,
         "expected runtime on this machine ": "8.359163415036306",
         "actual runtime on this machine ": "11.78125",
         "expected memory usage ": 50142092.6063466,
         "actual memory usage": 50000000
      },
      {
         "name": "samtools_filter_00000054",
         "machine": 32,
         "start": 17187518.531250037,
         "finish": 17250786.718750037,
         "expected runtime on this machine ": "48895.000570440825",
         "actual runtime on this machine ": "63268.1875",
         "expected memory usage ": 20829978.19225765,
         "actual memory usage": 20311072
      },
      {
         "name": "convertbam_00000016",
         "machine": 32,
         "start": 0.0,
         "finish": 11.78125,
         "expected runtime on this machine ": "12.844254113340918",
         "actual runtime on this machine ": "11.78125",
         "expected memory usage ": 41806583.976371914,
         "actual memory usage": 50000000
      },
      {
         "name": "fastp_00000017",
         "machine": 32,
         "start": 11.78125,
         "finish": 23.5625,
         "expected runtime on this machine ": "10.083622680794873",
         "actual runtime on this machine ": "11.78125",
         "expected memory usage ": 46675846.459715635,
         "actual memory usage": 50000000
      },
      {
         "name": "adapter_removal_00000018",
         "machine": 32,
         "start": 23.5625,
         "finish": 4025444.6875,
         "expected runtime on this machine ": "3828566.11704665",
         "actual runtime on this machine ": "4025421.125",
         "expected memory usage ": 123190252.03906924,
         "actual memory usage": 148067360
      },
      {
         "name": "lanemerge_00000019",
         "machine": 32,
         "start": 4025444.6875,
         "finish": 4025456.46875,
         "expected runtime on this machine ": "11.185762954943105",
         "actual runtime on this machine ": "11.78125",
         "expected memory usage ": 45078279.80432436,
         "actual memory usage": 50000000
      },
      {
         "name": "fastqc_00000035",
         "machine": 34,
         "start": 4650251.052000001,
         "finish": 5787940.802000001,
         "expected runtime on this machine ": "1004442.5500607723",
         "actual runtime on this machine ": "1137689.75",
         "expected memory usage ": 273311896.67710644,
         "actual memory usage": 279811104
      },
      {
         "name": "fastqc_after_clipping_00000036",
         "machine": 8,
         "start": 4183022.53989638,
         "finish": 4698266.94614638,
         "expected runtime on this machine ": "480217.2379438197",
         "actual runtime on this machine ": "515244.40625",
         "expected memory usage ": 263291530.16749433,
         "actual memory usage": 272063520
      },
      {
         "name": "bowtie2_00000037",
         "machine": 35,
         "start": 4025456.4687500405,
         "finish": 4025468.2500000405,
         "expected runtime on this machine ": "10.093626582471808",
         "actual runtime on this machine ": "11.78125",
         "expected memory usage ": 48198969.18231641,
         "actual memory usage": 50000000
      },
      {
         "name": "post_ar_fastq_trimming_00000049",
         "machine": 25,
         "start": 4025444.787499919,
         "finish": 4025491.912499919,
         "expected runtime on this machine ": "50.849442739051064",
         "actual runtime on this machine ": "47.125",
         "expected memory usage ": 46502760.25597265,
         "actual memory usage": 50000000
      },
      {
         "name": "eigenstrat_snp_coverage_00000045",
         "machine": 20,
         "start": 17724242.56612391,
         "finish": 17724273.98279058,
         "expected runtime on this machine ": "31.25827709009744",
         "actual runtime on this machine ": "31.416666666666668",
         "expected memory usage ": 43566265.52741887,
         "actual memory usage": 50000000
      },
      {
         "name": "sexdeterrmine_00000032",
         "machine": 35,
         "start": 17724242.66612391,
         "finish": 17724254.44737391,
         "expected runtime on this machine ": "13.754163667463702",
         "actual runtime on this machine ": "11.78125",
         "expected memory usage ": 43963202.677528486,
         "actual memory usage": 50000000
      },
      {
         "name": "malt_00000033",
         "machine": 25,
         "start": 0.0,
         "finish": 47.125,
         "expected runtime on this machine ": "47.092395845838",
         "actual runtime on this machine ": "47.125",
         "expected memory usage ": 48352505.755396284,
         "actual memory usage": 50000000
      },
      {
         "name": "maltextract_00000034",
         "machine": 25,
         "start": 47.125,
         "finish": 94.25,
         "expected runtime on this machine ": "40.21168766196203",
         "actual runtime on this machine ": "47.125",
         "expected memory usage ": 57123915.406115405,
         "actual memory usage": 50000000
      },
      {
         "name": "endorspy_00000041",
         "machine": 25,
         "start": 17356030.71516344,
         "finish": 17356077.84016344,
         "expected runtime on this machine ": "50.67321175895411",
         "actual runtime on this machine ": "47.125",
         "expected memory usage ": 54607631.92371653,
         "actual memory usage": 50000000
      },
      {
         "name": "metagenomic_complexity_filter_00000042",
         "machine": 24,
         "start": 17250786.81875004,
         "finish": 17250833.94375004,
         "expected runtime on this machine ": "53.27837208504156",
         "actual runtime on this machine ": "47.125",
         "expected memory usage ": 50354564.034074225,
         "actual memory usage": 50000000
      },
      {
         "name": "print_nuclear_contamination_00000044",
         "machine": 25,
         "start": 17724207.14791558,
         "finish": 17724254.27291558,
         "expected runtime on this machine ": "47.886245745343885",
         "actual runtime on this machine ": "47.125",
         "expected memory usage ": 53532467.18661462,
         "actual memory usage": 50000000
      },
      {
         "name": "kraken_00000046",
         "machine": 20,
         "start": 0.0,
         "finish": 31.416666666666668,
         "expected runtime on this machine ": "33.99691237513465",
         "actual runtime on this machine ": "31.416666666666668",
         "expected memory usage ": 46956126.78669776,
         "actual memory usage": 50000000
      },
      {
         "name": "kraken_parse_00000057",
         "machine": 22,
         "start": 31.51666666666667,
         "finish": 62.93333333333334,
         "expected runtime on this machine ": "30.545657954347472",
         "actual runtime on this machine ": "31.416666666666668",
         "expected memory usage ": 49296622.889154136,
         "actual memory usage": 50000000
      },
      {
         "name": "get_software_versions_00000047",
         "machine": 13,
         "start": 0.0,
         "finish": 62.833333333333336,
         "expected runtime on this machine ": "57.40945463124499",
         "actual runtime on this machine ": "62.833333333333336",
         "expected memory usage ": 48380255.520414494,
         "actual memory usage": 50000000
      },
      {
         "name": "indexinputbam_00000050",
         "machine": 35,
         "start": 0.0,
         "finish": 11.78125,
         "expected runtime on this machine ": "11.727860625514875",
         "actual runtime on this machine ": "11.78125",
         "expected memory usage ": 43589238.91035832,
         "actual memory usage": 50000000
      },
      {
         "name": "lanemerge_hostremoval_fastq_00000052",
         "machine": 26,
         "start": 0.0,
         "finish": 47.125,
         "expected runtime on this machine ": "48.47934026942217",
         "actual runtime on this machine ": "47.125",
         "expected memory usage ": 48034232.179671176,
         "actual memory usage": 50000000
      },
      {
         "name": "kraken_merge_00000058",
         "machine": 26,
         "start": 63.03333333333334,
         "finish": 110.15833333333333,
         "expected runtime on this machine ": "50.99272445031326",
         "actual runtime on this machine ": "47.125",
         "expected memory usage ": 48573261.74974315,
         "actual memory usage": 50000000
      },
      {
         "name": "output_documentation_00000059",
         "machine": 15,
         "start": 0.0,
         "finish": 62.833333333333336,
         "expected runtime on this machine ": "68.76447031788886",
         "actual runtime on this machine ": "62.833333333333336",
         "expected memory usage ": 62336712.97392813,
         "actual memory usage": 50000000
      },
      {
         "name": "qualimap_00000060",
         "machine": 9,
         "start": 17783959.16096743,
         "finish": 18024333.16096743,
         "expected runtime on this machine ": "292240.9436123277",
         "actual runtime on this machine ": "240374.0",
         "expected memory usage ": 888352422.6573176,
         "actual memory usage": 891333664
      },
      {
         "name": "multiqc_00000067",
         "machine": 30,
         "start": 44172112.68139372,
         "finish": 44172124.46264372,
         "expected runtime on this machine ": "10.509026172542356",
         "actual runtime on this machine ": "11.78125",
         "expected memory usage ": 46712621.17659311,
         "actual memory usage": 50000000
      },
      {
         "name": "unzip_reference_00000061",
         "machine": 6,
         "start": 0.0,
         "finish": 11.78125,
         "expected runtime on this machine ": "12.811673670290373",
         "actual runtime on this machine ": "11.78125",
         "expected memory usage ": 48197777.25181252,
         "actual memory usage": 50000000
      },
      {
         "name": "pmdtools_00000063",
         "machine": 19,
         "start": 17724243.21056442,
         "finish": 17724274.627231088,
         "expected runtime on this machine ": "28.80066317637174",
         "actual runtime on this machine ": "31.416666666666668",
         "expected memory usage ": 42680489.434339754,
         "actual memory usage": 50000000
      },
      {
         "name": "circulargenerator_00000065",
         "machine": 9,
         "start": 11.88125,
         "finish": 23.6625,
         "expected runtime on this machine ": "12.858434730266563",
         "actual runtime on this machine ": "11.78125",
         "expected memory usage ": 49800028.66367057,
         "actual memory usage": 50000000
      },
      {
         "name": "mask_reference_for_pmdtools_00000066",
         "machine": 1,
         "start": 11.88125,
         "finish": 106.13125,
         "expected runtime on this machine ": "76.79076127534319",
         "actual runtime on this machine ": "94.25",
         "expected memory usage ": 43367962.95559339,
         "actual memory usage": 50000000
      },
      {
         "name": "genotyping_ug_00000072",
         "machine": 35,
         "start": 17724212.080193102,
         "finish": 17724223.861443102,
         "expected runtime on this machine ": "11.337829616372721",
         "actual runtime on this machine ": "11.78125",
         "expected memory usage ": 45591483.00325526,
         "actual memory usage": 50000000
      },
      {
         "name": "genotyping_pileupcaller_00000075",
         "machine": 34,
         "start": 17724235.29926483,
         "finish": 17724247.08051483,
         "expected runtime on this machine ": "13.805891632385201",
         "actual runtime on this machine ": "11.78125",
         "expected memory usage ": 50720894.78771697,
         "actual memory usage": 50000000
      },
      {
         "name": "makebwaindex_00000082",
         "machine": 6,
         "start": 11.78125,
         "finish": 23.5625,
         "expected runtime on this machine ": "10.800914251427148",
         "actual runtime on this machine ": "11.78125",
         "expected memory usage ": 49130253.2381437,
         "actual memory usage": 50000000
      },
      {
         "name": "makefastaindex_00000083",
         "machine": 34,
         "start": 11.88125,
         "finish": 23.6625,
         "expected runtime on this machine ": "13.761704561579686",
         "actual runtime on this machine ": "11.78125",
         "expected memory usage ": 50521658.632691465,
         "actual memory usage": 50000000
      },
      {
         "name": "bcftools_stats_00000089",
         "machine": 30,
         "start": 44101211.58019198,
         "finish": 44170347.95519198,
         "expected runtime on this machine ": "70901.10120174354",
         "actual runtime on this machine ": "69136.375",
         "expected memory usage ": 19526140.943902384,
         "actual memory usage": 20300832
      },
      {
         "name": "genotyping_hc_00000094",
         "machine": 30,
         "start": 17724212.080191977,
         "finish": 44101211.58019198,
         "expected runtime on this machine ": "28590841.597538244",
         "actual runtime on this machine ": "26376999.5",
         "expected memory usage ": 4833362414.968944,
         "actual memory usage": 4164467744
      },
      {
         "name": "circularmapper_00000095",
         "machine": 7,
         "start": 4025456.4687500405,
         "finish": 4025468.2500000405,
         "expected runtime on this machine ": "11.25021512068531",
         "actual runtime on this machine ": "11.78125",
         "expected memory usage ": 46430772.13583552,
         "actual memory usage": 50000000
      },
      {
         "name": "mapdamage_rescaling_00000099",
         "machine": 14,
         "start": 17724187.5075546,
         "finish": 17724250.34088793,
         "expected runtime on this machine ": "68.96736520428475",
         "actual runtime on this machine ": "62.833333333333336",
         "expected memory usage ": 43050372.021186545,
         "actual memory usage": 50000000
      },
      {
         "name": "makeseqdict_00000106",
         "machine": 35,
         "start": 11.88125,
         "finish": 23.6625,
         "expected runtime on this machine ": "8.737027097209861",
         "actual runtime on this machine ": "11.78125",
         "expected memory usage ": 58532407.92543193,
         "actual memory usage": 50000000
      },
      {
         "name": "genotyping_angsd_00000108",
         "machine": 21,
         "start": 17724243.210559912,
         "finish": 17724274.62722658,
         "expected runtime on this machine ": "28.06661581913292",
         "actual runtime on this machine ": "31.416666666666668",
         "expected memory usage ": 50388710.659429096,
         "actual memory usage": 50000000
      },
      {
         "name": "damageprofiler_00000109",
         "machine": 8,
         "start": 17783961.17908039,
         "finish": 18256319.46033039,
         "expected runtime on this machine ": "462160.7136570324",
         "actual runtime on this machine ": "472358.28125",
         "expected memory usage ": 1329558861.704002,
         "actual memory usage": 1360852000
      },
      {
         "name": "multivcfanalyzer_00000110",
         "machine": 22,
         "start": 17724223.911443103,
         "finish": 17724255.32810977,
         "expected runtime on this machine ": "35.37452181611902",
         "actual runtime on this machine ": "31.416666666666668",
         "expected memory usage ": 47471698.24665069,
         "actual memory usage": 50000000
      },
      {
         "name": "vcf2genome_00000111",
         "machine": 24,
         "start": 17724223.911443103,
         "finish": 17724271.036443103,
         "expected runtime on this machine ": "48.627952203613624",
         "actual runtime on this machine ": "47.125",
         "expected memory usage ": 50490594.18324804,
         "actual memory usage": 50000000
      },
      {
         "name": "genotyping_freebayes_00000118",
         "machine": 33,
         "start": 17724223.51801483,
         "finish": 17724235.29926483,
         "expected runtime on this machine ": "9.963689925542237",
         "actual runtime on this machine ": "11.78125",
         "expected memory usage ": 46581430.92240727,
         "actual memory usage": 50000000
      },
      {
         "name": "fastqc_after_clipping_00000062",
         "machine": 9,
         "start": 4183022.53989638,
         "finish": 4698266.94614638,
         "expected runtime on this machine ": "550484.7504039865",
         "actual runtime on this machine ": "515244.40625",
         "expected memory usage ": 251367012.8414469,
         "actual memory usage": 272063520
      },
      {
         "name": "preseq_00000064",
         "machine": 33,
         "start": 17259767.340309605,
         "finish": 17399289.152809605,
         "expected runtime on this machine ": "144415.06438060105",
         "actual runtime on this machine ": "139521.8125",
         "expected memory usage ": 17446553.4210863,
         "actual memory usage": 18342944
      },
      {
         "name": "post_ar_fastq_trimming_00000068",
         "machine": 26,
         "start": 4025444.787499919,
         "finish": 4025491.912499919,
         "expected runtime on this machine ": "49.785189893333126",
         "actual runtime on this machine ": "47.125",
         "expected memory usage ": 53505993.05800415,
         "actual memory usage": 50000000
      },
      {
         "name": "output_documentation_00000069",
         "machine": 14,
         "start": 0.0,
         "finish": 62.833333333333336,
         "expected runtime on this machine ": "70.62712055906348",
         "actual runtime on this machine ": "62.833333333333336",
         "expected memory usage ": 48732766.66414208,
         "actual memory usage": 50000000
      },
      {
         "name": "nuclear_contamination_00000070",
         "machine": 22,
         "start": 17724175.707374062,
         "finish": 17724207.12404073,
         "expected runtime on this machine ": "26.442049683354657",
         "actual runtime on this machine ": "31.416666666666668",
         "expected memory usage ": 53132485.54492334,
         "actual memory usage": 50000000
      },
      {
         "name": "print_nuclear_contamination_00000113",
         "machine": 23,
         "start": 17724207.22404073,
         "finish": 17724238.6407074,
         "expected runtime on this machine ": "33.021758575144766",
         "actual runtime on this machine ": "31.416666666666668",
         "expected memory usage ": 53185801.694622494,
         "actual memory usage": 50000000
      },
      {
         "name": "samtools_flagstat_after_filter_00000071",
         "machine": 23,
         "start": 17259815.713943526,
         "finish": 17300321.713943526,
         "expected runtime on this machine ": "37348.59338457315",
         "actual runtime on this machine ": "40506.0",
         "expected memory usage ": 15924670.58917008,
         "actual memory usage": 16925728
      },
      {
         "name": "endorspy_00000114",
         "machine": 23,
         "start": 17356030.71516344,
         "finish": 17356062.131830107,
         "expected runtime on this machine ": "36.280562026849566",
         "actual runtime on this machine ": "31.416666666666668",
         "expected memory usage ": 49187141.599950194,
         "actual memory usage": 50000000
      },
      {
         "name": "indexinputbam_00000073",
         "machine": 10,
         "start": 0.0,
         "finish": 11.78125,
         "expected runtime on this machine ": "13.223690133445213",
         "actual runtime on this machine ": "11.78125",
         "expected memory usage ": 55437312.22408185,
         "actual memory usage": 50000000
      },
      {
         "name": "hostremoval_input_fastq_00000085",
         "machine": 29,
         "start": 17187506.849999808,
         "finish": 17187553.974999808,
         "expected runtime on this machine ": "46.01642316440574",
         "actual runtime on this machine ": "47.125",
         "expected memory usage ": 46640096.64087099,
         "actual memory usage": 50000000
      },
      {
         "name": "seqtype_merge_00000086",
         "machine": 30,
         "start": 17187506.81365194,
         "finish": 17187518.59490194,
         "expected runtime on this machine ": "13.588759285173056",
         "actual runtime on this machine ": "11.78125",
         "expected memory usage ": 55456559.97899346,
         "actual memory usage": 50000000
      },
      {
         "name": "samtools_filter_00000087",
         "machine": 30,
         "start": 17187518.60737519,
         "finish": 17250786.79487519,
         "expected runtime on this machine ": "54518.52447080756",
         "actual runtime on this machine ": "63268.1875",
         "expected memory usage ": 19464724.752588872,
         "actual memory usage": 20311072
      },
      {
         "name": "samtools_flagstat_00000090",
         "machine": 18,
         "start": 17220131.74853356,
         "finish": 17356030.66520023,
         "expected runtime on this machine ": "136671.93181898337",
         "actual runtime on this machine ": "135898.91666666666",
         "expected memory usage ": 19551332.054343153,
         "actual memory usage": 16743968
      },
      {
         "name": "markduplicates_00000096",
         "machine": 30,
         "start": 17250786.79487519,
         "finish": 17724175.60737519,
         "expected runtime on this machine ": "453440.78876285994",
         "actual runtime on this machine ": "473388.8125",
         "expected memory usage ": 1719989473.50065,
         "actual memory usage": 2101938720
      },
      {
         "name": "dedup_00000116",
         "machine": 6,
         "start": 17250786.7983141,
         "finish": 17250798.5795641,
         "expected runtime on this machine ": "11.199455569722051",
         "actual runtime on this machine ": "11.78125",
         "expected memory usage ": 44053870.4274437,
         "actual memory usage": 50000000
      },
      {
         "name": "lanemerge_hostremoval_fastq_00000074",
         "machine": 28,
         "start": 0.0,
         "finish": 47.125,
         "expected runtime on this machine ": "44.2541834145124",
         "actual runtime on this machine ": "47.125",
         "expected memory usage ": 48847666.78081818,
         "actual memory usage": 50000000
      },
      {
         "name": "eigenstrat_snp_coverage_00000076",
         "machine": 34,
         "start": 17724247.08051483,
         "finish": 17724258.86176483,
         "expected runtime on this machine ": "13.007988798745792",
         "actual runtime on this machine ": "11.78125",
         "expected memory usage ": 48846689.43216305,
         "actual memory usage": 50000000
      },
      {
         "name": "kraken_00000077",
         "machine": 22,
         "start": 0.0,
         "finish": 31.416666666666668,
         "expected runtime on this machine ": "30.775612021352472",
         "actual runtime on this machine ": "31.416666666666668",
         "expected memory usage ": 50359973.362171486,
         "actual memory usage": 50000000
      },
      {
         "name": "kraken_parse_00000097",
         "machine": 19,
         "start": 55.179166666666674,
         "finish": 86.59583333333335,
         "expected runtime on this machine ": "28.356592909256264",
         "actual runtime on this machine ": "31.416666666666668",
         "expected memory usage ": 48769818.64195751,
         "actual memory usage": 50000000
      },
      {
         "name": "bedtools_00000078",
         "machine": 1,
         "start": 17724187.5075546,
         "finish": 17724281.7575546,
         "expected runtime on this machine ": "80.00908071811162",
         "actual runtime on this machine ": "94.25",
         "expected memory usage ": 45594229.63725709,
         "actual memory usage": 50000000
      },
      {
         "name": "kraken_merge_00000079",
         "machine": 28,
         "start": 86.69583333333334,
         "finish": 133.82083333333333,
         "expected runtime on this machine ": "45.632353478873036",
         "actual runtime on this machine ": "47.125",
         "expected memory usage ": 51682815.29496303,
         "actual memory usage": 50000000
      },
      {
         "name": "bwa_00000080",
         "machine": 30,
         "start": 4025456.46875,
         "finish": 17187506.75,
         "expected runtime on this machine ": "14150100.491884973",
         "actual runtime on this machine ": "13162050.28125",
         "expected memory usage ": 2513733625.3663554,
         "actual memory usage": 2909068320
      },
      {
         "name": "metagenomic_complexity_filter_00000081",
         "machine": 26,
         "start": 17250786.89487519,
         "finish": 17250834.01987519,
         "expected runtime on this machine ": "43.93220712327518",
         "actual runtime on this machine ": "47.125",
         "expected memory usage ": 52941300.71646523,
         "actual memory usage": 50000000
      },
      {
         "name": "bwamem_00000104",
         "machine": 8,
         "start": 4025456.4687500405,
         "finish": 4025468.2500000405,
         "expected runtime on this machine ": "11.207635969305864",
         "actual runtime on this machine ": "11.78125",
         "expected memory usage ": 50923948.3451438,
         "actual memory usage": 50000000
      },
      {
         "name": "library_merge_00000084",
         "machine": 30,
         "start": 17724175.60737519,
         "finish": 17724187.38862519,
         "expected runtime on this machine ": "11.900178282614554",
         "actual runtime on this machine ": "11.78125",
         "expected memory usage ": 53534607.50194629,
         "actual memory usage": 50000000
      },
      {
         "name": "sexdeterrmine_prep_00000092",
         "machine": 33,
         "start": 17724235.29926483,
         "finish": 17724247.08051483,
         "expected runtime on this machine ": "13.44757297101007",
         "actual runtime on this machine ": "11.78125",
         "expected memory usage ": 54576365.91836979,
         "actual memory usage": 50000000
      },
      {
         "name": "additional_library_merge_00000093",
         "machine": 30,
         "start": 17724199.288803473,
         "finish": 17724211.070053473,
         "expected runtime on this machine ": "12.791388505095226",
         "actual runtime on this machine ": "11.78125",
         "expected memory usage ": 50379073.98667782,
         "actual memory usage": 50000000
      },
      {
         "name": "bam_trim_00000102",
         "machine": 30,
         "start": 17724187.507553473,
         "finish": 17724199.288803473,
         "expected runtime on this machine ": "10.622930144605503",
         "actual runtime on this machine ": "11.78125",
         "expected memory usage ": 45706991.05152722,
         "actual memory usage": 50000000
      },
      {
         "name": "adapter_removal_00000088",
         "machine": 30,
         "start": 23.5625,
         "finish": 4025444.6875,
         "expected runtime on this machine ": "4279710.140964875",
         "actual runtime on this machine ": "4025421.125",
         "expected memory usage ": 163426576.4619552,
         "actual memory usage": 148067360
      },
      {
         "name": "lanemerge_00000091",
         "machine": 30,
         "start": 4025444.6875,
         "finish": 4025456.46875,
         "expected runtime on this machine ": "10.728450911346782",
         "actual runtime on this machine ": "11.78125",
         "expected memory usage ": 53926454.31482453,
         "actual memory usage": 50000000
      },
      {
         "name": "bowtie2_00000117",
         "machine": 6,
         "start": 4025456.4687500405,
         "finish": 4025468.2500000405,
         "expected runtime on this machine ": "12.743799956373064",
         "actual runtime on this machine ": "11.78125",
         "expected memory usage ": 49330430.48438237,
         "actual memory usage": 50000000
      },
      {
         "name": "sexdeterrmine_00000098",
         "machine": 33,
         "start": 17724247.08051483,
         "finish": 17724258.86176483,
         "expected runtime on this machine ": "13.999524559180195",
         "actual runtime on this machine ": "11.78125",
         "expected memory usage ": 49592603.538615964,
         "actual memory usage": 50000000
      },
      {
         "name": "mtnucratio_00000100",
         "machine": 27,
         "start": 17724175.707374062,
         "finish": 17724222.832374062,
         "expected runtime on this machine ": "46.57565255557806",
         "actual runtime on this machine ": "47.125",
         "expected memory usage ": 52742968.20058578,
         "actual memory usage": 50000000
      },
      {
         "name": "maltextract_00000101",
         "machine": 24,
         "start": 47.125,
         "finish": 94.25,
         "expected runtime on this machine ": "42.28951136912653",
         "actual runtime on this machine ": "47.125",
         "expected memory usage ": 44436795.99924666,
         "actual memory usage": 50000000
      },
      {
         "name": "fastp_00000103",
         "machine": 30,
         "start": 11.78125,
         "finish": 23.5625,
         "expected runtime on this machine ": "10.197859066339328",
         "actual runtime on this machine ": "11.78125",
         "expected memory usage ": 48149888.548234716,
         "actual memory usage": 50000000
      },
      {
         "name": "convertbam_00000105",
         "machine": 30,
         "start": 0.0,
         "finish": 11.78125,
         "expected runtime on this machine ": "11.678314658319932",
         "actual runtime on this machine ": "11.78125",
         "expected memory usage ": 56822727.256726906,
         "actual memory usage": 50000000
      },
      {
         "name": "fastqc_00000112",
         "machine": 35,
         "start": 4650250.952000041,
         "finish": 5787940.702000041,
         "expected runtime on this machine ": "808524.091949272",
         "actual runtime on this machine ": "1137689.75",
         "expected memory usage ": 245788393.16503972,
         "actual memory usage": 279811104
      },
      {
         "name": "malt_00000107",
         "machine": 24,
         "start": 0.0,
         "finish": 47.125,
         "expected runtime on this machine ": "55.53260080014861",
         "actual runtime on this machine ": "47.125",
         "expected memory usage ": 56290798.93382881,
         "actual memory usage": 50000000
      },
      {
         "name": "get_software_versions_00000115",
         "machine": 12,
         "start": 0.0,
         "finish": 62.833333333333336,
         "expected runtime on this machine ": "58.750841235944335",
         "actual runtime on this machine ": "62.833333333333336",
         "expected memory usage ": 43181058.484058455,
         "actual memory usage": 50000000
      },
      {
         "name": "qualimap_00000119",
         "machine": 11,
         "start": 17783959.16096743,
         "finish": 18024333.16096743,
         "expected runtime on this machine ": "198392.78111424687",
         "actual runtime on this machine ": "240374.0",
         "expected memory usage ": 915776204.8920814,
         "actual memory usage": 891333664
      },
      {
         "name": "multiqc_00000126",
         "machine": 31,
         "start": 44173414.965356134,
         "finish": 44173426.746606134,
         "expected runtime on this machine ": "11.00002625428151",
         "actual runtime on this machine ": "11.78125",
         "expected memory usage ": 44162439.50553939,
         "actual memory usage": 50000000
      },
      {
         "name": "unzip_reference_00000120",
         "machine": 7,
         "start": 0.0,
         "finish": 11.78125,
         "expected runtime on this machine ": "9.974126665383869",
         "actual runtime on this machine ": "11.78125",
         "expected memory usage ": 51876426.64837397,
         "actual memory usage": 50000000
      },
      {
         "name": "pmdtools_00000122",
         "machine": 0,
         "start": 17724187.938713387,
         "finish": 17724282.188713387,
         "expected runtime on this machine ": "84.43511707971359",
         "actual runtime on this machine ": "94.25",
         "expected memory usage ": 55813969.45400298,
         "actual memory usage": 50000000
      },
      {
         "name": "circulargenerator_00000124",
         "machine": 10,
         "start": 11.88125,
         "finish": 23.6625,
         "expected runtime on this machine ": "10.830416472096907",
         "actual runtime on this machine ": "11.78125",
         "expected memory usage ": 53517631.9075884,
         "actual memory usage": 50000000
      },
      {
         "name": "mask_reference_for_pmdtools_00000125",
         "machine": 0,
         "start": 11.88125,
         "finish": 106.13125,
         "expected runtime on this machine ": "84.85956262765009",
         "actual runtime on this machine ": "94.25",
         "expected memory usage ": 48560338.585724935,
         "actual memory usage": 50000000
      },
      {
         "name": "genotyping_ug_00000131",
         "machine": 34,
         "start": 17724211.693901133,
         "finish": 17724223.475151133,
         "expected runtime on this machine ": "11.187752330874781",
         "actual runtime on this machine ": "11.78125",
         "expected memory usage ": 58821939.18230164,
         "actual memory usage": 50000000
      },
      {
         "name": "genotyping_pileupcaller_00000134",
         "machine": 21,
         "start": 17724211.693901133,
         "finish": 17724243.1105678,
         "expected runtime on this machine ": "26.530286716255002",
         "actual runtime on this machine ": "31.416666666666668",
         "expected memory usage ": 49934512.45125456,
         "actual memory usage": 50000000
      },
      {
         "name": "makebwaindex_00000141",
         "machine": 7,
         "start": 11.78125,
         "finish": 23.5625,
         "expected runtime on this machine ": "11.94334365496928",
         "actual runtime on this machine ": "11.78125",
         "expected memory usage ": 46678470.44351474,
         "actual memory usage": 50000000
      },
      {
         "name": "makefastaindex_00000142",
         "machine": 19,
         "start": 23.762500000000003,
         "finish": 55.179166666666674,
         "expected runtime on this machine ": "32.7300076001249",
         "actual runtime on this machine ": "31.416666666666668",
         "expected memory usage ": 47880639.804099694,
         "actual memory usage": 50000000
      },
      {
         "name": "bcftools_stats_00000148",
         "machine": 31,
         "start": 44101211.193900004,
         "finish": 44170347.568900004,
         "expected runtime on this machine ": "72203.77145612627",
         "actual runtime on this machine ": "69136.375",
         "expected memory usage ": 19709423.186871074,
         "actual memory usage": 20300832
      },
      {
         "name": "genotyping_hc_00000153",
         "machine": 31,
         "start": 17724211.693900008,
         "finish": 44101211.193900004,
         "expected runtime on this machine ": "24188240.962660994",
         "actual runtime on this machine ": "26376999.5",
         "expected memory usage ": 3756255419.742115,
         "actual memory usage": 4164467744
      },
      {
         "name": "circularmapper_00000154",
         "machine": 11,
         "start": 4025456.4687500405,
         "finish": 4025468.2500000405,
         "expected runtime on this machine ": "10.754478240179743",
         "actual runtime on this machine ": "11.78125",
         "expected memory usage ": 51805891.836805075,
         "actual memory usage": 50000000
      },
      {
         "name": "mapdamage_rescaling_00000158",
         "machine": 17,
         "start": 17724187.938713387,
         "finish": 17724250.77204672,
         "expected runtime on this machine ": "62.985455324424656",
         "actual runtime on this machine ": "62.833333333333336",
         "expected memory usage ": 52454717.84831124,
         "actual memory usage": 50000000
      },
      {
         "name": "makeseqdict_00000165",
         "machine": 20,
         "start": 31.416666666666668,
         "finish": 62.833333333333336,
         "expected runtime on this machine ": "31.398217589098184",
         "actual runtime on this machine ": "31.416666666666668",
         "expected memory usage ": 47208826.34786007,
         "actual memory usage": 50000000
      },
      {
         "name": "genotyping_angsd_00000167",
         "machine": 29,
         "start": 17724223.51801483,
         "finish": 17724270.64301483,
         "expected runtime on this machine ": "45.962905458500344",
         "actual runtime on this machine ": "47.125",
         "expected memory usage ": 44739846.78406387,
         "actual memory usage": 50000000
      },
      {
         "name": "damageprofiler_00000168",
         "machine": 7,
         "start": 17783961.17908039,
         "finish": 18256319.46033039,
         "expected runtime on this machine ": "465471.35513407976",
         "actual runtime on this machine ": "472358.28125",
         "expected memory usage ": 1389812182.649495,
         "actual memory usage": 1360852000
      },
      {
         "name": "multivcfanalyzer_00000169",
         "machine": 23,
         "start": 17724238.6407074,
         "finish": 17724270.057374068,
         "expected runtime on this machine ": "30.308823809414047",
         "actual runtime on this machine ": "31.416666666666668",
         "expected memory usage ": 41533155.76240717,
         "actual memory usage": 50000000
      },
      {
         "name": "vcf2genome_00000170",
         "machine": 27,
         "start": 17724223.525151134,
         "finish": 17724270.650151134,
         "expected runtime on this machine ": "47.3708716710361",
         "actual runtime on this machine ": "47.125",
         "expected memory usage ": 36508620.74862846,
         "actual memory usage": 50000000
      },
      {
         "name": "genotyping_freebayes_00000177",
         "machine": 33,
         "start": 17724211.693901133,
         "finish": 17724223.475151133,
         "expected runtime on this machine ": "11.579600276827016",
         "actual runtime on this machine ": "11.78125",
         "expected memory usage ": 46983436.85239089,
         "actual memory usage": 50000000
      },
      {
         "name": "fastqc_after_clipping_00000121",
         "machine": 11,
         "start": 4183022.6398962997,
         "finish": 4698267.0461463,
         "expected runtime on this machine ": "476692.6166206845",
         "actual runtime on this machine ": "515244.40625",
         "expected memory usage ": 239354200.07814085,
         "actual memory usage": 272063520
      },
      {
         "name": "preseq_00000123",
         "machine": 34,
         "start": 17259767.340309605,
         "finish": 17399289.152809605,
         "expected runtime on this machine ": "141353.16732189647",
         "actual runtime on this machine ": "139521.8125",
         "expected memory usage ": 20933147.195451137,
         "actual memory usage": 18342944
      },
      {
         "name": "post_ar_fastq_trimming_00000127",
         "machine": 27,
         "start": 4025444.787499919,
         "finish": 4025491.912499919,
         "expected runtime on this machine ": "48.64675746389393",
         "actual runtime on this machine ": "47.125",
         "expected memory usage ": 52400943.63128531,
         "actual memory usage": 50000000
      },
      {
         "name": "output_documentation_00000128",
         "machine": 17,
         "start": 0.0,
         "finish": 62.833333333333336,
         "expected runtime on this machine ": "62.33927230258277",
         "actual runtime on this machine ": "62.833333333333336",
         "expected memory usage ": 49354082.603658095,
         "actual memory usage": 50000000
      },
      {
         "name": "nuclear_contamination_00000129",
         "machine": 21,
         "start": 17724175.63124891,
         "finish": 17724207.047915578,
         "expected runtime on this machine ": "33.1375268393978",
         "actual runtime on this machine ": "31.416666666666668",
         "expected memory usage ": 44034749.24597148,
         "actual memory usage": 50000000
      },
      {
         "name": "print_nuclear_contamination_00000172",
         "machine": 26,
         "start": 17724207.14791558,
         "finish": 17724254.27291558,
         "expected runtime on this machine ": "43.944855228126784",
         "actual runtime on this machine ": "47.125",
         "expected memory usage ": 50713856.219102055,
         "actual memory usage": 50000000
      },
      {
         "name": "samtools_flagstat_after_filter_00000130",
         "machine": 22,
         "start": 17259815.713943526,
         "finish": 17300321.713943526,
         "expected runtime on this machine ": "42936.09198845987",
         "actual runtime on this machine ": "40506.0",
         "expected memory usage ": 13777896.794471713,
         "actual memory usage": 16925728
      },
      {
         "name": "endorspy_00000173",
         "machine": 26,
         "start": 17356030.71516344,
         "finish": 17356077.84016344,
         "expected runtime on this machine ": "48.502404230681506",
         "actual runtime on this machine ": "47.125",
         "expected memory usage ": 46974803.08325377,
         "actual memory usage": 50000000
      },
      {
         "name": "indexinputbam_00000132",
         "machine": 33,
         "start": 0.0,
         "finish": 11.78125,
         "expected runtime on this machine ": "12.00316143461842",
         "actual runtime on this machine ": "11.78125",
         "expected memory usage ": 61639268.649080396,
         "actual memory usage": 50000000
      },
      {
         "name": "hostremoval_input_fastq_00000144",
         "machine": 12,
         "start": 17187506.849999808,
         "finish": 17187569.68333314,
         "expected runtime on this machine ": "59.86904935074703",
         "actual runtime on this machine ": "62.833333333333336",
         "expected memory usage ": 54913004.302669756,
         "actual memory usage": 50000000
      },
      {
         "name": "seqtype_merge_00000145",
         "machine": 31,
         "start": 17187506.750000037,
         "finish": 17187518.531250037,
         "expected runtime on this machine ": "12.418726654825594",
         "actual runtime on this machine ": "11.78125",
         "expected memory usage ": 53039412.96586043,
         "actual memory usage": 50000000
      },
      {
         "name": "samtools_filter_00000146",
         "machine": 31,
         "start": 17187518.531250037,
         "finish": 17250786.718750037,
         "expected runtime on this machine ": "61067.23814945532",
         "actual runtime on this machine ": "63268.1875",
         "expected memory usage ": 22276372.026589338,
         "actual memory usage": 20311072
      },
      {
         "name": "samtools_flagstat_00000149",
         "machine": 20,
         "start": 17220131.74853356,
         "finish": 17356030.66520023,
         "expected runtime on this machine ": "112677.31736545435",
         "actual runtime on this machine ": "135898.91666666666",
         "expected memory usage ": 16615125.167436233,
         "actual memory usage": 16743968
      },
      {
         "name": "markduplicates_00000155",
         "machine": 31,
         "start": 17250786.718750037,
         "finish": 17724175.531250037,
         "expected runtime on this machine ": "445325.0484757584",
         "actual runtime on this machine ": "473388.8125",
         "expected memory usage ": 2143929512.737693,
         "actual memory usage": 2101938720
      },
      {
         "name": "dedup_00000175",
         "machine": 7,
         "start": 17250786.722188946,
         "finish": 17250798.503438946,
         "expected runtime on this machine ": "12.202880566707323",
         "actual runtime on this machine ": "11.78125",
         "expected memory usage ": 50959183.079241514,
         "actual memory usage": 50000000
      },
      {
         "name": "lanemerge_hostremoval_fastq_00000133",
         "machine": 29,
         "start": 0.0,
         "finish": 47.125,
         "expected runtime on this machine ": "43.382660493045634",
         "actual runtime on this machine ": "47.125",
         "expected memory usage ": 47825959.09332464,
         "actual memory usage": 50000000
      },
      {
         "name": "eigenstrat_snp_coverage_00000135",
         "machine": 33,
         "start": 17724258.96176483,
         "finish": 17724270.74301483,
         "expected runtime on this machine ": "10.608965871667683",
         "actual runtime on this machine ": "11.78125",
         "expected memory usage ": 45412365.83871178,
         "actual memory usage": 50000000
      },
      {
         "name": "kraken_00000136",
         "machine": 21,
         "start": 0.0,
         "finish": 31.416666666666668,
         "expected runtime on this machine ": "33.07023779020988",
         "actual runtime on this machine ": "31.416666666666668",
         "expected memory usage ": 47215217.03961605,
         "actual memory usage": 50000000
      },
      {
         "name": "kraken_parse_00000156",
         "machine": 23,
         "start": 31.51666666666667,
         "finish": 62.93333333333334,
         "expected runtime on this machine ": "35.18823300341651",
         "actual runtime on this machine ": "31.416666666666668",
         "expected memory usage ": 54397141.13566462,
         "actual memory usage": 50000000
      },
      {
         "name": "bedtools_00000137",
         "machine": 16,
         "start": 17724187.938713387,
         "finish": 17724250.77204672,
         "expected runtime on this machine ": "64.58787254256826",
         "actual runtime on this machine ": "62.833333333333336",
         "expected memory usage ": 55761750.07283305,
         "actual memory usage": 50000000
      },
      {
         "name": "kraken_merge_00000138",
         "machine": 29,
         "start": 63.03333333333334,
         "finish": 110.15833333333333,
         "expected runtime on this machine ": "37.686712248650906",
         "actual runtime on this machine ": "47.125",
         "expected memory usage ": 55425267.448102504,
         "actual memory usage": 50000000
      },
      {
         "name": "bwa_00000139",
         "machine": 31,
         "start": 4025456.46875,
         "finish": 17187506.75,
         "expected runtime on this machine ": "15125218.582564054",
         "actual runtime on this machine ": "13162050.28125",
         "expected memory usage ": 3359349497.6729064,
         "actual memory usage": 2909068320
      },
      {
         "name": "metagenomic_complexity_filter_00000140",
         "machine": 25,
         "start": 17250786.81875004,
         "finish": 17250833.94375004,
         "expected runtime on this machine ": "44.563344968372974",
         "actual runtime on this machine ": "47.125",
         "expected memory usage ": 39059592.44174075,
         "actual memory usage": 50000000
      },
      {
         "name": "bwamem_00000163",
         "machine": 9,
         "start": 4025456.4687500405,
         "finish": 4025468.2500000405,
         "expected runtime on this machine ": "13.275307270731801",
         "actual runtime on this machine ": "11.78125",
         "expected memory usage ": 56264454.12236185,
         "actual memory usage": 50000000
      },
      {
         "name": "library_merge_00000143",
         "machine": 31,
         "start": 17724175.531250037,
         "finish": 17724187.312500037,
         "expected runtime on this machine ": "12.407462223585306",
         "actual runtime on this machine ": "11.78125",
         "expected memory usage ": 51343947.86614418,
         "actual memory usage": 50000000
      },
      {
         "name": "sexdeterrmine_prep_00000151",
         "machine": 19,
         "start": 17724211.693901133,
         "finish": 17724243.1105678,
         "expected runtime on this machine ": "35.862562243280315",
         "actual runtime on this machine ": "31.416666666666668",
         "expected memory usage ": 47577580.500269756,
         "actual memory usage": 50000000
      },
      {
         "name": "additional_library_merge_00000152",
         "machine": 31,
         "start": 17724199.71996226,
         "finish": 17724211.50121226,
         "expected runtime on this machine ": "11.97393774552555",
         "actual runtime on this machine ": "11.78125",
         "expected memory usage ": 53523898.03968457,
         "actual memory usage": 50000000
      },
      {
         "name": "bam_trim_00000161",
         "machine": 31,
         "start": 17724187.93871226,
         "finish": 17724199.71996226,
         "expected runtime on this machine ": "10.548633279120256",
         "actual runtime on this machine ": "11.78125",
         "expected memory usage ": 55541978.32253454,
         "actual memory usage": 50000000
      },
      {
         "name": "adapter_removal_00000147",
         "machine": 31,
         "start": 23.5625,
         "finish": 4025444.6875,
         "expected runtime on this machine ": "2969167.927585502",
         "actual runtime on this machine ": "4025421.125",
         "expected memory usage ": 162769667.5796303,
         "actual memory usage": 148067360
      },
      {
         "name": "lanemerge_00000150",
         "machine": 31,
         "start": 4025444.6875,
         "finish": 4025456.46875,
         "expected runtime on this machine ": "10.555370332460267",
         "actual runtime on this machine ": "11.78125",
         "expected memory usage ": 57174249.622061655,
         "actual memory usage": 50000000
      },
      {
         "name": "bowtie2_00000176",
         "machine": 10,
         "start": 4025456.4687500405,
         "finish": 4025468.2500000405,
         "expected runtime on this machine ": "11.696647934087004",
         "actual runtime on this machine ": "11.78125",
         "expected memory usage ": 53166936.0803647,
         "actual memory usage": 50000000
      },
      {
         "name": "sexdeterrmine_00000157",
         "machine": 35,
         "start": 17724254.547373913,
         "finish": 17724266.328623913,
         "expected runtime on this machine ": "11.981989707582867",
         "actual runtime on this machine ": "11.78125",
         "expected memory usage ": 50686982.98191258,
         "actual memory usage": 50000000
      },
      {
         "name": "mtnucratio_00000159",
         "machine": 24,
         "start": 17724175.63124891,
         "finish": 17724222.75624891,
         "expected runtime on this machine ": "49.37962977513132",
         "actual runtime on this machine ": "47.125",
         "expected memory usage ": 48807115.124850824,
         "actual memory usage": 50000000
      },
      {
         "name": "maltextract_00000160",
         "machine": 23,
         "start": 62.93333333333334,
         "finish": 94.35000000000001,
         "expected runtime on this machine ": "38.23798366189643",
         "actual runtime on this machine ": "31.416666666666668",
         "expected memory usage ": 50795294.985696,
         "actual memory usage": 50000000
      },
      {
         "name": "fastp_00000162",
         "machine": 31,
         "start": 11.78125,
         "finish": 23.5625,
         "expected runtime on this machine ": "10.972319030475209",
         "actual runtime on this machine ": "11.78125",
         "expected memory usage ": 47898761.585687846,
         "actual memory usage": 50000000
      },
      {
         "name": "convertbam_00000164",
         "machine": 31,
         "start": 0.0,
         "finish": 11.78125,
         "expected runtime on this machine ": "11.41648923600285",
         "actual runtime on this machine ": "11.78125",
         "expected memory usage ": 57395250.378587395,
         "actual memory usage": 50000000
      },
      {
         "name": "fastqc_00000171",
         "machine": 33,
         "start": 4650250.952000041,
         "finish": 5787940.702000041,
         "expected runtime on this machine ": "1260307.7071493436",
         "actual runtime on this machine ": "1137689.75",
         "expected memory usage ": 288419107.81090504,
         "actual memory usage": 279811104
      },
      {
         "name": "malt_00000166",
         "machine": 23,
         "start": 0.0,
         "finish": 31.416666666666668,
         "expected runtime on this machine ": "33.30714353168988",
         "actual runtime on this machine ": "31.416666666666668",
         "expected memory usage ": 48546258.34601959,
         "actual memory usage": 50000000
      },
      {
         "name": "get_software_versions_00000174",
         "machine": 27,
         "start": 0.0,
         "finish": 47.125,
         "expected runtime on this machine ": "46.851212039347345",
         "actual runtime on this machine ": "47.125",
         "expected memory usage ": 54221255.697910756,
         "actual memory usage": 50000000
      }
   ],
   "failed": [
      {
         "time": 20.618277097209862,
         "task": "makefastaindex_00000142",
         "machine": 35,
         "reason": "MachineInUseException",
         "occupied by ": "makeseqdict_00000106",
         "expected runtime ": 392.7600912014988,
         "actual runtime ": 377,
         "expected memory usage ": 47880639.804099694,
         "actual memory usage": 50000000
      },
      {
         "time": 17724222.881653465,
         "task": "genotyping_freebayes_00000118",
         "machine": 34,
         "reason": "MachineInUseException",
         "occupied by ": "genotyping_ug_00000131",
         "expected runtime ": 318.8380776173516,
         "actual runtime ": 377,
         "expected memory usage ": 46581430.92240727,
         "actual memory usage": 50000000
      },
      {
         "time": 17724223.27350141,
         "task": "genotyping_freebayes_00000025",
         "machine": 33,
         "reason": "MachineInUseException",
         "occupied by ": "genotyping_freebayes_00000177",
         "expected runtime ": 383.0208839771022,
         "actual runtime ": 377,
         "expected memory usage ": 49642759.78966477,
         "actual memory usage": 50000000
      },
      {
         "time": 17724223.41802272,
         "task": "genotyping_ug_00000008",
         "machine": 35,
         "reason": "MachineInUseException",
         "occupied by ": "genotyping_ug_00000072",
         "expected runtime ": 369.4296461407697,
         "actual runtime ": 377,
         "expected memory usage ": 47019988.56177596,
         "actual memory usage": 50000000
      },
      {
         "time": 17724233.481704757,
         "task": "sexdeterrmine_prep_00000092",
         "machine": 33,
         "reason": "MachineInUseException",
         "occupied by ": "genotyping_freebayes_00000118",
         "expected runtime ": 430.32233507232223,
         "actual runtime ": 377,
         "expected memory usage ": 54576365.91836979,
         "actual memory usage": 50000000
      }
   ]
}