{
   "workflow": "eager-workflow_200",
   "makespan": 2315.1056547619046,
   "tasks": [
      {
         "name": "\"unzip_reference_00000001\"",
         "machine": 9,
         "start": 0.0,
         "finish": 11.78125,
         "expected runtime on this machine ": "13.280578472378783",
         "actual runtime on this machine ": "11.78125",
         "expected memory usage ": 42186297.802794784,
         "actual memory usage": 50000000
      },
      {
         "name": "\"makebwaindex_00000002\"",
         "machine": 9,
         "start": 11.78125,
         "finish": 23.5625,
         "expected runtime on this machine ": "10.568830842513602",
         "actual runtime on this machine ": "11.78125",
         "expected memory usage ": 51196206.82950474,
         "actual memory usage": 50000000
      },
      {
         "name": "\"makefastaindex_00000003\"",
         "machine": 31,
         "start": 1011.78125,
         "finish": 1023.5625,
         "expected runtime on this machine ": "11.858318123586107",
         "actual runtime on this machine ": "11.78125",
         "expected memory usage ": 44343371.277193464,
         "actual memory usage": 50000000
      },
      {
         "name": "\"makeseqdict_00000004\"",
         "machine": 7,
         "start": 1011.78125,
         "finish": 1023.5625,
         "expected runtime on this machine ": "11.386807409834905",
         "actual runtime on this machine ": "11.78125",
         "expected memory usage ": 55381097.399665505,
         "actual memory usage": 50000000
      },
      {
         "name": "\"circulargenerator_00000005\"",
         "machine": 9,
         "start": 23.5625,
         "finish": 35.34375,
         "expected runtime on this machine ": "12.472828982058916",
         "actual runtime on this machine ": "11.78125",
         "expected memory usage ": 47327427.11835544,
         "actual memory usage": 50000000
      },
      {
         "name": "\"mask_reference_for_pmdtools_00000006\"",
         "machine": 24,
         "start": 1011.78125,
         "finish": 1058.90625,
         "expected runtime on this machine ": "47.205707166458076",
         "actual runtime on this machine ": "47.125",
         "expected memory usage ": 49197846.3283468,
         "actual memory usage": 50000000
      },
      {
         "name": "\"multivcfanalyzer_00000007\"",
         "machine": 10,
         "start": 1826.8869047619048,
         "finish": 1838.6681547619048,
         "expected runtime on this machine ": "11.066472401758432",
         "actual runtime on this machine ": "11.78125",
         "expected memory usage ": 54479339.7533209,
         "actual memory usage": 50000000
      },
      {
         "name": "\"genotyping_ug_00000008\"",
         "machine": 10,
         "start": 1791.5431547619048,
         "finish": 1803.3244047619048,
         "expected runtime on this machine ": "11.883324323128466",
         "actual runtime on this machine ": "11.78125",
         "expected memory usage ": 49607548.18420151,
         "actual memory usage": 50000000
      },
      {
         "name": "\"qualimap_00000009\"",
         "machine": 11,
         "start": 1833.2098214285716,
         "finish": 1844.9910714285716,
         "expected runtime on this machine ": "11.00046436113599",
         "actual runtime on this machine ": "11.78125",
         "expected memory usage ": 48784681.138752684,
         "actual memory usage": 50000000
      },
      {
         "name": "\"circularmapper_00000015\"",
         "machine": 11,
         "start": 213.79166666666666,
         "finish": 225.57291666666666,
         "expected runtime on this machine ": "13.391082103946108",
         "actual runtime on this machine ": "11.78125",
         "expected memory usage ": 51327484.68708236,
         "actual memory usage": 50000000
      },
      {
         "name": "\"damageprofiler_00000020\"",
         "machine": 27,
         "start": 1066.419642857143,
         "finish": 1113.544642857143,
         "expected runtime on this machine ": "55.048954585048115",
         "actual runtime on this machine ": "47.125",
         "expected memory usage ": 49784428.755792245,
         "actual memory usage": 50000000
      },
      {
         "name": "\"pmdtools_00000021\"",
         "machine": 25,
         "start": 1483.0863095238096,
         "finish": 1530.2113095238096,
         "expected runtime on this machine ": "47.6903954001948",
         "actual runtime on this machine ": "47.125",
         "expected memory usage ": 56298277.93090765,
         "actual memory usage": 50000000
      },
      {
         "name": "\"mapdamage_rescaling_00000022\"",
         "machine": 22,
         "start": 1483.0863095238096,
         "finish": 1514.5029761904764,
         "expected runtime on this machine ": "33.89115656271117",
         "actual runtime on this machine ": "31.416666666666668",
         "expected memory usage ": 50652663.80127298,
         "actual memory usage": 50000000
      },
      {
         "name": "\"genotyping_hc_00000023\"",
         "machine": 31,
         "start": 1791.5431547619048,
         "finish": 1803.3244047619048,
         "expected runtime on this machine ": "12.74727762850076",
         "actual runtime on this machine ": "11.78125",
         "expected memory usage ": 47906438.173372805,
         "actual memory usage": 50000000
      },
      {
         "name": "\"genotyping_angsd_00000024\"",
         "machine": 35,
         "start": 1791.5431547619048,
         "finish": 1803.3244047619048,
         "expected runtime on this machine ": "12.414739166817794",
         "actual runtime on this machine ": "11.78125",
         "expected memory usage ": 47524628.52920188,
         "actual memory usage": 50000000
      },
      {
         "name": "\"genotyping_freebayes_00000025\"",
         "machine": 11,
         "start": 1791.5431547619048,
         "finish": 1803.3244047619048,
         "expected runtime on this machine ": "11.459134515335576",
         "actual runtime on this machine ": "11.78125",
         "expected memory usage ": 41660540.59325476,
         "actual memory usage": 50000000
      },
      {
         "name": "\"vcf2genome_00000026\"",
         "machine": 10,
         "start": 1850.4494047619048,
         "finish": 1862.2306547619048,
         "expected runtime on this machine ": "10.340317505406096",
         "actual runtime on this machine ": "11.78125",
         "expected memory usage ": 53362593.00225937,
         "actual memory usage": 50000000
      },
      {
         "name": "\"genotyping_pileupcaller_00000027\"",
         "machine": 7,
         "start": 1791.5431547619048,
         "finish": 1803.3244047619048,
         "expected runtime on this machine ": "12.551319249028055",
         "actual runtime on this machine ": "11.78125",
         "expected memory usage ": 51614503.063189805,
         "actual memory usage": 50000000
      },
      {
         "name": "\"bcftools_stats_00000028\"",
         "machine": 6,
         "start": 2053.3244047619046,
         "finish": 2065.1056547619046,
         "expected runtime on this machine ": "8.898038193077625",
         "actual runtime on this machine ": "11.78125",
         "expected memory usage ": 53132941.1709825,
         "actual memory usage": 50000000
      },
      {
         "name": "\"bwamem_00000029\"",
         "machine": 6,
         "start": 247.125,
         "finish": 258.90625,
         "expected runtime on this machine ": "10.628060748833565",
         "actual runtime on this machine ": "11.78125",
         "expected memory usage ": 51506652.742341936,
         "actual memory usage": 50000000
      },
      {
         "name": "\"bwa_00000030\"",
         "machine": 8,
         "start": 223.5625,
         "finish": 235.34375,
         "expected runtime on this machine ": "9.572712864406919",
         "actual runtime on this machine ": "11.78125",
         "expected memory usage ": 52856161.90680791,
         "actual memory usage": 50000000
      },
      {
         "name": "\"multiqc_00000031\"",
         "machine": 7,
         "start": 2106.772321428571,
         "finish": 2118.553571428571,
         "expected runtime on this machine ": "10.948878115905279",
         "actual runtime on this machine ": "11.78125",
         "expected memory usage ": 50817738.38795429,
         "actual memory usage": 50000000
      },
      {
         "name": "\"dedup_00000010\"",
         "machine": 8,
         "start": 709.5238095238095,
         "finish": 721.3050595238095,
         "expected runtime on this machine ": "10.7251498463553",
         "actual runtime on this machine ": "11.78125",
         "expected memory usage ": 48112520.74084382,
         "actual memory usage": 50000000
      },
      {
         "name": "\"library_merge_00000012\"",
         "machine": 30,
         "start": 1221.3050595238096,
         "finish": 1233.0863095238096,
         "expected runtime on this machine ": "12.717647534307545",
         "actual runtime on this machine ": "11.78125",
         "expected memory usage ": 43571746.51103483,
         "actual memory usage": 50000000
      },
      {
         "name": "\"bam_trim_00000013\"",
         "machine": 30,
         "start": 1404.7619047619048,
         "finish": 1416.5431547619048,
         "expected runtime on this machine ": "12.37374856132817",
         "actual runtime on this machine ": "11.78125",
         "expected memory usage ": 39622872.49163317,
         "actual memory usage": 50000000
      },
      {
         "name": "\"additional_library_merge_00000014\"",
         "machine": 30,
         "start": 1654.7619047619048,
         "finish": 1666.5431547619048,
         "expected runtime on this machine ": "10.833486674084725",
         "actual runtime on this machine ": "11.78125",
         "expected memory usage ": 40523702.46006989,
         "actual memory usage": 50000000
      },
      {
         "name": "\"mtnucratio_00000043\"",
         "machine": 22,
         "start": 1233.0863095238096,
         "finish": 1264.5029761904764,
         "expected runtime on this machine ": "29.634549859758977",
         "actual runtime on this machine ": "31.416666666666668",
         "expected memory usage ": 39391725.04813674,
         "actual memory usage": 50000000
      },
      {
         "name": "\"sexdeterrmine_prep_00000048\"",
         "machine": 30,
         "start": 1854.7619047619048,
         "finish": 1866.5431547619048,
         "expected runtime on this machine ": "12.222691870920887",
         "actual runtime on this machine ": "11.78125",
         "expected memory usage ": 54512659.76783919,
         "actual memory usage": 50000000
      },
      {
         "name": "\"nuclear_contamination_00000055\"",
         "machine": 7,
         "start": 1233.0863095238096,
         "finish": 1244.8675595238096,
         "expected runtime on this machine ": "11.684958644266398",
         "actual runtime on this machine ": "11.78125",
         "expected memory usage ": 41821674.20716326,
         "actual memory usage": 50000000
      },
      {
         "name": "\"bedtools_00000056\"",
         "machine": 19,
         "start": 1566.419642857143,
         "finish": 1597.8363095238096,
         "expected runtime on this machine ": "30.457414175420194",
         "actual runtime on this machine ": "31.416666666666668",
         "expected memory usage ": 47940786.11215566,
         "actual memory usage": 50000000
      },
      {
         "name": "\"markduplicates_00000011\"",
         "machine": 30,
         "start": 721.3050595238095,
         "finish": 733.0863095238095,
         "expected runtime on this machine ": "10.955765370008924",
         "actual runtime on this machine ": "11.78125",
         "expected memory usage ": 57419760.021274716,
         "actual memory usage": 50000000
      },
      {
         "name": "\"samtools_flagstat_00000038\"",
         "machine": 32,
         "start": 637.3541666666666,
         "finish": 649.1354166666666,
         "expected runtime on this machine ": "12.526472276313575",
         "actual runtime on this machine ": "11.78125",
         "expected memory usage ": 37460798.684544265,
         "actual memory usage": 50000000
      },
      {
         "name": "\"samtools_flagstat_after_filter_00000039\"",
         "machine": 32,
         "start": 721.3050595238095,
         "finish": 733.0863095238095,
         "expected runtime on this machine ": "13.675588238715857",
         "actual runtime on this machine ": "11.78125",
         "expected memory usage ": 46744969.29696635,
         "actual memory usage": 50000000
      },
      {
         "name": "\"preseq_00000040\"",
         "machine": 29,
         "start": 721.3050595238095,
         "finish": 768.4300595238095,
         "expected runtime on this machine ": "41.55752504780443",
         "actual runtime on this machine ": "47.125",
         "expected memory usage ": 54583965.69490651,
         "actual memory usage": 50000000
      },
      {
         "name": "\"hostremoval_input_fastq_00000051\"",
         "machine": 13,
         "start": 431.51041666666663,
         "finish": 494.34374999999994,
         "expected runtime on this machine ": "71.75570720805146",
         "actual runtime on this machine ": "62.833333333333336",
         "expected memory usage ": 45867631.94259324,
         "actual memory usage": 50000000
      },
      {
         "name": "\"seqtype_merge_00000053\"",
         "machine": 8,
         "start": 458.90625,
         "finish": 470.6875,
         "expected runtime on this machine ": "12.093471294873591",
         "actual runtime on this machine ": "11.78125",
         "expected memory usage ": 50431529.82695071,
         "actual memory usage": 50000000
      },
      {
         "name": "\"samtools_filter_00000054\"",
         "machine": 8,
         "start": 566.6666666666666,
         "finish": 578.4479166666666,
         "expected runtime on this machine ": "9.727433372606818",
         "actual runtime on this machine ": "11.78125",
         "expected memory usage ": 50346169.3641019,
         "actual memory usage": 50000000
      },
      {
         "name": "\"convertbam_00000016\"",
         "machine": 8,
         "start": 0.0,
         "finish": 11.78125,
         "expected runtime on this machine ": "11.224842376901352",
         "actual runtime on this machine ": "11.78125",
         "expected memory usage ": 55880821.81349114,
         "actual memory usage": 50000000
      },
      {
         "name": "\"fastp_00000017\"",
         "machine": 8,
         "start": 11.78125,
         "finish": 23.5625,
         "expected runtime on this machine ": "11.719861784068202",
         "actual runtime on this machine ": "11.78125",
         "expected memory usage ": 45960322.67416453,
         "actual memory usage": 50000000
      },
      {
         "name": "\"adapter_removal_00000018\"",
         "machine": 8,
         "start": 23.5625,
         "finish": 35.34375,
         "expected runtime on this machine ": "11.921043411981936",
         "actual runtime on this machine ": "11.78125",
         "expected memory usage ": 63768132.91895658,
         "actual memory usage": 50000000
      },
      {
         "name": "\"lanemerge_00000019\"",
         "machine": 8,
         "start": 35.34375,
         "finish": 47.125,
         "expected runtime on this machine ": "10.677755776902659",
         "actual runtime on this machine ": "11.78125",
         "expected memory usage ": 48912369.2623927,
         "actual memory usage": 50000000
      },
      {
         "name": "\"fastqc_00000035\"",
         "machine": 19,
         "start": 1011.78125,
         "finish": 1043.1979166666667,
         "expected runtime on this machine ": "28.088015784195537",
         "actual runtime on this machine ": "31.416666666666668",
         "expected memory usage ": 54745864.43883063,
         "actual memory usage": 50000000
      },
      {
         "name": "\"fastqc_after_clipping_00000036\"",
         "machine": 12,
         "start": 368.6770833333333,
         "finish": 431.51041666666663,
         "expected runtime on this machine ": "66.66631681919203",
         "actual runtime on this machine ": "62.833333333333336",
         "expected memory usage ": 48982942.5093789,
         "actual memory usage": 50000000
      },
      {
         "name": "\"bowtie2_00000037\"",
         "machine": 8,
         "start": 47.125,
         "finish": 58.90625,
         "expected runtime on this machine ": "12.347662602748802",
         "actual runtime on this machine ": "11.78125",
         "expected memory usage ": 45631441.273840144,
         "actual memory usage": 50000000
      },
      {
         "name": "\"post_ar_fastq_trimming_00000049\"",
         "machine": 15,
         "start": 368.6770833333333,
         "finish": 431.51041666666663,
         "expected runtime on this machine ": "60.10784720488383",
         "actual runtime on this machine ": "62.833333333333336",
         "expected memory usage ": 61981343.776108414,
         "actual memory usage": 50000000
      },
      {
         "name": "\"eigenstrat_snp_coverage_00000045\"",
         "machine": 7,
         "start": 1826.8869047619048,
         "finish": 1838.6681547619048,
         "expected runtime on this machine ": "12.150527591738937",
         "actual runtime on this machine ": "11.78125",
         "expected memory usage ": 49471022.82425336,
         "actual memory usage": 50000000
      },
      {
         "name": "\"sexdeterrmine_00000032\"",
         "machine": 30,
         "start": 1866.5431547619048,
         "finish": 1878.3244047619048,
         "expected runtime on this machine ": "12.599912200412819",
         "actual runtime on this machine ": "11.78125",
         "expected memory usage ": 41989432.97096337,
         "actual memory usage": 50000000
      },
      {
         "name": "\"malt_00000033\"",
         "machine": 32,
         "start": 11.78125,
         "finish": 23.5625,
         "expected runtime on this machine ": "11.771578752862984",
         "actual runtime on this machine ": "11.78125",
         "expected memory usage ": 42349062.87707554,
         "actual memory usage": 50000000
      },
      {
         "name": "\"maltextract_00000034\"",
         "machine": 18,
         "start": 1023.5625,
         "finish": 1054.9791666666667,
         "expected runtime on this machine ": "33.35995324418172",
         "actual runtime on this machine ": "31.416666666666668",
         "expected memory usage ": 51380053.114823714,
         "actual memory usage": 50000000
      },
      {
         "name": "\"endorspy_00000041\"",
         "machine": 20,
         "start": 1233.0863095238096,
         "finish": 1264.5029761904764,
         "expected runtime on this machine ": "30.908084054147448",
         "actual runtime on this machine ": "31.416666666666668",
         "expected memory usage ": 54394787.93937672,
         "actual memory usage": 50000000
      },
      {
         "name": "\"metagenomic_complexity_filter_00000042\"",
         "machine": 35,
         "start": 1578.4479166666665,
         "finish": 1590.2291666666665,
         "expected runtime on this machine ": "13.34468838319929",
         "actual runtime on this machine ": "11.78125",
         "expected memory usage ": 49399195.8309981,
         "actual memory usage": 50000000
      },
      {
         "name": "\"print_nuclear_contamination_00000044\"",
         "machine": 7,
         "start": 1815.1056547619048,
         "finish": 1826.8869047619048,
         "expected runtime on this machine ": "12.189532537872077",
         "actual runtime on this machine ": "11.78125",
         "expected memory usage ": 45059236.50804525,
         "actual memory usage": 50000000
      },
      {
         "name": "\"kraken_00000046\"",
         "machine": 35,
         "start": 0.0,
         "finish": 11.78125,
         "expected runtime on this machine ": "12.699267369160957",
         "actual runtime on this machine ": "11.78125",
         "expected memory usage ": 49343666.62104059,
         "actual memory usage": 50000000
      },
      {
         "name": "\"kraken_parse_00000057\"",
         "machine": 35,
         "start": 11.78125,
         "finish": 23.5625,
         "expected runtime on this machine ": "14.04274834289234",
         "actual runtime on this machine ": "11.78125",
         "expected memory usage ": 59478825.88961101,
         "actual memory usage": 50000000
      },
      {
         "name": "\"get_software_versions_00000047\"",
         "machine": 17,
         "start": 0.0,
         "finish": 62.833333333333336,
         "expected runtime on this machine ": "67.58789728331654",
         "actual runtime on this machine ": "62.833333333333336",
         "expected memory usage ": 47803707.45133586,
         "actual memory usage": 50000000
      },
      {
         "name": "\"indexinputbam_00000050\"",
         "machine": 32,
         "start": 0.0,
         "finish": 11.78125,
         "expected runtime on this machine ": "10.995493747836072",
         "actual runtime on this machine ": "11.78125",
         "expected memory usage ": 50347092.61481226,
         "actual memory usage": 50000000
      },
      {
         "name": "\"lanemerge_hostremoval_fastq_00000052\"",
         "machine": 15,
         "start": 0.0,
         "finish": 62.833333333333336,
         "expected runtime on this machine ": "59.65925370965466",
         "actual runtime on this machine ": "62.833333333333336",
         "expected memory usage ": 45147163.46960467,
         "actual memory usage": 50000000
      },
      {
         "name": "\"kraken_merge_00000058\"",
         "machine": 25,
         "start": 1023.5625,
         "finish": 1070.6875,
         "expected runtime on this machine ": "50.30964485817999",
         "actual runtime on this machine ": "47.125",
         "expected memory usage ": 59135447.83149861,
         "actual memory usage": 50000000
      },
      {
         "name": "\"output_documentation_00000059\"",
         "machine": 1,
         "start": 0.0,
         "finish": 94.25,
         "expected runtime on this machine ": "119.8694681258701",
         "actual runtime on this machine ": "94.25",
         "expected memory usage ": 35845883.05577631,
         "actual memory usage": 50000000
      },
      {
         "name": "\"qualimap_00000060\"",
         "machine": 31,
         "start": 1833.2098214285716,
         "finish": 1844.9910714285716,
         "expected runtime on this machine ": "13.425710336135795",
         "actual runtime on this machine ": "11.78125",
         "expected memory usage ": 49202360.244257525,
         "actual memory usage": 50000000
      },
      {
         "name": "\"multiqc_00000067\"",
         "machine": 7,
         "start": 2065.1056547619046,
         "finish": 2076.8869047619046,
         "expected runtime on this machine ": "12.526820501428151",
         "actual runtime on this machine ": "11.78125",
         "expected memory usage ": 46158186.92993752,
         "actual memory usage": 50000000
      },
      {
         "name": "\"unzip_reference_00000061\"",
         "machine": 11,
         "start": 0.0,
         "finish": 11.78125,
         "expected runtime on this machine ": "12.32831094958669",
         "actual runtime on this machine ": "11.78125",
         "expected memory usage ": 40839774.078201175,
         "actual memory usage": 50000000
      },
      {
         "name": "\"pmdtools_00000063\"",
         "machine": 22,
         "start": 1333.2098214285716,
         "finish": 1364.6264880952383,
         "expected runtime on this machine ": "32.98097593634513",
         "actual runtime on this machine ": "31.416666666666668",
         "expected memory usage ": 52730305.2402447,
         "actual memory usage": 50000000
      },
      {
         "name": "\"circulargenerator_00000065\"",
         "machine": 11,
         "start": 23.5625,
         "finish": 35.34375,
         "expected runtime on this machine ": "13.27917553933084",
         "actual runtime on this machine ": "11.78125",
         "expected memory usage ": 42025005.037182465,
         "actual memory usage": 50000000
      },
      {
         "name": "\"mask_reference_for_pmdtools_00000066\"",
         "machine": 22,
         "start": 1011.78125,
         "finish": 1043.1979166666667,
         "expected runtime on this machine ": "33.23560273998934",
         "actual runtime on this machine ": "31.416666666666668",
         "expected memory usage ": 38768215.66979207,
         "actual memory usage": 50000000
      },
      {
         "name": "\"genotyping_ug_00000072\"",
         "machine": 8,
         "start": 1791.5431547619048,
         "finish": 1803.3244047619048,
         "expected runtime on this machine ": "12.535972352129306",
         "actual runtime on this machine ": "11.78125",
         "expected memory usage ": 41899785.76438033,
         "actual memory usage": 50000000
      },
      {
         "name": "\"genotyping_pileupcaller_00000075\"",
         "machine": 6,
         "start": 1791.5431547619048,
         "finish": 1803.3244047619048,
         "expected runtime on this machine ": "12.015045758475878",
         "actual runtime on this machine ": "11.78125",
         "expected memory usage ": 43090219.27251558,
         "actual memory usage": 50000000
      },
      {
         "name": "\"makebwaindex_00000082\"",
         "machine": 11,
         "start": 11.78125,
         "finish": 23.5625,
         "expected runtime on this machine ": "13.126568334128827",
         "actual runtime on this machine ": "11.78125",
         "expected memory usage ": 39815245.79788057,
         "actual memory usage": 50000000
      },
      {
         "name": "\"makefastaindex_00000083\"",
         "machine": 6,
         "start": 1011.78125,
         "finish": 1023.5625,
         "expected runtime on this machine ": "11.631815245612358",
         "actual runtime on this machine ": "11.78125",
         "expected memory usage ": 54847761.606251955,
         "actual memory usage": 50000000
      },
      {
         "name": "\"bcftools_stats_00000089\"",
         "machine": 7,
         "start": 2053.3244047619046,
         "finish": 2065.1056547619046,
         "expected runtime on this machine ": "12.656732008516205",
         "actual runtime on this machine ": "11.78125",
         "expected memory usage ": 39397971.76549665,
         "actual memory usage": 50000000
      },
      {
         "name": "\"genotyping_hc_00000094\"",
         "machine": 32,
         "start": 1791.5431547619048,
         "finish": 1803.3244047619048,
         "expected runtime on this machine ": "13.57468146911694",
         "actual runtime on this machine ": "11.78125",
         "expected memory usage ": 51086890.99974322,
         "actual memory usage": 50000000
      },
      {
         "name": "\"circularmapper_00000095\"",
         "machine": 30,
         "start": 213.79166666666666,
         "finish": 225.57291666666666,
         "expected runtime on this machine ": "11.378068997110919",
         "actual runtime on this machine ": "11.78125",
         "expected memory usage ": 54325562.59703969,
         "actual memory usage": 50000000
      },
      {
         "name": "\"mapdamage_rescaling_00000099\"",
         "machine": 24,
         "start": 1333.2098214285716,
         "finish": 1380.3348214285716,
         "expected runtime on this machine ": "54.79874367317355",
         "actual runtime on this machine ": "47.125",
         "expected memory usage ": 49067410.84611694,
         "actual memory usage": 50000000
      },
      {
         "name": "\"makeseqdict_00000106\"",
         "machine": 10,
         "start": 1011.78125,
         "finish": 1023.5625,
         "expected runtime on this machine ": "11.547822759543108",
         "actual runtime on this machine ": "11.78125",
         "expected memory usage ": 48657704.74197766,
         "actual memory usage": 50000000
      },
      {
         "name": "\"genotyping_angsd_00000108\"",
         "machine": 34,
         "start": 1791.5431547619048,
         "finish": 1803.3244047619048,
         "expected runtime on this machine ": "11.108628041941877",
         "actual runtime on this machine ": "11.78125",
         "expected memory usage ": 51059107.80686713,
         "actual memory usage": 50000000
      },
      {
         "name": "\"damageprofiler_00000109\"",
         "machine": 27,
         "start": 970.4404761904761,
         "finish": 1017.5654761904761,
         "expected runtime on this machine ": "43.86855510431124",
         "actual runtime on this machine ": "47.125",
         "expected memory usage ": 44742991.391302906,
         "actual memory usage": 50000000
      },
      {
         "name": "\"multivcfanalyzer_00000110\"",
         "machine": 8,
         "start": 1834.5238095238096,
         "finish": 1846.3050595238096,
         "expected runtime on this machine ": "14.69721793501697",
         "actual runtime on this machine ": "11.78125",
         "expected memory usage ": 51400768.6273567,
         "actual memory usage": 50000000
      },
      {
         "name": "\"vcf2genome_00000111\"",
         "machine": 6,
         "start": 2303.3244047619046,
         "finish": 2315.1056547619046,
         "expected runtime on this machine ": "12.93694533468565",
         "actual runtime on this machine ": "11.78125",
         "expected memory usage ": 52693611.97068456,
         "actual memory usage": 50000000
      },
      {
         "name": "\"genotyping_freebayes_00000118\"",
         "machine": 33,
         "start": 1791.5431547619048,
         "finish": 1803.3244047619048,
         "expected runtime on this machine ": "13.936709165506997",
         "actual runtime on this machine ": "11.78125",
         "expected memory usage ": 37155621.44524068,
         "actual memory usage": 50000000
      },
      {
         "name": "\"fastqc_after_clipping_00000062\"",
         "machine": 29,
         "start": 368.6770833333333,
         "finish": 415.8020833333333,
         "expected runtime on this machine ": "40.96518310268831",
         "actual runtime on this machine ": "47.125",
         "expected memory usage ": 43711299.630014375,
         "actual memory usage": 50000000
      },
      {
         "name": "\"preseq_00000064\"",
         "machine": 28,
         "start": 625.3258928571429,
         "finish": 672.4508928571429,
         "expected runtime on this machine ": "51.977538578525966",
         "actual runtime on this machine ": "47.125",
         "expected memory usage ": 49590241.537463166,
         "actual memory usage": 50000000
      },
      {
         "name": "\"post_ar_fastq_trimming_00000068\"",
         "machine": 13,
         "start": 368.6770833333333,
         "finish": 431.51041666666663,
         "expected runtime on this machine ": "66.80669823442949",
         "actual runtime on this machine ": "62.833333333333336",
         "expected memory usage ": 50077051.644281,
         "actual memory usage": 50000000
      },
      {
         "name": "\"output_documentation_00000069\"",
         "machine": 2,
         "start": 0.0,
         "finish": 94.25,
         "expected runtime on this machine ": "104.5780906790685",
         "actual runtime on this machine ": "94.25",
         "expected memory usage ": 55424671.874462664,
         "actual memory usage": 50000000
      },
      {
         "name": "\"nuclear_contamination_00000070\"",
         "machine": 10,
         "start": 1137.107142857143,
         "finish": 1148.888392857143,
         "expected runtime on this machine ": "13.982072179628288",
         "actual runtime on this machine ": "11.78125",
         "expected memory usage ": 54896748.23682699,
         "actual memory usage": 50000000
      },
      {
         "name": "\"print_nuclear_contamination_00000113\"",
         "machine": 10,
         "start": 1803.3244047619048,
         "finish": 1815.1056547619048,
         "expected runtime on this machine ": "12.225865521435487",
         "actual runtime on this machine ": "11.78125",
         "expected memory usage ": 48556411.54010278,
         "actual memory usage": 50000000
      },
      {
         "name": "\"samtools_flagstat_after_filter_00000071\"",
         "machine": 35,
         "start": 625.3258928571429,
         "finish": 637.1071428571429,
         "expected runtime on this machine ": "11.906045632939946",
         "actual runtime on this machine ": "11.78125",
         "expected memory usage ": 53939207.59639973,
         "actual memory usage": 50000000
      },
      {
         "name": "\"endorspy_00000114\"",
         "machine": 22,
         "start": 1149.1354166666665,
         "finish": 1180.5520833333333,
         "expected runtime on this machine ": "28.84963060173564",
         "actual runtime on this machine ": "31.416666666666668",
         "expected memory usage ": 50841952.72309892,
         "actual memory usage": 50000000
      },
      {
         "name": "\"indexinputbam_00000073\"",
         "machine": 31,
         "start": 0.0,
         "finish": 11.78125,
         "expected runtime on this machine ": "8.802805093283125",
         "actual runtime on this machine ": "11.78125",
         "expected memory usage ": 48578261.645689726,
         "actual memory usage": 50000000
      },
      {
         "name": "\"hostremoval_input_fastq_00000085\"",
         "machine": 17,
         "start": 425.57291666666663,
         "finish": 488.40624999999994,
         "expected runtime on this machine ": "58.60482630315326",
         "actual runtime on this machine ": "62.833333333333336",
         "expected memory usage ": 51987108.47712848,
         "actual memory usage": 50000000
      },
      {
         "name": "\"seqtype_merge_00000086\"",
         "machine": 7,
         "start": 458.90625,
         "finish": 470.6875,
         "expected runtime on this machine ": "11.002324445453429",
         "actual runtime on this machine ": "11.78125",
         "expected memory usage ": 64466757.282305986,
         "actual memory usage": 50000000
      },
      {
         "name": "\"samtools_filter_00000087\"",
         "machine": 7,
         "start": 470.6875,
         "finish": 482.46875,
         "expected runtime on this machine ": "12.080544483932885",
         "actual runtime on this machine ": "11.78125",
         "expected memory usage ": 53774435.49210784,
         "actual memory usage": 50000000
      },
      {
         "name": "\"samtools_flagstat_00000090\"",
         "machine": 33,
         "start": 637.3541666666666,
         "finish": 649.1354166666666,
         "expected runtime on this machine ": "13.132552837054202",
         "actual runtime on this machine ": "11.78125",
         "expected memory usage ": 53665819.38594711,
         "actual memory usage": 50000000
      },
      {
         "name": "\"markduplicates_00000096\"",
         "machine": 9,
         "start": 625.3258928571429,
         "finish": 637.1071428571429,
         "expected runtime on this machine ": "11.58379120307089",
         "actual runtime on this machine ": "11.78125",
         "expected memory usage ": 49601980.990403116,
         "actual memory usage": 50000000
      },
      {
         "name": "\"dedup_00000116\"",
         "machine": 7,
         "start": 509.5238095238095,
         "finish": 521.3050595238095,
         "expected runtime on this machine ": "9.210975418987859",
         "actual runtime on this machine ": "11.78125",
         "expected memory usage ": 49330758.240745686,
         "actual memory usage": 50000000
      },
      {
         "name": "\"lanemerge_hostremoval_fastq_00000074\"",
         "machine": 13,
         "start": 0.0,
         "finish": 62.833333333333336,
         "expected runtime on this machine ": "64.67971886262335",
         "actual runtime on this machine ": "62.833333333333336",
         "expected memory usage ": 45133540.2749548,
         "actual memory usage": 50000000
      },
      {
         "name": "\"eigenstrat_snp_coverage_00000076\"",
         "machine": 6,
         "start": 1803.3244047619048,
         "finish": 1815.1056547619048,
         "expected runtime on this machine ": "10.438695886642927",
         "actual runtime on this machine ": "11.78125",
         "expected memory usage ": 49767676.64967606,
         "actual memory usage": 50000000
      },
      {
         "name": "\"kraken_00000077\"",
         "machine": 31,
         "start": 11.78125,
         "finish": 23.5625,
         "expected runtime on this machine ": "12.8876587620615",
         "actual runtime on this machine ": "11.78125",
         "expected memory usage ": 49335013.5576233,
         "actual memory usage": 50000000
      },
      {
         "name": "\"kraken_parse_00000097\"",
         "machine": 6,
         "start": 1023.5625,
         "finish": 1035.34375,
         "expected runtime on this machine ": "12.25855539001834",
         "actual runtime on this machine ": "11.78125",
         "expected memory usage ": 55005818.07712657,
         "actual memory usage": 50000000
      },
      {
         "name": "\"bedtools_00000078\"",
         "machine": 20,
         "start": 1416.5431547619048,
         "finish": 1447.9598214285716,
         "expected runtime on this machine ": "35.77875842888707",
         "actual runtime on this machine ": "31.416666666666668",
         "expected memory usage ": 52855102.14799007,
         "actual memory usage": 50000000
      },
      {
         "name": "\"kraken_merge_00000079\"",
         "machine": 6,
         "start": 1815.1056547619048,
         "finish": 1826.8869047619048,
         "expected runtime on this machine ": "11.317602048306837",
         "actual runtime on this machine ": "11.78125",
         "expected memory usage ": 47523499.64250064,
         "actual memory usage": 50000000
      },
      {
         "name": "\"bwa_00000080\"",
         "machine": 7,
         "start": 223.5625,
         "finish": 235.34375,
         "expected runtime on this machine ": "9.445168194544337",
         "actual runtime on this machine ": "11.78125",
         "expected memory usage ": 52640107.895940915,
         "actual memory usage": 50000000
      },
      {
         "name": "\"metagenomic_complexity_filter_00000081\"",
         "machine": 19,
         "start": 1482.46875,
         "finish": 1513.8854166666667,
         "expected runtime on this machine ": "31.16866943056741",
         "actual runtime on this machine ": "31.416666666666668",
         "expected memory usage ": 52490562.26039429,
         "actual memory usage": 50000000
      },
      {
         "name": "\"bwamem_00000104\"",
         "machine": 8,
         "start": 247.125,
         "finish": 258.90625,
         "expected runtime on this machine ": "9.229394552066875",
         "actual runtime on this machine ": "11.78125",
         "expected memory usage ": 53843351.09298243,
         "actual memory usage": 50000000
      },
      {
         "name": "\"library_merge_00000084\"",
         "machine": 9,
         "start": 1071.4285714285716,
         "finish": 1083.2098214285716,
         "expected runtime on this machine ": "12.42315271439656",
         "actual runtime on this machine ": "11.78125",
         "expected memory usage ": 54327778.851986095,
         "actual memory usage": 50000000
      },
      {
         "name": "\"sexdeterrmine_prep_00000092\"",
         "machine": 9,
         "start": 1854.7619047619048,
         "finish": 1866.5431547619048,
         "expected runtime on this machine ": "12.670481462507496",
         "actual runtime on this machine ": "11.78125",
         "expected memory usage ": 52032881.97230791,
         "actual memory usage": 50000000
      },
      {
         "name": "\"additional_library_merge_00000093\"",
         "machine": 9,
         "start": 1654.7619047619048,
         "finish": 1666.5431547619048,
         "expected runtime on this machine ": "13.773224980807026",
         "actual runtime on this machine ": "11.78125",
         "expected memory usage ": 56971596.38152805,
         "actual memory usage": 50000000
      },
      {
         "name": "\"bam_trim_00000102\"",
         "machine": 9,
         "start": 1404.7619047619048,
         "finish": 1416.5431547619048,
         "expected runtime on this machine ": "10.233583959399837",
         "actual runtime on this machine ": "11.78125",
         "expected memory usage ": 52758972.7950228,
         "actual memory usage": 50000000
      },
      {
         "name": "\"adapter_removal_00000088\"",
         "machine": 7,
         "start": 23.5625,
         "finish": 35.34375,
         "expected runtime on this machine ": "12.750357835631561",
         "actual runtime on this machine ": "11.78125",
         "expected memory usage ": 52272744.538787626,
         "actual memory usage": 50000000
      },
      {
         "name": "\"lanemerge_00000091\"",
         "machine": 7,
         "start": 35.34375,
         "finish": 47.125,
         "expected runtime on this machine ": "12.548450150798736",
         "actual runtime on this machine ": "11.78125",
         "expected memory usage ": 44643171.98936463,
         "actual memory usage": 50000000
      },
      {
         "name": "\"bowtie2_00000117\"",
         "machine": 7,
         "start": 47.125,
         "finish": 58.90625,
         "expected runtime on this machine ": "11.85598611986496",
         "actual runtime on this machine ": "11.78125",
         "expected memory usage ": 47998511.16927289,
         "actual memory usage": 50000000
      },
      {
         "name": "\"sexdeterrmine_00000098\"",
         "machine": 9,
         "start": 1866.5431547619048,
         "finish": 1878.3244047619048,
         "expected runtime on this machine ": "11.740210482122064",
         "actual runtime on this machine ": "11.78125",
         "expected memory usage ": 51741183.841826886,
         "actual memory usage": 50000000
      },
      {
         "name": "\"mtnucratio_00000100\"",
         "machine": 21,
         "start": 1137.107142857143,
         "finish": 1168.5238095238096,
         "expected runtime on this machine ": "31.87352453221094",
         "actual runtime on this machine ": "31.416666666666668",
         "expected memory usage ": 59698479.0425898,
         "actual memory usage": 50000000
      },
      {
         "name": "\"maltextract_00000101\"",
         "machine": 21,
         "start": 1031.4166666666667,
         "finish": 1062.8333333333335,
         "expected runtime on this machine ": "31.678446037112376",
         "actual runtime on this machine ": "31.416666666666668",
         "expected memory usage ": 40761233.57142972,
         "actual memory usage": 50000000
      },
      {
         "name": "\"fastp_00000103\"",
         "machine": 7,
         "start": 11.78125,
         "finish": 23.5625,
         "expected runtime on this machine ": "10.7945460835317",
         "actual runtime on this machine ": "11.78125",
         "expected memory usage ": 50930095.53284221,
         "actual memory usage": 50000000
      },
      {
         "name": "\"convertbam_00000105\"",
         "machine": 7,
         "start": 0.0,
         "finish": 11.78125,
         "expected runtime on this machine ": "12.062137432702416",
         "actual runtime on this machine ": "11.78125",
         "expected memory usage ": 48246057.053525895,
         "actual memory usage": 50000000
      },
      {
         "name": "\"fastqc_00000112\"",
         "machine": 20,
         "start": 1011.78125,
         "finish": 1043.1979166666667,
         "expected runtime on this machine ": "28.78538825516065",
         "actual runtime on this machine ": "31.416666666666668",
         "expected memory usage ": 41489666.35779535,
         "actual memory usage": 50000000
      },
      {
         "name": "\"malt_00000107\"",
         "machine": 18,
         "start": 0.0,
         "finish": 31.416666666666668,
         "expected runtime on this machine ": "33.82526807633623",
         "actual runtime on this machine ": "31.416666666666668",
         "expected memory usage ": 39577957.3454257,
         "actual memory usage": 50000000
      },
      {
         "name": "\"get_software_versions_00000115\"",
         "machine": 0,
         "start": 0.0,
         "finish": 94.25,
         "expected runtime on this machine ": "97.24418062045879",
         "actual runtime on this machine ": "94.25",
         "expected memory usage ": 45662422.35672417,
         "actual memory usage": 50000000
      },
      {
         "name": "\"qualimap_00000119\"",
         "machine": 34,
         "start": 1690.3526785714287,
         "finish": 1702.1339285714287,
         "expected runtime on this machine ": "11.720553477497324",
         "actual runtime on this machine ": "11.78125",
         "expected memory usage ": 53667696.99038883,
         "actual memory usage": 50000000
      },
      {
         "name": "\"multiqc_00000126\"",
         "machine": 8,
         "start": 1922.248511904762,
         "finish": 1934.029761904762,
         "expected runtime on this machine ": "10.653399094744271",
         "actual runtime on this machine ": "11.78125",
         "expected memory usage ": 54453277.87780564,
         "actual memory usage": 50000000
      },
      {
         "name": "\"unzip_reference_00000120\"",
         "machine": 10,
         "start": 0.0,
         "finish": 11.78125,
         "expected runtime on this machine ": "12.10951652432266",
         "actual runtime on this machine ": "11.78125",
         "expected memory usage ": 53112165.74723687,
         "actual memory usage": 50000000
      },
      {
         "name": "\"pmdtools_00000122\"",
         "machine": 21,
         "start": 1483.0863095238096,
         "finish": 1514.5029761904764,
         "expected runtime on this machine ": "28.524658191387505",
         "actual runtime on this machine ": "31.416666666666668",
         "expected memory usage ": 52756065.971784756,
         "actual memory usage": 50000000
      },
      {
         "name": "\"circulargenerator_00000124\"",
         "machine": 10,
         "start": 23.5625,
         "finish": 35.34375,
         "expected runtime on this machine ": "12.430923221796487",
         "actual runtime on this machine ": "11.78125",
         "expected memory usage ": 48902897.61398292,
         "actual memory usage": 50000000
      },
      {
         "name": "\"mask_reference_for_pmdtools_00000125\"",
         "machine": 23,
         "start": 1011.78125,
         "finish": 1043.1979166666667,
         "expected runtime on this machine ": "25.678774252500613",
         "actual runtime on this machine ": "31.416666666666668",
         "expected memory usage ": 52811646.0274501,
         "actual memory usage": 50000000
      },
      {
         "name": "\"genotyping_ug_00000131\"",
         "machine": 10,
         "start": 1648.686011904762,
         "finish": 1660.467261904762,
         "expected runtime on this machine ": "11.736777491929923",
         "actual runtime on this machine ": "11.78125",
         "expected memory usage ": 37208667.16346966,
         "actual memory usage": 50000000
      },
      {
         "name": "\"genotyping_pileupcaller_00000134\"",
         "machine": 7,
         "start": 1648.686011904762,
         "finish": 1660.467261904762,
         "expected runtime on this machine ": "15.638972889035205",
         "actual runtime on this machine ": "11.78125",
         "expected memory usage ": 56466664.93557237,
         "actual memory usage": 50000000
      },
      {
         "name": "\"makebwaindex_00000141\"",
         "machine": 10,
         "start": 11.78125,
         "finish": 23.5625,
         "expected runtime on this machine ": "12.094978872408754",
         "actual runtime on this machine ": "11.78125",
         "expected memory usage ": 47627108.1401733,
         "actual memory usage": 50000000
      },
      {
         "name": "\"makefastaindex_00000142\"",
         "machine": 10,
         "start": 237.35416666666666,
         "finish": 249.13541666666666,
         "expected runtime on this machine ": "13.036264358585841",
         "actual runtime on this machine ": "11.78125",
         "expected memory usage ": 43374284.522642635,
         "actual memory usage": 50000000
      },
      {
         "name": "\"bcftools_stats_00000148\"",
         "machine": 8,
         "start": 1910.467261904762,
         "finish": 1922.248511904762,
         "expected runtime on this machine ": "11.368670770398966",
         "actual runtime on this machine ": "11.78125",
         "expected memory usage ": 45936119.675842516,
         "actual memory usage": 50000000
      },
      {
         "name": "\"genotyping_hc_00000153\"",
         "machine": 34,
         "start": 1648.686011904762,
         "finish": 1660.467261904762,
         "expected runtime on this machine ": "14.929540829007275",
         "actual runtime on this machine ": "11.78125",
         "expected memory usage ": 41180145.09503193,
         "actual memory usage": 50000000
      },
      {
         "name": "\"circularmapper_00000154\"",
         "machine": 10,
         "start": 213.79166666666666,
         "finish": 225.57291666666666,
         "expected runtime on this machine ": "10.08280853733959",
         "actual runtime on this machine ": "11.78125",
         "expected memory usage ": 65730524.10830369,
         "actual memory usage": 50000000
      },
      {
         "name": "\"mapdamage_rescaling_00000158\"",
         "machine": 23,
         "start": 1483.0863095238096,
         "finish": 1514.5029761904764,
         "expected runtime on this machine ": "27.535712020713152",
         "actual runtime on this machine ": "31.416666666666668",
         "expected memory usage ": 48538065.65447428,
         "actual memory usage": 50000000
      },
      {
         "name": "\"makeseqdict_00000165\"",
         "machine": 10,
         "start": 225.57291666666666,
         "finish": 237.35416666666666,
         "expected runtime on this machine ": "11.90983896378482",
         "actual runtime on this machine ": "11.78125",
         "expected memory usage ": 40727269.5447593,
         "actual memory usage": 50000000
      },
      {
         "name": "\"genotyping_angsd_00000167\"",
         "machine": 35,
         "start": 1648.686011904762,
         "finish": 1660.467261904762,
         "expected runtime on this machine ": "12.05704060683802",
         "actual runtime on this machine ": "11.78125",
         "expected memory usage ": 52272564.65972689,
         "actual memory usage": 50000000
      },
      {
         "name": "\"damageprofiler_00000168\"",
         "machine": 24,
         "start": 1066.419642857143,
         "finish": 1113.544642857143,
         "expected runtime on this machine ": "39.30477456656501",
         "actual runtime on this machine ": "47.125",
         "expected memory usage ": 52228616.91283344,
         "actual memory usage": 50000000
      },
      {
         "name": "\"multivcfanalyzer_00000169\"",
         "machine": 10,
         "start": 1815.1056547619048,
         "finish": 1826.8869047619048,
         "expected runtime on this machine ": "9.792704780647714",
         "actual runtime on this machine ": "11.78125",
         "expected memory usage ": 43789004.63108191,
         "actual memory usage": 50000000
      },
      {
         "name": "\"vcf2genome_00000170\"",
         "machine": 10,
         "start": 1838.6681547619048,
         "finish": 1850.4494047619048,
         "expected runtime on this machine ": "11.851046435538954",
         "actual runtime on this machine ": "11.78125",
         "expected memory usage ": 53699784.82032971,
         "actual memory usage": 50000000
      },
      {
         "name": "\"genotyping_freebayes_00000177\"",
         "machine": 33,
         "start": 1648.686011904762,
         "finish": 1660.467261904762,
         "expected runtime on this machine ": "13.22251091194983",
         "actual runtime on this machine ": "11.78125",
         "expected memory usage ": 45609395.40236352,
         "actual memory usage": 50000000
      },
      {
         "name": "\"fastqc_after_clipping_00000121\"",
         "machine": 28,
         "start": 368.6770833333333,
         "finish": 415.8020833333333,
         "expected runtime on this machine ": "49.14514700433449",
         "actual runtime on this machine ": "47.125",
         "expected memory usage ": 55531895.56619316,
         "actual memory usage": 50000000
      },
      {
         "name": "\"preseq_00000123\"",
         "machine": 12,
         "start": 721.3050595238095,
         "finish": 784.1383928571429,
         "expected runtime on this machine ": "54.621389162675236",
         "actual runtime on this machine ": "62.833333333333336",
         "expected memory usage ": 55077963.50894272,
         "actual memory usage": 50000000
      },
      {
         "name": "\"post_ar_fastq_trimming_00000127\"",
         "machine": 14,
         "start": 368.6770833333333,
         "finish": 431.51041666666663,
         "expected runtime on this machine ": "56.57931265978761",
         "actual runtime on this machine ": "62.833333333333336",
         "expected memory usage ": 48999870.49243791,
         "actual memory usage": 50000000
      },
      {
         "name": "\"output_documentation_00000128\"",
         "machine": 3,
         "start": 0.0,
         "finish": 94.25,
         "expected runtime on this machine ": "93.13878754893194",
         "actual runtime on this machine ": "94.25",
         "expected memory usage ": 52876529.07357292,
         "actual memory usage": 50000000
      },
      {
         "name": "\"nuclear_contamination_00000129\"",
         "machine": 8,
         "start": 1233.0863095238096,
         "finish": 1244.8675595238096,
         "expected runtime on this machine ": "12.307053343023698",
         "actual runtime on this machine ": "11.78125",
         "expected memory usage ": 54629645.41370265,
         "actual memory usage": 50000000
      },
      {
         "name": "\"print_nuclear_contamination_00000172\"",
         "machine": 8,
         "start": 1803.3244047619048,
         "finish": 1815.1056547619048,
         "expected runtime on this machine ": "13.49102621264138",
         "actual runtime on this machine ": "11.78125",
         "expected memory usage ": 53799240.36729123,
         "actual memory usage": 50000000
      },
      {
         "name": "\"samtools_flagstat_after_filter_00000130\"",
         "machine": 33,
         "start": 721.3050595238095,
         "finish": 733.0863095238095,
         "expected runtime on this machine ": "13.284862451863356",
         "actual runtime on this machine ": "11.78125",
         "expected memory usage ": 43773314.75435307,
         "actual memory usage": 50000000
      },
      {
         "name": "\"endorspy_00000173\"",
         "machine": 21,
         "start": 1233.0863095238096,
         "finish": 1264.5029761904764,
         "expected runtime on this machine ": "34.19283904388161",
         "actual runtime on this machine ": "31.416666666666668",
         "expected memory usage ": 51522572.73639713,
         "actual memory usage": 50000000
      },
      {
         "name": "\"indexinputbam_00000132\"",
         "machine": 33,
         "start": 0.0,
         "finish": 11.78125,
         "expected runtime on this machine ": "13.093951741821373",
         "actual runtime on this machine ": "11.78125",
         "expected memory usage ": 51834394.58232778,
         "actual memory usage": 50000000
      },
      {
         "name": "\"hostremoval_input_fastq_00000144\"",
         "machine": 16,
         "start": 425.57291666666663,
         "finish": 488.40624999999994,
         "expected runtime on this machine ": "57.931031566021765",
         "actual runtime on this machine ": "62.833333333333336",
         "expected memory usage ": 53051609.92415949,
         "actual memory usage": 50000000
      },
      {
         "name": "\"seqtype_merge_00000145\"",
         "machine": 6,
         "start": 458.90625,
         "finish": 470.6875,
         "expected runtime on this machine ": "11.468101882838685",
         "actual runtime on this machine ": "11.78125",
         "expected memory usage ": 49810202.52246658,
         "actual memory usage": 50000000
      },
      {
         "name": "\"samtools_filter_00000146\"",
         "machine": 6,
         "start": 566.6666666666666,
         "finish": 578.4479166666666,
         "expected runtime on this machine ": "10.981460041482977",
         "actual runtime on this machine ": "11.78125",
         "expected memory usage ": 49395187.59168442,
         "actual memory usage": 50000000
      },
      {
         "name": "\"samtools_flagstat_00000149\"",
         "machine": 34,
         "start": 637.3541666666666,
         "finish": 649.1354166666666,
         "expected runtime on this machine ": "10.885647544081534",
         "actual runtime on this machine ": "11.78125",
         "expected memory usage ": 53843007.92219126,
         "actual memory usage": 50000000
      },
      {
         "name": "\"markduplicates_00000155\"",
         "machine": 6,
         "start": 709.5238095238095,
         "finish": 721.3050595238095,
         "expected runtime on this machine ": "12.158581142382001",
         "actual runtime on this machine ": "11.78125",
         "expected memory usage ": 48369604.629157744,
         "actual memory usage": 50000000
      },
      {
         "name": "\"dedup_00000175\"",
         "machine": 11,
         "start": 721.3050595238095,
         "finish": 733.0863095238095,
         "expected runtime on this machine ": "11.797792727129403",
         "actual runtime on this machine ": "11.78125",
         "expected memory usage ": 56292866.33948798,
         "actual memory usage": 50000000
      },
      {
         "name": "\"lanemerge_hostremoval_fastq_00000133\"",
         "machine": 14,
         "start": 0.0,
         "finish": 62.833333333333336,
         "expected runtime on this machine ": "58.59365586944966",
         "actual runtime on this machine ": "62.833333333333336",
         "expected memory usage ": 47716617.249506585,
         "actual memory usage": 50000000
      },
      {
         "name": "\"eigenstrat_snp_coverage_00000135\"",
         "machine": 7,
         "start": 1803.3244047619048,
         "finish": 1815.1056547619048,
         "expected runtime on this machine ": "13.962111363473142",
         "actual runtime on this machine ": "11.78125",
         "expected memory usage ": 46959927.07607865,
         "actual memory usage": 50000000
      },
      {
         "name": "\"kraken_00000136\"",
         "machine": 34,
         "start": 0.0,
         "finish": 11.78125,
         "expected runtime on this machine ": "11.225904103598184",
         "actual runtime on this machine ": "11.78125",
         "expected memory usage ": 48235455.38342548,
         "actual memory usage": 50000000
      },
      {
         "name": "\"kraken_parse_00000156\"",
         "machine": 34,
         "start": 11.78125,
         "finish": 23.5625,
         "expected runtime on this machine ": "14.092113094409056",
         "actual runtime on this machine ": "11.78125",
         "expected memory usage ": 56932033.94266481,
         "actual memory usage": 50000000
      },
      {
         "name": "\"bedtools_00000137\"",
         "machine": 20,
         "start": 1566.419642857143,
         "finish": 1597.8363095238096,
         "expected runtime on this machine ": "36.18890237791401",
         "actual runtime on this machine ": "31.416666666666668",
         "expected memory usage ": 52126334.0841968,
         "actual memory usage": 50000000
      },
      {
         "name": "\"kraken_merge_00000138\"",
         "machine": 26,
         "start": 1023.5625,
         "finish": 1070.6875,
         "expected runtime on this machine ": "50.05389366870938",
         "actual runtime on this machine ": "47.125",
         "expected memory usage ": 40809131.66352388,
         "actual memory usage": 50000000
      },
      {
         "name": "\"bwa_00000139\"",
         "machine": 7,
         "start": 247.125,
         "finish": 258.90625,
         "expected runtime on this machine ": "10.503678527852106",
         "actual runtime on this machine ": "11.78125",
         "expected memory usage ": 44546420.221996516,
         "actual memory usage": 50000000
      },
      {
         "name": "\"metagenomic_complexity_filter_00000140\"",
         "machine": 18,
         "start": 1578.4479166666665,
         "finish": 1609.8645833333333,
         "expected runtime on this machine ": "30.41159103215475",
         "actual runtime on this machine ": "31.416666666666668",
         "expected memory usage ": 49066123.7706746,
         "actual memory usage": 50000000
      },
      {
         "name": "\"bwamem_00000163\"",
         "machine": 9,
         "start": 247.125,
         "finish": 258.90625,
         "expected runtime on this machine ": "11.556659296108311",
         "actual runtime on this machine ": "11.78125",
         "expected memory usage ": 50440187.45905975,
         "actual memory usage": 50000000
      },
      {
         "name": "\"library_merge_00000143\"",
         "machine": 11,
         "start": 1221.3050595238096,
         "finish": 1233.0863095238096,
         "expected runtime on this machine ": "12.358967596489487",
         "actual runtime on this machine ": "11.78125",
         "expected memory usage ": 58363037.11982992,
         "actual memory usage": 50000000
      },
      {
         "name": "\"sexdeterrmine_prep_00000151\"",
         "machine": 11,
         "start": 1711.904761904762,
         "finish": 1723.686011904762,
         "expected runtime on this machine ": "9.583476181255092",
         "actual runtime on this machine ": "11.78125",
         "expected memory usage ": 57068327.22731691,
         "actual memory usage": 50000000
      },
      {
         "name": "\"additional_library_merge_00000152\"",
         "machine": 11,
         "start": 1511.904761904762,
         "finish": 1523.686011904762,
         "expected runtime on this machine ": "10.476901161961255",
         "actual runtime on this machine ": "11.78125",
         "expected memory usage ": 54980567.895027064,
         "actual memory usage": 50000000
      },
      {
         "name": "\"bam_trim_00000161\"",
         "machine": 11,
         "start": 1261.904761904762,
         "finish": 1273.686011904762,
         "expected runtime on this machine ": "11.980907370707254",
         "actual runtime on this machine ": "11.78125",
         "expected memory usage ": 49222938.805524185,
         "actual memory usage": 50000000
      },
      {
         "name": "\"adapter_removal_00000147\"",
         "machine": 6,
         "start": 23.5625,
         "finish": 35.34375,
         "expected runtime on this machine ": "10.485540488713532",
         "actual runtime on this machine ": "11.78125",
         "expected memory usage ": 50236301.01295162,
         "actual memory usage": 50000000
      },
      {
         "name": "\"lanemerge_00000150\"",
         "machine": 6,
         "start": 35.34375,
         "finish": 47.125,
         "expected runtime on this machine ": "9.852510050212846",
         "actual runtime on this machine ": "11.78125",
         "expected memory usage ": 54296341.89416253,
         "actual memory usage": 50000000
      },
      {
         "name": "\"bowtie2_00000176\"",
         "machine": 6,
         "start": 47.125,
         "finish": 58.90625,
         "expected runtime on this machine ": "11.980384114468183",
         "actual runtime on this machine ": "11.78125",
         "expected memory usage ": 51358534.13589811,
         "actual memory usage": 50000000
      },
      {
         "name": "\"sexdeterrmine_00000157\"",
         "machine": 11,
         "start": 1803.3244047619048,
         "finish": 1815.1056547619048,
         "expected runtime on this machine ": "10.765461607312252",
         "actual runtime on this machine ": "11.78125",
         "expected memory usage ": 50151546.88456053,
         "actual memory usage": 50000000
      },
      {
         "name": "\"mtnucratio_00000159\"",
         "machine": 23,
         "start": 1233.0863095238096,
         "finish": 1264.5029761904764,
         "expected runtime on this machine ": "34.99194552559137",
         "actual runtime on this machine ": "31.416666666666668",
         "expected memory usage ": 49124358.4567684,
         "actual memory usage": 50000000
      },
      {
         "name": "\"maltextract_00000160\"",
         "machine": 35,
         "start": 1023.5625,
         "finish": 1035.34375,
         "expected runtime on this machine ": "11.354303420241626",
         "actual runtime on this machine ": "11.78125",
         "expected memory usage ": 50342689.5131957,
         "actual memory usage": 50000000
      },
      {
         "name": "\"fastp_00000162\"",
         "machine": 6,
         "start": 11.78125,
         "finish": 23.5625,
         "expected runtime on this machine ": "11.865933470734149",
         "actual runtime on this machine ": "11.78125",
         "expected memory usage ": 50492082.29622415,
         "actual memory usage": 50000000
      },
      {
         "name": "\"convertbam_00000164\"",
         "machine": 6,
         "start": 0.0,
         "finish": 11.78125,
         "expected runtime on this machine ": "14.803110128898414",
         "actual runtime on this machine ": "11.78125",
         "expected memory usage ": 44491933.35077655,
         "actual memory usage": 50000000
      },
      {
         "name": "\"fastqc_00000171\"",
         "machine": 35,
         "start": 1011.78125,
         "finish": 1023.5625,
         "expected runtime on this machine ": "10.669871295016245",
         "actual runtime on this machine ": "11.78125",
         "expected memory usage ": 43764544.71084974,
         "actual memory usage": 50000000
      },
      {
         "name": "\"malt_00000166\"",
         "machine": 33,
         "start": 11.78125,
         "finish": 23.5625,
         "expected runtime on this machine ": "9.623633845281233",
         "actual runtime on this machine ": "11.78125",
         "expected memory usage ": 56039066.73165826,
         "actual memory usage": 50000000
      },
      {
         "name": "\"get_software_versions_00000174\"",
         "machine": 16,
         "start": 0.0,
         "finish": 62.833333333333336,
         "expected runtime on this machine ": "60.56211224834038",
         "actual runtime on this machine ": "62.833333333333336",
         "expected memory usage ": 49033262.663200065,
         "actual memory usage": 50000000
      }
   ],
   "failed": []
}