{
   "workflow": "eager-workflow_200",
   "makespan": 2315.1056547619046,
   "tasks": [
      {
         "name": "\"unzip_reference_00000001\"",
         "machine": 9,
         "start": 0.0,
         "finish": 11.78125,
         "expected runtime on this machine ": "12.7811307922414",
         "actual runtime on this machine ": "11.78125",
         "expected memory usage ": 51334650.77295835,
         "actual memory usage": 50000000
      },
      {
         "name": "\"makebwaindex_00000002\"",
         "machine": 9,
         "start": 11.78125,
         "finish": 23.5625,
         "expected runtime on this machine ": "11.83538329823942",
         "actual runtime on this machine ": "11.78125",
         "expected memory usage ": 49858044.73336838,
         "actual memory usage": 50000000
      },
      {
         "name": "\"makefastaindex_00000003\"",
         "machine": 31,
         "start": 1011.78125,
         "finish": 1023.5625,
         "expected runtime on this machine ": "11.561876661556644",
         "actual runtime on this machine ": "11.78125",
         "expected memory usage ": 56926240.09650068,
         "actual memory usage": 50000000
      },
      {
         "name": "\"makeseqdict_00000004\"",
         "machine": 7,
         "start": 1011.78125,
         "finish": 1023.5625,
         "expected runtime on this machine ": "12.901466296957715",
         "actual runtime on this machine ": "11.78125",
         "expected memory usage ": 54613014.470379755,
         "actual memory usage": 50000000
      },
      {
         "name": "\"circulargenerator_00000005\"",
         "machine": 9,
         "start": 23.5625,
         "finish": 35.34375,
         "expected runtime on this machine ": "10.98706348818752",
         "actual runtime on this machine ": "11.78125",
         "expected memory usage ": 51014764.86489914,
         "actual memory usage": 50000000
      },
      {
         "name": "\"mask_reference_for_pmdtools_00000006\"",
         "machine": 24,
         "start": 1011.78125,
         "finish": 1058.90625,
         "expected runtime on this machine ": "50.65908265062173",
         "actual runtime on this machine ": "47.125",
         "expected memory usage ": 40742238.22494118,
         "actual memory usage": 50000000
      },
      {
         "name": "\"multivcfanalyzer_00000007\"",
         "machine": 10,
         "start": 1826.8869047619048,
         "finish": 1838.6681547619048,
         "expected runtime on this machine ": "10.83988485867299",
         "actual runtime on this machine ": "11.78125",
         "expected memory usage ": 45423583.935451746,
         "actual memory usage": 50000000
      },
      {
         "name": "\"genotyping_ug_00000008\"",
         "machine": 10,
         "start": 1791.5431547619048,
         "finish": 1803.3244047619048,
         "expected runtime on this machine ": "11.07019820226299",
         "actual runtime on this machine ": "11.78125",
         "expected memory usage ": 58713923.7117756,
         "actual memory usage": 50000000
      },
      {
         "name": "\"qualimap_00000009\"",
         "machine": 11,
         "start": 1833.2098214285716,
         "finish": 1844.9910714285716,
         "expected runtime on this machine ": "12.72436030730904",
         "actual runtime on this machine ": "11.78125",
         "expected memory usage ": 57128221.47270909,
         "actual memory usage": 50000000
      },
      {
         "name": "\"circularmapper_00000015\"",
         "machine": 11,
         "start": 213.79166666666666,
         "finish": 225.57291666666666,
         "expected runtime on this machine ": "11.924131550987543",
         "actual runtime on this machine ": "11.78125",
         "expected memory usage ": 57751120.76589692,
         "actual memory usage": 50000000
      },
      {
         "name": "\"damageprofiler_00000020\"",
         "machine": 27,
         "start": 1066.419642857143,
         "finish": 1113.544642857143,
         "expected runtime on this machine ": "46.75586301030053",
         "actual runtime on this machine ": "47.125",
         "expected memory usage ": 56203183.41421093,
         "actual memory usage": 50000000
      },
      {
         "name": "\"pmdtools_00000021\"",
         "machine": 25,
         "start": 1483.0863095238096,
         "finish": 1530.2113095238096,
         "expected runtime on this machine ": "48.73359620213055",
         "actual runtime on this machine ": "47.125",
         "expected memory usage ": 49576389.351096384,
         "actual memory usage": 50000000
      },
      {
         "name": "\"mapdamage_rescaling_00000022\"",
         "machine": 22,
         "start": 1483.0863095238096,
         "finish": 1514.5029761904764,
         "expected runtime on this machine ": "28.778200996613094",
         "actual runtime on this machine ": "31.416666666666668",
         "expected memory usage ": 44645994.25821624,
         "actual memory usage": 50000000
      },
      {
         "name": "\"genotyping_hc_00000023\"",
         "machine": 31,
         "start": 1791.5431547619048,
         "finish": 1803.3244047619048,
         "expected runtime on this machine ": "11.357214746256194",
         "actual runtime on this machine ": "11.78125",
         "expected memory usage ": 45799405.23925397,
         "actual memory usage": 50000000
      },
      {
         "name": "\"genotyping_angsd_00000024\"",
         "machine": 35,
         "start": 1791.5431547619048,
         "finish": 1803.3244047619048,
         "expected runtime on this machine ": "11.23412881927788",
         "actual runtime on this machine ": "11.78125",
         "expected memory usage ": 51752970.208089575,
         "actual memory usage": 50000000
      },
      {
         "name": "\"genotyping_freebayes_00000025\"",
         "machine": 11,
         "start": 1791.5431547619048,
         "finish": 1803.3244047619048,
         "expected runtime on this machine ": "12.073074227623948",
         "actual runtime on this machine ": "11.78125",
         "expected memory usage ": 42821781.22827366,
         "actual memory usage": 50000000
      },
      {
         "name": "\"vcf2genome_00000026\"",
         "machine": 10,
         "start": 1850.4494047619048,
         "finish": 1862.2306547619048,
         "expected runtime on this machine ": "11.569418246241035",
         "actual runtime on this machine ": "11.78125",
         "expected memory usage ": 51265009.917863145,
         "actual memory usage": 50000000
      },
      {
         "name": "\"genotyping_pileupcaller_00000027\"",
         "machine": 7,
         "start": 1791.5431547619048,
         "finish": 1803.3244047619048,
         "expected runtime on this machine ": "10.500588458660806",
         "actual runtime on this machine ": "11.78125",
         "expected memory usage ": 37133913.789148375,
         "actual memory usage": 50000000
      },
      {
         "name": "\"bcftools_stats_00000028\"",
         "machine": 6,
         "start": 2053.3244047619046,
         "finish": 2065.1056547619046,
         "expected runtime on this machine ": "10.624830680522564",
         "actual runtime on this machine ": "11.78125",
         "expected memory usage ": 48252872.29907839,
         "actual memory usage": 50000000
      },
      {
         "name": "\"bwamem_00000029\"",
         "machine": 6,
         "start": 247.125,
         "finish": 258.90625,
         "expected runtime on this machine ": "11.70338671781049",
         "actual runtime on this machine ": "11.78125",
         "expected memory usage ": 42543931.60996003,
         "actual memory usage": 50000000
      },
      {
         "name": "\"bwa_00000030\"",
         "machine": 8,
         "start": 223.5625,
         "finish": 235.34375,
         "expected runtime on this machine ": "10.562949292494569",
         "actual runtime on this machine ": "11.78125",
         "expected memory usage ": 40850015.926329784,
         "actual memory usage": 50000000
      },
      {
         "name": "\"multiqc_00000031\"",
         "machine": 7,
         "start": 2106.772321428571,
         "finish": 2118.553571428571,
         "expected runtime on this machine ": "11.771246020226178",
         "actual runtime on this machine ": "11.78125",
         "expected memory usage ": 49267782.6057495,
         "actual memory usage": 50000000
      },
      {
         "name": "\"dedup_00000010\"",
         "machine": 8,
         "start": 709.5238095238095,
         "finish": 721.3050595238095,
         "expected runtime on this machine ": "12.805905095542428",
         "actual runtime on this machine ": "11.78125",
         "expected memory usage ": 59460029.80470718,
         "actual memory usage": 50000000
      },
      {
         "name": "\"library_merge_00000012\"",
         "machine": 30,
         "start": 1221.3050595238096,
         "finish": 1233.0863095238096,
         "expected runtime on this machine ": "13.368415559741575",
         "actual runtime on this machine ": "11.78125",
         "expected memory usage ": 58177639.380053915,
         "actual memory usage": 50000000
      },
      {
         "name": "\"bam_trim_00000013\"",
         "machine": 30,
         "start": 1404.7619047619048,
         "finish": 1416.5431547619048,
         "expected runtime on this machine ": "11.245413283957127",
         "actual runtime on this machine ": "11.78125",
         "expected memory usage ": 57142846.019673064,
         "actual memory usage": 50000000
      },
      {
         "name": "\"additional_library_merge_00000014\"",
         "machine": 30,
         "start": 1654.7619047619048,
         "finish": 1666.5431547619048,
         "expected runtime on this machine ": "11.914954834909356",
         "actual runtime on this machine ": "11.78125",
         "expected memory usage ": 44405022.67238792,
         "actual memory usage": 50000000
      },
      {
         "name": "\"mtnucratio_00000043\"",
         "machine": 22,
         "start": 1233.0863095238096,
         "finish": 1264.5029761904764,
         "expected runtime on this machine ": "28.688273068841927",
         "actual runtime on this machine ": "31.416666666666668",
         "expected memory usage ": 50557464.11847251,
         "actual memory usage": 50000000
      },
      {
         "name": "\"sexdeterrmine_prep_00000048\"",
         "machine": 30,
         "start": 1854.7619047619048,
         "finish": 1866.5431547619048,
         "expected runtime on this machine ": "12.130671992913584",
         "actual runtime on this machine ": "11.78125",
         "expected memory usage ": 45016948.150426246,
         "actual memory usage": 50000000
      },
      {
         "name": "\"nuclear_contamination_00000055\"",
         "machine": 7,
         "start": 1233.0863095238096,
         "finish": 1244.8675595238096,
         "expected runtime on this machine ": "12.576357747595612",
         "actual runtime on this machine ": "11.78125",
         "expected memory usage ": 57461441.183141954,
         "actual memory usage": 50000000
      },
      {
         "name": "\"bedtools_00000056\"",
         "machine": 19,
         "start": 1566.419642857143,
         "finish": 1597.8363095238096,
         "expected runtime on this machine ": "29.084236282727833",
         "actual runtime on this machine ": "31.416666666666668",
         "expected memory usage ": 51890759.28367221,
         "actual memory usage": 50000000
      },
      {
         "name": "\"markduplicates_00000011\"",
         "machine": 30,
         "start": 721.3050595238095,
         "finish": 733.0863095238095,
         "expected runtime on this machine ": "15.460834881996703",
         "actual runtime on this machine ": "11.78125",
         "expected memory usage ": 50551000.52308936,
         "actual memory usage": 50000000
      },
      {
         "name": "\"samtools_flagstat_00000038\"",
         "machine": 32,
         "start": 637.3541666666666,
         "finish": 649.1354166666666,
         "expected runtime on this machine ": "12.32160704712401",
         "actual runtime on this machine ": "11.78125",
         "expected memory usage ": 53116882.25083438,
         "actual memory usage": 50000000
      },
      {
         "name": "\"samtools_flagstat_after_filter_00000039\"",
         "machine": 32,
         "start": 721.3050595238095,
         "finish": 733.0863095238095,
         "expected runtime on this machine ": "12.372423647256937",
         "actual runtime on this machine ": "11.78125",
         "expected memory usage ": 47509495.26934162,
         "actual memory usage": 50000000
      },
      {
         "name": "\"preseq_00000040\"",
         "machine": 29,
         "start": 721.3050595238095,
         "finish": 768.4300595238095,
         "expected runtime on this machine ": "55.80150701265269",
         "actual runtime on this machine ": "47.125",
         "expected memory usage ": 54767655.75251746,
         "actual memory usage": 50000000
      },
      {
         "name": "\"hostremoval_input_fastq_00000051\"",
         "machine": 13,
         "start": 431.51041666666663,
         "finish": 494.34374999999994,
         "expected runtime on this machine ": "56.35290551981976",
         "actual runtime on this machine ": "62.833333333333336",
         "expected memory usage ": 58804660.32908171,
         "actual memory usage": 50000000
      },
      {
         "name": "\"seqtype_merge_00000053\"",
         "machine": 8,
         "start": 458.90625,
         "finish": 470.6875,
         "expected runtime on this machine ": "11.315727419453701",
         "actual runtime on this machine ": "11.78125",
         "expected memory usage ": 55115077.73157231,
         "actual memory usage": 50000000
      },
      {
         "name": "\"samtools_filter_00000054\"",
         "machine": 8,
         "start": 566.6666666666666,
         "finish": 578.4479166666666,
         "expected runtime on this machine ": "9.448371535056555",
         "actual runtime on this machine ": "11.78125",
         "expected memory usage ": 52901715.00478087,
         "actual memory usage": 50000000
      },
      {
         "name": "\"convertbam_00000016\"",
         "machine": 8,
         "start": 0.0,
         "finish": 11.78125,
         "expected runtime on this machine ": "12.96010955705355",
         "actual runtime on this machine ": "11.78125",
         "expected memory usage ": 52079710.522054665,
         "actual memory usage": 50000000
      },
      {
         "name": "\"fastp_00000017\"",
         "machine": 8,
         "start": 11.78125,
         "finish": 23.5625,
         "expected runtime on this machine ": "11.897641582295783",
         "actual runtime on this machine ": "11.78125",
         "expected memory usage ": 42021371.10030074,
         "actual memory usage": 50000000
      },
      {
         "name": "\"adapter_removal_00000018\"",
         "machine": 8,
         "start": 23.5625,
         "finish": 35.34375,
         "expected runtime on this machine ": "12.854816251044793",
         "actual runtime on this machine ": "11.78125",
         "expected memory usage ": 58118465.91226492,
         "actual memory usage": 50000000
      },
      {
         "name": "\"lanemerge_00000019\"",
         "machine": 8,
         "start": 35.34375,
         "finish": 47.125,
         "expected runtime on this machine ": "10.922194670792788",
         "actual runtime on this machine ": "11.78125",
         "expected memory usage ": 50055819.785339825,
         "actual memory usage": 50000000
      },
      {
         "name": "\"fastqc_00000035\"",
         "machine": 19,
         "start": 1011.78125,
         "finish": 1043.1979166666667,
         "expected runtime on this machine ": "32.04403032357151",
         "actual runtime on this machine ": "31.416666666666668",
         "expected memory usage ": 46930904.92795187,
         "actual memory usage": 50000000
      },
      {
         "name": "\"fastqc_after_clipping_00000036\"",
         "machine": 12,
         "start": 368.6770833333333,
         "finish": 431.51041666666663,
         "expected runtime on this machine ": "65.2988831995948",
         "actual runtime on this machine ": "62.833333333333336",
         "expected memory usage ": 51934684.40098506,
         "actual memory usage": 50000000
      },
      {
         "name": "\"bowtie2_00000037\"",
         "machine": 8,
         "start": 47.125,
         "finish": 58.90625,
         "expected runtime on this machine ": "12.000032175390691",
         "actual runtime on this machine ": "11.78125",
         "expected memory usage ": 46018857.8980769,
         "actual memory usage": 50000000
      },
      {
         "name": "\"post_ar_fastq_trimming_00000049\"",
         "machine": 15,
         "start": 368.6770833333333,
         "finish": 431.51041666666663,
         "expected runtime on this machine ": "56.31691242695541",
         "actual runtime on this machine ": "62.833333333333336",
         "expected memory usage ": 46629480.490757026,
         "actual memory usage": 50000000
      },
      {
         "name": "\"eigenstrat_snp_coverage_00000045\"",
         "machine": 7,
         "start": 1826.8869047619048,
         "finish": 1838.6681547619048,
         "expected runtime on this machine ": "12.879785756519002",
         "actual runtime on this machine ": "11.78125",
         "expected memory usage ": 47247466.331605054,
         "actual memory usage": 50000000
      },
      {
         "name": "\"sexdeterrmine_00000032\"",
         "machine": 30,
         "start": 1866.5431547619048,
         "finish": 1878.3244047619048,
         "expected runtime on this machine ": "12.200704849416777",
         "actual runtime on this machine ": "11.78125",
         "expected memory usage ": 55566445.01067595,
         "actual memory usage": 50000000
      },
      {
         "name": "\"malt_00000033\"",
         "machine": 32,
         "start": 11.78125,
         "finish": 23.5625,
         "expected runtime on this machine ": "14.10662674190705",
         "actual runtime on this machine ": "11.78125",
         "expected memory usage ": 49935021.046226986,
         "actual memory usage": 50000000
      },
      {
         "name": "\"maltextract_00000034\"",
         "machine": 18,
         "start": 1023.5625,
         "finish": 1054.9791666666667,
         "expected runtime on this machine ": "26.820623029738822",
         "actual runtime on this machine ": "31.416666666666668",
         "expected memory usage ": 49224866.459753744,
         "actual memory usage": 50000000
      },
      {
         "name": "\"endorspy_00000041\"",
         "machine": 20,
         "start": 1233.0863095238096,
         "finish": 1264.5029761904764,
         "expected runtime on this machine ": "29.615321609147642",
         "actual runtime on this machine ": "31.416666666666668",
         "expected memory usage ": 38946517.06627769,
         "actual memory usage": 50000000
      },
      {
         "name": "\"metagenomic_complexity_filter_00000042\"",
         "machine": 35,
         "start": 1578.4479166666665,
         "finish": 1590.2291666666665,
         "expected runtime on this machine ": "11.416807123649688",
         "actual runtime on this machine ": "11.78125",
         "expected memory usage ": 47265280.92135082,
         "actual memory usage": 50000000
      },
      {
         "name": "\"print_nuclear_contamination_00000044\"",
         "machine": 7,
         "start": 1815.1056547619048,
         "finish": 1826.8869047619048,
         "expected runtime on this machine ": "12.691671257284671",
         "actual runtime on this machine ": "11.78125",
         "expected memory usage ": 45612473.8637043,
         "actual memory usage": 50000000
      },
      {
         "name": "\"kraken_00000046\"",
         "machine": 35,
         "start": 0.0,
         "finish": 11.78125,
         "expected runtime on this machine ": "12.008459467793665",
         "actual runtime on this machine ": "11.78125",
         "expected memory usage ": 46049553.59791802,
         "actual memory usage": 50000000
      },
      {
         "name": "\"kraken_parse_00000057\"",
         "machine": 35,
         "start": 11.78125,
         "finish": 23.5625,
         "expected runtime on this machine ": "12.043465551564102",
         "actual runtime on this machine ": "11.78125",
         "expected memory usage ": 53396629.06814207,
         "actual memory usage": 50000000
      },
      {
         "name": "\"get_software_versions_00000047\"",
         "machine": 17,
         "start": 0.0,
         "finish": 62.833333333333336,
         "expected runtime on this machine ": "54.731659799355214",
         "actual runtime on this machine ": "62.833333333333336",
         "expected memory usage ": 51847454.24417785,
         "actual memory usage": 50000000
      },
      {
         "name": "\"indexinputbam_00000050\"",
         "machine": 32,
         "start": 0.0,
         "finish": 11.78125,
         "expected runtime on this machine ": "13.366695875086185",
         "actual runtime on this machine ": "11.78125",
         "expected memory usage ": 54421923.88235585,
         "actual memory usage": 50000000
      },
      {
         "name": "\"lanemerge_hostremoval_fastq_00000052\"",
         "machine": 15,
         "start": 0.0,
         "finish": 62.833333333333336,
         "expected runtime on this machine ": "58.91697043706589",
         "actual runtime on this machine ": "62.833333333333336",
         "expected memory usage ": 53561953.02072778,
         "actual memory usage": 50000000
      },
      {
         "name": "\"kraken_merge_00000058\"",
         "machine": 25,
         "start": 1023.5625,
         "finish": 1070.6875,
         "expected runtime on this machine ": "43.96295555556479",
         "actual runtime on this machine ": "47.125",
         "expected memory usage ": 57213104.31526654,
         "actual memory usage": 50000000
      },
      {
         "name": "\"output_documentation_00000059\"",
         "machine": 1,
         "start": 0.0,
         "finish": 94.25,
         "expected runtime on this machine ": "92.79615464248492",
         "actual runtime on this machine ": "94.25",
         "expected memory usage ": 54676342.784581855,
         "actual memory usage": 50000000
      },
      {
         "name": "\"qualimap_00000060\"",
         "machine": 31,
         "start": 1833.2098214285716,
         "finish": 1844.9910714285716,
         "expected runtime on this machine ": "13.79008329416962",
         "actual runtime on this machine ": "11.78125",
         "expected memory usage ": 51251920.95821065,
         "actual memory usage": 50000000
      },
      {
         "name": "\"multiqc_00000067\"",
         "machine": 7,
         "start": 2065.1056547619046,
         "finish": 2076.8869047619046,
         "expected runtime on this machine ": "12.17281065622149",
         "actual runtime on this machine ": "11.78125",
         "expected memory usage ": 50072361.51709109,
         "actual memory usage": 50000000
      },
      {
         "name": "\"unzip_reference_00000061\"",
         "machine": 11,
         "start": 0.0,
         "finish": 11.78125,
         "expected runtime on this machine ": "10.809307315460124",
         "actual runtime on this machine ": "11.78125",
         "expected memory usage ": 63117090.23176649,
         "actual memory usage": 50000000
      },
      {
         "name": "\"pmdtools_00000063\"",
         "machine": 22,
         "start": 1333.2098214285716,
         "finish": 1364.6264880952383,
         "expected runtime on this machine ": "28.6888564155754",
         "actual runtime on this machine ": "31.416666666666668",
         "expected memory usage ": 51115537.20272196,
         "actual memory usage": 50000000
      },
      {
         "name": "\"circulargenerator_00000065\"",
         "machine": 11,
         "start": 23.5625,
         "finish": 35.34375,
         "expected runtime on this machine ": "12.412465971914738",
         "actual runtime on this machine ": "11.78125",
         "expected memory usage ": 54140672.84614123,
         "actual memory usage": 50000000
      },
      {
         "name": "\"mask_reference_for_pmdtools_00000066\"",
         "machine": 22,
         "start": 1011.78125,
         "finish": 1043.1979166666667,
         "expected runtime on this machine ": "32.6059136487635",
         "actual runtime on this machine ": "31.416666666666668",
         "expected memory usage ": 48872194.861508936,
         "actual memory usage": 50000000
      },
      {
         "name": "\"genotyping_ug_00000072\"",
         "machine": 8,
         "start": 1791.5431547619048,
         "finish": 1803.3244047619048,
         "expected runtime on this machine ": "15.050934606226537",
         "actual runtime on this machine ": "11.78125",
         "expected memory usage ": 43418489.4729154,
         "actual memory usage": 50000000
      },
      {
         "name": "\"genotyping_pileupcaller_00000075\"",
         "machine": 6,
         "start": 1791.5431547619048,
         "finish": 1803.3244047619048,
         "expected runtime on this machine ": "13.64548150454588",
         "actual runtime on this machine ": "11.78125",
         "expected memory usage ": 53509048.60995217,
         "actual memory usage": 50000000
      },
      {
         "name": "\"makebwaindex_00000082\"",
         "machine": 11,
         "start": 11.78125,
         "finish": 23.5625,
         "expected runtime on this machine ": "10.108330214379478",
         "actual runtime on this machine ": "11.78125",
         "expected memory usage ": 55865254.38866305,
         "actual memory usage": 50000000
      },
      {
         "name": "\"makefastaindex_00000083\"",
         "machine": 6,
         "start": 1011.78125,
         "finish": 1023.5625,
         "expected runtime on this machine ": "13.747220010114148",
         "actual runtime on this machine ": "11.78125",
         "expected memory usage ": 48716154.595297016,
         "actual memory usage": 50000000
      },
      {
         "name": "\"bcftools_stats_00000089\"",
         "machine": 7,
         "start": 2053.3244047619046,
         "finish": 2065.1056547619046,
         "expected runtime on this machine ": "13.30949541656977",
         "actual runtime on this machine ": "11.78125",
         "expected memory usage ": 54034500.76495555,
         "actual memory usage": 50000000
      },
      {
         "name": "\"genotyping_hc_00000094\"",
         "machine": 32,
         "start": 1791.5431547619048,
         "finish": 1803.3244047619048,
         "expected runtime on this machine ": "11.684333054442684",
         "actual runtime on this machine ": "11.78125",
         "expected memory usage ": 49731588.75191779,
         "actual memory usage": 50000000
      },
      {
         "name": "\"circularmapper_00000095\"",
         "machine": 30,
         "start": 213.79166666666666,
         "finish": 225.57291666666666,
         "expected runtime on this machine ": "11.356433062687572",
         "actual runtime on this machine ": "11.78125",
         "expected memory usage ": 49170051.84405678,
         "actual memory usage": 50000000
      },
      {
         "name": "\"mapdamage_rescaling_00000099\"",
         "machine": 24,
         "start": 1333.2098214285716,
         "finish": 1380.3348214285716,
         "expected runtime on this machine ": "44.12312630411796",
         "actual runtime on this machine ": "47.125",
         "expected memory usage ": 42053325.87713708,
         "actual memory usage": 50000000
      },
      {
         "name": "\"makeseqdict_00000106\"",
         "machine": 10,
         "start": 1011.78125,
         "finish": 1023.5625,
         "expected runtime on this machine ": "12.208649571711724",
         "actual runtime on this machine ": "11.78125",
         "expected memory usage ": 53716294.662971616,
         "actual memory usage": 50000000
      },
      {
         "name": "\"genotyping_angsd_00000108\"",
         "machine": 34,
         "start": 1791.5431547619048,
         "finish": 1803.3244047619048,
         "expected runtime on this machine ": "11.654674561953513",
         "actual runtime on this machine ": "11.78125",
         "expected memory usage ": 48342431.50335418,
         "actual memory usage": 50000000
      },
      {
         "name": "\"damageprofiler_00000109\"",
         "machine": 27,
         "start": 970.4404761904761,
         "finish": 1017.5654761904761,
         "expected runtime on this machine ": "42.01568649502697",
         "actual runtime on this machine ": "47.125",
         "expected memory usage ": 50433298.27125653,
         "actual memory usage": 50000000
      },
      {
         "name": "\"multivcfanalyzer_00000110\"",
         "machine": 8,
         "start": 1834.5238095238096,
         "finish": 1846.3050595238096,
         "expected runtime on this machine ": "10.483352438874265",
         "actual runtime on this machine ": "11.78125",
         "expected memory usage ": 45577576.60163988,
         "actual memory usage": 50000000
      },
      {
         "name": "\"vcf2genome_00000111\"",
         "machine": 6,
         "start": 2303.3244047619046,
         "finish": 2315.1056547619046,
         "expected runtime on this machine ": "8.629948537035439",
         "actual runtime on this machine ": "11.78125",
         "expected memory usage ": 50528703.547901936,
         "actual memory usage": 50000000
      },
      {
         "name": "\"genotyping_freebayes_00000118\"",
         "machine": 33,
         "start": 1791.5431547619048,
         "finish": 1803.3244047619048,
         "expected runtime on this machine ": "12.747985406531395",
         "actual runtime on this machine ": "11.78125",
         "expected memory usage ": 47014204.115999706,
         "actual memory usage": 50000000
      },
      {
         "name": "\"fastqc_after_clipping_00000062\"",
         "machine": 29,
         "start": 368.6770833333333,
         "finish": 415.8020833333333,
         "expected runtime on this machine ": "50.31899496341187",
         "actual runtime on this machine ": "47.125",
         "expected memory usage ": 47198268.04172096,
         "actual memory usage": 50000000
      },
      {
         "name": "\"preseq_00000064\"",
         "machine": 28,
         "start": 625.3258928571429,
         "finish": 672.4508928571429,
         "expected runtime on this machine ": "50.41693422153387",
         "actual runtime on this machine ": "47.125",
         "expected memory usage ": 51393772.13473247,
         "actual memory usage": 50000000
      },
      {
         "name": "\"post_ar_fastq_trimming_00000068\"",
         "machine": 13,
         "start": 368.6770833333333,
         "finish": 431.51041666666663,
         "expected runtime on this machine ": "58.39719467681675",
         "actual runtime on this machine ": "62.833333333333336",
         "expected memory usage ": 43230483.45577799,
         "actual memory usage": 50000000
      },
      {
         "name": "\"output_documentation_00000069\"",
         "machine": 2,
         "start": 0.0,
         "finish": 94.25,
         "expected runtime on this machine ": "88.53337530524624",
         "actual runtime on this machine ": "94.25",
         "expected memory usage ": 53965763.17798943,
         "actual memory usage": 50000000
      },
      {
         "name": "\"nuclear_contamination_00000070\"",
         "machine": 10,
         "start": 1137.107142857143,
         "finish": 1148.888392857143,
         "expected runtime on this machine ": "11.680381697937017",
         "actual runtime on this machine ": "11.78125",
         "expected memory usage ": 51217901.67020352,
         "actual memory usage": 50000000
      },
      {
         "name": "\"print_nuclear_contamination_00000113\"",
         "machine": 10,
         "start": 1803.3244047619048,
         "finish": 1815.1056547619048,
         "expected runtime on this machine ": "12.90777442280415",
         "actual runtime on this machine ": "11.78125",
         "expected memory usage ": 51416714.451972656,
         "actual memory usage": 50000000
      },
      {
         "name": "\"samtools_flagstat_after_filter_00000071\"",
         "machine": 35,
         "start": 625.3258928571429,
         "finish": 637.1071428571429,
         "expected runtime on this machine ": "13.17268704662745",
         "actual runtime on this machine ": "11.78125",
         "expected memory usage ": 50284183.447872505,
         "actual memory usage": 50000000
      },
      {
         "name": "\"endorspy_00000114\"",
         "machine": 22,
         "start": 1149.1354166666665,
         "finish": 1180.5520833333333,
         "expected runtime on this machine ": "36.98335809184094",
         "actual runtime on this machine ": "31.416666666666668",
         "expected memory usage ": 54158677.13483955,
         "actual memory usage": 50000000
      },
      {
         "name": "\"indexinputbam_00000073\"",
         "machine": 31,
         "start": 0.0,
         "finish": 11.78125,
         "expected runtime on this machine ": "12.865736080519541",
         "actual runtime on this machine ": "11.78125",
         "expected memory usage ": 54956963.02655737,
         "actual memory usage": 50000000
      },
      {
         "name": "\"hostremoval_input_fastq_00000085\"",
         "machine": 17,
         "start": 425.57291666666663,
         "finish": 488.40624999999994,
         "expected runtime on this machine ": "55.53514014191554",
         "actual runtime on this machine ": "62.833333333333336",
         "expected memory usage ": 49838109.86453799,
         "actual memory usage": 50000000
      },
      {
         "name": "\"seqtype_merge_00000086\"",
         "machine": 7,
         "start": 458.90625,
         "finish": 470.6875,
         "expected runtime on this machine ": "11.072175033262212",
         "actual runtime on this machine ": "11.78125",
         "expected memory usage ": 47067630.6498917,
         "actual memory usage": 50000000
      },
      {
         "name": "\"samtools_filter_00000087\"",
         "machine": 7,
         "start": 470.6875,
         "finish": 482.46875,
         "expected runtime on this machine ": "10.880838338941402",
         "actual runtime on this machine ": "11.78125",
         "expected memory usage ": 49111058.75494511,
         "actual memory usage": 50000000
      },
      {
         "name": "\"samtools_flagstat_00000090\"",
         "machine": 33,
         "start": 637.3541666666666,
         "finish": 649.1354166666666,
         "expected runtime on this machine ": "12.440206944005075",
         "actual runtime on this machine ": "11.78125",
         "expected memory usage ": 37773532.91344713,
         "actual memory usage": 50000000
      },
      {
         "name": "\"markduplicates_00000096\"",
         "machine": 9,
         "start": 625.3258928571429,
         "finish": 637.1071428571429,
         "expected runtime on this machine ": "9.302434824935407",
         "actual runtime on this machine ": "11.78125",
         "expected memory usage ": 48763340.485881284,
         "actual memory usage": 50000000
      },
      {
         "name": "\"dedup_00000116\"",
         "machine": 7,
         "start": 509.5238095238095,
         "finish": 521.3050595238095,
         "expected runtime on this machine ": "12.247922394915847",
         "actual runtime on this machine ": "11.78125",
         "expected memory usage ": 52369247.0030025,
         "actual memory usage": 50000000
      },
      {
         "name": "\"lanemerge_hostremoval_fastq_00000074\"",
         "machine": 13,
         "start": 0.0,
         "finish": 62.833333333333336,
         "expected runtime on this machine ": "66.37664737086213",
         "actual runtime on this machine ": "62.833333333333336",
         "expected memory usage ": 49718142.30041468,
         "actual memory usage": 50000000
      },
      {
         "name": "\"eigenstrat_snp_coverage_00000076\"",
         "machine": 6,
         "start": 1803.3244047619048,
         "finish": 1815.1056547619048,
         "expected runtime on this machine ": "9.90246598676531",
         "actual runtime on this machine ": "11.78125",
         "expected memory usage ": 51184092.310605995,
         "actual memory usage": 50000000
      },
      {
         "name": "\"kraken_00000077\"",
         "machine": 31,
         "start": 11.78125,
         "finish": 23.5625,
         "expected runtime on this machine ": "12.86439281161737",
         "actual runtime on this machine ": "11.78125",
         "expected memory usage ": 44950941.32445403,
         "actual memory usage": 50000000
      },
      {
         "name": "\"kraken_parse_00000097\"",
         "machine": 6,
         "start": 1023.5625,
         "finish": 1035.34375,
         "expected runtime on this machine ": "12.347581180391003",
         "actual runtime on this machine ": "11.78125",
         "expected memory usage ": 45197325.82216102,
         "actual memory usage": 50000000
      },
      {
         "name": "\"bedtools_00000078\"",
         "machine": 20,
         "start": 1416.5431547619048,
         "finish": 1447.9598214285716,
         "expected runtime on this machine ": "26.618913608677648",
         "actual runtime on this machine ": "31.416666666666668",
         "expected memory usage ": 49177052.31861008,
         "actual memory usage": 50000000
      },
      {
         "name": "\"kraken_merge_00000079\"",
         "machine": 6,
         "start": 1815.1056547619048,
         "finish": 1826.8869047619048,
         "expected runtime on this machine ": "14.531837008645494",
         "actual runtime on this machine ": "11.78125",
         "expected memory usage ": 56447667.27434651,
         "actual memory usage": 50000000
      },
      {
         "name": "\"bwa_00000080\"",
         "machine": 7,
         "start": 223.5625,
         "finish": 235.34375,
         "expected runtime on this machine ": "14.084351778540187",
         "actual runtime on this machine ": "11.78125",
         "expected memory usage ": 55327808.73424885,
         "actual memory usage": 50000000
      },
      {
         "name": "\"metagenomic_complexity_filter_00000081\"",
         "machine": 19,
         "start": 1482.46875,
         "finish": 1513.8854166666667,
         "expected runtime on this machine ": "26.834264760671715",
         "actual runtime on this machine ": "31.416666666666668",
         "expected memory usage ": 52614972.67763035,
         "actual memory usage": 50000000
      },
      {
         "name": "\"bwamem_00000104\"",
         "machine": 8,
         "start": 247.125,
         "finish": 258.90625,
         "expected runtime on this machine ": "12.002385003618718",
         "actual runtime on this machine ": "11.78125",
         "expected memory usage ": 44776701.628575735,
         "actual memory usage": 50000000
      },
      {
         "name": "\"library_merge_00000084\"",
         "machine": 9,
         "start": 1071.4285714285716,
         "finish": 1083.2098214285716,
         "expected runtime on this machine ": "12.724197787937634",
         "actual runtime on this machine ": "11.78125",
         "expected memory usage ": 53812264.49452476,
         "actual memory usage": 50000000
      },
      {
         "name": "\"sexdeterrmine_prep_00000092\"",
         "machine": 9,
         "start": 1854.7619047619048,
         "finish": 1866.5431547619048,
         "expected runtime on this machine ": "13.001060190079553",
         "actual runtime on this machine ": "11.78125",
         "expected memory usage ": 56101528.888649546,
         "actual memory usage": 50000000
      },
      {
         "name": "\"additional_library_merge_00000093\"",
         "machine": 9,
         "start": 1654.7619047619048,
         "finish": 1666.5431547619048,
         "expected runtime on this machine ": "10.808247338240328",
         "actual runtime on this machine ": "11.78125",
         "expected memory usage ": 46874047.415298276,
         "actual memory usage": 50000000
      },
      {
         "name": "\"bam_trim_00000102\"",
         "machine": 9,
         "start": 1404.7619047619048,
         "finish": 1416.5431547619048,
         "expected runtime on this machine ": "14.144022041210643",
         "actual runtime on this machine ": "11.78125",
         "expected memory usage ": 51282830.64991711,
         "actual memory usage": 50000000
      },
      {
         "name": "\"adapter_removal_00000088\"",
         "machine": 7,
         "start": 23.5625,
         "finish": 35.34375,
         "expected runtime on this machine ": "10.10382874194485",
         "actual runtime on this machine ": "11.78125",
         "expected memory usage ": 48939720.56773673,
         "actual memory usage": 50000000
      },
      {
         "name": "\"lanemerge_00000091\"",
         "machine": 7,
         "start": 35.34375,
         "finish": 47.125,
         "expected runtime on this machine ": "10.115615397701992",
         "actual runtime on this machine ": "11.78125",
         "expected memory usage ": 53493110.115770936,
         "actual memory usage": 50000000
      },
      {
         "name": "\"bowtie2_00000117\"",
         "machine": 7,
         "start": 47.125,
         "finish": 58.90625,
         "expected runtime on this machine ": "12.195570586371687",
         "actual runtime on this machine ": "11.78125",
         "expected memory usage ": 50236830.8089037,
         "actual memory usage": 50000000
      },
      {
         "name": "\"sexdeterrmine_00000098\"",
         "machine": 9,
         "start": 1866.5431547619048,
         "finish": 1878.3244047619048,
         "expected runtime on this machine ": "10.54061557330616",
         "actual runtime on this machine ": "11.78125",
         "expected memory usage ": 54306138.01442268,
         "actual memory usage": 50000000
      },
      {
         "name": "\"mtnucratio_00000100\"",
         "machine": 21,
         "start": 1137.107142857143,
         "finish": 1168.5238095238096,
         "expected runtime on this machine ": "31.035297567098933",
         "actual runtime on this machine ": "31.416666666666668",
         "expected memory usage ": 64229027.0434939,
         "actual memory usage": 50000000
      },
      {
         "name": "\"maltextract_00000101\"",
         "machine": 21,
         "start": 1031.4166666666667,
         "finish": 1062.8333333333335,
         "expected runtime on this machine ": "31.60224990812202",
         "actual runtime on this machine ": "31.416666666666668",
         "expected memory usage ": 54883272.56091261,
         "actual memory usage": 50000000
      },
      {
         "name": "\"fastp_00000103\"",
         "machine": 7,
         "start": 11.78125,
         "finish": 23.5625,
         "expected runtime on this machine ": "12.410298953112198",
         "actual runtime on this machine ": "11.78125",
         "expected memory usage ": 52561357.52534315,
         "actual memory usage": 50000000
      },
      {
         "name": "\"convertbam_00000105\"",
         "machine": 7,
         "start": 0.0,
         "finish": 11.78125,
         "expected runtime on this machine ": "11.865930072655463",
         "actual runtime on this machine ": "11.78125",
         "expected memory usage ": 55216215.92976324,
         "actual memory usage": 50000000
      },
      {
         "name": "\"fastqc_00000112\"",
         "machine": 20,
         "start": 1011.78125,
         "finish": 1043.1979166666667,
         "expected runtime on this machine ": "32.87499557887044",
         "actual runtime on this machine ": "31.416666666666668",
         "expected memory usage ": 53543779.828042254,
         "actual memory usage": 50000000
      },
      {
         "name": "\"malt_00000107\"",
         "machine": 18,
         "start": 0.0,
         "finish": 31.416666666666668,
         "expected runtime on this machine ": "37.34121362092342",
         "actual runtime on this machine ": "31.416666666666668",
         "expected memory usage ": 49081170.20542439,
         "actual memory usage": 50000000
      },
      {
         "name": "\"get_software_versions_00000115\"",
         "machine": 0,
         "start": 0.0,
         "finish": 94.25,
         "expected runtime on this machine ": "98.27433608200361",
         "actual runtime on this machine ": "94.25",
         "expected memory usage ": 45730480.31066434,
         "actual memory usage": 50000000
      },
      {
         "name": "\"qualimap_00000119\"",
         "machine": 34,
         "start": 1690.3526785714287,
         "finish": 1702.1339285714287,
         "expected runtime on this machine ": "10.216870565435851",
         "actual runtime on this machine ": "11.78125",
         "expected memory usage ": 46257771.8062771,
         "actual memory usage": 50000000
      },
      {
         "name": "\"multiqc_00000126\"",
         "machine": 8,
         "start": 1922.248511904762,
         "finish": 1934.029761904762,
         "expected runtime on this machine ": "12.424846337094575",
         "actual runtime on this machine ": "11.78125",
         "expected memory usage ": 49291648.03741987,
         "actual memory usage": 50000000
      },
      {
         "name": "\"unzip_reference_00000120\"",
         "machine": 10,
         "start": 0.0,
         "finish": 11.78125,
         "expected runtime on this machine ": "10.519016835500908",
         "actual runtime on this machine ": "11.78125",
         "expected memory usage ": 55975726.57412969,
         "actual memory usage": 50000000
      },
      {
         "name": "\"pmdtools_00000122\"",
         "machine": 21,
         "start": 1483.0863095238096,
         "finish": 1514.5029761904764,
         "expected runtime on this machine ": "34.7478891903247",
         "actual runtime on this machine ": "31.416666666666668",
         "expected memory usage ": 46652178.19740594,
         "actual memory usage": 50000000
      },
      {
         "name": "\"circulargenerator_00000124\"",
         "machine": 10,
         "start": 23.5625,
         "finish": 35.34375,
         "expected runtime on this machine ": "12.585556262650918",
         "actual runtime on this machine ": "11.78125",
         "expected memory usage ": 48652231.65269574,
         "actual memory usage": 50000000
      },
      {
         "name": "\"mask_reference_for_pmdtools_00000125\"",
         "machine": 23,
         "start": 1011.78125,
         "finish": 1043.1979166666667,
         "expected runtime on this machine ": "28.367682360705427",
         "actual runtime on this machine ": "31.416666666666668",
         "expected memory usage ": 43794339.205896094,
         "actual memory usage": 50000000
      },
      {
         "name": "\"genotyping_ug_00000131\"",
         "machine": 10,
         "start": 1648.686011904762,
         "finish": 1660.467261904762,
         "expected runtime on this machine ": "12.269864296444787",
         "actual runtime on this machine ": "11.78125",
         "expected memory usage ": 41985488.72170457,
         "actual memory usage": 50000000
      },
      {
         "name": "\"genotyping_pileupcaller_00000134\"",
         "machine": 7,
         "start": 1648.686011904762,
         "finish": 1660.467261904762,
         "expected runtime on this machine ": "11.522265477766085",
         "actual runtime on this machine ": "11.78125",
         "expected memory usage ": 45682126.13833725,
         "actual memory usage": 50000000
      },
      {
         "name": "\"makebwaindex_00000141\"",
         "machine": 10,
         "start": 11.78125,
         "finish": 23.5625,
         "expected runtime on this machine ": "10.543235296423312",
         "actual runtime on this machine ": "11.78125",
         "expected memory usage ": 51429681.37037802,
         "actual memory usage": 50000000
      },
      {
         "name": "\"makefastaindex_00000142\"",
         "machine": 10,
         "start": 237.35416666666666,
         "finish": 249.13541666666666,
         "expected runtime on this machine ": "11.442307572437816",
         "actual runtime on this machine ": "11.78125",
         "expected memory usage ": 55765125.78006714,
         "actual memory usage": 50000000
      },
      {
         "name": "\"bcftools_stats_00000148\"",
         "machine": 8,
         "start": 1910.467261904762,
         "finish": 1922.248511904762,
         "expected runtime on this machine ": "13.271719516665197",
         "actual runtime on this machine ": "11.78125",
         "expected memory usage ": 51202817.790464066,
         "actual memory usage": 50000000
      },
      {
         "name": "\"genotyping_hc_00000153\"",
         "machine": 34,
         "start": 1648.686011904762,
         "finish": 1660.467261904762,
         "expected runtime on this machine ": "13.241903536546488",
         "actual runtime on this machine ": "11.78125",
         "expected memory usage ": 54373202.319617,
         "actual memory usage": 50000000
      },
      {
         "name": "\"circularmapper_00000154\"",
         "machine": 10,
         "start": 213.79166666666666,
         "finish": 225.57291666666666,
         "expected runtime on this machine ": "12.025188395131376",
         "actual runtime on this machine ": "11.78125",
         "expected memory usage ": 58385494.08013835,
         "actual memory usage": 50000000
      },
      {
         "name": "\"mapdamage_rescaling_00000158\"",
         "machine": 23,
         "start": 1483.0863095238096,
         "finish": 1514.5029761904764,
         "expected runtime on this machine ": "31.408769177735394",
         "actual runtime on this machine ": "31.416666666666668",
         "expected memory usage ": 54814858.705293804,
         "actual memory usage": 50000000
      },
      {
         "name": "\"makeseqdict_00000165\"",
         "machine": 10,
         "start": 225.57291666666666,
         "finish": 237.35416666666666,
         "expected runtime on this machine ": "10.440860157427329",
         "actual runtime on this machine ": "11.78125",
         "expected memory usage ": 48752900.24050655,
         "actual memory usage": 50000000
      },
      {
         "name": "\"genotyping_angsd_00000167\"",
         "machine": 35,
         "start": 1648.686011904762,
         "finish": 1660.467261904762,
         "expected runtime on this machine ": "11.94057740376234",
         "actual runtime on this machine ": "11.78125",
         "expected memory usage ": 48582642.65277653,
         "actual memory usage": 50000000
      },
      {
         "name": "\"damageprofiler_00000168\"",
         "machine": 24,
         "start": 1066.419642857143,
         "finish": 1113.544642857143,
         "expected runtime on this machine ": "44.48705145667784",
         "actual runtime on this machine ": "47.125",
         "expected memory usage ": 54588826.0685329,
         "actual memory usage": 50000000
      },
      {
         "name": "\"multivcfanalyzer_00000169\"",
         "machine": 10,
         "start": 1815.1056547619048,
         "finish": 1826.8869047619048,
         "expected runtime on this machine ": "10.367918814503792",
         "actual runtime on this machine ": "11.78125",
         "expected memory usage ": 55498636.743401915,
         "actual memory usage": 50000000
      },
      {
         "name": "\"vcf2genome_00000170\"",
         "machine": 10,
         "start": 1838.6681547619048,
         "finish": 1850.4494047619048,
         "expected runtime on this machine ": "13.703210710313638",
         "actual runtime on this machine ": "11.78125",
         "expected memory usage ": 45338973.874395765,
         "actual memory usage": 50000000
      },
      {
         "name": "\"genotyping_freebayes_00000177\"",
         "machine": 33,
         "start": 1648.686011904762,
         "finish": 1660.467261904762,
         "expected runtime on this machine ": "12.797101451921517",
         "actual runtime on this machine ": "11.78125",
         "expected memory usage ": 51445310.93078456,
         "actual memory usage": 50000000
      },
      {
         "name": "\"fastqc_after_clipping_00000121\"",
         "machine": 28,
         "start": 368.6770833333333,
         "finish": 415.8020833333333,
         "expected runtime on this machine ": "48.256303850616284",
         "actual runtime on this machine ": "47.125",
         "expected memory usage ": 40588202.10687575,
         "actual memory usage": 50000000
      },
      {
         "name": "\"preseq_00000123\"",
         "machine": 12,
         "start": 721.3050595238095,
         "finish": 784.1383928571429,
         "expected runtime on this machine ": "55.65339206292379",
         "actual runtime on this machine ": "62.833333333333336",
         "expected memory usage ": 44736839.150434926,
         "actual memory usage": 50000000
      },
      {
         "name": "\"post_ar_fastq_trimming_00000127\"",
         "machine": 14,
         "start": 368.6770833333333,
         "finish": 431.51041666666663,
         "expected runtime on this machine ": "58.139031233769856",
         "actual runtime on this machine ": "62.833333333333336",
         "expected memory usage ": 44033322.58072898,
         "actual memory usage": 50000000
      },
      {
         "name": "\"output_documentation_00000128\"",
         "machine": 3,
         "start": 0.0,
         "finish": 94.25,
         "expected runtime on this machine ": "83.04262608349941",
         "actual runtime on this machine ": "94.25",
         "expected memory usage ": 52899501.22996055,
         "actual memory usage": 50000000
      },
      {
         "name": "\"nuclear_contamination_00000129\"",
         "machine": 8,
         "start": 1233.0863095238096,
         "finish": 1244.8675595238096,
         "expected runtime on this machine ": "13.088485799084875",
         "actual runtime on this machine ": "11.78125",
         "expected memory usage ": 47040110.88113353,
         "actual memory usage": 50000000
      },
      {
         "name": "\"print_nuclear_contamination_00000172\"",
         "machine": 8,
         "start": 1803.3244047619048,
         "finish": 1815.1056547619048,
         "expected runtime on this machine ": "11.345158954095256",
         "actual runtime on this machine ": "11.78125",
         "expected memory usage ": 45978865.409577295,
         "actual memory usage": 50000000
      },
      {
         "name": "\"samtools_flagstat_after_filter_00000130\"",
         "machine": 33,
         "start": 721.3050595238095,
         "finish": 733.0863095238095,
         "expected runtime on this machine ": "10.721921561017185",
         "actual runtime on this machine ": "11.78125",
         "expected memory usage ": 46287392.452105,
         "actual memory usage": 50000000
      },
      {
         "name": "\"endorspy_00000173\"",
         "machine": 21,
         "start": 1233.0863095238096,
         "finish": 1264.5029761904764,
         "expected runtime on this machine ": "29.5581419258298",
         "actual runtime on this machine ": "31.416666666666668",
         "expected memory usage ": 46049783.788524374,
         "actual memory usage": 50000000
      },
      {
         "name": "\"indexinputbam_00000132\"",
         "machine": 33,
         "start": 0.0,
         "finish": 11.78125,
         "expected runtime on this machine ": "11.228025982754158",
         "actual runtime on this machine ": "11.78125",
         "expected memory usage ": 53228348.85097225,
         "actual memory usage": 50000000
      },
      {
         "name": "\"hostremoval_input_fastq_00000144\"",
         "machine": 16,
         "start": 425.57291666666663,
         "finish": 488.40624999999994,
         "expected runtime on this machine ": "68.87567540638126",
         "actual runtime on this machine ": "62.833333333333336",
         "expected memory usage ": 45783619.67723845,
         "actual memory usage": 50000000
      },
      {
         "name": "\"seqtype_merge_00000145\"",
         "machine": 6,
         "start": 458.90625,
         "finish": 470.6875,
         "expected runtime on this machine ": "12.565601694130645",
         "actual runtime on this machine ": "11.78125",
         "expected memory usage ": 42635462.321246676,
         "actual memory usage": 50000000
      },
      {
         "name": "\"samtools_filter_00000146\"",
         "machine": 6,
         "start": 566.6666666666666,
         "finish": 578.4479166666666,
         "expected runtime on this machine ": "13.188172419565703",
         "actual runtime on this machine ": "11.78125",
         "expected memory usage ": 39700827.158897124,
         "actual memory usage": 50000000
      },
      {
         "name": "\"samtools_flagstat_00000149\"",
         "machine": 34,
         "start": 637.3541666666666,
         "finish": 649.1354166666666,
         "expected runtime on this machine ": "10.893045803294266",
         "actual runtime on this machine ": "11.78125",
         "expected memory usage ": 47490358.829239875,
         "actual memory usage": 50000000
      },
      {
         "name": "\"markduplicates_00000155\"",
         "machine": 6,
         "start": 709.5238095238095,
         "finish": 721.3050595238095,
         "expected runtime on this machine ": "12.720378587444904",
         "actual runtime on this machine ": "11.78125",
         "expected memory usage ": 47157104.65344544,
         "actual memory usage": 50000000
      },
      {
         "name": "\"dedup_00000175\"",
         "machine": 11,
         "start": 721.3050595238095,
         "finish": 733.0863095238095,
         "expected runtime on this machine ": "11.5387496416937",
         "actual runtime on this machine ": "11.78125",
         "expected memory usage ": 42214767.68230891,
         "actual memory usage": 50000000
      },
      {
         "name": "\"lanemerge_hostremoval_fastq_00000133\"",
         "machine": 14,
         "start": 0.0,
         "finish": 62.833333333333336,
         "expected runtime on this machine ": "57.96983184132183",
         "actual runtime on this machine ": "62.833333333333336",
         "expected memory usage ": 45855544.50815209,
         "actual memory usage": 50000000
      },
      {
         "name": "\"eigenstrat_snp_coverage_00000135\"",
         "machine": 7,
         "start": 1803.3244047619048,
         "finish": 1815.1056547619048,
         "expected runtime on this machine ": "12.079705773458858",
         "actual runtime on this machine ": "11.78125",
         "expected memory usage ": 47356654.40831195,
         "actual memory usage": 50000000
      },
      {
         "name": "\"kraken_00000136\"",
         "machine": 34,
         "start": 0.0,
         "finish": 11.78125,
         "expected runtime on this machine ": "11.691812076926364",
         "actual runtime on this machine ": "11.78125",
         "expected memory usage ": 57217288.832981706,
         "actual memory usage": 50000000
      },
      {
         "name": "\"kraken_parse_00000156\"",
         "machine": 34,
         "start": 11.78125,
         "finish": 23.5625,
         "expected runtime on this machine ": "10.46426036795144",
         "actual runtime on this machine ": "11.78125",
         "expected memory usage ": 57306072.14266373,
         "actual memory usage": 50000000
      },
      {
         "name": "\"bedtools_00000137\"",
         "machine": 20,
         "start": 1566.419642857143,
         "finish": 1597.8363095238096,
         "expected runtime on this machine ": "27.650286138412024",
         "actual runtime on this machine ": "31.416666666666668",
         "expected memory usage ": 57251238.10992651,
         "actual memory usage": 50000000
      },
      {
         "name": "\"kraken_merge_00000138\"",
         "machine": 26,
         "start": 1023.5625,
         "finish": 1070.6875,
         "expected runtime on this machine ": "43.0714914158003",
         "actual runtime on this machine ": "47.125",
         "expected memory usage ": 49323639.87270715,
         "actual memory usage": 50000000
      },
      {
         "name": "\"bwa_00000139\"",
         "machine": 7,
         "start": 247.125,
         "finish": 258.90625,
         "expected runtime on this machine ": "13.269442893843708",
         "actual runtime on this machine ": "11.78125",
         "expected memory usage ": 47928559.88301178,
         "actual memory usage": 50000000
      },
      {
         "name": "\"metagenomic_complexity_filter_00000140\"",
         "machine": 18,
         "start": 1578.4479166666665,
         "finish": 1609.8645833333333,
         "expected runtime on this machine ": "31.450476530509132",
         "actual runtime on this machine ": "31.416666666666668",
         "expected memory usage ": 51112790.828056864,
         "actual memory usage": 50000000
      },
      {
         "name": "\"bwamem_00000163\"",
         "machine": 9,
         "start": 247.125,
         "finish": 258.90625,
         "expected runtime on this machine ": "9.611116813721804",
         "actual runtime on this machine ": "11.78125",
         "expected memory usage ": 47223103.78474406,
         "actual memory usage": 50000000
      },
      {
         "name": "\"library_merge_00000143\"",
         "machine": 11,
         "start": 1221.3050595238096,
         "finish": 1233.0863095238096,
         "expected runtime on this machine ": "12.77014611427817",
         "actual runtime on this machine ": "11.78125",
         "expected memory usage ": 48706129.3115551,
         "actual memory usage": 50000000
      },
      {
         "name": "\"sexdeterrmine_prep_00000151\"",
         "machine": 11,
         "start": 1711.904761904762,
         "finish": 1723.686011904762,
         "expected runtime on this machine ": "10.893548751660042",
         "actual runtime on this machine ": "11.78125",
         "expected memory usage ": 43410070.86063829,
         "actual memory usage": 50000000
      },
      {
         "name": "\"additional_library_merge_00000152\"",
         "machine": 11,
         "start": 1511.904761904762,
         "finish": 1523.686011904762,
         "expected runtime on this machine ": "12.288216386379727",
         "actual runtime on this machine ": "11.78125",
         "expected memory usage ": 54504536.179077804,
         "actual memory usage": 50000000
      },
      {
         "name": "\"bam_trim_00000161\"",
         "machine": 11,
         "start": 1261.904761904762,
         "finish": 1273.686011904762,
         "expected runtime on this machine ": "13.078191978092493",
         "actual runtime on this machine ": "11.78125",
         "expected memory usage ": 56264355.41865727,
         "actual memory usage": 50000000
      },
      {
         "name": "\"adapter_removal_00000147\"",
         "machine": 6,
         "start": 23.5625,
         "finish": 35.34375,
         "expected runtime on this machine ": "12.224023131112757",
         "actual runtime on this machine ": "11.78125",
         "expected memory usage ": 38858441.65036774,
         "actual memory usage": 50000000
      },
      {
         "name": "\"lanemerge_00000150\"",
         "machine": 6,
         "start": 35.34375,
         "finish": 47.125,
         "expected runtime on this machine ": "9.263426153369085",
         "actual runtime on this machine ": "11.78125",
         "expected memory usage ": 58231507.00973368,
         "actual memory usage": 50000000
      },
      {
         "name": "\"bowtie2_00000176\"",
         "machine": 6,
         "start": 47.125,
         "finish": 58.90625,
         "expected runtime on this machine ": "11.938627244413235",
         "actual runtime on this machine ": "11.78125",
         "expected memory usage ": 49861515.11762543,
         "actual memory usage": 50000000
      },
      {
         "name": "\"sexdeterrmine_00000157\"",
         "machine": 11,
         "start": 1803.3244047619048,
         "finish": 1815.1056547619048,
         "expected runtime on this machine ": "9.524239636551727",
         "actual runtime on this machine ": "11.78125",
         "expected memory usage ": 52304176.425555564,
         "actual memory usage": 50000000
      },
      {
         "name": "\"mtnucratio_00000159\"",
         "machine": 23,
         "start": 1233.0863095238096,
         "finish": 1264.5029761904764,
         "expected runtime on this machine ": "33.85352457286369",
         "actual runtime on this machine ": "31.416666666666668",
         "expected memory usage ": 45832299.418653145,
         "actual memory usage": 50000000
      },
      {
         "name": "\"maltextract_00000160\"",
         "machine": 35,
         "start": 1023.5625,
         "finish": 1035.34375,
         "expected runtime on this machine ": "12.743392396761939",
         "actual runtime on this machine ": "11.78125",
         "expected memory usage ": 50506785.37326523,
         "actual memory usage": 50000000
      },
      {
         "name": "\"fastp_00000162\"",
         "machine": 6,
         "start": 11.78125,
         "finish": 23.5625,
         "expected runtime on this machine ": "11.972313885546809",
         "actual runtime on this machine ": "11.78125",
         "expected memory usage ": 55353121.09373217,
         "actual memory usage": 50000000
      },
      {
         "name": "\"convertbam_00000164\"",
         "machine": 6,
         "start": 0.0,
         "finish": 11.78125,
         "expected runtime on this machine ": "12.476135051655321",
         "actual runtime on this machine ": "11.78125",
         "expected memory usage ": 42397333.60344769,
         "actual memory usage": 50000000
      },
      {
         "name": "\"fastqc_00000171\"",
         "machine": 35,
         "start": 1011.78125,
         "finish": 1023.5625,
         "expected runtime on this machine ": "11.935406060350955",
         "actual runtime on this machine ": "11.78125",
         "expected memory usage ": 52419913.504949205,
         "actual memory usage": 50000000
      },
      {
         "name": "\"malt_00000166\"",
         "machine": 33,
         "start": 11.78125,
         "finish": 23.5625,
         "expected runtime on this machine ": "10.764774121549625",
         "actual runtime on this machine ": "11.78125",
         "expected memory usage ": 46986673.66383816,
         "actual memory usage": 50000000
      },
      {
         "name": "\"get_software_versions_00000174\"",
         "machine": 16,
         "start": 0.0,
         "finish": 62.833333333333336,
         "expected runtime on this machine ": "58.11081692721365",
         "actual runtime on this machine ": "62.833333333333336",
         "expected memory usage ": 55214132.73058055,
         "actual memory usage": 50000000
      }
   ],
   "failed": []
}