{
   "workflow": "methylseq",
   "makespan": 11567081.65625,
   "tasks": [
      {
         "name": "fastqc",
         "machine": 6,
         "start": 0.0,
         "finish": 668514.15625,
         "expected runtime on this machine ": "555259.4931220852",
         "actual runtime on this machine ": "668514.15625",
         "expected memory usage ": 469947276.60692316,
         "actual memory usage": 367429680
      },
      {
         "name": "multiqc",
         "machine": 30,
         "start": 11567069.875,
         "finish": 11567081.65625,
         "expected runtime on this machine ": "12.14042858371926",
         "actual runtime on this machine ": "11.78125",
         "expected memory usage ": 46432459.71213642,
         "actual memory usage": 50000000
      },
      {
         "name": "trim_galore",
         "machine": 30,
         "start": 0.0,
         "finish": 6440823.03125,
         "expected runtime on this machine ": "5451261.952187437",
         "actual runtime on this machine ": "6440823.03125",
         "expected memory usage ": 199975922.02079585,
         "actual memory usage": 178565168
      },
      {
         "name": "bismark_align",
         "machine": 30,
         "start": 6440823.03125,
         "finish": 11444105.0,
         "expected runtime on this machine ": "4793123.041367174",
         "actual runtime on this machine ": "5003281.96875",
         "expected memory usage ": 81519505.04005212,
         "actual memory usage": 70455856
      },
      {
         "name": "get_software_versions",
         "machine": 7,
         "start": 0.0,
         "finish": 11.78125,
         "expected runtime on this machine ": "13.117303611769216",
         "actual runtime on this machine ": "11.78125",
         "expected memory usage ": 44605507.30134305,
         "actual memory usage": 50000000
      },
      {
         "name": "bismark_deduplicate",
         "machine": 30,
         "start": 11444105.0,
         "finish": 11447117.21875,
         "expected runtime on this machine ": "2705.9211533097837",
         "actual runtime on this machine ": "3012.21875",
         "expected memory usage ": 24373341.11632299,
         "actual memory usage": 23861808
      },
      {
         "name": "preseq",
         "machine": 7,
         "start": 11444105.1,
         "finish": 11444116.88125,
         "expected runtime on this machine ": "12.102786186609405",
         "actual runtime on this machine ": "11.78125",
         "expected memory usage ": 52205438.96457327,
         "actual memory usage": 50000000
      },
      {
         "name": "bismark_report",
         "machine": 30,
         "start": 11556193.15625,
         "finish": 11567069.875,
         "expected runtime on this machine ": "11894.430278297188",
         "actual runtime on this machine ": "10876.71875",
         "expected memory usage ": 40835552.40432143,
         "actual memory usage": 41045552
      },
      {
         "name": "bismark_summary",
         "machine": 6,
         "start": 11556193.156315288,
         "finish": 11556204.937565288,
         "expected runtime on this machine ": "14.063360248386275",
         "actual runtime on this machine ": "11.78125",
         "expected memory usage ": 50432995.367789336,
         "actual memory usage": 50000000
      },
      {
         "name": "bismark_methxtract",
         "machine": 30,
         "start": 11447117.21875,
         "finish": 11556193.15625,
         "expected runtime on this machine ": "101635.05978377174",
         "actual runtime on this machine ": "109075.9375",
         "expected memory usage ": 45162823.88103348,
         "actual memory usage": 41580592
      },
      {
         "name": "qualimap",
         "machine": 6,
         "start": 11447166.87885,
         "finish": 11482692.87885,
         "expected runtime on this machine ": "37964.94658751438",
         "actual runtime on this machine ": "35526.0",
         "expected memory usage ": 107040759.87563819,
         "actual memory usage": 109972528
      },
      {
         "name": "output_documentation",
         "machine": 8,
         "start": 0.0,
         "finish": 11.78125,
         "expected runtime on this machine ": "12.024438682462126",
         "actual runtime on this machine ": "11.78125",
         "expected memory usage ": 47895228.2082421,
         "actual memory usage": 50000000
      }
   ],
   "failed": []
}